               ramulator.active_cycles_0            10888340                                      # Total active cycles for level _0
                 ramulator.busy_cycles_0            10888340                                      # (All-bank refresh only. busy cycles only include refresh time in rank level) The sum of cycles that the DRAM part is active or under refresh for level _0
            ramulator.serving_requests_0            38439733                                      # The sum of read and write requests that are served in this DRAM element per memory cycle for level _0
    ramulator.average_serving_requests_0            2.948705                                      # The average of read and write requests that are served in this DRAM element per memory cycle for level _0
             ramulator.active_cycles_0_0            10888340                                      # Total active cycles for level _0_0
               ramulator.busy_cycles_0_0            11303300                                      # (All-bank refresh only. busy cycles only include refresh time in rank level) The sum of cycles that the DRAM part is active or under refresh for level _0_0
          ramulator.serving_requests_0_0            38439733                                      # The sum of read and write requests that are served in this DRAM element per memory cycle for level _0_0
  ramulator.average_serving_requests_0_0            2.948705                                      # The average of read and write requests that are served in this DRAM element per memory cycle for level _0_0
           ramulator.active_cycles_0_0_0             4850704                                      # Total active cycles for level _0_0_0
             ramulator.busy_cycles_0_0_0             4850704                                      # (All-bank refresh only. busy cycles only include refresh time in rank level) The sum of cycles that the DRAM part is active or under refresh for level _0_0_0
        ramulator.serving_requests_0_0_0             9792726                                      # The sum of read and write requests that are served in this DRAM element per memory cycle for level _0_0_0
ramulator.average_serving_requests_0_0_0            0.751198                                      # The average of read and write requests that are served in this DRAM element per memory cycle for level _0_0_0
         ramulator.active_cycles_0_0_0_0             1451931                                      # Total active cycles for level _0_0_0_0
           ramulator.busy_cycles_0_0_0_0             1451931                                      # (All-bank refresh only. busy cycles only include refresh time in rank level) The sum of cycles that the DRAM part is active or under refresh for level _0_0_0_0
      ramulator.serving_requests_0_0_0_0             2548406                                      # The sum of read and write requests that are served in this DRAM element per memory cycle for level _0_0_0_0
ramulator.average_serving_requests_0_0_0_0            0.195488                                      # The average of read and write requests that are served in this DRAM element per memory cycle for level _0_0_0_0
         ramulator.active_cycles_0_0_0_1             1645466                                      # Total active cycles for level _0_0_0_1
           ramulator.busy_cycles_0_0_0_1             1645466                                      # (All-bank refresh only. busy cycles only include refresh time in rank level) The sum of cycles that the DRAM part is active or under refresh for level _0_0_0_1
      ramulator.serving_requests_0_0_0_1             2780399                                      # The sum of read and write requests that are served in this DRAM element per memory cycle for level _0_0_0_1
ramulator.average_serving_requests_0_0_0_1            0.213284                                      # The average of read and write requests that are served in this DRAM element per memory cycle for level _0_0_0_1
         ramulator.active_cycles_0_0_0_2             1243468                                      # Total active cycles for level _0_0_0_2
           ramulator.busy_cycles_0_0_0_2             1243468                                      # (All-bank refresh only. busy cycles only include refresh time in rank level) The sum of cycles that the DRAM part is active or under refresh for level _0_0_0_2
      ramulator.serving_requests_0_0_0_2             2176007                                      # The sum of read and write requests that are served in this DRAM element per memory cycle for level _0_0_0_2
ramulator.average_serving_requests_0_0_0_2            0.166921                                      # The average of read and write requests that are served in this DRAM element per memory cycle for level _0_0_0_2
         ramulator.active_cycles_0_0_0_3             1329044                                      # Total active cycles for level _0_0_0_3
           ramulator.busy_cycles_0_0_0_3             1329044                                      # (All-bank refresh only. busy cycles only include refresh time in rank level) The sum of cycles that the DRAM part is active or under refresh for level _0_0_0_3
      ramulator.serving_requests_0_0_0_3             2287914                                      # The sum of read and write requests that are served in this DRAM element per memory cycle for level _0_0_0_3
ramulator.average_serving_requests_0_0_0_3            0.175505                                      # The average of read and write requests that are served in this DRAM element per memory cycle for level _0_0_0_3
           ramulator.active_cycles_0_0_1             4884063                                      # Total active cycles for level _0_0_1
             ramulator.busy_cycles_0_0_1             4884063                                      # (All-bank refresh only. busy cycles only include refresh time in rank level) The sum of cycles that the DRAM part is active or under refresh for level _0_0_1
        ramulator.serving_requests_0_0_1             9727994                                      # The sum of read and write requests that are served in this DRAM element per memory cycle for level _0_0_1
ramulator.average_serving_requests_0_0_1            0.746233                                      # The average of read and write requests that are served in this DRAM element per memory cycle for level _0_0_1
         ramulator.active_cycles_0_0_1_0             1425188                                      # Total active cycles for level _0_0_1_0
           ramulator.busy_cycles_0_0_1_0             1425188                                      # (All-bank refresh only. busy cycles only include refresh time in rank level) The sum of cycles that the DRAM part is active or under refresh for level _0_0_1_0
      ramulator.serving_requests_0_0_1_0             2470408                                      # The sum of read and write requests that are served in this DRAM element per memory cycle for level _0_0_1_0
ramulator.average_serving_requests_0_0_1_0            0.189505                                      # The average of read and write requests that are served in this DRAM element per memory cycle for level _0_0_1_0
         ramulator.active_cycles_0_0_1_1             1458929                                      # Total active cycles for level _0_0_1_1
           ramulator.busy_cycles_0_0_1_1             1458929                                      # (All-bank refresh only. busy cycles only include refresh time in rank level) The sum of cycles that the DRAM part is active or under refresh for level _0_0_1_1
      ramulator.serving_requests_0_0_1_1             2517911                                      # The sum of read and write requests that are served in this DRAM element per memory cycle for level _0_0_1_1
ramulator.average_serving_requests_0_0_1_1            0.193148                                      # The average of read and write requests that are served in this DRAM element per memory cycle for level _0_0_1_1
         ramulator.active_cycles_0_0_1_2             1297759                                      # Total active cycles for level _0_0_1_2
           ramulator.busy_cycles_0_0_1_2             1297759                                      # (All-bank refresh only. busy cycles only include refresh time in rank level) The sum of cycles that the DRAM part is active or under refresh for level _0_0_1_2
      ramulator.serving_requests_0_0_1_2             2250859                                      # The sum of read and write requests that are served in this DRAM element per memory cycle for level _0_0_1_2
ramulator.average_serving_requests_0_0_1_2            0.172663                                      # The average of read and write requests that are served in this DRAM element per memory cycle for level _0_0_1_2
         ramulator.active_cycles_0_0_1_3             1395462                                      # Total active cycles for level _0_0_1_3
           ramulator.busy_cycles_0_0_1_3             1395462                                      # (All-bank refresh only. busy cycles only include refresh time in rank level) The sum of cycles that the DRAM part is active or under refresh for level _0_0_1_3
      ramulator.serving_requests_0_0_1_3             2488816                                      # The sum of read and write requests that are served in this DRAM element per memory cycle for level _0_0_1_3
ramulator.average_serving_requests_0_0_1_3            0.190917                                      # The average of read and write requests that are served in this DRAM element per memory cycle for level _0_0_1_3
           ramulator.active_cycles_0_0_2             4663473                                      # Total active cycles for level _0_0_2
             ramulator.busy_cycles_0_0_2             4663473                                      # (All-bank refresh only. busy cycles only include refresh time in rank level) The sum of cycles that the DRAM part is active or under refresh for level _0_0_2
        ramulator.serving_requests_0_0_2             9414829                                      # The sum of read and write requests that are served in this DRAM element per memory cycle for level _0_0_2
ramulator.average_serving_requests_0_0_2            0.722210                                      # The average of read and write requests that are served in this DRAM element per memory cycle for level _0_0_2
         ramulator.active_cycles_0_0_2_0             1460680                                      # Total active cycles for level _0_0_2_0
           ramulator.busy_cycles_0_0_2_0             1460680                                      # (All-bank refresh only. busy cycles only include refresh time in rank level) The sum of cycles that the DRAM part is active or under refresh for level _0_0_2_0
      ramulator.serving_requests_0_0_2_0             2479911                                      # The sum of read and write requests that are served in this DRAM element per memory cycle for level _0_0_2_0
ramulator.average_serving_requests_0_0_2_0            0.190234                                      # The average of read and write requests that are served in this DRAM element per memory cycle for level _0_0_2_0
         ramulator.active_cycles_0_0_2_1             1292348                                      # Total active cycles for level _0_0_2_1
           ramulator.busy_cycles_0_0_2_1             1292348                                      # (All-bank refresh only. busy cycles only include refresh time in rank level) The sum of cycles that the DRAM part is active or under refresh for level _0_0_2_1
      ramulator.serving_requests_0_0_2_1             2312657                                      # The sum of read and write requests that are served in this DRAM element per memory cycle for level _0_0_2_1
ramulator.average_serving_requests_0_0_2_1            0.177403                                      # The average of read and write requests that are served in this DRAM element per memory cycle for level _0_0_2_1
         ramulator.active_cycles_0_0_2_2             1473707                                      # Total active cycles for level _0_0_2_2
           ramulator.busy_cycles_0_0_2_2             1473707                                      # (All-bank refresh only. busy cycles only include refresh time in rank level) The sum of cycles that the DRAM part is active or under refresh for level _0_0_2_2
      ramulator.serving_requests_0_0_2_2             2578172                                      # The sum of read and write requests that are served in this DRAM element per memory cycle for level _0_0_2_2
ramulator.average_serving_requests_0_0_2_2            0.197771                                      # The average of read and write requests that are served in this DRAM element per memory cycle for level _0_0_2_2
         ramulator.active_cycles_0_0_2_3             1139470                                      # Total active cycles for level _0_0_2_3
           ramulator.busy_cycles_0_0_2_3             1139470                                      # (All-bank refresh only. busy cycles only include refresh time in rank level) The sum of cycles that the DRAM part is active or under refresh for level _0_0_2_3
      ramulator.serving_requests_0_0_2_3             2044089                                      # The sum of read and write requests that are served in this DRAM element per memory cycle for level _0_0_2_3
ramulator.average_serving_requests_0_0_2_3            0.156802                                      # The average of read and write requests that are served in this DRAM element per memory cycle for level _0_0_2_3
           ramulator.active_cycles_0_0_3             4764278                                      # Total active cycles for level _0_0_3
             ramulator.busy_cycles_0_0_3             4764278                                      # (All-bank refresh only. busy cycles only include refresh time in rank level) The sum of cycles that the DRAM part is active or under refresh for level _0_0_3
        ramulator.serving_requests_0_0_3             9504176                                      # The sum of read and write requests that are served in this DRAM element per memory cycle for level _0_0_3
ramulator.average_serving_requests_0_0_3            0.729064                                      # The average of read and write requests that are served in this DRAM element per memory cycle for level _0_0_3
         ramulator.active_cycles_0_0_3_0             1221814                                      # Total active cycles for level _0_0_3_0
           ramulator.busy_cycles_0_0_3_0             1221814                                      # (All-bank refresh only. busy cycles only include refresh time in rank level) The sum of cycles that the DRAM part is active or under refresh for level _0_0_3_0
      ramulator.serving_requests_0_0_3_0             2087095                                      # The sum of read and write requests that are served in this DRAM element per memory cycle for level _0_0_3_0
ramulator.average_serving_requests_0_0_3_0            0.160101                                      # The average of read and write requests that are served in this DRAM element per memory cycle for level _0_0_3_0
         ramulator.active_cycles_0_0_3_1             1306379                                      # Total active cycles for level _0_0_3_1
           ramulator.busy_cycles_0_0_3_1             1306379                                      # (All-bank refresh only. busy cycles only include refresh time in rank level) The sum of cycles that the DRAM part is active or under refresh for level _0_0_3_1
      ramulator.serving_requests_0_0_3_1             2322190                                      # The sum of read and write requests that are served in this DRAM element per memory cycle for level _0_0_3_1
ramulator.average_serving_requests_0_0_3_1            0.178135                                      # The average of read and write requests that are served in this DRAM element per memory cycle for level _0_0_3_1
         ramulator.active_cycles_0_0_3_2             1472769                                      # Total active cycles for level _0_0_3_2
           ramulator.busy_cycles_0_0_3_2             1472769                                      # (All-bank refresh only. busy cycles only include refresh time in rank level) The sum of cycles that the DRAM part is active or under refresh for level _0_0_3_2
      ramulator.serving_requests_0_0_3_2             2588746                                      # The sum of read and write requests that are served in this DRAM element per memory cycle for level _0_0_3_2
ramulator.average_serving_requests_0_0_3_2            0.198582                                      # The average of read and write requests that are served in this DRAM element per memory cycle for level _0_0_3_2
         ramulator.active_cycles_0_0_3_3             1480202                                      # Total active cycles for level _0_0_3_3
           ramulator.busy_cycles_0_0_3_3             1480202                                      # (All-bank refresh only. busy cycles only include refresh time in rank level) The sum of cycles that the DRAM part is active or under refresh for level _0_0_3_3
      ramulator.serving_requests_0_0_3_3             2506145                                      # The sum of read and write requests that are served in this DRAM element per memory cycle for level _0_0_3_3
ramulator.average_serving_requests_0_0_3_3            0.192246                                      # The average of read and write requests that are served in this DRAM element per memory cycle for level _0_0_3_3
      ramulator.read_transaction_bytes_0           104525440                                      # The total byte of read transaction per channel
     ramulator.write_transaction_bytes_0             2691456                                      # The total byte of write transaction per channel
       ramulator.row_hits_channel_0_core             1599630                                      # Number of row hits per channel per core
     ramulator.row_misses_channel_0_core               22338                                      # Number of row misses per channel per core
  ramulator.row_conflicts_channel_0_core               53296                                      # Number of row conflicts per channel per core
  ramulator.read_row_hits_channel_0_core             1572607                                      # Number of row hits for read requests per channel per core
                                     [0]           1572607.0                                      # 
ramulator.read_row_misses_channel_0_core               18465                                      # Number of row misses for read requests per channel per core
                                     [0]             18465.0                                      # 
ramulator.read_row_conflicts_channel_0_core               42138                                      # Number of row conflicts for read requests per channel per core
                                     [0]             42138.0                                      # 
 ramulator.write_row_hits_channel_0_core               27023                                      # Number of row hits for write requests per channel per core
                                     [0]             27023.0                                      # 
ramulator.write_row_misses_channel_0_core                3873                                      # Number of row misses for write requests per channel per core
                                     [0]              3873.0                                      # 
ramulator.write_row_conflicts_channel_0_core               11158                                      # Number of row conflicts for write requests per channel per core
                                     [0]             11158.0                                      # 
      ramulator.useless_activates_0_core                  69                                      # Number of useless activations. E.g, ACT -> PRE w/o RD or WR
            ramulator.read_latency_avg_0          105.140980                                      # The average memory latency cycles (in memory time domain) per request for all read requests in this channel
            ramulator.read_latency_sum_0           171727919                                      # The memory latency cycles (in memory time domain) sum for all read requests in this channel
        ramulator.req_queue_length_avg_0           28.123680                                      # Average of read and write queue length per memory cycle per channel.
        ramulator.req_queue_length_sum_0           366624282                                      # Sum of read and write queue length per memory cycle per channel.
   ramulator.read_req_queue_length_avg_0           13.094429                                      # Read queue length average per memory cycle per channel.
   ramulator.read_req_queue_length_sum_0           170700832                                      # Read queue length sum per memory cycle per channel.
  ramulator.write_req_queue_length_avg_0           15.029251                                      # Write queue length average per memory cycle per channel.
  ramulator.write_req_queue_length_sum_0           195923450                                      # Write queue length sum per memory cycle per channel.
              ramulator.record_read_hits                 0.0                                      # record read hit count for this core when it reaches request limit or to the end
                                     [0]                 0.0                                      # 
            ramulator.record_read_misses                 0.0                                      # record_read_miss count for this core when it reaches request limit or to the end
                                     [0]                 0.0                                      # 
         ramulator.record_read_conflicts                 0.0                                      # record read conflict count for this core when it reaches request limit or to the end
                                     [0]                 0.0                                      # 
             ramulator.record_write_hits                 0.0                                      # record write hit count for this core when it reaches request limit or to the end
                                     [0]                 0.0                                      # 
           ramulator.record_write_misses                 0.0                                      # record write miss count for this core when it reaches request limit or to the end
                                     [0]                 0.0                                      # 
        ramulator.record_write_conflicts                 0.0                                      # record write conflict for this core when it reaches request limit or to the end
                                     [0]                 0.0                                      # 
                 ramulator.dram_capacity          8589934592                                      # Number of bytes in simulated DRAM
                   ramulator.dram_cycles            13036142                                      # Number of DRAM cycles simulated
             ramulator.incoming_requests             1675386                                      # Number of incoming requests to DRAM
                 ramulator.read_requests             1633311                                      # Number of incoming read requests to DRAM per core
                                     [0]           1633311.0                                      # 
                ramulator.write_requests               42075                                      # Number of incoming write requests to DRAM per core
                                     [0]             42075.0                                      # 
       ramulator.ramulator_active_cycles            10888342                                      # The total number of cycles that the DRAM part is active (serving R/W)
 ramulator.incoming_requests_per_channel           1675386.0                                      # Number of incoming requests to each DRAM channel
                                     [0]           1675386.0                                      # 
ramulator.incoming_read_reqs_per_channel           1633311.0                                      # Number of incoming read requests to each DRAM channel
                                     [0]           1633311.0                                      # 
     ramulator.physical_page_replacement                   0                                      # The number of times that physical page replacement happens.
             ramulator.maximum_bandwidth         19200000000                                      # The theoretical maximum bandwidth (Bps)
          ramulator.in_queue_req_num_sum           366624282                                      # Sum of read/write queue length
     ramulator.in_queue_read_req_num_sum           170700832                                      # Sum of read queue length
    ramulator.in_queue_write_req_num_sum           195923450                                      # Sum of write queue length
          ramulator.in_queue_req_num_avg           28.123680                                      # Average of read/write queue length per memory cycle
     ramulator.in_queue_read_req_num_avg           13.094429                                      # Average of read queue length per memory cycle
    ramulator.in_queue_write_req_num_avg           15.029251                                      # Average of write queue length per memory cycle
          ramulator.record_read_requests                 0.0                                      # record read requests for this core when it reaches request limit or to the end
                                     [0]                 0.0                                      # 
         ramulator.record_write_requests                 0.0                                      # record write requests for this core when it reaches request limit or to the end
                                     [0]                 0.0                                      # 
