/* -*- Mode: c -*- */
####################################################################################################
Core 0
####################################################################################################
Cumulative:        Cycles: 37717098              Instructions: 30000000              IPC: 0.79540

EXECUTION_TIME                           11786593125000                  11786593125000              

NODE_CYCLE                                    37717098                       37717098              

NODE_INST_COUNT                               30000000                       30000000              

NODE_UOP_COUNT                                32816984                       32816984              

FULL_WINDOW_STALL                             30007465       79.559%         30007465       79.559%

FULL_WINDOW_MEM_OP                            25493809       99.368%         25493809       99.368%
FULL_WINDOW_FP_OP                                    0        0.000%                0        0.000%
FULL_WINDOW_OTHER_OP                            162058        0.632%           162058        0.632%
                                              25655867      100.000%         25655867      100.000%
                                                  0.01         0.16              0.01         0.16

RET_BLOCKED_DC_MISS                           23829326       63.179%         23829326       63.179%

RET_BLOCKED_L1_MISS                           16470968       43.670%         16470968       43.670%

RET_BLOCKED_L1_MISS_BW_PREF                   11104083       29.440%         11104083       29.440%

RET_BLOCKED_L1_ACCESS                          7358358       19.509%          7358358       19.509%

RET_BLOCKED_MEM_STALL                         16471584       43.671%         16471584       43.671%

RET_BLOCKED_OFFCHIP_DEMAND                           0        0.000%                0        0.000%

OP_ISSUED                                     40236758                       40236758              

OP_RETIRED                                    32816984                       32816984              

REPLAY_SIGNALED                                      0                              0              

REPLAY_COUNTED                                       0                              0              

OFF_CRITICAL_PATH                                    0         -nan%                0         -nan%
ON_CRITICAL_PATH                                     0         -nan%                0         -nan%
                                                     0         -nan%                0         -nan%
                                                  -nan         -nan              -nan         -nan

LD_NO_DEPENDENTS                                 13643        0.160%            13643        0.160%
LD_DEPENDENTS                                  8533808       99.840%          8533808       99.840%
                                               8547451      100.000%          8547451      100.000%
                                                  1.00         1.00              1.00         1.00

LD_EXEC_CYCLES_0                                     0        0.000%                0        0.000%
LD_EXEC_CYCLES_1                                     0        0.000%                0        0.000%
LD_EXEC_CYCLES_2                                     0        0.000%                0        0.000%
LD_EXEC_CYCLES_3                               3861700       67.865%          3861700       67.865%
LD_EXEC_CYCLES_4                               1828576       32.135%          1828576       32.135%
                                               5690276      100.000%          5690276      100.000%
                                                  3.32         1.94              3.32         1.94

FU_BUSY_0                                     14948463                       14948463              

FU_BUSY_1                                      8382496                        8382496              

FU_BUSY_2                                      7545656                        7545656              

FU_BUSY_3                                      4834549                        4834549              

FU_BUSY_4                                      3574042                        3574042              

FU_BUSY_5                                      2051174                        2051174              

FU_BUSY_6                                      1376209                        1376209              

FU_BUSY_7                                      1156734                        1156734              

FU_BUSY_8                                            0                              0              

FU_BUSY_9                                            0                              0              

FU_BUSY_10                                           0                              0              

FU_BUSY_11                                           0                              0              

FU_BUSY_12                                           0                              0              

FU_BUSY_13                                           0                              0              

FU_BUSY_14                                           0                              0              

FU_BUSY_15                                           0                              0              

FU_BUSY_16                                           0                              0              

FU_BUSY_17                                           0                              0              

FU_BUSY_18                                           0                              0              

FU_BUSY_19                                           0                              0              

FU_BUSY_20                                           0                              0              

FU_BUSY_21                                           0                              0              

FU_BUSY_22                                           0                              0              

FU_BUSY_23                                           0                              0              

FU_BUSY_24                                           0                              0              

FU_BUSY_25                                           0                              0              

FU_BUSY_26                                           0                              0              

FU_BUSY_27                                           0                              0              

FU_BUSY_28                                           0                              0              

FU_BUSY_29                                           0                              0              

FU_BUSY_30                                           0                              0              

FU_BUSY_31                                           0                              0              

OP_WAIT_0                                     26474645                       26474645              

OP_WAIT_1                                      3881633                        3881633              

OP_WAIT_2                                       345826                         345826              

OP_WAIT_3                                       177041                         177041              

OP_WAIT_4                                       125892                         125892              

OP_WAIT_5                                        46227                          46227              

OP_WAIT_6                                       490409                         490409              

OP_WAIT_7                                        21422                          21422              

OP_WAIT_8                                        13842                          13842              

OP_WAIT_9                                        24639                          24639              

OP_WAIT_10                                        7543                           7543              

OP_WAIT_11                                        3978                           3978              

OP_WAIT_12                                        6460                           6460              

OP_WAIT_13                                        3091                           3091              

OP_WAIT_14                                       13822                          13822              

OP_WAIT_15                                        6255                           6255              

OP_WAIT_16                                        6759                           6759              

OP_WAIT_17                                        4950                           4950              

OP_WAIT_18                                        1266                           1266              

OP_WAIT_19                                        5466                           5466              

OP_WAIT_20                                        2498                           2498              

OP_WAIT_21                                        6446                           6446              

OP_WAIT_22                                        5292                           5292              

OP_WAIT_23                                        3316                           3316              

OP_WAIT_24                                       13268                          13268              

OP_WAIT_25                                        5854                           5854              

OP_WAIT_26                                        2942                           2942              

OP_WAIT_27                                        2804                           2804              

OP_WAIT_28                                         515                            515              

OP_WAIT_29                                        3760                           3760              

OP_WAIT_30                                         542                            542              

OP_WAIT_31                                     1108581                        1108581              

ROW_SIZE_0                                    28053421                       28053421              

ROW_SIZE_1                                     3046799                        3046799              

ROW_SIZE_2                                     1170770                        1170770              

ROW_SIZE_3                                      538546                         538546              

ROW_SIZE_4                                      763604                         763604              

ROW_SIZE_5                                      102939                         102939              

ROW_SIZE_6                                     3707316                        3707316              

ROW_SIZE_7                                           0                              0              

ROW_SIZE_8                                           0                              0              

ROW_SIZE_9                                           0                              0              

ROW_SIZE_10                                          0                              0              

ROW_SIZE_11                                          0                              0              

ROW_SIZE_12                                          0                              0              

ROW_SIZE_13                                          0                              0              

ROW_SIZE_14                                          0                              0              

ROW_SIZE_15                                          0                              0              

ROW_SIZE_16                                          0                              0              

ROW_SIZE_17                                          0                              0              

ROW_SIZE_18                                          0                              0              

ROW_SIZE_19                                          0                              0              

ROW_SIZE_20                                          0                              0              

ROW_SIZE_21                                          0                              0              

ROW_SIZE_22                                          0                              0              

ROW_SIZE_23                                          0                              0              

ROW_SIZE_24                                          0                              0              

ROW_SIZE_25                                          0                              0              

ROW_SIZE_26                                          0                              0              

ROW_SIZE_27                                          0                              0              

ROW_SIZE_28                                          0                              0              

ROW_SIZE_29                                          0                              0              

ROW_SIZE_30                                          0                              0              

ROW_SIZE_31                                          0                              0              

RET_OP_EXEC_COUNT_0                                  0        0.000%                0        0.000%
RET_OP_EXEC_COUNT_1                           32816984      100.000%         32816984      100.000%
RET_OP_EXEC_COUNT_2                                  0        0.000%                0        0.000%
RET_OP_EXEC_COUNT_3                                  0        0.000%                0        0.000%
RET_OP_EXEC_COUNT_4                                  0        0.000%                0        0.000%
RET_OP_EXEC_COUNT_5                                  0        0.000%                0        0.000%
RET_OP_EXEC_COUNT_6                                  0        0.000%                0        0.000%
RET_OP_EXEC_COUNT_7                                  0        0.000%                0        0.000%
RET_OP_EXEC_COUNT_8                                  0        0.000%                0        0.000%
RET_OP_EXEC_COUNT_9                                  0        0.000%                0        0.000%
RET_OP_EXEC_COUNT_10                                 0        0.000%                0        0.000%
RET_OP_EXEC_COUNT_11                                 0        0.000%                0        0.000%
RET_OP_EXEC_COUNT_12                                 0        0.000%                0        0.000%
RET_OP_EXEC_COUNT_13                                 0        0.000%                0        0.000%
RET_OP_EXEC_COUNT_14                                 0        0.000%                0        0.000%
RET_OP_EXEC_COUNT_15                                 0        0.000%                0        0.000%
RET_OP_EXEC_COUNT_16                                 0        0.000%                0        0.000%
RET_OP_EXEC_COUNT_17                                 0        0.000%                0        0.000%
RET_OP_EXEC_COUNT_18                                 0        0.000%                0        0.000%
RET_OP_EXEC_COUNT_19                                 0        0.000%                0        0.000%
RET_OP_EXEC_COUNT_20                                 0        0.000%                0        0.000%
RET_OP_EXEC_COUNT_21                                 0        0.000%                0        0.000%
RET_OP_EXEC_COUNT_22                                 0        0.000%                0        0.000%
RET_OP_EXEC_COUNT_23                                 0        0.000%                0        0.000%
RET_OP_EXEC_COUNT_24                                 0        0.000%                0        0.000%
RET_OP_EXEC_COUNT_25                                 0        0.000%                0        0.000%
RET_OP_EXEC_COUNT_26                                 0        0.000%                0        0.000%
RET_OP_EXEC_COUNT_27                                 0        0.000%                0        0.000%
RET_OP_EXEC_COUNT_28                                 0        0.000%                0        0.000%
RET_OP_EXEC_COUNT_29                                 0        0.000%                0        0.000%
RET_OP_EXEC_COUNT_30                                 0        0.000%                0        0.000%
RET_OP_EXEC_COUNT_31                                 0        0.000%                0        0.000%
RET_OP_EXEC_COUNT_32                                 0        0.000%                0        0.000%
                                              32816984      100.000%         32816984      100.000%
                                                  1.00         0.00              1.00         0.00

RET_STALL_LENGTH_0                            32785724       99.905%         32785724       99.905%
RET_STALL_LENGTH_100                             21511        0.066%            21511        0.066%
RET_STALL_LENGTH_200                              5216        0.016%             5216        0.016%
RET_STALL_LENGTH_300                              1836        0.006%             1836        0.006%
RET_STALL_LENGTH_400                              1032        0.003%             1032        0.003%
RET_STALL_LENGTH_500                               226        0.001%              226        0.001%
RET_STALL_LENGTH_600                                96        0.000%               96        0.000%
RET_STALL_LENGTH_700                                51        0.000%               51        0.000%
RET_STALL_LENGTH_800                                45        0.000%               45        0.000%
RET_STALL_LENGTH_900                                48        0.000%               48        0.000%
RET_STALL_LENGTH_1000                               75        0.000%               75        0.000%
RET_STALL_LENGTH_1100                              101        0.000%              101        0.000%
RET_STALL_LENGTH_1200                              776        0.002%              776        0.002%
RET_STALL_LENGTH_1300                              147        0.000%              147        0.000%
RET_STALL_LENGTH_1400                               46        0.000%               46        0.000%
RET_STALL_LENGTH_1500                               25        0.000%               25        0.000%
RET_STALL_LENGTH_1600                               19        0.000%               19        0.000%
RET_STALL_LENGTH_1700                                5        0.000%                5        0.000%
RET_STALL_LENGTH_1800                                3        0.000%                3        0.000%
RET_STALL_LENGTH_1900                                1        0.000%                1        0.000%
RET_STALL_LENGTH_2000                                1        0.000%                1        0.000%
RET_STALL_LENGTH_2100                                0        0.000%                0        0.000%
RET_STALL_LENGTH_2200                                0        0.000%                0        0.000%
RET_STALL_LENGTH_2300                                0        0.000%                0        0.000%
RET_STALL_LENGTH_2400                                0        0.000%                0        0.000%
RET_STALL_LENGTH_2500                                0        0.000%                0        0.000%
RET_STALL_LENGTH_2600                                0        0.000%                0        0.000%
RET_STALL_LENGTH_2700                                0        0.000%                0        0.000%
RET_STALL_LENGTH_2800                                0        0.000%                0        0.000%
RET_STALL_LENGTH_2900                                0        0.000%                0        0.000%
RET_STALL_LENGTH_3000                                0        0.000%                0        0.000%
RET_STALL_LENGTH_3100                                0        0.000%                0        0.000%
RET_STALL_LENGTH_3200                                0        0.000%                0        0.000%
RET_STALL_LENGTH_3300                                0        0.000%                0        0.000%
RET_STALL_LENGTH_3400                                0        0.000%                0        0.000%
RET_STALL_LENGTH_3500                                0        0.000%                0        0.000%
RET_STALL_LENGTH_3600                                0        0.000%                0        0.000%
RET_STALL_LENGTH_3700                                0        0.000%                0        0.000%
RET_STALL_LENGTH_3800                                0        0.000%                0        0.000%
RET_STALL_LENGTH_3900                                0        0.000%                0        0.000%
RET_STALL_LENGTH_4000                                0        0.000%                0        0.000%
RET_STALL_LENGTH_4100                                0        0.000%                0        0.000%
RET_STALL_LENGTH_4200                                0        0.000%                0        0.000%
RET_STALL_LENGTH_4300                                0        0.000%                0        0.000%
RET_STALL_LENGTH_4400                                0        0.000%                0        0.000%
RET_STALL_LENGTH_4500                                0        0.000%                0        0.000%
RET_STALL_LENGTH_4600                                0        0.000%                0        0.000%
RET_STALL_LENGTH_4700                                0        0.000%                0        0.000%
RET_STALL_LENGTH_4800                                0        0.000%                0        0.000%
RET_STALL_LENGTH_4900                                0        0.000%                0        0.000%
RET_STALL_LENGTH_5000                                0        0.000%                0        0.000%
                                              32816984      100.000%         32816984      100.000%
                                                  0.00         0.09              0.00         0.09

MEM_BLOCK_LENGTH_0                                 443       94.255%              443       94.255%
MEM_BLOCK_LENGTH_100                                18        3.830%               18        3.830%
MEM_BLOCK_LENGTH_200                                 1        0.213%                1        0.213%
MEM_BLOCK_LENGTH_300                                 0        0.000%                0        0.000%
MEM_BLOCK_LENGTH_400                                 2        0.426%                2        0.426%
MEM_BLOCK_LENGTH_500                                 0        0.000%                0        0.000%
MEM_BLOCK_LENGTH_600                                 0        0.000%                0        0.000%
MEM_BLOCK_LENGTH_700                                 0        0.000%                0        0.000%
MEM_BLOCK_LENGTH_800                                 2        0.426%                2        0.426%
MEM_BLOCK_LENGTH_900                                 0        0.000%                0        0.000%
MEM_BLOCK_LENGTH_1000                                2        0.426%                2        0.426%
MEM_BLOCK_LENGTH_1100                                0        0.000%                0        0.000%
MEM_BLOCK_LENGTH_1200                                2        0.426%                2        0.426%
MEM_BLOCK_LENGTH_1300                                0        0.000%                0        0.000%
MEM_BLOCK_LENGTH_1400                                0        0.000%                0        0.000%
MEM_BLOCK_LENGTH_1500                                0        0.000%                0        0.000%
MEM_BLOCK_LENGTH_1600                                0        0.000%                0        0.000%
MEM_BLOCK_LENGTH_1700                                0        0.000%                0        0.000%
MEM_BLOCK_LENGTH_1800                                0        0.000%                0        0.000%
MEM_BLOCK_LENGTH_1900                                0        0.000%                0        0.000%
MEM_BLOCK_LENGTH_2000                                0        0.000%                0        0.000%
MEM_BLOCK_LENGTH_2100                                0        0.000%                0        0.000%
MEM_BLOCK_LENGTH_2200                                0        0.000%                0        0.000%
MEM_BLOCK_LENGTH_2300                                0        0.000%                0        0.000%
MEM_BLOCK_LENGTH_2400                                0        0.000%                0        0.000%
MEM_BLOCK_LENGTH_2500                                0        0.000%                0        0.000%
MEM_BLOCK_LENGTH_2600                                0        0.000%                0        0.000%
MEM_BLOCK_LENGTH_2700                                0        0.000%                0        0.000%
MEM_BLOCK_LENGTH_2800                                0        0.000%                0        0.000%
MEM_BLOCK_LENGTH_2900                                0        0.000%                0        0.000%
MEM_BLOCK_LENGTH_3000                                0        0.000%                0        0.000%
MEM_BLOCK_LENGTH_3100                                0        0.000%                0        0.000%
MEM_BLOCK_LENGTH_3200                                0        0.000%                0        0.000%
MEM_BLOCK_LENGTH_3300                                0        0.000%                0        0.000%
MEM_BLOCK_LENGTH_3400                                0        0.000%                0        0.000%
MEM_BLOCK_LENGTH_3500                                0        0.000%                0        0.000%
MEM_BLOCK_LENGTH_3600                                0        0.000%                0        0.000%
MEM_BLOCK_LENGTH_3700                                0        0.000%                0        0.000%
MEM_BLOCK_LENGTH_3800                                0        0.000%                0        0.000%
MEM_BLOCK_LENGTH_3900                                0        0.000%                0        0.000%
MEM_BLOCK_LENGTH_4000                                0        0.000%                0        0.000%
MEM_BLOCK_LENGTH_4100                                0        0.000%                0        0.000%
MEM_BLOCK_LENGTH_4200                                0        0.000%                0        0.000%
MEM_BLOCK_LENGTH_4300                                0        0.000%                0        0.000%
MEM_BLOCK_LENGTH_4400                                0        0.000%                0        0.000%
MEM_BLOCK_LENGTH_4500                                0        0.000%                0        0.000%
MEM_BLOCK_LENGTH_4600                                0        0.000%                0        0.000%
MEM_BLOCK_LENGTH_4700                                0        0.000%                0        0.000%
MEM_BLOCK_LENGTH_4800                                0        0.000%                0        0.000%
MEM_BLOCK_LENGTH_4900                                0        0.000%                0        0.000%
MEM_BLOCK_LENGTH_5000                                0        0.000%                0        0.000%
                                                   470      100.000%              470      100.000%
                                                  0.19         1.17              0.19         1.17

FUS_BUSY_ON_PATH                              40135368        1.0641         40135368        1.0641

FUS_BUSY_OFF_PATH                              3733955        0.0990          3733955        0.0990

FU_BUSY_MEM_STALL                              8226201        0.2181          8226201        0.2181

FUS_EMPTY                                    257867461        6.8369        257867461        6.8369

CHIP_UTILIZATION                                     0        0.0000                0        0.0000

CYCLES_UNDER_MEM_REQ                                 0                              0              

CYCLES_UNDER_NO_MEM_REQ                              0                              0              

CYCLES_UNDER_CRITICAL_MEM_REQ                        0                              0              

CYCLES_UNDER_NONCRITICAL_MEM_REQ                     0                              0              

CHIP_UTILIZATION_UNDER_MEM_REQ                       0          -nan                0          -nan

CHIP_UTILIZATION_UNDER_NO_MEM_REQ                    0          -nan                0          -nan

CHIP_UTILIZATION_UNDER_CRITICAL_MEM_REQ              0          -nan                0          -nan

CHIP_UTILIZATION_UNDER_NONCRITICAL_MEM_REQ             0          -nan                0          -nan

CYCLES_NOT_WAITING_FOR_OFF_CHIP                      0        0.0000                0        0.0000

FUS_BUSY_NOT_WAITING_FOR_OFF_CHIP                    0          -nan                0          -nan

CYCLES_WAITING_FOR_OFF_CHIP                          0        0.0000                0        0.0000

FUS_BUSY_WAITING_FOR_OFF_CHIP                        0          -nan                0          -nan

TOTAL_OFF_CHIP_DELAYS_LEFT                           0                              0              

WRONG_IO_SCHED                                       0                              0              

DVFS_CONFIG_SWITCH                                   0                              0              



