/* -*- Mode: c -*- */
####################################################################################################
Core 0
####################################################################################################
Cumulative:        Cycles: 37717098              Instructions: 30000000              IPC: 0.79540

ST_OP_INV                                            0        0.000%                0        0.000%
ST_OP_NOP                                            0        0.000%                0        0.000%
ST_OP_CF                                       3338999       10.175%          3338999       10.175%
ST_OP_MOV                                      4483966       13.663%          4483966       13.663%
ST_OP_CMOV                                           0        0.000%                0        0.000%
ST_OP_LDA                                      2008850        6.121%          2008850        6.121%
ST_OP_IMEM                                    15491606       47.206%         15491606       47.206%
ST_OP_IADD                                     1852236        5.644%          1852236        5.644%
ST_OP_IMUL                                           0        0.000%                0        0.000%
ST_OP_IDIV                                           0        0.000%                0        0.000%
ST_OP_ICMP                                     3275830        9.982%          3275830        9.982%
ST_OP_LOGIC                                     362199        1.104%           362199        1.104%
ST_OP_SHIFT                                    2003477        6.105%          2003477        6.105%
ST_OP_FMEM                                           0        0.000%                0        0.000%
ST_OP_FCVT                                           0        0.000%                0        0.000%
ST_OP_FADD                                           0        0.000%                0        0.000%
ST_OP_FMUL                                           0        0.000%                0        0.000%
ST_OP_FMA                                            0        0.000%                0        0.000%
ST_OP_FDIV                                           0        0.000%                0        0.000%
ST_OP_FCMP                                           0        0.000%                0        0.000%
ST_OP_FCMOV                                          0        0.000%                0        0.000%
ST_OP_GATHER                                         0        0.000%                0        0.000%
ST_OP_SCATTER                                        0        0.000%                0        0.000%
ST_OP_PIPELINED_FAST                                 0        0.000%                0        0.000%
ST_OP_PIPELINED_MEDIUM                               0        0.000%                0        0.000%
ST_OP_PIPELINED_SLOW                                 0        0.000%                0        0.000%
ST_OP_NOTPIPELINED_MEDIUM                            0        0.000%                0        0.000%
ST_OP_NOTPIPELINED_SLOW                              0        0.000%                0        0.000%
ST_OP_NOTPIPELINED_VERY_SLOW                         0        0.000%                0        0.000%
                                              32817163      100.000%         32817163      100.000%
                                                  6.00         2.65              6.00         2.65

ST_NOT_CF                                     29478164       89.825%         29478164       89.825%
ST_CF_BR                                         30031        0.092%            30031        0.092%
ST_CF_CBR                                      3248962        9.900%          3248962        9.900%
ST_CF_CALL                                       30003        0.091%            30003        0.091%
ST_CF_IBR                                            0        0.000%                0        0.000%
ST_CF_ICALL                                          0        0.000%                0        0.000%
ST_CF_ICO                                            0        0.000%                0        0.000%
ST_CF_RET                                        30003        0.091%            30003        0.091%
ST_CF_SYS                                            0        0.000%                0        0.000%
                                              32817163      100.000%         32817163      100.000%
                                                  0.21         0.61              0.21         0.61

ST_BAR_NONE                                   32817163      100.000%         32817163      100.000%
ST_BAR_FETCH                                         0        0.000%                0        0.000%
ST_BAR_ISSUE                                         0        0.000%                0        0.000%
ST_BAR_BOTH                                          0        0.000%                0        0.000%
                                              32817163      100.000%         32817163      100.000%
                                                  0.00         0.00              0.00         0.00

ST_NOT_MEM                                    17325557       52.794%         17325557       52.794%
ST_MEM_LD                                      8547489       26.046%          8547489       26.046%
ST_MEM_ST                                      6944117       21.160%          6944117       21.160%
ST_MEM_PF                                            0        0.000%                0        0.000%
ST_MEM_WH                                            0        0.000%                0        0.000%
ST_MEM_EVICT                                         0        0.000%                0        0.000%
                                              32817163      100.000%         32817163      100.000%
                                                  0.68         0.63              0.68         0.63

ST_NOT_MEM_OFFPATH                             5228515       54.908%          5228515       54.908%
ST_MEM_LD_OFFPATH                              3123192       32.799%          3123192       32.799%
ST_MEM_ST_OFFPATH                              1170644       12.294%          1170644       12.294%
ST_MEM_PF_OFFPATH                                    0        0.000%                0        0.000%
ST_MEM_WH_OFFPATH                                    0        0.000%                0        0.000%
ST_MEM_EVIC_OFFPATHT                                 0        0.000%                0        0.000%
                                               9522351      100.000%          9522351      100.000%
                                                  0.57         0.56              0.57         0.56

ST_OP_ONPATH                                  32817163                       32817163              

ST_OP_OFFPATH                                  9522351                        9522351              

ST_FAKE_OP_OFFPATH                                1056        0.011%             1056        0.011%
ST_NOT_FAKE_OP_OFFPATH                         9521295       99.989%          9521295       99.989%
                                               9522351      100.000%          9522351      100.000%
                                                  1.00         1.00              1.00         1.00

ST_FAKE_REASON_NOT_FAKE                        9521295       99.989%          9521295       99.989%
ST_FAKE_REASON_REDIRECT_TO_NOT_INSTRUMENTED           432        0.005%              432        0.005%
ST_FAKE_REASON_RETURN_TO_NOT_INSTRUMENTED             0        0.000%                0        0.000%
ST_FAKE_REASON_NONRET_CF_TO_NOT_INSTRUMENTED           624        0.007%              624        0.007%
ST_FAKE_REASON_NOT_TAKEN_TO_NOT_INSTRUMENTED             0        0.000%                0        0.000%
ST_FAKE_REASON_WRONG_PATH_STORE_TO_NEW_REGION             0        0.000%                0        0.000%
                                               9522351      100.000%          9522351      100.000%
                                                  0.00         0.03              0.00         0.03

ST_INST_ONPATH                                30000167                       30000167              

ST_INST_OFFPATH                                8076711                        8076711              

STATIC_PIN_NOP                                       0                              0              

DYNAMIC_PIN_REP_GREATER_256                          0                              0              



