               ramulator.active_cycles_0            12250651                                      # Total active cycles for level _0
                 ramulator.busy_cycles_0            12250651                                      # (All-bank refresh only. busy cycles only include refresh time in rank level) The sum of cycles that the DRAM part is active or under refresh for level _0
            ramulator.serving_requests_0            42107436                                      # The sum of read and write requests that are served in this DRAM element per memory cycle for level _0
    ramulator.average_serving_requests_0            2.977070                                      # The average of read and write requests that are served in this DRAM element per memory cycle for level _0
             ramulator.active_cycles_0_0            12250651                                      # Total active cycles for level _0_0
               ramulator.busy_cycles_0_0            12626971                                      # (All-bank refresh only. busy cycles only include refresh time in rank level) The sum of cycles that the DRAM part is active or under refresh for level _0_0
          ramulator.serving_requests_0_0            42107436                                      # The sum of read and write requests that are served in this DRAM element per memory cycle for level _0_0
  ramulator.average_serving_requests_0_0            2.977070                                      # The average of read and write requests that are served in this DRAM element per memory cycle for level _0_0
           ramulator.active_cycles_0_0_0             5210515                                      # Total active cycles for level _0_0_0
             ramulator.busy_cycles_0_0_0             5210515                                      # (All-bank refresh only. busy cycles only include refresh time in rank level) The sum of cycles that the DRAM part is active or under refresh for level _0_0_0
        ramulator.serving_requests_0_0_0            10167745                                      # The sum of read and write requests that are served in this DRAM element per memory cycle for level _0_0_0
ramulator.average_serving_requests_0_0_0            0.718878                                      # The average of read and write requests that are served in this DRAM element per memory cycle for level _0_0_0
         ramulator.active_cycles_0_0_0_0             1658710                                      # Total active cycles for level _0_0_0_0
           ramulator.busy_cycles_0_0_0_0             1658710                                      # (All-bank refresh only. busy cycles only include refresh time in rank level) The sum of cycles that the DRAM part is active or under refresh for level _0_0_0_0
      ramulator.serving_requests_0_0_0_0             2792990                                      # The sum of read and write requests that are served in this DRAM element per memory cycle for level _0_0_0_0
ramulator.average_serving_requests_0_0_0_0            0.197469                                      # The average of read and write requests that are served in this DRAM element per memory cycle for level _0_0_0_0
         ramulator.active_cycles_0_0_0_1             1742347                                      # Total active cycles for level _0_0_0_1
           ramulator.busy_cycles_0_0_0_1             1742347                                      # (All-bank refresh only. busy cycles only include refresh time in rank level) The sum of cycles that the DRAM part is active or under refresh for level _0_0_0_1
      ramulator.serving_requests_0_0_0_1             2875996                                      # The sum of read and write requests that are served in this DRAM element per memory cycle for level _0_0_0_1
ramulator.average_serving_requests_0_0_0_1            0.203338                                      # The average of read and write requests that are served in this DRAM element per memory cycle for level _0_0_0_1
         ramulator.active_cycles_0_0_0_2             1244783                                      # Total active cycles for level _0_0_0_2
           ramulator.busy_cycles_0_0_0_2             1244783                                      # (All-bank refresh only. busy cycles only include refresh time in rank level) The sum of cycles that the DRAM part is active or under refresh for level _0_0_0_2
      ramulator.serving_requests_0_0_0_2             2159505                                      # The sum of read and write requests that are served in this DRAM element per memory cycle for level _0_0_0_2
ramulator.average_serving_requests_0_0_0_2            0.152681                                      # The average of read and write requests that are served in this DRAM element per memory cycle for level _0_0_0_2
         ramulator.active_cycles_0_0_0_3             1391358                                      # Total active cycles for level _0_0_0_3
           ramulator.busy_cycles_0_0_0_3             1391358                                      # (All-bank refresh only. busy cycles only include refresh time in rank level) The sum of cycles that the DRAM part is active or under refresh for level _0_0_0_3
      ramulator.serving_requests_0_0_0_3             2339254                                      # The sum of read and write requests that are served in this DRAM element per memory cycle for level _0_0_0_3
ramulator.average_serving_requests_0_0_0_3            0.165389                                      # The average of read and write requests that are served in this DRAM element per memory cycle for level _0_0_0_3
           ramulator.active_cycles_0_0_1             6172163                                      # Total active cycles for level _0_0_1
             ramulator.busy_cycles_0_0_1             6172163                                      # (All-bank refresh only. busy cycles only include refresh time in rank level) The sum of cycles that the DRAM part is active or under refresh for level _0_0_1
        ramulator.serving_requests_0_0_1            11625569                                      # The sum of read and write requests that are served in this DRAM element per memory cycle for level _0_0_1
ramulator.average_serving_requests_0_0_1            0.821948                                      # The average of read and write requests that are served in this DRAM element per memory cycle for level _0_0_1
         ramulator.active_cycles_0_0_1_0             1582793                                      # Total active cycles for level _0_0_1_0
           ramulator.busy_cycles_0_0_1_0             1582793                                      # (All-bank refresh only. busy cycles only include refresh time in rank level) The sum of cycles that the DRAM part is active or under refresh for level _0_0_1_0
      ramulator.serving_requests_0_0_1_0             2645349                                      # The sum of read and write requests that are served in this DRAM element per memory cycle for level _0_0_1_0
ramulator.average_serving_requests_0_0_1_0            0.187031                                      # The average of read and write requests that are served in this DRAM element per memory cycle for level _0_0_1_0
         ramulator.active_cycles_0_0_1_1             2674412                                      # Total active cycles for level _0_0_1_1
           ramulator.busy_cycles_0_0_1_1             2674412                                      # (All-bank refresh only. busy cycles only include refresh time in rank level) The sum of cycles that the DRAM part is active or under refresh for level _0_0_1_1
      ramulator.serving_requests_0_0_1_1             3852571                                      # The sum of read and write requests that are served in this DRAM element per memory cycle for level _0_0_1_1
ramulator.average_serving_requests_0_0_1_1            0.272384                                      # The average of read and write requests that are served in this DRAM element per memory cycle for level _0_0_1_1
         ramulator.active_cycles_0_0_1_2             1437645                                      # Total active cycles for level _0_0_1_2
           ramulator.busy_cycles_0_0_1_2             1437645                                      # (All-bank refresh only. busy cycles only include refresh time in rank level) The sum of cycles that the DRAM part is active or under refresh for level _0_0_1_2
      ramulator.serving_requests_0_0_1_2             2395810                                      # The sum of read and write requests that are served in this DRAM element per memory cycle for level _0_0_1_2
ramulator.average_serving_requests_0_0_1_2            0.169388                                      # The average of read and write requests that are served in this DRAM element per memory cycle for level _0_0_1_2
         ramulator.active_cycles_0_0_1_3             1608588                                      # Total active cycles for level _0_0_1_3
           ramulator.busy_cycles_0_0_1_3             1608588                                      # (All-bank refresh only. busy cycles only include refresh time in rank level) The sum of cycles that the DRAM part is active or under refresh for level _0_0_1_3
      ramulator.serving_requests_0_0_1_3             2731839                                      # The sum of read and write requests that are served in this DRAM element per memory cycle for level _0_0_1_3
ramulator.average_serving_requests_0_0_1_3            0.193146                                      # The average of read and write requests that are served in this DRAM element per memory cycle for level _0_0_1_3
           ramulator.active_cycles_0_0_2             5125548                                      # Total active cycles for level _0_0_2
             ramulator.busy_cycles_0_0_2             5125548                                      # (All-bank refresh only. busy cycles only include refresh time in rank level) The sum of cycles that the DRAM part is active or under refresh for level _0_0_2
        ramulator.serving_requests_0_0_2             9903260                                      # The sum of read and write requests that are served in this DRAM element per memory cycle for level _0_0_2
ramulator.average_serving_requests_0_0_2            0.700178                                      # The average of read and write requests that are served in this DRAM element per memory cycle for level _0_0_2
         ramulator.active_cycles_0_0_2_0             1549625                                      # Total active cycles for level _0_0_2_0
           ramulator.busy_cycles_0_0_2_0             1549625                                      # (All-bank refresh only. busy cycles only include refresh time in rank level) The sum of cycles that the DRAM part is active or under refresh for level _0_0_2_0
      ramulator.serving_requests_0_0_2_0             2568640                                      # The sum of read and write requests that are served in this DRAM element per memory cycle for level _0_0_2_0
ramulator.average_serving_requests_0_0_2_0            0.181607                                      # The average of read and write requests that are served in this DRAM element per memory cycle for level _0_0_2_0
         ramulator.active_cycles_0_0_2_1             1398358                                      # Total active cycles for level _0_0_2_1
           ramulator.busy_cycles_0_0_2_1             1398358                                      # (All-bank refresh only. busy cycles only include refresh time in rank level) The sum of cycles that the DRAM part is active or under refresh for level _0_0_2_1
      ramulator.serving_requests_0_0_2_1             2413336                                      # The sum of read and write requests that are served in this DRAM element per memory cycle for level _0_0_2_1
ramulator.average_serving_requests_0_0_2_1            0.170627                                      # The average of read and write requests that are served in this DRAM element per memory cycle for level _0_0_2_1
         ramulator.active_cycles_0_0_2_2             1656582                                      # Total active cycles for level _0_0_2_2
           ramulator.busy_cycles_0_0_2_2             1656582                                      # (All-bank refresh only. busy cycles only include refresh time in rank level) The sum of cycles that the DRAM part is active or under refresh for level _0_0_2_2
      ramulator.serving_requests_0_0_2_2             2773695                                      # The sum of read and write requests that are served in this DRAM element per memory cycle for level _0_0_2_2
ramulator.average_serving_requests_0_0_2_2            0.196105                                      # The average of read and write requests that are served in this DRAM element per memory cycle for level _0_0_2_2
         ramulator.active_cycles_0_0_2_3             1230018                                      # Total active cycles for level _0_0_2_3
           ramulator.busy_cycles_0_0_2_3             1230018                                      # (All-bank refresh only. busy cycles only include refresh time in rank level) The sum of cycles that the DRAM part is active or under refresh for level _0_0_2_3
      ramulator.serving_requests_0_0_2_3             2145634                                      # The sum of read and write requests that are served in this DRAM element per memory cycle for level _0_0_2_3
ramulator.average_serving_requests_0_0_2_3            0.151700                                      # The average of read and write requests that are served in this DRAM element per memory cycle for level _0_0_2_3
           ramulator.active_cycles_0_0_3             5434452                                      # Total active cycles for level _0_0_3
             ramulator.busy_cycles_0_0_3             5434452                                      # (All-bank refresh only. busy cycles only include refresh time in rank level) The sum of cycles that the DRAM part is active or under refresh for level _0_0_3
        ramulator.serving_requests_0_0_3            10410828                                      # The sum of read and write requests that are served in this DRAM element per memory cycle for level _0_0_3
ramulator.average_serving_requests_0_0_3            0.736064                                      # The average of read and write requests that are served in this DRAM element per memory cycle for level _0_0_3
         ramulator.active_cycles_0_0_3_0             1337275                                      # Total active cycles for level _0_0_3_0
           ramulator.busy_cycles_0_0_3_0             1337275                                      # (All-bank refresh only. busy cycles only include refresh time in rank level) The sum of cycles that the DRAM part is active or under refresh for level _0_0_3_0
      ramulator.serving_requests_0_0_3_0             2207394                                      # The sum of read and write requests that are served in this DRAM element per memory cycle for level _0_0_3_0
ramulator.average_serving_requests_0_0_3_0            0.156067                                      # The average of read and write requests that are served in this DRAM element per memory cycle for level _0_0_3_0
         ramulator.active_cycles_0_0_3_1             1372411                                      # Total active cycles for level _0_0_3_1
           ramulator.busy_cycles_0_0_3_1             1372411                                      # (All-bank refresh only. busy cycles only include refresh time in rank level) The sum of cycles that the DRAM part is active or under refresh for level _0_0_3_1
      ramulator.serving_requests_0_0_3_1             2386153                                      # The sum of read and write requests that are served in this DRAM element per memory cycle for level _0_0_3_1
ramulator.average_serving_requests_0_0_3_1            0.168705                                      # The average of read and write requests that are served in this DRAM element per memory cycle for level _0_0_3_1
         ramulator.active_cycles_0_0_3_2             1840758                                      # Total active cycles for level _0_0_3_2
           ramulator.busy_cycles_0_0_3_2             1840758                                      # (All-bank refresh only. busy cycles only include refresh time in rank level) The sum of cycles that the DRAM part is active or under refresh for level _0_0_3_2
      ramulator.serving_requests_0_0_3_2             3020926                                      # The sum of read and write requests that are served in this DRAM element per memory cycle for level _0_0_3_2
ramulator.average_serving_requests_0_0_3_2            0.213585                                      # The average of read and write requests that are served in this DRAM element per memory cycle for level _0_0_3_2
         ramulator.active_cycles_0_0_3_3             1730298                                      # Total active cycles for level _0_0_3_3
           ramulator.busy_cycles_0_0_3_3             1730298                                      # (All-bank refresh only. busy cycles only include refresh time in rank level) The sum of cycles that the DRAM part is active or under refresh for level _0_0_3_3
      ramulator.serving_requests_0_0_3_3             2796355                                      # The sum of read and write requests that are served in this DRAM element per memory cycle for level _0_0_3_3
ramulator.average_serving_requests_0_0_3_3            0.197707                                      # The average of read and write requests that are served in this DRAM element per memory cycle for level _0_0_3_3
      ramulator.read_transaction_bytes_0           107433088                                      # The total byte of read transaction per channel
     ramulator.write_transaction_bytes_0             3094208                                      # The total byte of write transaction per channel
       ramulator.row_hits_channel_0_core             1633715                                      # Number of row hits per channel per core
     ramulator.row_misses_channel_0_core               24274                                      # Number of row misses per channel per core
  ramulator.row_conflicts_channel_0_core               69000                                      # Number of row conflicts per channel per core
  ramulator.read_row_hits_channel_0_core             1609587                                      # Number of row hits for read requests per channel per core
                                     [0]           1609587.0                                      # 
ramulator.read_row_misses_channel_0_core               19110                                      # Number of row misses for read requests per channel per core
                                     [0]             19110.0                                      # 
ramulator.read_row_conflicts_channel_0_core               49945                                      # Number of row conflicts for read requests per channel per core
                                     [0]             49945.0                                      # 
 ramulator.write_row_hits_channel_0_core               24128                                      # Number of row hits for write requests per channel per core
                                     [0]             24128.0                                      # 
ramulator.write_row_misses_channel_0_core                5164                                      # Number of row misses for write requests per channel per core
                                     [0]              5164.0                                      # 
ramulator.write_row_conflicts_channel_0_core               19055                                      # Number of row conflicts for write requests per channel per core
                                     [0]             19055.0                                      # 
      ramulator.useless_activates_0_core                  88                                      # Number of useless activations. E.g, ACT -> PRE w/o RD or WR
            ramulator.read_latency_avg_0           82.001575                                      # The average memory latency cycles (in memory time domain) per request for all read requests in this channel
            ramulator.read_latency_sum_0           137730911                                      # The memory latency cycles (in memory time domain) sum for all read requests in this channel
        ramulator.req_queue_length_avg_0           24.662899                                      # Average of read and write queue length per memory cycle per channel.
        ramulator.req_queue_length_sum_0           348829994                                      # Sum of read and write queue length per memory cycle per channel.
   ramulator.read_req_queue_length_avg_0            9.655994                                      # Read queue length average per memory cycle per channel.
   ramulator.read_req_queue_length_sum_0           136573571                                      # Read queue length sum per memory cycle per channel.
  ramulator.write_req_queue_length_avg_0           15.006905                                      # Write queue length average per memory cycle per channel.
  ramulator.write_req_queue_length_sum_0           212256423                                      # Write queue length sum per memory cycle per channel.
              ramulator.record_read_hits                 0.0                                      # record read hit count for this core when it reaches request limit or to the end
                                     [0]                 0.0                                      # 
            ramulator.record_read_misses                 0.0                                      # record_read_miss count for this core when it reaches request limit or to the end
                                     [0]                 0.0                                      # 
         ramulator.record_read_conflicts                 0.0                                      # record read conflict count for this core when it reaches request limit or to the end
                                     [0]                 0.0                                      # 
             ramulator.record_write_hits                 0.0                                      # record write hit count for this core when it reaches request limit or to the end
                                     [0]                 0.0                                      # 
           ramulator.record_write_misses                 0.0                                      # record write miss count for this core when it reaches request limit or to the end
                                     [0]                 0.0                                      # 
        ramulator.record_write_conflicts                 0.0                                      # record write conflict for this core when it reaches request limit or to the end
                                     [0]                 0.0                                      # 
                 ramulator.dram_capacity          8589934592                                      # Number of bytes in simulated DRAM
                   ramulator.dram_cycles            14143917                                      # Number of DRAM cycles simulated
             ramulator.incoming_requests             1727978                                      # Number of incoming requests to DRAM
                 ramulator.read_requests             1679613                                      # Number of incoming read requests to DRAM per core
                                     [0]           1679613.0                                      # 
                ramulator.write_requests               48365                                      # Number of incoming write requests to DRAM per core
                                     [0]             48365.0                                      # 
       ramulator.ramulator_active_cycles            12250651                                      # The total number of cycles that the DRAM part is active (serving R/W)
 ramulator.incoming_requests_per_channel           1727978.0                                      # Number of incoming requests to each DRAM channel
                                     [0]           1727978.0                                      # 
ramulator.incoming_read_reqs_per_channel           1679613.0                                      # Number of incoming read requests to each DRAM channel
                                     [0]           1679613.0                                      # 
     ramulator.physical_page_replacement                   0                                      # The number of times that physical page replacement happens.
             ramulator.maximum_bandwidth         19200000000                                      # The theoretical maximum bandwidth (Bps)
          ramulator.in_queue_req_num_sum           348829994                                      # Sum of read/write queue length
     ramulator.in_queue_read_req_num_sum           136573571                                      # Sum of read queue length
    ramulator.in_queue_write_req_num_sum           212256423                                      # Sum of write queue length
          ramulator.in_queue_req_num_avg           24.662899                                      # Average of read/write queue length per memory cycle
     ramulator.in_queue_read_req_num_avg            9.655994                                      # Average of read queue length per memory cycle
    ramulator.in_queue_write_req_num_avg           15.006905                                      # Average of write queue length per memory cycle
          ramulator.record_read_requests                 0.0                                      # record read requests for this core when it reaches request limit or to the end
                                     [0]                 0.0                                      # 
         ramulator.record_write_requests                 0.0                                      # record write requests for this core when it reaches request limit or to the end
                                     [0]                 0.0                                      # 
