/* -*- Mode: c -*- */
####################################################################################################
Core 0
####################################################################################################
Cumulative:        Cycles: 9904838               Instructions: 30000000              IPC: 3.02882

DCACHE_PREF_HIT                                      0                              0              

IFETCH_WB_FIRST_SCHEDULE                             0         -nan%                0         -nan%
PREFETCH_LAST_SCHEDULE                               0         -nan%                0         -nan%
DEMAND_PASS_PREF_SCHEDULE                            0         -nan%                0         -nan%
DEMAND_PASS_LOW_OP_SCHEDULE                          0         -nan%                0         -nan%
DEMAND_LAST_SCHEDULE                                 0         -nan%                0         -nan%
                                                     0         -nan%                0         -nan%
                                                  -nan         -nan              -nan         -nan

SEND_MISS_REQ_QUEUE                              70922                          70922              

L1_DATA_EVICT                                    67294                          67294              

STREAM_BUFFER_REQ                                    0                              0              

PREF_SEND_TO_MEM_REQ                                 0         -nan%                0         -nan%
PREF_SEND_TO_MEM_REQ_FAIL                            0         -nan%                0         -nan%
                                                     0         -nan%                0         -nan%
                                                  -nan         -nan              -nan         -nan

HIT_TRAIN_STREAM                                 53416       84.969%            53416       84.969%
MISS_TRAIN_STREAM                                 9449       15.031%             9449       15.031%
                                                 62865      100.000%            62865      100.000%
                                                  0.15         0.33              0.15         0.33

STREAM_TRAIN_CREATE                               7503                           7503              

MEM_REQ_MISS_HWP_PREF_Q                              0         -nan%                0         -nan%
MEM_REQ_MISS_SW_PREF_Q                               0         -nan%                0         -nan%
MEM_REQ_MISS_IFETCH_Q                                0         -nan%                0         -nan%
MEM_REQ_MISS_DFETCH_Q                                0         -nan%                0         -nan%
MEM_REQ_MISS_DSTORE_Q                                0         -nan%                0         -nan%
MEM_REQ_MISS_DPRF_Q                                  0         -nan%                0         -nan%
MEM_REQ_MISS_WB_Q                                    0         -nan%                0         -nan%
                                                     0         -nan%                0         -nan%
                                                  -nan         -nan              -nan         -nan

PREF_HIT_BY_DEMAND_IFETCH                            0         -nan%                0         -nan%
PREF_HIT_BY_DEMAND_DFETCH                            0         -nan%                0         -nan%
PREF_HIT_BY_DEMAND_DSTORE                            0         -nan%                0         -nan%
PREF_HIT_BY_DEMAND_IPREF                             0         -nan%                0         -nan%
PREF_HIT_BY_DEMAND_DPRF                              0         -nan%                0         -nan%
PREF_HIT_BY_DEMAND_WB                                0         -nan%                0         -nan%
PREF_HIT_BY_PREF                                     0         -nan%                0         -nan%
                                                     0         -nan%                0         -nan%
                                                  -nan         -nan              -nan         -nan

PREF_HIT_DEMAND_IFETCH                               0         -nan%                0         -nan%
PREF_HIT_DEMAND_DFETCH                               0         -nan%                0         -nan%
PREF_HIT_DEMAND_DSTORE                               0         -nan%                0         -nan%
PREF_HIT_DEMAND_IPREF                                0         -nan%                0         -nan%
PREF_HIT_DEMAND_DPRF                                 0         -nan%                0         -nan%
PREF_HIT_DEMAND_WB                                   0         -nan%                0         -nan%
                                                     0         -nan%                0         -nan%
                                                  -nan         -nan              -nan         -nan

PREF_L1_FILL                                         0         -nan%                0         -nan%
DEMAND_L1_FILL                                       0         -nan%                0         -nan%
                                                     0         -nan%                0         -nan%
                                                  -nan         -nan              -nan         -nan

TOUCH_L1_REPLACE                                     0        0.000%                0        0.000%
NO_TOUCH_L1_REPLACE                              67294      100.000%            67294      100.000%
                                                 67294      100.000%            67294      100.000%
                                                  1.00         1.00              1.00         1.00

PREF_REQ_QUE_FULL                                    0                              0              

STREAM_REQ_QUEUE_HIT_BY_DEMAND                       0                              0              

L2HIT_STREAM_PREF_REQ_QUE_FULL                       0                              0              

L2HIT_HIT_TRAIN_STREAM                               0         -nan%                0         -nan%
L2HIT_MISS_TRAIN_STREAM                              0         -nan%                0         -nan%
                                                     0         -nan%                0         -nan%
                                                  -nan         -nan              -nan         -nan

L2HIT_STREAM_TRAIN_CREATE                            0                              0              

L2HIT_STREAM_BUFFER_REQ                              0                              0              

L2HIT_STREAM_PREF_DCACHE_HIT                         0         -nan%                0         -nan%
L2HIT_STREAM_PREF_DCACHE_INSERT                      0         -nan%                0         -nan%
L2HIT_STREAM_L2_MISS                                 0         -nan%                0         -nan%
                                                     0         -nan%                0         -nan%
                                                  -nan         -nan              -nan         -nan

L2HIT_STREAM_DCACHE_PORT_FULL                        0                              0              

L2HIT_STREAM_PREF_L1_PORT_FULL                       0                              0              

L2HIT_TRAIN_HIT_DEMAND                               0         -nan%                0         -nan%
L2HIT_TRAIN_MISS_REQ                                 0         -nan%                0         -nan%
                                                     0         -nan%                0         -nan%
                                                  -nan         -nan              -nan         -nan

L2HIT_TRAIN_FILTER_MISS                              0         -nan%                0         -nan%
L2HIT_TRAIN_FILTER_HIT                               0         -nan%                0         -nan%
                                                     0         -nan%                0         -nan%
                                                  -nan         -nan              -nan         -nan

L2HIT_PREF_REQ_DCACHE_HIT                            0         -nan%                0         -nan%
L2HIT_PREF_REQ_DCACHE_MISS                           0         -nan%                0         -nan%
                                                     0         -nan%                0         -nan%
                                                  -nan         -nan              -nan         -nan

L2HIT_L2SEND_Q_FULL                                  0         -nan%                0         -nan%
L2HIT_L2SEND_Q_ENTER                                 0         -nan%                0         -nan%
                                                     0         -nan%                0         -nan%
                                                  -nan         -nan              -nan         -nan

L2HIT_MEM_REQ                                        0                              0              

REMOVE_REDUNDANT_STREAM_STAT                         0                              0              

REPLACE_OLD_STREAM                                7487                           7487              

REQ_SEND_QUEUE_STALL                                 0                              0              

STREAM_ENTER_RA                                      0                              0              

CORE_STREAM_LENGTH_0                                37       11.212%               37       11.212%
CORE_STREAM_LENGTH_10                               66       20.000%               66       20.000%
CORE_STREAM_LENGTH_20                               48       14.545%               48       14.545%
CORE_STREAM_LENGTH_30                               25        7.576%               25        7.576%
CORE_STREAM_LENGTH_40                               13        3.939%               13        3.939%
CORE_STREAM_LENGTH_50                               15        4.545%               15        4.545%
CORE_STREAM_LENGTH_60                               73       22.121%               73       22.121%
CORE_STREAM_LENGTH_70                                7        2.121%                7        2.121%
CORE_STREAM_LENGTH_80                                4        1.212%                4        1.212%
CORE_STREAM_LENGTH_90                                4        1.212%                4        1.212%
CORE_STREAM_LENGTH_100_P                            38       11.515%               38       11.515%
                                                   330      100.000%              330      100.000%
                                                  3.94         3.18              3.94         3.18

CORE_CUM_STREAM_LENGTH_0                           262        0.439%              262        0.439%
CORE_CUM_STREAM_LENGTH_10                          905        1.517%              905        1.517%
CORE_CUM_STREAM_LENGTH_20                         1137        1.906%             1137        1.906%
CORE_CUM_STREAM_LENGTH_30                          862        1.445%              862        1.445%
CORE_CUM_STREAM_LENGTH_40                          577        0.967%              577        0.967%
CORE_CUM_STREAM_LENGTH_50                          806        1.351%              806        1.351%
CORE_CUM_STREAM_LENGTH_60                         4866        8.156%             4866        8.156%
CORE_CUM_STREAM_LENGTH_70                          513        0.860%              513        0.860%
CORE_CUM_STREAM_LENGTH_80                          335        0.561%              335        0.561%
CORE_CUM_STREAM_LENGTH_90                          382        0.640%              382        0.640%
CORE_CUM_STREAM_LENGTH_100_P                     49018       82.158%            49018       82.158%
                                                 59663      100.000%            59663      100.000%
                                                  9.07         8.49              9.07         8.49

CORE_STREAM_TRAIN_HITS_0                           103       31.212%              103       31.212%
CORE_STREAM_TRAIN_HITS_10                           67       20.303%               67       20.303%
CORE_STREAM_TRAIN_HITS_20                           20        6.061%               20        6.061%
CORE_STREAM_TRAIN_HITS_30                           20        6.061%               20        6.061%
CORE_STREAM_TRAIN_HITS_40                           29        8.788%               29        8.788%
CORE_STREAM_TRAIN_HITS_50                           48       14.545%               48       14.545%
CORE_STREAM_TRAIN_HITS_60                            8        2.424%                8        2.424%
CORE_STREAM_TRAIN_HITS_70                            4        1.212%                4        1.212%
CORE_STREAM_TRAIN_HITS_80                            0        0.000%                0        0.000%
CORE_STREAM_TRAIN_HITS_90                            1        0.303%                1        0.303%
CORE_STREAM_TRAIN_HITS_100_P                        30        9.091%               30        9.091%
                                                   330      100.000%              330      100.000%
                                                  2.75         2.76              2.75         2.76

CORE_CUM_STREAM_TRAIN_HITS_0                       650        1.188%              650        1.188%
CORE_CUM_STREAM_TRAIN_HITS_10                      888        1.622%              888        1.622%
CORE_CUM_STREAM_TRAIN_HITS_20                      488        0.892%              488        0.892%
CORE_CUM_STREAM_TRAIN_HITS_30                      687        1.255%              687        1.255%
CORE_CUM_STREAM_TRAIN_HITS_40                     1362        2.488%             1362        2.488%
CORE_CUM_STREAM_TRAIN_HITS_50                     2470        4.513%             2470        4.513%
CORE_CUM_STREAM_TRAIN_HITS_60                      514        0.939%              514        0.939%
CORE_CUM_STREAM_TRAIN_HITS_70                      303        0.554%              303        0.554%
CORE_CUM_STREAM_TRAIN_HITS_80                        0        0.000%                0        0.000%
CORE_CUM_STREAM_TRAIN_HITS_90                       99        0.181%               99        0.181%
CORE_CUM_STREAM_TRAIN_HITS_100_P                 47275       86.369%            47275       86.369%
                                                 54736      100.000%            54736      100.000%
                                                  9.15         8.74              9.15         8.74

CORE_STREAM_TRAIN_CREATE                          7503                           7503              



