               ramulator.active_cycles_0            42380952                                      # Total active cycles for level _0
                 ramulator.busy_cycles_0            42380952                                      # (All-bank refresh only. busy cycles only include refresh time in rank level) The sum of cycles that the DRAM part is active or under refresh for level _0
            ramulator.serving_requests_0           275741647                                      # The sum of read and write requests that are served in this DRAM element per memory cycle for level _0
    ramulator.average_serving_requests_0            6.435844                                      # The average of read and write requests that are served in this DRAM element per memory cycle for level _0
             ramulator.active_cycles_0_0            42380952                                      # Total active cycles for level _0_0
               ramulator.busy_cycles_0_0            42511992                                      # (All-bank refresh only. busy cycles only include refresh time in rank level) The sum of cycles that the DRAM part is active or under refresh for level _0_0
          ramulator.serving_requests_0_0           275741647                                      # The sum of read and write requests that are served in this DRAM element per memory cycle for level _0_0
  ramulator.average_serving_requests_0_0            6.435844                                      # The average of read and write requests that are served in this DRAM element per memory cycle for level _0_0
           ramulator.active_cycles_0_0_0            33695110                                      # Total active cycles for level _0_0_0
             ramulator.busy_cycles_0_0_0            33695110                                      # (All-bank refresh only. busy cycles only include refresh time in rank level) The sum of cycles that the DRAM part is active or under refresh for level _0_0_0
        ramulator.serving_requests_0_0_0            64898225                                      # The sum of read and write requests that are served in this DRAM element per memory cycle for level _0_0_0
ramulator.average_serving_requests_0_0_0            1.514732                                      # The average of read and write requests that are served in this DRAM element per memory cycle for level _0_0_0
         ramulator.active_cycles_0_0_0_0            15390326                                      # Total active cycles for level _0_0_0_0
           ramulator.busy_cycles_0_0_0_0            15390326                                      # (All-bank refresh only. busy cycles only include refresh time in rank level) The sum of cycles that the DRAM part is active or under refresh for level _0_0_0_0
      ramulator.serving_requests_0_0_0_0            16474247                                      # The sum of read and write requests that are served in this DRAM element per memory cycle for level _0_0_0_0
ramulator.average_serving_requests_0_0_0_0            0.384511                                      # The average of read and write requests that are served in this DRAM element per memory cycle for level _0_0_0_0
         ramulator.active_cycles_0_0_0_1            15818756                                      # Total active cycles for level _0_0_0_1
           ramulator.busy_cycles_0_0_0_1            15818756                                      # (All-bank refresh only. busy cycles only include refresh time in rank level) The sum of cycles that the DRAM part is active or under refresh for level _0_0_0_1
      ramulator.serving_requests_0_0_0_1            16592308                                      # The sum of read and write requests that are served in this DRAM element per memory cycle for level _0_0_0_1
ramulator.average_serving_requests_0_0_0_1            0.387266                                      # The average of read and write requests that are served in this DRAM element per memory cycle for level _0_0_0_1
         ramulator.active_cycles_0_0_0_2            15824275                                      # Total active cycles for level _0_0_0_2
           ramulator.busy_cycles_0_0_0_2            15824275                                      # (All-bank refresh only. busy cycles only include refresh time in rank level) The sum of cycles that the DRAM part is active or under refresh for level _0_0_0_2
      ramulator.serving_requests_0_0_0_2            17033573                                      # The sum of read and write requests that are served in this DRAM element per memory cycle for level _0_0_0_2
ramulator.average_serving_requests_0_0_0_2            0.397566                                      # The average of read and write requests that are served in this DRAM element per memory cycle for level _0_0_0_2
         ramulator.active_cycles_0_0_0_3            14314723                                      # Total active cycles for level _0_0_0_3
           ramulator.busy_cycles_0_0_0_3            14314723                                      # (All-bank refresh only. busy cycles only include refresh time in rank level) The sum of cycles that the DRAM part is active or under refresh for level _0_0_0_3
      ramulator.serving_requests_0_0_0_3            14798097                                      # The sum of read and write requests that are served in this DRAM element per memory cycle for level _0_0_0_3
ramulator.average_serving_requests_0_0_0_3            0.345389                                      # The average of read and write requests that are served in this DRAM element per memory cycle for level _0_0_0_3
           ramulator.active_cycles_0_0_1            35791802                                      # Total active cycles for level _0_0_1
             ramulator.busy_cycles_0_0_1            35791802                                      # (All-bank refresh only. busy cycles only include refresh time in rank level) The sum of cycles that the DRAM part is active or under refresh for level _0_0_1
        ramulator.serving_requests_0_0_1            75725955                                      # The sum of read and write requests that are served in this DRAM element per memory cycle for level _0_0_1
ramulator.average_serving_requests_0_0_1            1.767453                                      # The average of read and write requests that are served in this DRAM element per memory cycle for level _0_0_1
         ramulator.active_cycles_0_0_1_0            16511412                                      # Total active cycles for level _0_0_1_0
           ramulator.busy_cycles_0_0_1_0            16511412                                      # (All-bank refresh only. busy cycles only include refresh time in rank level) The sum of cycles that the DRAM part is active or under refresh for level _0_0_1_0
      ramulator.serving_requests_0_0_1_0            17299894                                      # The sum of read and write requests that are served in this DRAM element per memory cycle for level _0_0_1_0
ramulator.average_serving_requests_0_0_1_0            0.403782                                      # The average of read and write requests that are served in this DRAM element per memory cycle for level _0_0_1_0
         ramulator.active_cycles_0_0_1_1            18063611                                      # Total active cycles for level _0_0_1_1
           ramulator.busy_cycles_0_0_1_1            18063611                                      # (All-bank refresh only. busy cycles only include refresh time in rank level) The sum of cycles that the DRAM part is active or under refresh for level _0_0_1_1
      ramulator.serving_requests_0_0_1_1            19771881                                      # The sum of read and write requests that are served in this DRAM element per memory cycle for level _0_0_1_1
ramulator.average_serving_requests_0_0_1_1            0.461478                                      # The average of read and write requests that are served in this DRAM element per memory cycle for level _0_0_1_1
         ramulator.active_cycles_0_0_1_2            16928216                                      # Total active cycles for level _0_0_1_2
           ramulator.busy_cycles_0_0_1_2            16928216                                      # (All-bank refresh only. busy cycles only include refresh time in rank level) The sum of cycles that the DRAM part is active or under refresh for level _0_0_1_2
      ramulator.serving_requests_0_0_1_2            18052487                                      # The sum of read and write requests that are served in this DRAM element per memory cycle for level _0_0_1_2
ramulator.average_serving_requests_0_0_1_2            0.421347                                      # The average of read and write requests that are served in this DRAM element per memory cycle for level _0_0_1_2
         ramulator.active_cycles_0_0_1_3            18921179                                      # Total active cycles for level _0_0_1_3
           ramulator.busy_cycles_0_0_1_3            18921179                                      # (All-bank refresh only. busy cycles only include refresh time in rank level) The sum of cycles that the DRAM part is active or under refresh for level _0_0_1_3
      ramulator.serving_requests_0_0_1_3            20601693                                      # The sum of read and write requests that are served in this DRAM element per memory cycle for level _0_0_1_3
ramulator.average_serving_requests_0_0_1_3            0.480846                                      # The average of read and write requests that are served in this DRAM element per memory cycle for level _0_0_1_3
           ramulator.active_cycles_0_0_2            34104762                                      # Total active cycles for level _0_0_2
             ramulator.busy_cycles_0_0_2            34104762                                      # (All-bank refresh only. busy cycles only include refresh time in rank level) The sum of cycles that the DRAM part is active or under refresh for level _0_0_2
        ramulator.serving_requests_0_0_2            66005640                                      # The sum of read and write requests that are served in this DRAM element per memory cycle for level _0_0_2
ramulator.average_serving_requests_0_0_2            1.540580                                      # The average of read and write requests that are served in this DRAM element per memory cycle for level _0_0_2
         ramulator.active_cycles_0_0_2_0            18255739                                      # Total active cycles for level _0_0_2_0
           ramulator.busy_cycles_0_0_2_0            18255739                                      # (All-bank refresh only. busy cycles only include refresh time in rank level) The sum of cycles that the DRAM part is active or under refresh for level _0_0_2_0
      ramulator.serving_requests_0_0_2_0            19314661                                      # The sum of read and write requests that are served in this DRAM element per memory cycle for level _0_0_2_0
ramulator.average_serving_requests_0_0_2_0            0.450807                                      # The average of read and write requests that are served in this DRAM element per memory cycle for level _0_0_2_0
         ramulator.active_cycles_0_0_2_1            12856044                                      # Total active cycles for level _0_0_2_1
           ramulator.busy_cycles_0_0_2_1            12856044                                      # (All-bank refresh only. busy cycles only include refresh time in rank level) The sum of cycles that the DRAM part is active or under refresh for level _0_0_2_1
      ramulator.serving_requests_0_0_2_1            13185537                                      # The sum of read and write requests that are served in this DRAM element per memory cycle for level _0_0_2_1
ramulator.average_serving_requests_0_0_2_1            0.307752                                      # The average of read and write requests that are served in this DRAM element per memory cycle for level _0_0_2_1
         ramulator.active_cycles_0_0_2_2            16826442                                      # Total active cycles for level _0_0_2_2
           ramulator.busy_cycles_0_0_2_2            16826442                                      # (All-bank refresh only. busy cycles only include refresh time in rank level) The sum of cycles that the DRAM part is active or under refresh for level _0_0_2_2
      ramulator.serving_requests_0_0_2_2            17514088                                      # The sum of read and write requests that are served in this DRAM element per memory cycle for level _0_0_2_2
ramulator.average_serving_requests_0_0_2_2            0.408781                                      # The average of read and write requests that are served in this DRAM element per memory cycle for level _0_0_2_2
         ramulator.active_cycles_0_0_2_3            15211074                                      # Total active cycles for level _0_0_2_3
           ramulator.busy_cycles_0_0_2_3            15211074                                      # (All-bank refresh only. busy cycles only include refresh time in rank level) The sum of cycles that the DRAM part is active or under refresh for level _0_0_2_3
      ramulator.serving_requests_0_0_2_3            15991354                                      # The sum of read and write requests that are served in this DRAM element per memory cycle for level _0_0_2_3
ramulator.average_serving_requests_0_0_2_3            0.373240                                      # The average of read and write requests that are served in this DRAM element per memory cycle for level _0_0_2_3
           ramulator.active_cycles_0_0_3            34596969                                      # Total active cycles for level _0_0_3
             ramulator.busy_cycles_0_0_3            34596969                                      # (All-bank refresh only. busy cycles only include refresh time in rank level) The sum of cycles that the DRAM part is active or under refresh for level _0_0_3
        ramulator.serving_requests_0_0_3            69111814                                      # The sum of read and write requests that are served in this DRAM element per memory cycle for level _0_0_3
ramulator.average_serving_requests_0_0_3            1.613078                                      # The average of read and write requests that are served in this DRAM element per memory cycle for level _0_0_3
         ramulator.active_cycles_0_0_3_0            16649364                                      # Total active cycles for level _0_0_3_0
           ramulator.busy_cycles_0_0_3_0            16649364                                      # (All-bank refresh only. busy cycles only include refresh time in rank level) The sum of cycles that the DRAM part is active or under refresh for level _0_0_3_0
      ramulator.serving_requests_0_0_3_0            17513883                                      # The sum of read and write requests that are served in this DRAM element per memory cycle for level _0_0_3_0
ramulator.average_serving_requests_0_0_3_0            0.408776                                      # The average of read and write requests that are served in this DRAM element per memory cycle for level _0_0_3_0
         ramulator.active_cycles_0_0_3_1            15212371                                      # Total active cycles for level _0_0_3_1
           ramulator.busy_cycles_0_0_3_1            15212371                                      # (All-bank refresh only. busy cycles only include refresh time in rank level) The sum of cycles that the DRAM part is active or under refresh for level _0_0_3_1
      ramulator.serving_requests_0_0_3_1            15828600                                      # The sum of read and write requests that are served in this DRAM element per memory cycle for level _0_0_3_1
ramulator.average_serving_requests_0_0_3_1            0.369441                                      # The average of read and write requests that are served in this DRAM element per memory cycle for level _0_0_3_1
         ramulator.active_cycles_0_0_3_2            17962099                                      # Total active cycles for level _0_0_3_2
           ramulator.busy_cycles_0_0_3_2            17962099                                      # (All-bank refresh only. busy cycles only include refresh time in rank level) The sum of cycles that the DRAM part is active or under refresh for level _0_0_3_2
      ramulator.serving_requests_0_0_3_2            19429536                                      # The sum of read and write requests that are served in this DRAM element per memory cycle for level _0_0_3_2
ramulator.average_serving_requests_0_0_3_2            0.453488                                      # The average of read and write requests that are served in this DRAM element per memory cycle for level _0_0_3_2
         ramulator.active_cycles_0_0_3_3            15541474                                      # Total active cycles for level _0_0_3_3
           ramulator.busy_cycles_0_0_3_3            15541474                                      # (All-bank refresh only. busy cycles only include refresh time in rank level) The sum of cycles that the DRAM part is active or under refresh for level _0_0_3_3
      ramulator.serving_requests_0_0_3_3            16339795                                      # The sum of read and write requests that are served in this DRAM element per memory cycle for level _0_0_3_3
ramulator.average_serving_requests_0_0_3_3            0.381373                                      # The average of read and write requests that are served in this DRAM element per memory cycle for level _0_0_3_3
      ramulator.read_transaction_bytes_0           259430528                                      # The total byte of read transaction per channel
     ramulator.write_transaction_bytes_0             6771200                                      # The total byte of write transaction per channel
       ramulator.row_hits_channel_0_core              201755                                      # Number of row hits per channel per core
     ramulator.row_misses_channel_0_core               70410                                      # Number of row misses per channel per core
  ramulator.row_conflicts_channel_0_core             3887237                                      # Number of row conflicts per channel per core
  ramulator.read_row_hits_channel_0_core              189181                                      # Number of row hits for read requests per channel per core
                                     [0]            189181.0                                      # 
ramulator.read_row_misses_channel_0_core               65185                                      # Number of row misses for read requests per channel per core
                                     [0]             65185.0                                      # 
ramulator.read_row_conflicts_channel_0_core             3799236                                      # Number of row conflicts for read requests per channel per core
                                     [0]           3799236.0                                      # 
 ramulator.write_row_hits_channel_0_core               12574                                      # Number of row hits for write requests per channel per core
                                     [0]             12574.0                                      # 
ramulator.write_row_misses_channel_0_core                5225                                      # Number of row misses for write requests per channel per core
                                     [0]              5225.0                                      # 
ramulator.write_row_conflicts_channel_0_core               88001                                      # Number of row conflicts for write requests per channel per core
                                     [0]             88001.0                                      # 
      ramulator.useless_activates_0_core                 259                                      # Number of useless activations. E.g, ACT -> PRE w/o RD or WR
            ramulator.read_latency_avg_0           85.163776                                      # The average memory latency cycles (in memory time domain) per request for all read requests in this channel
            ramulator.read_latency_sum_0           345363467                                      # The memory latency cycles (in memory time domain) sum for all read requests in this channel
        ramulator.req_queue_length_avg_0           21.538542                                      # Average of read and write queue length per memory cycle per channel.
        ramulator.req_queue_length_sum_0           922811912                                      # Sum of read and write queue length per memory cycle per channel.
   ramulator.read_req_queue_length_avg_0            6.613988                                      # Read queue length average per memory cycle per channel.
   ramulator.read_req_queue_length_sum_0           283374195                                      # Read queue length sum per memory cycle per channel.
  ramulator.write_req_queue_length_avg_0           14.924554                                      # Write queue length average per memory cycle per channel.
  ramulator.write_req_queue_length_sum_0           639437717                                      # Write queue length sum per memory cycle per channel.
              ramulator.record_read_hits                 0.0                                      # record read hit count for this core when it reaches request limit or to the end
                                     [0]                 0.0                                      # 
            ramulator.record_read_misses                 0.0                                      # record_read_miss count for this core when it reaches request limit or to the end
                                     [0]                 0.0                                      # 
         ramulator.record_read_conflicts                 0.0                                      # record read conflict count for this core when it reaches request limit or to the end
                                     [0]                 0.0                                      # 
             ramulator.record_write_hits                 0.0                                      # record write hit count for this core when it reaches request limit or to the end
                                     [0]                 0.0                                      # 
           ramulator.record_write_misses                 0.0                                      # record write miss count for this core when it reaches request limit or to the end
                                     [0]                 0.0                                      # 
        ramulator.record_write_conflicts                 0.0                                      # record write conflict for this core when it reaches request limit or to the end
                                     [0]                 0.0                                      # 
                 ramulator.dram_capacity          8589934592                                      # Number of bytes in simulated DRAM
                   ramulator.dram_cycles            42844678                                      # Number of DRAM cycles simulated
             ramulator.incoming_requests             4161109                                      # Number of incoming requests to DRAM
                 ramulator.read_requests             4055286                                      # Number of incoming read requests to DRAM per core
                                     [0]           4055286.0                                      # 
                ramulator.write_requests              105823                                      # Number of incoming write requests to DRAM per core
                                     [0]            105823.0                                      # 
       ramulator.ramulator_active_cycles            42380954                                      # The total number of cycles that the DRAM part is active (serving R/W)
 ramulator.incoming_requests_per_channel           4161109.0                                      # Number of incoming requests to each DRAM channel
                                     [0]           4161109.0                                      # 
ramulator.incoming_read_reqs_per_channel           4055286.0                                      # Number of incoming read requests to each DRAM channel
                                     [0]           4055286.0                                      # 
     ramulator.physical_page_replacement                   0                                      # The number of times that physical page replacement happens.
             ramulator.maximum_bandwidth         19200000000                                      # The theoretical maximum bandwidth (Bps)
          ramulator.in_queue_req_num_sum           922811912                                      # Sum of read/write queue length
     ramulator.in_queue_read_req_num_sum           283374195                                      # Sum of read queue length
    ramulator.in_queue_write_req_num_sum           639437717                                      # Sum of write queue length
          ramulator.in_queue_req_num_avg           21.538542                                      # Average of read/write queue length per memory cycle
     ramulator.in_queue_read_req_num_avg            6.613988                                      # Average of read queue length per memory cycle
    ramulator.in_queue_write_req_num_avg           14.924554                                      # Average of write queue length per memory cycle
          ramulator.record_read_requests                 0.0                                      # record read requests for this core when it reaches request limit or to the end
                                     [0]                 0.0                                      # 
         ramulator.record_write_requests                 0.0                                      # record write requests for this core when it reaches request limit or to the end
                                     [0]                 0.0                                      # 
