/* -*- Mode: c -*- */
####################################################################################################
Core 0
####################################################################################################
Cumulative:        Cycles: 17166861              Instructions: 30000000              IPC: 1.74755

ST_OP_INV                                            0        0.000%                0        0.000%
ST_OP_NOP                                        49651        0.146%            49651        0.146%
ST_OP_CF                                       5055317       14.823%          5055317       14.823%
ST_OP_MOV                                      4665045       13.679%          4665045       13.679%
ST_OP_CMOV                                       16513        0.048%            16513        0.048%
ST_OP_LDA                                      1468473        4.306%          1468473        4.306%
ST_OP_IMEM                                    10941409       32.083%         10941409       32.083%
ST_OP_IADD                                     4139241       12.137%          4139241       12.137%
ST_OP_IMUL                                          95        0.000%               95        0.000%
ST_OP_IDIV                                           0        0.000%                0        0.000%
ST_OP_ICMP                                     2918886        8.559%          2918886        8.559%
ST_OP_LOGIC                                    2725028        7.990%          2725028        7.990%
ST_OP_SHIFT                                    2124274        6.229%          2124274        6.229%
ST_OP_FMEM                                           0        0.000%                0        0.000%
ST_OP_FCVT                                           0        0.000%                0        0.000%
ST_OP_FADD                                           0        0.000%                0        0.000%
ST_OP_FMUL                                           0        0.000%                0        0.000%
ST_OP_FMA                                            0        0.000%                0        0.000%
ST_OP_FDIV                                           0        0.000%                0        0.000%
ST_OP_FCMP                                           0        0.000%                0        0.000%
ST_OP_FCMOV                                          0        0.000%                0        0.000%
ST_OP_GATHER                                         0        0.000%                0        0.000%
ST_OP_SCATTER                                        0        0.000%                0        0.000%
ST_OP_PIPELINED_FAST                                 0        0.000%                0        0.000%
ST_OP_PIPELINED_MEDIUM                               0        0.000%                0        0.000%
ST_OP_PIPELINED_SLOW                                 0        0.000%                0        0.000%
ST_OP_NOTPIPELINED_MEDIUM                            0        0.000%                0        0.000%
ST_OP_NOTPIPELINED_SLOW                              0        0.000%                0        0.000%
ST_OP_NOTPIPELINED_VERY_SLOW                         0        0.000%                0        0.000%
                                              34103932      100.000%         34103932      100.000%
                                                  6.18         3.06              6.18         3.06

ST_NOT_CF                                     29048615       85.177%         29048615       85.177%
ST_CF_BR                                        676280        1.983%           676280        1.983%
ST_CF_CBR                                      4377846       12.837%          4377846       12.837%
ST_CF_CALL                                         590        0.002%              590        0.002%
ST_CF_IBR                                           10        0.000%               10        0.000%
ST_CF_ICALL                                          0        0.000%                0        0.000%
ST_CF_ICO                                            0        0.000%                0        0.000%
ST_CF_RET                                          591        0.002%              591        0.002%
ST_CF_SYS                                            0        0.000%                0        0.000%
                                              34103932      100.000%         34103932      100.000%
                                                  0.28         0.63              0.28         0.63

ST_BAR_NONE                                   34103932      100.000%         34103932      100.000%
ST_BAR_FETCH                                         0        0.000%                0        0.000%
ST_BAR_ISSUE                                         0        0.000%                0        0.000%
ST_BAR_BOTH                                          0        0.000%                0        0.000%
                                              34103932      100.000%         34103932      100.000%
                                                  0.00         0.00              0.00         0.00

ST_NOT_MEM                                    23162523       67.917%         23162523       67.917%
ST_MEM_LD                                      7415884       21.745%          7415884       21.745%
ST_MEM_ST                                      3525525       10.338%          3525525       10.338%
ST_MEM_PF                                            0        0.000%                0        0.000%
ST_MEM_WH                                            0        0.000%                0        0.000%
ST_MEM_EVICT                                         0        0.000%                0        0.000%
                                              34103932      100.000%         34103932      100.000%
                                                  0.42         0.57              0.42         0.57

ST_NOT_MEM_OFFPATH                            20761642       68.938%         20761642       68.938%
ST_MEM_LD_OFFPATH                              6157366       20.445%          6157366       20.445%
ST_MEM_ST_OFFPATH                              3197526       10.617%          3197526       10.617%
ST_MEM_PF_OFFPATH                                    0        0.000%                0        0.000%
ST_MEM_WH_OFFPATH                                    0        0.000%                0        0.000%
ST_MEM_EVIC_OFFPATHT                                 0        0.000%                0        0.000%
                                              30116534      100.000%         30116534      100.000%
                                                  0.42         0.58              0.42         0.58

ST_OP_ONPATH                                  34103932                       34103932              

ST_OP_OFFPATH                                 30116534                       30116534              

ST_FAKE_OP_OFFPATH                             1001512        3.325%          1001512        3.325%
ST_NOT_FAKE_OP_OFFPATH                        29115022       96.675%         29115022       96.675%
                                              30116534      100.000%         30116534      100.000%
                                                  0.97         0.95              0.97         0.95

ST_FAKE_REASON_NOT_FAKE                       29115022       96.675%         29115022       96.675%
ST_FAKE_REASON_REDIRECT_TO_NOT_INSTRUMENTED         14760        0.049%            14760        0.049%
ST_FAKE_REASON_RETURN_TO_NOT_INSTRUMENTED             0        0.000%                0        0.000%
ST_FAKE_REASON_NONRET_CF_TO_NOT_INSTRUMENTED        986752        3.276%           986752        3.276%
ST_FAKE_REASON_NOT_TAKEN_TO_NOT_INSTRUMENTED             0        0.000%                0        0.000%
ST_FAKE_REASON_WRONG_PATH_STORE_TO_NEW_REGION             0        0.000%                0        0.000%
                                              30116534      100.000%         30116534      100.000%
                                                  0.10         0.53              0.10         0.53

ST_INST_ONPATH                                30000253                       30000253              

ST_INST_OFFPATH                               28070902                       28070902              

STATIC_PIN_NOP                                       0                              0              

DYNAMIC_PIN_REP_GREATER_256                          0                              0              



