/* -*- Mode: c -*- */
####################################################################################################
Core 0
####################################################################################################
Cumulative:        Cycles: 23594924              Instructions: 30000000              IPC: 1.27146

ST_OP_INV                                            0        0.000%                0        0.000%
ST_OP_NOP                                            0        0.000%                0        0.000%
ST_OP_CF                                       3338985       10.175%          3338985       10.175%
ST_OP_MOV                                      4483940       13.663%          4483940       13.663%
ST_OP_CMOV                                           0        0.000%                0        0.000%
ST_OP_LDA                                      2008838        6.121%          2008838        6.121%
ST_OP_IMEM                                    15491517       47.206%         15491517       47.206%
ST_OP_IADD                                     1852229        5.644%          1852229        5.644%
ST_OP_IMUL                                           0        0.000%                0        0.000%
ST_OP_IDIV                                           0        0.000%                0        0.000%
ST_OP_ICMP                                     3275814        9.982%          3275814        9.982%
ST_OP_LOGIC                                     362198        1.104%           362198        1.104%
ST_OP_SHIFT                                    2003465        6.105%          2003465        6.105%
ST_OP_FMEM                                           0        0.000%                0        0.000%
ST_OP_FCVT                                           0        0.000%                0        0.000%
ST_OP_FADD                                           0        0.000%                0        0.000%
ST_OP_FMUL                                           0        0.000%                0        0.000%
ST_OP_FMA                                            0        0.000%                0        0.000%
ST_OP_FDIV                                           0        0.000%                0        0.000%
ST_OP_FCMP                                           0        0.000%                0        0.000%
ST_OP_FCMOV                                          0        0.000%                0        0.000%
ST_OP_GATHER                                         0        0.000%                0        0.000%
ST_OP_SCATTER                                        0        0.000%                0        0.000%
ST_OP_PIPELINED_FAST                                 0        0.000%                0        0.000%
ST_OP_PIPELINED_MEDIUM                               0        0.000%                0        0.000%
ST_OP_PIPELINED_SLOW                                 0        0.000%                0        0.000%
ST_OP_NOTPIPELINED_MEDIUM                            0        0.000%                0        0.000%
ST_OP_NOTPIPELINED_SLOW                              0        0.000%                0        0.000%
ST_OP_NOTPIPELINED_VERY_SLOW                         0        0.000%                0        0.000%
                                              32816986      100.000%         32816986      100.000%
                                                  6.00         2.65              6.00         2.65

ST_NOT_CF                                     29478001       89.825%         29478001       89.825%
ST_CF_BR                                         30030        0.092%            30030        0.092%
ST_CF_CBR                                      3248950        9.900%          3248950        9.900%
ST_CF_CALL                                       30002        0.091%            30002        0.091%
ST_CF_IBR                                            0        0.000%                0        0.000%
ST_CF_ICALL                                          0        0.000%                0        0.000%
ST_CF_ICO                                            0        0.000%                0        0.000%
ST_CF_RET                                        30003        0.091%            30003        0.091%
ST_CF_SYS                                            0        0.000%                0        0.000%
                                              32816986      100.000%         32816986      100.000%
                                                  0.21         0.61              0.21         0.61

ST_BAR_NONE                                   32816986      100.000%         32816986      100.000%
ST_BAR_FETCH                                         0        0.000%                0        0.000%
ST_BAR_ISSUE                                         0        0.000%                0        0.000%
ST_BAR_BOTH                                          0        0.000%                0        0.000%
                                              32816986      100.000%         32816986      100.000%
                                                  0.00         0.00              0.00         0.00

ST_NOT_MEM                                    17325469       52.794%         17325469       52.794%
ST_MEM_LD                                      8547451       26.046%          8547451       26.046%
ST_MEM_ST                                      6944066       21.160%          6944066       21.160%
ST_MEM_PF                                            0        0.000%                0        0.000%
ST_MEM_WH                                            0        0.000%                0        0.000%
ST_MEM_EVICT                                         0        0.000%                0        0.000%
                                              32816986      100.000%         32816986      100.000%
                                                  0.68         0.63              0.68         0.63

ST_NOT_MEM_OFFPATH                             5165548       54.852%          5165548       54.852%
ST_MEM_LD_OFFPATH                              3079639       32.702%          3079639       32.702%
ST_MEM_ST_OFFPATH                              1172085       12.446%          1172085       12.446%
ST_MEM_PF_OFFPATH                                    0        0.000%                0        0.000%
ST_MEM_WH_OFFPATH                                    0        0.000%                0        0.000%
ST_MEM_EVIC_OFFPATHT                                 0        0.000%                0        0.000%
                                               9417272      100.000%          9417272      100.000%
                                                  0.58         0.56              0.58         0.56

ST_OP_ONPATH                                  32816986                       32816986              

ST_OP_OFFPATH                                  9417272                        9417272              

ST_FAKE_OP_OFFPATH                                1044        0.011%             1044        0.011%
ST_NOT_FAKE_OP_OFFPATH                         9416228       99.989%          9416228       99.989%
                                               9417272      100.000%          9417272      100.000%
                                                  1.00         1.00              1.00         1.00

ST_FAKE_REASON_NOT_FAKE                        9416228       99.989%          9416228       99.989%
ST_FAKE_REASON_REDIRECT_TO_NOT_INSTRUMENTED           234        0.002%              234        0.002%
ST_FAKE_REASON_RETURN_TO_NOT_INSTRUMENTED             0        0.000%                0        0.000%
ST_FAKE_REASON_NONRET_CF_TO_NOT_INSTRUMENTED           810        0.009%              810        0.009%
ST_FAKE_REASON_NOT_TAKEN_TO_NOT_INSTRUMENTED             0        0.000%                0        0.000%
ST_FAKE_REASON_WRONG_PATH_STORE_TO_NEW_REGION             0        0.000%                0        0.000%
                                               9417272      100.000%          9417272      100.000%
                                                  0.00         0.03              0.00         0.03

ST_INST_ONPATH                                30000002                       30000002              

ST_INST_OFFPATH                                7992387                        7992387              

STATIC_PIN_NOP                                       0                              0              

DYNAMIC_PIN_REP_GREATER_256                          0                              0              



