/* -*- Mode: c -*- */
####################################################################################################
Core 0
####################################################################################################
Cumulative:        Cycles: 7224452               Instructions: 30000003              IPC: 4.15256

DCACHE_PREF_HIT                                      0                              0              

IFETCH_WB_FIRST_SCHEDULE                             0         -nan%                0         -nan%
PREFETCH_LAST_SCHEDULE                               0         -nan%                0         -nan%
DEMAND_PASS_PREF_SCHEDULE                            0         -nan%                0         -nan%
DEMAND_PASS_LOW_OP_SCHEDULE                          0         -nan%                0         -nan%
DEMAND_LAST_SCHEDULE                                 0         -nan%                0         -nan%
                                                     0         -nan%                0         -nan%
                                                  -nan         -nan              -nan         -nan

SEND_MISS_REQ_QUEUE                              44016                          44016              

L1_DATA_EVICT                                     1118                           1118              

STREAM_BUFFER_REQ                                    0                              0              

PREF_SEND_TO_MEM_REQ                                 0         -nan%                0         -nan%
PREF_SEND_TO_MEM_REQ_FAIL                            0         -nan%                0         -nan%
                                                     0         -nan%                0         -nan%
                                                  -nan         -nan              -nan         -nan

HIT_TRAIN_STREAM                                 64057       98.806%            64057       98.806%
MISS_TRAIN_STREAM                                  774        1.194%              774        1.194%
                                                 64831      100.000%            64831      100.000%
                                                  0.01         0.11              0.01         0.11

STREAM_TRAIN_CREATE                                342                            342              

MEM_REQ_MISS_HWP_PREF_Q                              0         -nan%                0         -nan%
MEM_REQ_MISS_SW_PREF_Q                               0         -nan%                0         -nan%
MEM_REQ_MISS_IFETCH_Q                                0         -nan%                0         -nan%
MEM_REQ_MISS_DFETCH_Q                                0         -nan%                0         -nan%
MEM_REQ_MISS_DSTORE_Q                                0         -nan%                0         -nan%
MEM_REQ_MISS_DPRF_Q                                  0         -nan%                0         -nan%
MEM_REQ_MISS_WB_Q                                    0         -nan%                0         -nan%
                                                     0         -nan%                0         -nan%
                                                  -nan         -nan              -nan         -nan

PREF_HIT_BY_DEMAND_IFETCH                            0         -nan%                0         -nan%
PREF_HIT_BY_DEMAND_DFETCH                            0         -nan%                0         -nan%
PREF_HIT_BY_DEMAND_DSTORE                            0         -nan%                0         -nan%
PREF_HIT_BY_DEMAND_IPREF                             0         -nan%                0         -nan%
PREF_HIT_BY_DEMAND_DPRF                              0         -nan%                0         -nan%
PREF_HIT_BY_DEMAND_WB                                0         -nan%                0         -nan%
PREF_HIT_BY_PREF                                     0         -nan%                0         -nan%
                                                     0         -nan%                0         -nan%
                                                  -nan         -nan              -nan         -nan

PREF_HIT_DEMAND_IFETCH                               0         -nan%                0         -nan%
PREF_HIT_DEMAND_DFETCH                               0         -nan%                0         -nan%
PREF_HIT_DEMAND_DSTORE                               0         -nan%                0         -nan%
PREF_HIT_DEMAND_IPREF                                0         -nan%                0         -nan%
PREF_HIT_DEMAND_DPRF                                 0         -nan%                0         -nan%
PREF_HIT_DEMAND_WB                                   0         -nan%                0         -nan%
                                                     0         -nan%                0         -nan%
                                                  -nan         -nan              -nan         -nan

PREF_L1_FILL                                         0         -nan%                0         -nan%
DEMAND_L1_FILL                                       0         -nan%                0         -nan%
                                                     0         -nan%                0         -nan%
                                                  -nan         -nan              -nan         -nan

TOUCH_L1_REPLACE                                     0        0.000%                0        0.000%
NO_TOUCH_L1_REPLACE                               1118      100.000%             1118      100.000%
                                                  1118      100.000%             1118      100.000%
                                                  1.00         1.00              1.00         1.00

PREF_REQ_QUE_FULL                                    0                              0              

STREAM_REQ_QUEUE_HIT_BY_DEMAND                       0                              0              

L2HIT_STREAM_PREF_REQ_QUE_FULL                       0                              0              

L2HIT_HIT_TRAIN_STREAM                               0         -nan%                0         -nan%
L2HIT_MISS_TRAIN_STREAM                              0         -nan%                0         -nan%
                                                     0         -nan%                0         -nan%
                                                  -nan         -nan              -nan         -nan

L2HIT_STREAM_TRAIN_CREATE                            0                              0              

L2HIT_STREAM_BUFFER_REQ                              0                              0              

L2HIT_STREAM_PREF_DCACHE_HIT                         0         -nan%                0         -nan%
L2HIT_STREAM_PREF_DCACHE_INSERT                      0         -nan%                0         -nan%
L2HIT_STREAM_L2_MISS                                 0         -nan%                0         -nan%
                                                     0         -nan%                0         -nan%
                                                  -nan         -nan              -nan         -nan

L2HIT_STREAM_DCACHE_PORT_FULL                        0                              0              

L2HIT_STREAM_PREF_L1_PORT_FULL                       0                              0              

L2HIT_TRAIN_HIT_DEMAND                               0         -nan%                0         -nan%
L2HIT_TRAIN_MISS_REQ                                 0         -nan%                0         -nan%
                                                     0         -nan%                0         -nan%
                                                  -nan         -nan              -nan         -nan

L2HIT_TRAIN_FILTER_MISS                              0         -nan%                0         -nan%
L2HIT_TRAIN_FILTER_HIT                               0         -nan%                0         -nan%
                                                     0         -nan%                0         -nan%
                                                  -nan         -nan              -nan         -nan

L2HIT_PREF_REQ_DCACHE_HIT                            0         -nan%                0         -nan%
L2HIT_PREF_REQ_DCACHE_MISS                           0         -nan%                0         -nan%
                                                     0         -nan%                0         -nan%
                                                  -nan         -nan              -nan         -nan

L2HIT_L2SEND_Q_FULL                                  0         -nan%                0         -nan%
L2HIT_L2SEND_Q_ENTER                                 0         -nan%                0         -nan%
                                                     0         -nan%                0         -nan%
                                                  -nan         -nan              -nan         -nan

L2HIT_MEM_REQ                                        0                              0              

REMOVE_REDUNDANT_STREAM_STAT                         0                              0              

REPLACE_OLD_STREAM                                 326                            326              

REQ_SEND_QUEUE_STALL                                 0                              0              

STREAM_ENTER_RA                                      0                              0              

CORE_STREAM_LENGTH_0                                10        9.524%               10        9.524%
CORE_STREAM_LENGTH_10                               19       18.095%               19       18.095%
CORE_STREAM_LENGTH_20                               21       20.000%               21       20.000%
CORE_STREAM_LENGTH_30                               16       15.238%               16       15.238%
CORE_STREAM_LENGTH_40                                3        2.857%                3        2.857%
CORE_STREAM_LENGTH_50                                8        7.619%                8        7.619%
CORE_STREAM_LENGTH_60                                5        4.762%                5        4.762%
CORE_STREAM_LENGTH_70                                1        0.952%                1        0.952%
CORE_STREAM_LENGTH_80                                2        1.905%                2        1.905%
CORE_STREAM_LENGTH_90                                2        1.905%                2        1.905%
CORE_STREAM_LENGTH_100_P                            18       17.143%               18       17.143%
                                                   105      100.000%              105      100.000%
                                                  3.92         3.56              3.92         3.56

CORE_CUM_STREAM_LENGTH_0                            71        0.111%               71        0.111%
CORE_CUM_STREAM_LENGTH_10                          300        0.467%              300        0.467%
CORE_CUM_STREAM_LENGTH_20                          535        0.834%              535        0.834%
CORE_CUM_STREAM_LENGTH_30                          577        0.899%              577        0.899%
CORE_CUM_STREAM_LENGTH_40                          137        0.213%              137        0.213%
CORE_CUM_STREAM_LENGTH_50                          436        0.679%              436        0.679%
CORE_CUM_STREAM_LENGTH_60                          327        0.509%              327        0.509%
CORE_CUM_STREAM_LENGTH_70                           78        0.122%               78        0.122%
CORE_CUM_STREAM_LENGTH_80                          174        0.271%              174        0.271%
CORE_CUM_STREAM_LENGTH_90                          185        0.288%              185        0.288%
CORE_CUM_STREAM_LENGTH_100_P                     61361       95.606%            61361       95.606%
                                                 64181      100.000%            64181      100.000%
                                                  9.74         9.61              9.74         9.61

CORE_STREAM_TRAIN_HITS_0                            26       24.762%               26       24.762%
CORE_STREAM_TRAIN_HITS_10                           29       27.619%               29       27.619%
CORE_STREAM_TRAIN_HITS_20                           10        9.524%               10        9.524%
CORE_STREAM_TRAIN_HITS_30                            7        6.667%                7        6.667%
CORE_STREAM_TRAIN_HITS_40                            3        2.857%                3        2.857%
CORE_STREAM_TRAIN_HITS_50                            1        0.952%                1        0.952%
CORE_STREAM_TRAIN_HITS_60                            1        0.952%                1        0.952%
CORE_STREAM_TRAIN_HITS_70                            3        2.857%                3        2.857%
CORE_STREAM_TRAIN_HITS_80                            2        1.905%                2        1.905%
CORE_STREAM_TRAIN_HITS_90                            0        0.000%                0        0.000%
CORE_STREAM_TRAIN_HITS_100_P                        23       21.905%               23       21.905%
                                                   105      100.000%              105      100.000%
                                                  3.43         3.86              3.43         3.86

CORE_CUM_STREAM_TRAIN_HITS_0                       182        0.282%              182        0.282%
CORE_CUM_STREAM_TRAIN_HITS_10                      393        0.610%              393        0.610%
CORE_CUM_STREAM_TRAIN_HITS_20                      218        0.338%              218        0.338%
CORE_CUM_STREAM_TRAIN_HITS_30                      250        0.388%              250        0.388%
CORE_CUM_STREAM_TRAIN_HITS_40                      145        0.225%              145        0.225%
CORE_CUM_STREAM_TRAIN_HITS_50                       51        0.079%               51        0.079%
CORE_CUM_STREAM_TRAIN_HITS_60                       68        0.105%               68        0.105%
CORE_CUM_STREAM_TRAIN_HITS_70                      220        0.341%              220        0.341%
CORE_CUM_STREAM_TRAIN_HITS_80                      166        0.257%              166        0.257%
CORE_CUM_STREAM_TRAIN_HITS_90                        0        0.000%                0        0.000%
CORE_CUM_STREAM_TRAIN_HITS_100_P                 62784       97.374%            62784       97.374%
                                                 64477      100.000%            64477      100.000%
                                                  9.83         9.75              9.83         9.75

CORE_STREAM_TRAIN_CREATE                           342                            342              



