/* -*- Mode: c -*- */
####################################################################################################
Core 0
####################################################################################################
Cumulative:        Cycles: 96530926              Instructions: 30000002              IPC: 0.31078

EXECUTION_TIME                           30165914375000                  30165914375000              

NODE_CYCLE                                    96530926                       96530926              

NODE_INST_COUNT                               30000002                       30000002              

NODE_UOP_COUNT                                34209612                       34209612              

FULL_WINDOW_STALL                             57068829       59.120%         57068829       59.120%

FULL_WINDOW_MEM_OP                            55162431       99.985%         55162431       99.985%
FULL_WINDOW_FP_OP                                    0        0.000%                0        0.000%
FULL_WINDOW_OTHER_OP                              8074        0.015%             8074        0.015%
                                              55170505      100.000%         55170505      100.000%
                                                  0.00         0.02              0.00         0.02

RET_BLOCKED_DC_MISS                           78148246       80.957%         78148246       80.957%

RET_BLOCKED_L1_MISS                           69908931       72.421%         69908931       72.421%

RET_BLOCKED_L1_MISS_BW_PREF                          0        0.000%                0        0.000%

RET_BLOCKED_L1_ACCESS                          8239321        8.535%          8239321        8.535%

RET_BLOCKED_MEM_STALL                         69909420       72.422%         69909420       72.422%

RET_BLOCKED_OFFCHIP_DEMAND                           0        0.000%                0        0.000%

OP_ISSUED                                    151591623                      151591623              

OP_RETIRED                                    34209612                       34209612              

REPLAY_SIGNALED                                      0                              0              

REPLAY_COUNTED                                       0                              0              

OFF_CRITICAL_PATH                                    0         -nan%                0         -nan%
ON_CRITICAL_PATH                                     0         -nan%                0         -nan%
                                                     0         -nan%                0         -nan%
                                                  -nan         -nan              -nan         -nan

LD_NO_DEPENDENTS                                  3950        0.032%             3950        0.032%
LD_DEPENDENTS                                 12352267       99.968%         12352267       99.968%
                                              12356217      100.000%         12356217      100.000%
                                                  1.00         1.00              1.00         1.00

LD_EXEC_CYCLES_0                                     0        0.000%                0        0.000%
LD_EXEC_CYCLES_1                                     0        0.000%                0        0.000%
LD_EXEC_CYCLES_2                                     0        0.000%                0        0.000%
LD_EXEC_CYCLES_3                               5036431       68.299%          5036431       68.299%
LD_EXEC_CYCLES_4                               2337666       31.701%          2337666       31.701%
                                               7374097      100.000%          7374097      100.000%
                                                  3.32         1.92              3.32         1.92

FU_BUSY_0                                     33399090                       33399090              

FU_BUSY_1                                     23095920                       23095920              

FU_BUSY_2                                     18111733                       18111733              

FU_BUSY_3                                     14928251                       14928251              

FU_BUSY_4                                     10858606                       10858606              

FU_BUSY_5                                      6164416                        6164416              

FU_BUSY_6                                      3828420                        3828420              

FU_BUSY_7                                      1971596                        1971596              

FU_BUSY_8                                            0                              0              

FU_BUSY_9                                            0                              0              

FU_BUSY_10                                           0                              0              

FU_BUSY_11                                           0                              0              

FU_BUSY_12                                           0                              0              

FU_BUSY_13                                           0                              0              

FU_BUSY_14                                           0                              0              

FU_BUSY_15                                           0                              0              

FU_BUSY_16                                           0                              0              

FU_BUSY_17                                           0                              0              

FU_BUSY_18                                           0                              0              

FU_BUSY_19                                           0                              0              

FU_BUSY_20                                           0                              0              

FU_BUSY_21                                           0                              0              

FU_BUSY_22                                           0                              0              

FU_BUSY_23                                           0                              0              

FU_BUSY_24                                           0                              0              

FU_BUSY_25                                           0                              0              

FU_BUSY_26                                           0                              0              

FU_BUSY_27                                           0                              0              

FU_BUSY_28                                           0                              0              

FU_BUSY_29                                           0                              0              

FU_BUSY_30                                           0                              0              

FU_BUSY_31                                           0                              0              

OP_WAIT_0                                     29801346                       29801346              

OP_WAIT_1                                      3539231                        3539231              

OP_WAIT_2                                       503083                         503083              

OP_WAIT_3                                       254838                         254838              

OP_WAIT_4                                         5703                           5703              

OP_WAIT_5                                         3198                           3198              

OP_WAIT_6                                         2372                           2372              

OP_WAIT_7                                         1712                           1712              

OP_WAIT_8                                         1696                           1696              

OP_WAIT_9                                         2154                           2154              

OP_WAIT_10                                        2885                           2885              

OP_WAIT_11                                        1480                           1480              

OP_WAIT_12                                         886                            886              

OP_WAIT_13                                         587                            587              

OP_WAIT_14                                         539                            539              

OP_WAIT_15                                         662                            662              

OP_WAIT_16                                         398                            398              

OP_WAIT_17                                         435                            435              

OP_WAIT_18                                         482                            482              

OP_WAIT_19                                         379                            379              

OP_WAIT_20                                         806                            806              

OP_WAIT_21                                        1013                           1013              

OP_WAIT_22                                         333                            333              

OP_WAIT_23                                         227                            227              

OP_WAIT_24                                         116                            116              

OP_WAIT_25                                         294                            294              

OP_WAIT_26                                         374                            374              

OP_WAIT_27                                         439                            439              

OP_WAIT_28                                         324                            324              

OP_WAIT_29                                         229                            229              

OP_WAIT_30                                         115                            115              

OP_WAIT_31                                       81276                          81276              

ROW_SIZE_0                                    79112922                       79112922              

ROW_SIZE_1                                     6573169                        6573169              

ROW_SIZE_2                                      243830                         243830              

ROW_SIZE_3                                     1720058                        1720058              

ROW_SIZE_4                                      178173                         178173              

ROW_SIZE_5                                      139151                         139151              

ROW_SIZE_6                                     3430027                        3430027              

ROW_SIZE_7                                           0                              0              

ROW_SIZE_8                                           0                              0              

ROW_SIZE_9                                           0                              0              

ROW_SIZE_10                                          0                              0              

ROW_SIZE_11                                          0                              0              

ROW_SIZE_12                                          0                              0              

ROW_SIZE_13                                          0                              0              

ROW_SIZE_14                                          0                              0              

ROW_SIZE_15                                          0                              0              

ROW_SIZE_16                                          0                              0              

ROW_SIZE_17                                          0                              0              

ROW_SIZE_18                                          0                              0              

ROW_SIZE_19                                          0                              0              

ROW_SIZE_20                                          0                              0              

ROW_SIZE_21                                          0                              0              

ROW_SIZE_22                                          0                              0              

ROW_SIZE_23                                          0                              0              

ROW_SIZE_24                                          0                              0              

ROW_SIZE_25                                          0                              0              

ROW_SIZE_26                                          0                              0              

ROW_SIZE_27                                          0                              0              

ROW_SIZE_28                                          0                              0              

ROW_SIZE_29                                          0                              0              

ROW_SIZE_30                                          0                              0              

ROW_SIZE_31                                          0                              0              

RET_OP_EXEC_COUNT_0                                  0        0.000%                0        0.000%
RET_OP_EXEC_COUNT_1                           34209612      100.000%         34209612      100.000%
RET_OP_EXEC_COUNT_2                                  0        0.000%                0        0.000%
RET_OP_EXEC_COUNT_3                                  0        0.000%                0        0.000%
RET_OP_EXEC_COUNT_4                                  0        0.000%                0        0.000%
RET_OP_EXEC_COUNT_5                                  0        0.000%                0        0.000%
RET_OP_EXEC_COUNT_6                                  0        0.000%                0        0.000%
RET_OP_EXEC_COUNT_7                                  0        0.000%                0        0.000%
RET_OP_EXEC_COUNT_8                                  0        0.000%                0        0.000%
RET_OP_EXEC_COUNT_9                                  0        0.000%                0        0.000%
RET_OP_EXEC_COUNT_10                                 0        0.000%                0        0.000%
RET_OP_EXEC_COUNT_11                                 0        0.000%                0        0.000%
RET_OP_EXEC_COUNT_12                                 0        0.000%                0        0.000%
RET_OP_EXEC_COUNT_13                                 0        0.000%                0        0.000%
RET_OP_EXEC_COUNT_14                                 0        0.000%                0        0.000%
RET_OP_EXEC_COUNT_15                                 0        0.000%                0        0.000%
RET_OP_EXEC_COUNT_16                                 0        0.000%                0        0.000%
RET_OP_EXEC_COUNT_17                                 0        0.000%                0        0.000%
RET_OP_EXEC_COUNT_18                                 0        0.000%                0        0.000%
RET_OP_EXEC_COUNT_19                                 0        0.000%                0        0.000%
RET_OP_EXEC_COUNT_20                                 0        0.000%                0        0.000%
RET_OP_EXEC_COUNT_21                                 0        0.000%                0        0.000%
RET_OP_EXEC_COUNT_22                                 0        0.000%                0        0.000%
RET_OP_EXEC_COUNT_23                                 0        0.000%                0        0.000%
RET_OP_EXEC_COUNT_24                                 0        0.000%                0        0.000%
RET_OP_EXEC_COUNT_25                                 0        0.000%                0        0.000%
RET_OP_EXEC_COUNT_26                                 0        0.000%                0        0.000%
RET_OP_EXEC_COUNT_27                                 0        0.000%                0        0.000%
RET_OP_EXEC_COUNT_28                                 0        0.000%                0        0.000%
RET_OP_EXEC_COUNT_29                                 0        0.000%                0        0.000%
RET_OP_EXEC_COUNT_30                                 0        0.000%                0        0.000%
RET_OP_EXEC_COUNT_31                                 0        0.000%                0        0.000%
RET_OP_EXEC_COUNT_32                                 0        0.000%                0        0.000%
                                              34209612      100.000%         34209612      100.000%
                                                  1.00         0.00              1.00         0.00

RET_STALL_LENGTH_0                            33886277       99.055%         33886277       99.055%
RET_STALL_LENGTH_100                            256931        0.751%           256931        0.751%
RET_STALL_LENGTH_200                             43516        0.127%            43516        0.127%
RET_STALL_LENGTH_300                             11048        0.032%            11048        0.032%
RET_STALL_LENGTH_400                              4336        0.013%             4336        0.013%
RET_STALL_LENGTH_500                              2645        0.008%             2645        0.008%
RET_STALL_LENGTH_600                               767        0.002%              767        0.002%
RET_STALL_LENGTH_700                               197        0.001%              197        0.001%
RET_STALL_LENGTH_800                                32        0.000%               32        0.000%
RET_STALL_LENGTH_900                                13        0.000%               13        0.000%
RET_STALL_LENGTH_1000                               19        0.000%               19        0.000%
RET_STALL_LENGTH_1100                              195        0.001%              195        0.001%
RET_STALL_LENGTH_1200                             1636        0.005%             1636        0.005%
RET_STALL_LENGTH_1300                             1069        0.003%             1069        0.003%
RET_STALL_LENGTH_1400                              564        0.002%              564        0.002%
RET_STALL_LENGTH_1500                              194        0.001%              194        0.001%
RET_STALL_LENGTH_1600                               69        0.000%               69        0.000%
RET_STALL_LENGTH_1700                               55        0.000%               55        0.000%
RET_STALL_LENGTH_1800                               38        0.000%               38        0.000%
RET_STALL_LENGTH_1900                                6        0.000%                6        0.000%
RET_STALL_LENGTH_2000                                3        0.000%                3        0.000%
RET_STALL_LENGTH_2100                                2        0.000%                2        0.000%
RET_STALL_LENGTH_2200                                0        0.000%                0        0.000%
RET_STALL_LENGTH_2300                                0        0.000%                0        0.000%
RET_STALL_LENGTH_2400                                0        0.000%                0        0.000%
RET_STALL_LENGTH_2500                                0        0.000%                0        0.000%
RET_STALL_LENGTH_2600                                0        0.000%                0        0.000%
RET_STALL_LENGTH_2700                                0        0.000%                0        0.000%
RET_STALL_LENGTH_2800                                0        0.000%                0        0.000%
RET_STALL_LENGTH_2900                                0        0.000%                0        0.000%
RET_STALL_LENGTH_3000                                0        0.000%                0        0.000%
RET_STALL_LENGTH_3100                                0        0.000%                0        0.000%
RET_STALL_LENGTH_3200                                0        0.000%                0        0.000%
RET_STALL_LENGTH_3300                                0        0.000%                0        0.000%
RET_STALL_LENGTH_3400                                0        0.000%                0        0.000%
RET_STALL_LENGTH_3500                                0        0.000%                0        0.000%
RET_STALL_LENGTH_3600                                0        0.000%                0        0.000%
RET_STALL_LENGTH_3700                                0        0.000%                0        0.000%
RET_STALL_LENGTH_3800                                0        0.000%                0        0.000%
RET_STALL_LENGTH_3900                                0        0.000%                0        0.000%
RET_STALL_LENGTH_4000                                0        0.000%                0        0.000%
RET_STALL_LENGTH_4100                                0        0.000%                0        0.000%
RET_STALL_LENGTH_4200                                0        0.000%                0        0.000%
RET_STALL_LENGTH_4300                                0        0.000%                0        0.000%
RET_STALL_LENGTH_4400                                0        0.000%                0        0.000%
RET_STALL_LENGTH_4500                                0        0.000%                0        0.000%
RET_STALL_LENGTH_4600                                0        0.000%                0        0.000%
RET_STALL_LENGTH_4700                                0        0.000%                0        0.000%
RET_STALL_LENGTH_4800                                0        0.000%                0        0.000%
RET_STALL_LENGTH_4900                                0        0.000%                0        0.000%
RET_STALL_LENGTH_5000                                0        0.000%                0        0.000%
                                              34209612      100.000%         34209612      100.000%
                                                  0.01         0.20              0.01         0.20

MEM_BLOCK_LENGTH_0                                7364       97.485%             7364       97.485%
MEM_BLOCK_LENGTH_100                                25        0.331%               25        0.331%
MEM_BLOCK_LENGTH_200                                 5        0.066%                5        0.066%
MEM_BLOCK_LENGTH_300                                25        0.331%               25        0.331%
MEM_BLOCK_LENGTH_400                                19        0.252%               19        0.252%
MEM_BLOCK_LENGTH_500                                 1        0.013%                1        0.013%
MEM_BLOCK_LENGTH_600                                 0        0.000%                0        0.000%
MEM_BLOCK_LENGTH_700                                 0        0.000%                0        0.000%
MEM_BLOCK_LENGTH_800                                 0        0.000%                0        0.000%
MEM_BLOCK_LENGTH_900                                 0        0.000%                0        0.000%
MEM_BLOCK_LENGTH_1000                                2        0.026%                2        0.026%
MEM_BLOCK_LENGTH_1100                               64        0.847%               64        0.847%
MEM_BLOCK_LENGTH_1200                               47        0.622%               47        0.622%
MEM_BLOCK_LENGTH_1300                                1        0.013%                1        0.013%
MEM_BLOCK_LENGTH_1400                                0        0.000%                0        0.000%
MEM_BLOCK_LENGTH_1500                                1        0.013%                1        0.013%
MEM_BLOCK_LENGTH_1600                                0        0.000%                0        0.000%
MEM_BLOCK_LENGTH_1700                                0        0.000%                0        0.000%
MEM_BLOCK_LENGTH_1800                                0        0.000%                0        0.000%
MEM_BLOCK_LENGTH_1900                                0        0.000%                0        0.000%
MEM_BLOCK_LENGTH_2000                                0        0.000%                0        0.000%
MEM_BLOCK_LENGTH_2100                                0        0.000%                0        0.000%
MEM_BLOCK_LENGTH_2200                                0        0.000%                0        0.000%
MEM_BLOCK_LENGTH_2300                                0        0.000%                0        0.000%
MEM_BLOCK_LENGTH_2400                                0        0.000%                0        0.000%
MEM_BLOCK_LENGTH_2500                                0        0.000%                0        0.000%
MEM_BLOCK_LENGTH_2600                                0        0.000%                0        0.000%
MEM_BLOCK_LENGTH_2700                                0        0.000%                0        0.000%
MEM_BLOCK_LENGTH_2800                                0        0.000%                0        0.000%
MEM_BLOCK_LENGTH_2900                                0        0.000%                0        0.000%
MEM_BLOCK_LENGTH_3000                                0        0.000%                0        0.000%
MEM_BLOCK_LENGTH_3100                                0        0.000%                0        0.000%
MEM_BLOCK_LENGTH_3200                                0        0.000%                0        0.000%
MEM_BLOCK_LENGTH_3300                                0        0.000%                0        0.000%
MEM_BLOCK_LENGTH_3400                                0        0.000%                0        0.000%
MEM_BLOCK_LENGTH_3500                                0        0.000%                0        0.000%
MEM_BLOCK_LENGTH_3600                                0        0.000%                0        0.000%
MEM_BLOCK_LENGTH_3700                                0        0.000%                0        0.000%
MEM_BLOCK_LENGTH_3800                                0        0.000%                0        0.000%
MEM_BLOCK_LENGTH_3900                                0        0.000%                0        0.000%
MEM_BLOCK_LENGTH_4000                                0        0.000%                0        0.000%
MEM_BLOCK_LENGTH_4100                                0        0.000%                0        0.000%
MEM_BLOCK_LENGTH_4200                                0        0.000%                0        0.000%
MEM_BLOCK_LENGTH_4300                                0        0.000%                0        0.000%
MEM_BLOCK_LENGTH_4400                                0        0.000%                0        0.000%
MEM_BLOCK_LENGTH_4500                                0        0.000%                0        0.000%
MEM_BLOCK_LENGTH_4600                                0        0.000%                0        0.000%
MEM_BLOCK_LENGTH_4700                                0        0.000%                0        0.000%
MEM_BLOCK_LENGTH_4800                                0        0.000%                0        0.000%
MEM_BLOCK_LENGTH_4900                                0        0.000%                0        0.000%
MEM_BLOCK_LENGTH_5000                                0        0.000%                0        0.000%
                                                  7554      100.000%             7554      100.000%
                                                  0.20         1.41              0.20         1.41

FUS_BUSY_ON_PATH                              36353073        0.3766         36353073        0.3766

FUS_BUSY_OFF_PATH                             76004959        0.7874         76004959        0.7874

FU_BUSY_MEM_STALL                             10158588        0.1052         10158588        0.1052

FUS_EMPTY                                    659889376        6.8360        659889376        6.8360

CHIP_UTILIZATION                                     0        0.0000                0        0.0000

CYCLES_UNDER_MEM_REQ                                 0                              0              

CYCLES_UNDER_NO_MEM_REQ                              0                              0              

CYCLES_UNDER_CRITICAL_MEM_REQ                        0                              0              

CYCLES_UNDER_NONCRITICAL_MEM_REQ                     0                              0              

CHIP_UTILIZATION_UNDER_MEM_REQ                       0          -nan                0          -nan

CHIP_UTILIZATION_UNDER_NO_MEM_REQ                    0          -nan                0          -nan

CHIP_UTILIZATION_UNDER_CRITICAL_MEM_REQ              0          -nan                0          -nan

CHIP_UTILIZATION_UNDER_NONCRITICAL_MEM_REQ             0          -nan                0          -nan

CYCLES_NOT_WAITING_FOR_OFF_CHIP                      0        0.0000                0        0.0000

FUS_BUSY_NOT_WAITING_FOR_OFF_CHIP                    0          -nan                0          -nan

CYCLES_WAITING_FOR_OFF_CHIP                          0        0.0000                0        0.0000

FUS_BUSY_WAITING_FOR_OFF_CHIP                        0          -nan                0          -nan

TOTAL_OFF_CHIP_DELAYS_LEFT                           0                              0              

WRONG_IO_SCHED                                       0                              0              

DVFS_CONFIG_SWITCH                                   0                              0              



