               ramulator.active_cycles_0            35674457                                      # Total active cycles for level _0
                 ramulator.busy_cycles_0            35674457                                      # (All-bank refresh only. busy cycles only include refresh time in rank level) The sum of cycles that the DRAM part is active or under refresh for level _0
            ramulator.serving_requests_0           206448237                                      # The sum of read and write requests that are served in this DRAM element per memory cycle for level _0
    ramulator.average_serving_requests_0            5.703130                                      # The average of read and write requests that are served in this DRAM element per memory cycle for level _0
             ramulator.active_cycles_0_0            35674457                                      # Total active cycles for level _0_0
               ramulator.busy_cycles_0_0            35792477                                      # (All-bank refresh only. busy cycles only include refresh time in rank level) The sum of cycles that the DRAM part is active or under refresh for level _0_0
          ramulator.serving_requests_0_0           206448237                                      # The sum of read and write requests that are served in this DRAM element per memory cycle for level _0_0
  ramulator.average_serving_requests_0_0            5.703130                                      # The average of read and write requests that are served in this DRAM element per memory cycle for level _0_0
           ramulator.active_cycles_0_0_0            27005290                                      # Total active cycles for level _0_0_0
             ramulator.busy_cycles_0_0_0            27005290                                      # (All-bank refresh only. busy cycles only include refresh time in rank level) The sum of cycles that the DRAM part is active or under refresh for level _0_0_0
        ramulator.serving_requests_0_0_0            48935591                                      # The sum of read and write requests that are served in this DRAM element per memory cycle for level _0_0_0
ramulator.average_serving_requests_0_0_0            1.351845                                      # The average of read and write requests that are served in this DRAM element per memory cycle for level _0_0_0
         ramulator.active_cycles_0_0_0_0            10977922                                      # Total active cycles for level _0_0_0_0
           ramulator.busy_cycles_0_0_0_0            10977922                                      # (All-bank refresh only. busy cycles only include refresh time in rank level) The sum of cycles that the DRAM part is active or under refresh for level _0_0_0_0
      ramulator.serving_requests_0_0_0_0            11441756                                      # The sum of read and write requests that are served in this DRAM element per memory cycle for level _0_0_0_0
ramulator.average_serving_requests_0_0_0_0            0.316078                                      # The average of read and write requests that are served in this DRAM element per memory cycle for level _0_0_0_0
         ramulator.active_cycles_0_0_0_1            12140627                                      # Total active cycles for level _0_0_0_1
           ramulator.busy_cycles_0_0_0_1            12140627                                      # (All-bank refresh only. busy cycles only include refresh time in rank level) The sum of cycles that the DRAM part is active or under refresh for level _0_0_0_1
      ramulator.serving_requests_0_0_0_1            12843661                                      # The sum of read and write requests that are served in this DRAM element per memory cycle for level _0_0_0_1
ramulator.average_serving_requests_0_0_0_1            0.354806                                      # The average of read and write requests that are served in this DRAM element per memory cycle for level _0_0_0_1
         ramulator.active_cycles_0_0_0_2            12076196                                      # Total active cycles for level _0_0_0_2
           ramulator.busy_cycles_0_0_0_2            12076196                                      # (All-bank refresh only. busy cycles only include refresh time in rank level) The sum of cycles that the DRAM part is active or under refresh for level _0_0_0_2
      ramulator.serving_requests_0_0_0_2            12865590                                      # The sum of read and write requests that are served in this DRAM element per memory cycle for level _0_0_0_2
ramulator.average_serving_requests_0_0_0_2            0.355412                                      # The average of read and write requests that are served in this DRAM element per memory cycle for level _0_0_0_2
         ramulator.active_cycles_0_0_0_3            11218312                                      # Total active cycles for level _0_0_0_3
           ramulator.busy_cycles_0_0_0_3            11218312                                      # (All-bank refresh only. busy cycles only include refresh time in rank level) The sum of cycles that the DRAM part is active or under refresh for level _0_0_0_3
      ramulator.serving_requests_0_0_0_3            11784584                                      # The sum of read and write requests that are served in this DRAM element per memory cycle for level _0_0_0_3
ramulator.average_serving_requests_0_0_0_3            0.325549                                      # The average of read and write requests that are served in this DRAM element per memory cycle for level _0_0_0_3
           ramulator.active_cycles_0_0_1            28435379                                      # Total active cycles for level _0_0_1
             ramulator.busy_cycles_0_0_1            28435379                                      # (All-bank refresh only. busy cycles only include refresh time in rank level) The sum of cycles that the DRAM part is active or under refresh for level _0_0_1
        ramulator.serving_requests_0_0_1            53400071                                      # The sum of read and write requests that are served in this DRAM element per memory cycle for level _0_0_1
ramulator.average_serving_requests_0_0_1            1.475176                                      # The average of read and write requests that are served in this DRAM element per memory cycle for level _0_0_1
         ramulator.active_cycles_0_0_1_0            12239497                                      # Total active cycles for level _0_0_1_0
           ramulator.busy_cycles_0_0_1_0            12239497                                      # (All-bank refresh only. busy cycles only include refresh time in rank level) The sum of cycles that the DRAM part is active or under refresh for level _0_0_1_0
      ramulator.serving_requests_0_0_1_0            12873700                                      # The sum of read and write requests that are served in this DRAM element per memory cycle for level _0_0_1_0
ramulator.average_serving_requests_0_0_1_0            0.355636                                      # The average of read and write requests that are served in this DRAM element per memory cycle for level _0_0_1_0
         ramulator.active_cycles_0_0_1_1            13655367                                      # Total active cycles for level _0_0_1_1
           ramulator.busy_cycles_0_0_1_1            13655367                                      # (All-bank refresh only. busy cycles only include refresh time in rank level) The sum of cycles that the DRAM part is active or under refresh for level _0_0_1_1
      ramulator.serving_requests_0_0_1_1            14759872                                      # The sum of read and write requests that are served in this DRAM element per memory cycle for level _0_0_1_1
ramulator.average_serving_requests_0_0_1_1            0.407741                                      # The average of read and write requests that are served in this DRAM element per memory cycle for level _0_0_1_1
         ramulator.active_cycles_0_0_1_2            11737286                                      # Total active cycles for level _0_0_1_2
           ramulator.busy_cycles_0_0_1_2            11737286                                      # (All-bank refresh only. busy cycles only include refresh time in rank level) The sum of cycles that the DRAM part is active or under refresh for level _0_0_1_2
      ramulator.serving_requests_0_0_1_2            12201362                                      # The sum of read and write requests that are served in this DRAM element per memory cycle for level _0_0_1_2
ramulator.average_serving_requests_0_0_1_2            0.337062                                      # The average of read and write requests that are served in this DRAM element per memory cycle for level _0_0_1_2
         ramulator.active_cycles_0_0_1_3            12811819                                      # Total active cycles for level _0_0_1_3
           ramulator.busy_cycles_0_0_1_3            12811819                                      # (All-bank refresh only. busy cycles only include refresh time in rank level) The sum of cycles that the DRAM part is active or under refresh for level _0_0_1_3
      ramulator.serving_requests_0_0_1_3            13565137                                      # The sum of read and write requests that are served in this DRAM element per memory cycle for level _0_0_1_3
ramulator.average_serving_requests_0_0_1_3            0.374737                                      # The average of read and write requests that are served in this DRAM element per memory cycle for level _0_0_1_3
           ramulator.active_cycles_0_0_2            27803066                                      # Total active cycles for level _0_0_2
             ramulator.busy_cycles_0_0_2            27803066                                      # (All-bank refresh only. busy cycles only include refresh time in rank level) The sum of cycles that the DRAM part is active or under refresh for level _0_0_2
        ramulator.serving_requests_0_0_2            51920989                                      # The sum of read and write requests that are served in this DRAM element per memory cycle for level _0_0_2
ramulator.average_serving_requests_0_0_2            1.434317                                      # The average of read and write requests that are served in this DRAM element per memory cycle for level _0_0_2
         ramulator.active_cycles_0_0_2_0            14473460                                      # Total active cycles for level _0_0_2_0
           ramulator.busy_cycles_0_0_2_0            14473460                                      # (All-bank refresh only. busy cycles only include refresh time in rank level) The sum of cycles that the DRAM part is active or under refresh for level _0_0_2_0
      ramulator.serving_requests_0_0_2_0            15800698                                      # The sum of read and write requests that are served in this DRAM element per memory cycle for level _0_0_2_0
ramulator.average_serving_requests_0_0_2_0            0.436494                                      # The average of read and write requests that are served in this DRAM element per memory cycle for level _0_0_2_0
         ramulator.active_cycles_0_0_2_1            10806987                                      # Total active cycles for level _0_0_2_1
           ramulator.busy_cycles_0_0_2_1            10806987                                      # (All-bank refresh only. busy cycles only include refresh time in rank level) The sum of cycles that the DRAM part is active or under refresh for level _0_0_2_1
      ramulator.serving_requests_0_0_2_1            11264112                                      # The sum of read and write requests that are served in this DRAM element per memory cycle for level _0_0_2_1
ramulator.average_serving_requests_0_0_2_1            0.311171                                      # The average of read and write requests that are served in this DRAM element per memory cycle for level _0_0_2_1
         ramulator.active_cycles_0_0_2_2            12455040                                      # Total active cycles for level _0_0_2_2
           ramulator.busy_cycles_0_0_2_2            12455040                                      # (All-bank refresh only. busy cycles only include refresh time in rank level) The sum of cycles that the DRAM part is active or under refresh for level _0_0_2_2
      ramulator.serving_requests_0_0_2_2            13050246                                      # The sum of read and write requests that are served in this DRAM element per memory cycle for level _0_0_2_2
ramulator.average_serving_requests_0_0_2_2            0.360513                                      # The average of read and write requests that are served in this DRAM element per memory cycle for level _0_0_2_2
         ramulator.active_cycles_0_0_2_3            11258305                                      # Total active cycles for level _0_0_2_3
           ramulator.busy_cycles_0_0_2_3            11258305                                      # (All-bank refresh only. busy cycles only include refresh time in rank level) The sum of cycles that the DRAM part is active or under refresh for level _0_0_2_3
      ramulator.serving_requests_0_0_2_3            11805805                                      # The sum of read and write requests that are served in this DRAM element per memory cycle for level _0_0_2_3
ramulator.average_serving_requests_0_0_2_3            0.326135                                      # The average of read and write requests that are served in this DRAM element per memory cycle for level _0_0_2_3
           ramulator.active_cycles_0_0_3            27826305                                      # Total active cycles for level _0_0_3
             ramulator.busy_cycles_0_0_3            27826305                                      # (All-bank refresh only. busy cycles only include refresh time in rank level) The sum of cycles that the DRAM part is active or under refresh for level _0_0_3
        ramulator.serving_requests_0_0_3            52191573                                      # The sum of read and write requests that are served in this DRAM element per memory cycle for level _0_0_3
ramulator.average_serving_requests_0_0_3            1.441792                                      # The average of read and write requests that are served in this DRAM element per memory cycle for level _0_0_3
         ramulator.active_cycles_0_0_3_0            11973370                                      # Total active cycles for level _0_0_3_0
           ramulator.busy_cycles_0_0_3_0            11973370                                      # (All-bank refresh only. busy cycles only include refresh time in rank level) The sum of cycles that the DRAM part is active or under refresh for level _0_0_3_0
      ramulator.serving_requests_0_0_3_0            12601931                                      # The sum of read and write requests that are served in this DRAM element per memory cycle for level _0_0_3_0
ramulator.average_serving_requests_0_0_3_0            0.348128                                      # The average of read and write requests that are served in this DRAM element per memory cycle for level _0_0_3_0
         ramulator.active_cycles_0_0_3_1            12007019                                      # Total active cycles for level _0_0_3_1
           ramulator.busy_cycles_0_0_3_1            12007019                                      # (All-bank refresh only. busy cycles only include refresh time in rank level) The sum of cycles that the DRAM part is active or under refresh for level _0_0_3_1
      ramulator.serving_requests_0_0_3_1            12696590                                      # The sum of read and write requests that are served in this DRAM element per memory cycle for level _0_0_3_1
ramulator.average_serving_requests_0_0_3_1            0.350743                                      # The average of read and write requests that are served in this DRAM element per memory cycle for level _0_0_3_1
         ramulator.active_cycles_0_0_3_2            13332333                                      # Total active cycles for level _0_0_3_2
           ramulator.busy_cycles_0_0_3_2            13332333                                      # (All-bank refresh only. busy cycles only include refresh time in rank level) The sum of cycles that the DRAM part is active or under refresh for level _0_0_3_2
      ramulator.serving_requests_0_0_3_2            14388894                                      # The sum of read and write requests that are served in this DRAM element per memory cycle for level _0_0_3_2
ramulator.average_serving_requests_0_0_3_2            0.397493                                      # The average of read and write requests that are served in this DRAM element per memory cycle for level _0_0_3_2
         ramulator.active_cycles_0_0_3_3            11794421                                      # Total active cycles for level _0_0_3_3
           ramulator.busy_cycles_0_0_3_3            11794421                                      # (All-bank refresh only. busy cycles only include refresh time in rank level) The sum of cycles that the DRAM part is active or under refresh for level _0_0_3_3
      ramulator.serving_requests_0_0_3_3            12504158                                      # The sum of read and write requests that are served in this DRAM element per memory cycle for level _0_0_3_3
ramulator.average_serving_requests_0_0_3_3            0.345427                                      # The average of read and write requests that are served in this DRAM element per memory cycle for level _0_0_3_3
      ramulator.read_transaction_bytes_0           188318912                                      # The total byte of read transaction per channel
     ramulator.write_transaction_bytes_0             5017280                                      # The total byte of write transaction per channel
       ramulator.row_hits_channel_0_core              110090                                      # Number of row hits per channel per core
     ramulator.row_misses_channel_0_core               59743                                      # Number of row misses per channel per core
  ramulator.row_conflicts_channel_0_core             2851045                                      # Number of row conflicts per channel per core
  ramulator.read_row_hits_channel_0_core              105213                                      # Number of row hits for read requests per channel per core
                                     [0]            105213.0                                      # 
ramulator.read_row_misses_channel_0_core               56011                                      # Number of row misses for read requests per channel per core
                                     [0]             56011.0                                      # 
ramulator.read_row_conflicts_channel_0_core             2781259                                      # Number of row conflicts for read requests per channel per core
                                     [0]           2781259.0                                      # 
 ramulator.write_row_hits_channel_0_core                4877                                      # Number of row hits for write requests per channel per core
                                     [0]              4877.0                                      # 
ramulator.write_row_misses_channel_0_core                3732                                      # Number of row misses for write requests per channel per core
                                     [0]              3732.0                                      # 
ramulator.write_row_conflicts_channel_0_core               69786                                      # Number of row conflicts for write requests per channel per core
                                     [0]             69786.0                                      # 
      ramulator.useless_activates_0_core                 123                                      # Number of useless activations. E.g, ACT -> PRE w/o RD or WR
            ramulator.read_latency_avg_0           79.750794                                      # The average memory latency cycles (in memory time domain) per request for all read requests in this channel
            ramulator.read_latency_sum_0           234710016                                      # The memory latency cycles (in memory time domain) sum for all read requests in this channel
        ramulator.req_queue_length_avg_0           20.209252                                      # Average of read and write queue length per memory cycle per channel.
        ramulator.req_queue_length_sum_0           731556950                                      # Sum of read and write queue length per memory cycle per channel.
   ramulator.read_req_queue_length_avg_0            5.227732                                      # Read queue length average per memory cycle per channel.
   ramulator.read_req_queue_length_sum_0           189239267                                      # Read queue length sum per memory cycle per channel.
  ramulator.write_req_queue_length_avg_0           14.981519                                      # Write queue length average per memory cycle per channel.
  ramulator.write_req_queue_length_sum_0           542317683                                      # Write queue length sum per memory cycle per channel.
              ramulator.record_read_hits                 0.0                                      # record read hit count for this core when it reaches request limit or to the end
                                     [0]                 0.0                                      # 
            ramulator.record_read_misses                 0.0                                      # record_read_miss count for this core when it reaches request limit or to the end
                                     [0]                 0.0                                      # 
         ramulator.record_read_conflicts                 0.0                                      # record read conflict count for this core when it reaches request limit or to the end
                                     [0]                 0.0                                      # 
             ramulator.record_write_hits                 0.0                                      # record write hit count for this core when it reaches request limit or to the end
                                     [0]                 0.0                                      # 
           ramulator.record_write_misses                 0.0                                      # record write miss count for this core when it reaches request limit or to the end
                                     [0]                 0.0                                      # 
        ramulator.record_write_conflicts                 0.0                                      # record write conflict for this core when it reaches request limit or to the end
                                     [0]                 0.0                                      # 
                 ramulator.dram_capacity          8589934592                                      # Number of bytes in simulated DRAM
                   ramulator.dram_cycles            36199111                                      # Number of DRAM cycles simulated
             ramulator.incoming_requests             3021444                                      # Number of incoming requests to DRAM
                 ramulator.read_requests             2943043                                      # Number of incoming read requests to DRAM per core
                                     [0]           2943043.0                                      # 
                ramulator.write_requests               78401                                      # Number of incoming write requests to DRAM per core
                                     [0]             78401.0                                      # 
       ramulator.ramulator_active_cycles            35674459                                      # The total number of cycles that the DRAM part is active (serving R/W)
 ramulator.incoming_requests_per_channel           3021444.0                                      # Number of incoming requests to each DRAM channel
                                     [0]           3021444.0                                      # 
ramulator.incoming_read_reqs_per_channel           2943043.0                                      # Number of incoming read requests to each DRAM channel
                                     [0]           2943043.0                                      # 
     ramulator.physical_page_replacement                   0                                      # The number of times that physical page replacement happens.
             ramulator.maximum_bandwidth         19200000000                                      # The theoretical maximum bandwidth (Bps)
          ramulator.in_queue_req_num_sum           731556950                                      # Sum of read/write queue length
     ramulator.in_queue_read_req_num_sum           189239267                                      # Sum of read queue length
    ramulator.in_queue_write_req_num_sum           542317683                                      # Sum of write queue length
          ramulator.in_queue_req_num_avg           20.209252                                      # Average of read/write queue length per memory cycle
     ramulator.in_queue_read_req_num_avg            5.227732                                      # Average of read queue length per memory cycle
    ramulator.in_queue_write_req_num_avg           14.981519                                      # Average of write queue length per memory cycle
          ramulator.record_read_requests                 0.0                                      # record read requests for this core when it reaches request limit or to the end
                                     [0]                 0.0                                      # 
         ramulator.record_write_requests                 0.0                                      # record write requests for this core when it reaches request limit or to the end
                                     [0]                 0.0                                      # 
