/* -*- Mode: c -*- */
####################################################################################################
Core 0
####################################################################################################
Cumulative:        Cycles: 17269294              Instructions: 30000000              IPC: 1.73719

EXECUTION_TIME                           5396654375000                  5396654375000              

NODE_CYCLE                                    17269294                       17269294              

NODE_INST_COUNT                               30000000                       30000000              

NODE_UOP_COUNT                                34295317                       34295317              

FULL_WINDOW_STALL                               606454        3.512%           606454        3.512%

FULL_WINDOW_MEM_OP                              524659       99.289%           524659       99.289%
FULL_WINDOW_FP_OP                                    0        0.000%                0        0.000%
FULL_WINDOW_OTHER_OP                              3758        0.711%             3758        0.711%
                                                528417      100.000%           528417      100.000%
                                                  0.01         0.17              0.01         0.17

RET_BLOCKED_DC_MISS                            1431562        8.290%          1431562        8.290%

RET_BLOCKED_L1_MISS                             649158        3.759%           649158        3.759%

RET_BLOCKED_L1_MISS_BW_PREF                       9654        0.056%             9654        0.056%

RET_BLOCKED_L1_ACCESS                           782470        4.531%           782470        4.531%

RET_BLOCKED_MEM_STALL                           679671        3.936%           679671        3.936%

RET_BLOCKED_OFFCHIP_DEMAND                           0        0.000%                0        0.000%

OP_ISSUED                                     60865273                       60865273              

OP_RETIRED                                    34295317                       34295317              

REPLAY_SIGNALED                                      0                              0              

REPLAY_COUNTED                                       0                              0              

OFF_CRITICAL_PATH                                    0         -nan%                0         -nan%
ON_CRITICAL_PATH                                     0         -nan%                0         -nan%
                                                     0         -nan%                0         -nan%
                                                  -nan         -nan              -nan         -nan

LD_NO_DEPENDENTS                                672693        6.505%           672693        6.505%
LD_DEPENDENTS                                  9668505       93.495%          9668505       93.495%
                                              10341198      100.000%         10341198      100.000%
                                                  0.93         0.91              0.93         0.91

LD_EXEC_CYCLES_0                                     0        0.000%                0        0.000%
LD_EXEC_CYCLES_1                                     0        0.000%                0        0.000%
LD_EXEC_CYCLES_2                                     0        0.000%                0        0.000%
LD_EXEC_CYCLES_3                               5309196       72.883%          5309196       72.883%
LD_EXEC_CYCLES_4                               1975312       27.117%          1975312       27.117%
                                               7284508      100.000%          7284508      100.000%
                                                  3.27         1.76              3.27         1.76

FU_BUSY_0                                     11397576                       11397576              

FU_BUSY_1                                     10805609                       10805609              

FU_BUSY_2                                      9631130                        9631130              

FU_BUSY_3                                      8028761                        8028761              

FU_BUSY_4                                      6272534                        6272534              

FU_BUSY_5                                      4394628                        4394628              

FU_BUSY_6                                      3096562                        3096562              

FU_BUSY_7                                      2242670                        2242670              

FU_BUSY_8                                            0                              0              

FU_BUSY_9                                            0                              0              

FU_BUSY_10                                           0                              0              

FU_BUSY_11                                           0                              0              

FU_BUSY_12                                           0                              0              

FU_BUSY_13                                           0                              0              

FU_BUSY_14                                           0                              0              

FU_BUSY_15                                           0                              0              

FU_BUSY_16                                           0                              0              

FU_BUSY_17                                           0                              0              

FU_BUSY_18                                           0                              0              

FU_BUSY_19                                           0                              0              

FU_BUSY_20                                           0                              0              

FU_BUSY_21                                           0                              0              

FU_BUSY_22                                           0                              0              

FU_BUSY_23                                           0                              0              

FU_BUSY_24                                           0                              0              

FU_BUSY_25                                           0                              0              

FU_BUSY_26                                           0                              0              

FU_BUSY_27                                           0                              0              

FU_BUSY_28                                           0                              0              

FU_BUSY_29                                           0                              0              

FU_BUSY_30                                           0                              0              

FU_BUSY_31                                           0                              0              

OP_WAIT_0                                     23006544                       23006544              

OP_WAIT_1                                      9019039                        9019039              

OP_WAIT_2                                      1246591                        1246591              

OP_WAIT_3                                       403416                         403416              

OP_WAIT_4                                       239882                         239882              

OP_WAIT_5                                       123506                         123506              

OP_WAIT_6                                        79676                          79676              

OP_WAIT_7                                        51106                          51106              

OP_WAIT_8                                        33959                          33959              

OP_WAIT_9                                        24936                          24936              

OP_WAIT_10                                       15812                          15812              

OP_WAIT_11                                       11787                          11787              

OP_WAIT_12                                        8541                           8541              

OP_WAIT_13                                        6364                           6364              

OP_WAIT_14                                        4880                           4880              

OP_WAIT_15                                        3373                           3373              

OP_WAIT_16                                        2815                           2815              

OP_WAIT_17                                        2116                           2116              

OP_WAIT_18                                        1518                           1518              

OP_WAIT_19                                        1164                           1164              

OP_WAIT_20                                        1045                           1045              

OP_WAIT_21                                         871                            871              

OP_WAIT_22                                         744                            744              

OP_WAIT_23                                         590                            590              

OP_WAIT_24                                         495                            495              

OP_WAIT_25                                         510                            510              

OP_WAIT_26                                         314                            314              

OP_WAIT_27                                         303                            303              

OP_WAIT_28                                         344                            344              

OP_WAIT_29                                         456                            456              

OP_WAIT_30                                         286                            286              

OP_WAIT_31                                        2334                           2334              

ROW_SIZE_0                                     4877799                        4877799              

ROW_SIZE_1                                     2085694                        2085694              

ROW_SIZE_2                                      938049                         938049              

ROW_SIZE_3                                      459024                         459024              

ROW_SIZE_4                                      310271                         310271              

ROW_SIZE_5                                      361337                         361337              

ROW_SIZE_6                                     4318114                        4318114              

ROW_SIZE_7                                           0                              0              

ROW_SIZE_8                                           0                              0              

ROW_SIZE_9                                           0                              0              

ROW_SIZE_10                                          0                              0              

ROW_SIZE_11                                          0                              0              

ROW_SIZE_12                                          0                              0              

ROW_SIZE_13                                          0                              0              

ROW_SIZE_14                                          0                              0              

ROW_SIZE_15                                          0                              0              

ROW_SIZE_16                                          0                              0              

ROW_SIZE_17                                          0                              0              

ROW_SIZE_18                                          0                              0              

ROW_SIZE_19                                          0                              0              

ROW_SIZE_20                                          0                              0              

ROW_SIZE_21                                          0                              0              

ROW_SIZE_22                                          0                              0              

ROW_SIZE_23                                          0                              0              

ROW_SIZE_24                                          0                              0              

ROW_SIZE_25                                          0                              0              

ROW_SIZE_26                                          0                              0              

ROW_SIZE_27                                          0                              0              

ROW_SIZE_28                                          0                              0              

ROW_SIZE_29                                          0                              0              

ROW_SIZE_30                                          0                              0              

ROW_SIZE_31                                          0                              0              

RET_OP_EXEC_COUNT_0                                  0        0.000%                0        0.000%
RET_OP_EXEC_COUNT_1                           34295317      100.000%         34295317      100.000%
RET_OP_EXEC_COUNT_2                                  0        0.000%                0        0.000%
RET_OP_EXEC_COUNT_3                                  0        0.000%                0        0.000%
RET_OP_EXEC_COUNT_4                                  0        0.000%                0        0.000%
RET_OP_EXEC_COUNT_5                                  0        0.000%                0        0.000%
RET_OP_EXEC_COUNT_6                                  0        0.000%                0        0.000%
RET_OP_EXEC_COUNT_7                                  0        0.000%                0        0.000%
RET_OP_EXEC_COUNT_8                                  0        0.000%                0        0.000%
RET_OP_EXEC_COUNT_9                                  0        0.000%                0        0.000%
RET_OP_EXEC_COUNT_10                                 0        0.000%                0        0.000%
RET_OP_EXEC_COUNT_11                                 0        0.000%                0        0.000%
RET_OP_EXEC_COUNT_12                                 0        0.000%                0        0.000%
RET_OP_EXEC_COUNT_13                                 0        0.000%                0        0.000%
RET_OP_EXEC_COUNT_14                                 0        0.000%                0        0.000%
RET_OP_EXEC_COUNT_15                                 0        0.000%                0        0.000%
RET_OP_EXEC_COUNT_16                                 0        0.000%                0        0.000%
RET_OP_EXEC_COUNT_17                                 0        0.000%                0        0.000%
RET_OP_EXEC_COUNT_18                                 0        0.000%                0        0.000%
RET_OP_EXEC_COUNT_19                                 0        0.000%                0        0.000%
RET_OP_EXEC_COUNT_20                                 0        0.000%                0        0.000%
RET_OP_EXEC_COUNT_21                                 0        0.000%                0        0.000%
RET_OP_EXEC_COUNT_22                                 0        0.000%                0        0.000%
RET_OP_EXEC_COUNT_23                                 0        0.000%                0        0.000%
RET_OP_EXEC_COUNT_24                                 0        0.000%                0        0.000%
RET_OP_EXEC_COUNT_25                                 0        0.000%                0        0.000%
RET_OP_EXEC_COUNT_26                                 0        0.000%                0        0.000%
RET_OP_EXEC_COUNT_27                                 0        0.000%                0        0.000%
RET_OP_EXEC_COUNT_28                                 0        0.000%                0        0.000%
RET_OP_EXEC_COUNT_29                                 0        0.000%                0        0.000%
RET_OP_EXEC_COUNT_30                                 0        0.000%                0        0.000%
RET_OP_EXEC_COUNT_31                                 0        0.000%                0        0.000%
RET_OP_EXEC_COUNT_32                                 0        0.000%                0        0.000%
                                              34295317      100.000%         34295317      100.000%
                                                  1.00         0.00              1.00         0.00

RET_STALL_LENGTH_0                            34292491       99.992%         34292491       99.992%
RET_STALL_LENGTH_100                              2633        0.008%             2633        0.008%
RET_STALL_LENGTH_200                                62        0.000%               62        0.000%
RET_STALL_LENGTH_300                                12        0.000%               12        0.000%
RET_STALL_LENGTH_400                                16        0.000%               16        0.000%
RET_STALL_LENGTH_500                                 9        0.000%                9        0.000%
RET_STALL_LENGTH_600                                10        0.000%               10        0.000%
RET_STALL_LENGTH_700                                 7        0.000%                7        0.000%
RET_STALL_LENGTH_800                                 9        0.000%                9        0.000%
RET_STALL_LENGTH_900                                 9        0.000%                9        0.000%
RET_STALL_LENGTH_1000                               10        0.000%               10        0.000%
RET_STALL_LENGTH_1100                               20        0.000%               20        0.000%
RET_STALL_LENGTH_1200                               23        0.000%               23        0.000%
RET_STALL_LENGTH_1300                                6        0.000%                6        0.000%
RET_STALL_LENGTH_1400                                0        0.000%                0        0.000%
RET_STALL_LENGTH_1500                                0        0.000%                0        0.000%
RET_STALL_LENGTH_1600                                0        0.000%                0        0.000%
RET_STALL_LENGTH_1700                                0        0.000%                0        0.000%
RET_STALL_LENGTH_1800                                0        0.000%                0        0.000%
RET_STALL_LENGTH_1900                                0        0.000%                0        0.000%
RET_STALL_LENGTH_2000                                0        0.000%                0        0.000%
RET_STALL_LENGTH_2100                                0        0.000%                0        0.000%
RET_STALL_LENGTH_2200                                0        0.000%                0        0.000%
RET_STALL_LENGTH_2300                                0        0.000%                0        0.000%
RET_STALL_LENGTH_2400                                0        0.000%                0        0.000%
RET_STALL_LENGTH_2500                                0        0.000%                0        0.000%
RET_STALL_LENGTH_2600                                0        0.000%                0        0.000%
RET_STALL_LENGTH_2700                                0        0.000%                0        0.000%
RET_STALL_LENGTH_2800                                0        0.000%                0        0.000%
RET_STALL_LENGTH_2900                                0        0.000%                0        0.000%
RET_STALL_LENGTH_3000                                0        0.000%                0        0.000%
RET_STALL_LENGTH_3100                                0        0.000%                0        0.000%
RET_STALL_LENGTH_3200                                0        0.000%                0        0.000%
RET_STALL_LENGTH_3300                                0        0.000%                0        0.000%
RET_STALL_LENGTH_3400                                0        0.000%                0        0.000%
RET_STALL_LENGTH_3500                                0        0.000%                0        0.000%
RET_STALL_LENGTH_3600                                0        0.000%                0        0.000%
RET_STALL_LENGTH_3700                                0        0.000%                0        0.000%
RET_STALL_LENGTH_3800                                0        0.000%                0        0.000%
RET_STALL_LENGTH_3900                                0        0.000%                0        0.000%
RET_STALL_LENGTH_4000                                0        0.000%                0        0.000%
RET_STALL_LENGTH_4100                                0        0.000%                0        0.000%
RET_STALL_LENGTH_4200                                0        0.000%                0        0.000%
RET_STALL_LENGTH_4300                                0        0.000%                0        0.000%
RET_STALL_LENGTH_4400                                0        0.000%                0        0.000%
RET_STALL_LENGTH_4500                                0        0.000%                0        0.000%
RET_STALL_LENGTH_4600                                0        0.000%                0        0.000%
RET_STALL_LENGTH_4700                                0        0.000%                0        0.000%
RET_STALL_LENGTH_4800                                0        0.000%                0        0.000%
RET_STALL_LENGTH_4900                                0        0.000%                0        0.000%
RET_STALL_LENGTH_5000                                0        0.000%                0        0.000%
                                              34295317      100.000%         34295317      100.000%
                                                  0.00         0.02              0.00         0.02

MEM_BLOCK_LENGTH_0                                3526       95.117%             3526       95.117%
MEM_BLOCK_LENGTH_100                               131        3.534%              131        3.534%
MEM_BLOCK_LENGTH_200                                27        0.728%               27        0.728%
MEM_BLOCK_LENGTH_300                                 7        0.189%                7        0.189%
MEM_BLOCK_LENGTH_400                                 3        0.081%                3        0.081%
MEM_BLOCK_LENGTH_500                                 2        0.054%                2        0.054%
MEM_BLOCK_LENGTH_600                                 5        0.135%                5        0.135%
MEM_BLOCK_LENGTH_700                                 1        0.027%                1        0.027%
MEM_BLOCK_LENGTH_800                                 1        0.027%                1        0.027%
MEM_BLOCK_LENGTH_900                                 0        0.000%                0        0.000%
MEM_BLOCK_LENGTH_1000                                0        0.000%                0        0.000%
MEM_BLOCK_LENGTH_1100                                0        0.000%                0        0.000%
MEM_BLOCK_LENGTH_1200                                3        0.081%                3        0.081%
MEM_BLOCK_LENGTH_1300                                1        0.027%                1        0.027%
MEM_BLOCK_LENGTH_1400                                0        0.000%                0        0.000%
MEM_BLOCK_LENGTH_1500                                0        0.000%                0        0.000%
MEM_BLOCK_LENGTH_1600                                0        0.000%                0        0.000%
MEM_BLOCK_LENGTH_1700                                0        0.000%                0        0.000%
MEM_BLOCK_LENGTH_1800                                0        0.000%                0        0.000%
MEM_BLOCK_LENGTH_1900                                0        0.000%                0        0.000%
MEM_BLOCK_LENGTH_2000                                0        0.000%                0        0.000%
MEM_BLOCK_LENGTH_2100                                0        0.000%                0        0.000%
MEM_BLOCK_LENGTH_2200                                0        0.000%                0        0.000%
MEM_BLOCK_LENGTH_2300                                0        0.000%                0        0.000%
MEM_BLOCK_LENGTH_2400                                0        0.000%                0        0.000%
MEM_BLOCK_LENGTH_2500                                0        0.000%                0        0.000%
MEM_BLOCK_LENGTH_2600                                0        0.000%                0        0.000%
MEM_BLOCK_LENGTH_2700                                0        0.000%                0        0.000%
MEM_BLOCK_LENGTH_2800                                0        0.000%                0        0.000%
MEM_BLOCK_LENGTH_2900                                0        0.000%                0        0.000%
MEM_BLOCK_LENGTH_3000                                0        0.000%                0        0.000%
MEM_BLOCK_LENGTH_3100                                0        0.000%                0        0.000%
MEM_BLOCK_LENGTH_3200                                0        0.000%                0        0.000%
MEM_BLOCK_LENGTH_3300                                0        0.000%                0        0.000%
MEM_BLOCK_LENGTH_3400                                0        0.000%                0        0.000%
MEM_BLOCK_LENGTH_3500                                0        0.000%                0        0.000%
MEM_BLOCK_LENGTH_3600                                0        0.000%                0        0.000%
MEM_BLOCK_LENGTH_3700                                0        0.000%                0        0.000%
MEM_BLOCK_LENGTH_3800                                0        0.000%                0        0.000%
MEM_BLOCK_LENGTH_3900                                0        0.000%                0        0.000%
MEM_BLOCK_LENGTH_4000                                0        0.000%                0        0.000%
MEM_BLOCK_LENGTH_4100                                0        0.000%                0        0.000%
MEM_BLOCK_LENGTH_4200                                0        0.000%                0        0.000%
MEM_BLOCK_LENGTH_4300                                0        0.000%                0        0.000%
MEM_BLOCK_LENGTH_4400                                0        0.000%                0        0.000%
MEM_BLOCK_LENGTH_4500                                0        0.000%                0        0.000%
MEM_BLOCK_LENGTH_4600                                0        0.000%                0        0.000%
MEM_BLOCK_LENGTH_4700                                0        0.000%                0        0.000%
MEM_BLOCK_LENGTH_4800                                0        0.000%                0        0.000%
MEM_BLOCK_LENGTH_4900                                0        0.000%                0        0.000%
MEM_BLOCK_LENGTH_5000                                0        0.000%                0        0.000%
                                                  3707      100.000%             3707      100.000%
                                                  0.09         0.58              0.09         0.58

FUS_BUSY_ON_PATH                              39028955        2.2600         39028955        2.2600

FUS_BUSY_OFF_PATH                             16840515        0.9752         16840515        0.9752

FU_BUSY_MEM_STALL                              6956635        0.4028          6956635        0.4028

FUS_EMPTY                                     82284882        4.7648         82284882        4.7648

CHIP_UTILIZATION                                     0        0.0000                0        0.0000

CYCLES_UNDER_MEM_REQ                                 0                              0              

CYCLES_UNDER_NO_MEM_REQ                              0                              0              

CYCLES_UNDER_CRITICAL_MEM_REQ                        0                              0              

CYCLES_UNDER_NONCRITICAL_MEM_REQ                     0                              0              

CHIP_UTILIZATION_UNDER_MEM_REQ                       0          -nan                0          -nan

CHIP_UTILIZATION_UNDER_NO_MEM_REQ                    0          -nan                0          -nan

CHIP_UTILIZATION_UNDER_CRITICAL_MEM_REQ              0          -nan                0          -nan

CHIP_UTILIZATION_UNDER_NONCRITICAL_MEM_REQ             0          -nan                0          -nan

CYCLES_NOT_WAITING_FOR_OFF_CHIP                      0        0.0000                0        0.0000

FUS_BUSY_NOT_WAITING_FOR_OFF_CHIP                    0          -nan                0          -nan

CYCLES_WAITING_FOR_OFF_CHIP                          0        0.0000                0        0.0000

FUS_BUSY_WAITING_FOR_OFF_CHIP                        0          -nan                0          -nan

TOTAL_OFF_CHIP_DELAYS_LEFT                           0                              0              

WRONG_IO_SCHED                                       0                              0              

DVFS_CONFIG_SWITCH                                   0                              0              



