/* -*- Mode: c -*- */
####################################################################################################
Core 0
####################################################################################################
Cumulative:        Cycles: 17269294              Instructions: 30000000              IPC: 1.73719

DCACHE_PREF_HIT                                      0                              0              

IFETCH_WB_FIRST_SCHEDULE                             0         -nan%                0         -nan%
PREFETCH_LAST_SCHEDULE                               0         -nan%                0         -nan%
DEMAND_PASS_PREF_SCHEDULE                            0         -nan%                0         -nan%
DEMAND_PASS_LOW_OP_SCHEDULE                          0         -nan%                0         -nan%
DEMAND_LAST_SCHEDULE                                 0         -nan%                0         -nan%
                                                     0         -nan%                0         -nan%
                                                  -nan         -nan              -nan         -nan

SEND_MISS_REQ_QUEUE                              54550                          54550              

L1_DATA_EVICT                                    17331                          17331              

STREAM_BUFFER_REQ                                    0                              0              

PREF_SEND_TO_MEM_REQ                                 0         -nan%                0         -nan%
PREF_SEND_TO_MEM_REQ_FAIL                            0         -nan%                0         -nan%
                                                     0         -nan%                0         -nan%
                                                  -nan         -nan              -nan         -nan

HIT_TRAIN_STREAM                                 17392       32.513%            17392       32.513%
MISS_TRAIN_STREAM                                36101       67.487%            36101       67.487%
                                                 53493      100.000%            53493      100.000%
                                                  0.67         0.62              0.67         0.62

STREAM_TRAIN_CREATE                              17851                          17851              

MEM_REQ_MISS_HWP_PREF_Q                              0         -nan%                0         -nan%
MEM_REQ_MISS_SW_PREF_Q                               0         -nan%                0         -nan%
MEM_REQ_MISS_IFETCH_Q                                0         -nan%                0         -nan%
MEM_REQ_MISS_DFETCH_Q                                0         -nan%                0         -nan%
MEM_REQ_MISS_DSTORE_Q                                0         -nan%                0         -nan%
MEM_REQ_MISS_DPRF_Q                                  0         -nan%                0         -nan%
MEM_REQ_MISS_WB_Q                                    0         -nan%                0         -nan%
                                                     0         -nan%                0         -nan%
                                                  -nan         -nan              -nan         -nan

PREF_HIT_BY_DEMAND_IFETCH                            0         -nan%                0         -nan%
PREF_HIT_BY_DEMAND_DFETCH                            0         -nan%                0         -nan%
PREF_HIT_BY_DEMAND_DSTORE                            0         -nan%                0         -nan%
PREF_HIT_BY_DEMAND_IPREF                             0         -nan%                0         -nan%
PREF_HIT_BY_DEMAND_DPRF                              0         -nan%                0         -nan%
PREF_HIT_BY_DEMAND_WB                                0         -nan%                0         -nan%
PREF_HIT_BY_PREF                                     0         -nan%                0         -nan%
                                                     0         -nan%                0         -nan%
                                                  -nan         -nan              -nan         -nan

PREF_HIT_DEMAND_IFETCH                               0         -nan%                0         -nan%
PREF_HIT_DEMAND_DFETCH                               0         -nan%                0         -nan%
PREF_HIT_DEMAND_DSTORE                               0         -nan%                0         -nan%
PREF_HIT_DEMAND_IPREF                                0         -nan%                0         -nan%
PREF_HIT_DEMAND_DPRF                                 0         -nan%                0         -nan%
PREF_HIT_DEMAND_WB                                   0         -nan%                0         -nan%
                                                     0         -nan%                0         -nan%
                                                  -nan         -nan              -nan         -nan

PREF_L1_FILL                                         0         -nan%                0         -nan%
DEMAND_L1_FILL                                       0         -nan%                0         -nan%
                                                     0         -nan%                0         -nan%
                                                  -nan         -nan              -nan         -nan

TOUCH_L1_REPLACE                                     0        0.000%                0        0.000%
NO_TOUCH_L1_REPLACE                              17331      100.000%            17331      100.000%
                                                 17331      100.000%            17331      100.000%
                                                  1.00         1.00              1.00         1.00

PREF_REQ_QUE_FULL                                    0                              0              

STREAM_REQ_QUEUE_HIT_BY_DEMAND                       0                              0              

L2HIT_STREAM_PREF_REQ_QUE_FULL                       0                              0              

L2HIT_HIT_TRAIN_STREAM                               0         -nan%                0         -nan%
L2HIT_MISS_TRAIN_STREAM                              0         -nan%                0         -nan%
                                                     0         -nan%                0         -nan%
                                                  -nan         -nan              -nan         -nan

L2HIT_STREAM_TRAIN_CREATE                            0                              0              

L2HIT_STREAM_BUFFER_REQ                              0                              0              

L2HIT_STREAM_PREF_DCACHE_HIT                         0         -nan%                0         -nan%
L2HIT_STREAM_PREF_DCACHE_INSERT                      0         -nan%                0         -nan%
L2HIT_STREAM_L2_MISS                                 0         -nan%                0         -nan%
                                                     0         -nan%                0         -nan%
                                                  -nan         -nan              -nan         -nan

L2HIT_STREAM_DCACHE_PORT_FULL                        0                              0              

L2HIT_STREAM_PREF_L1_PORT_FULL                       0                              0              

L2HIT_TRAIN_HIT_DEMAND                               0         -nan%                0         -nan%
L2HIT_TRAIN_MISS_REQ                                 0         -nan%                0         -nan%
                                                     0         -nan%                0         -nan%
                                                  -nan         -nan              -nan         -nan

L2HIT_TRAIN_FILTER_MISS                              0         -nan%                0         -nan%
L2HIT_TRAIN_FILTER_HIT                               0         -nan%                0         -nan%
                                                     0         -nan%                0         -nan%
                                                  -nan         -nan              -nan         -nan

L2HIT_PREF_REQ_DCACHE_HIT                            0         -nan%                0         -nan%
L2HIT_PREF_REQ_DCACHE_MISS                           0         -nan%                0         -nan%
                                                     0         -nan%                0         -nan%
                                                  -nan         -nan              -nan         -nan

L2HIT_L2SEND_Q_FULL                                  0         -nan%                0         -nan%
L2HIT_L2SEND_Q_ENTER                                 0         -nan%                0         -nan%
                                                     0         -nan%                0         -nan%
                                                  -nan         -nan              -nan         -nan

L2HIT_MEM_REQ                                        0                              0              

REMOVE_REDUNDANT_STREAM_STAT                         0                              0              

REPLACE_OLD_STREAM                               17835                          17835              

REQ_SEND_QUEUE_STALL                                 0                              0              

STREAM_ENTER_RA                                      0                              0              

CORE_STREAM_LENGTH_0                               358       15.954%              358       15.954%
CORE_STREAM_LENGTH_10                              871       38.815%              871       38.815%
CORE_STREAM_LENGTH_20                              438       19.519%              438       19.519%
CORE_STREAM_LENGTH_30                              165        7.353%              165        7.353%
CORE_STREAM_LENGTH_40                               94        4.189%               94        4.189%
CORE_STREAM_LENGTH_50                               87        3.877%               87        3.877%
CORE_STREAM_LENGTH_60                               48        2.139%               48        2.139%
CORE_STREAM_LENGTH_70                               34        1.515%               34        1.515%
CORE_STREAM_LENGTH_80                               28        1.248%               28        1.248%
CORE_STREAM_LENGTH_90                               24        1.070%               24        1.070%
CORE_STREAM_LENGTH_100_P                            97        4.323%               97        4.323%
                                                  2244      100.000%             2244      100.000%
                                                  2.22         2.34              2.22         2.34

CORE_CUM_STREAM_LENGTH_0                          2641        3.809%             2641        3.809%
CORE_CUM_STREAM_LENGTH_10                        12726       18.354%            12726       18.354%
CORE_CUM_STREAM_LENGTH_20                        10203       14.715%            10203       14.715%
CORE_CUM_STREAM_LENGTH_30                         5540        7.990%             5540        7.990%
CORE_CUM_STREAM_LENGTH_40                         4145        5.978%             4145        5.978%
CORE_CUM_STREAM_LENGTH_50                         4677        6.745%             4677        6.745%
CORE_CUM_STREAM_LENGTH_60                         3039        4.383%             3039        4.383%
CORE_CUM_STREAM_LENGTH_70                         2505        3.613%             2505        3.613%
CORE_CUM_STREAM_LENGTH_80                         2359        3.402%             2359        3.402%
CORE_CUM_STREAM_LENGTH_90                         2226        3.210%             2226        3.210%
CORE_CUM_STREAM_LENGTH_100_P                     19275       27.799%            19275       27.799%
                                                 69336      100.000%            69336      100.000%
                                                  5.15         4.46              5.15         4.46

CORE_STREAM_TRAIN_HITS_0                          1661       74.020%             1661       74.020%
CORE_STREAM_TRAIN_HITS_10                          344       15.330%              344       15.330%
CORE_STREAM_TRAIN_HITS_20                          104        4.635%              104        4.635%
CORE_STREAM_TRAIN_HITS_30                           48        2.139%               48        2.139%
CORE_STREAM_TRAIN_HITS_40                           20        0.891%               20        0.891%
CORE_STREAM_TRAIN_HITS_50                           13        0.579%               13        0.579%
CORE_STREAM_TRAIN_HITS_60                           12        0.535%               12        0.535%
CORE_STREAM_TRAIN_HITS_70                           11        0.490%               11        0.490%
CORE_STREAM_TRAIN_HITS_80                            5        0.223%                5        0.223%
CORE_STREAM_TRAIN_HITS_90                            2        0.089%                2        0.089%
CORE_STREAM_TRAIN_HITS_100_P                        24        1.070%               24        1.070%
                                                  2244      100.000%             2244      100.000%
                                                  0.57         1.40              0.57         1.40

CORE_CUM_STREAM_TRAIN_HITS_0                     10007       37.951%            10007       37.951%
CORE_CUM_STREAM_TRAIN_HITS_10                     4519       17.138%             4519       17.138%
CORE_CUM_STREAM_TRAIN_HITS_20                     2508        9.512%             2508        9.512%
CORE_CUM_STREAM_TRAIN_HITS_30                     1646        6.242%             1646        6.242%
CORE_CUM_STREAM_TRAIN_HITS_40                      895        3.394%              895        3.394%
CORE_CUM_STREAM_TRAIN_HITS_50                      702        2.662%              702        2.662%
CORE_CUM_STREAM_TRAIN_HITS_60                      771        2.924%              771        2.924%
CORE_CUM_STREAM_TRAIN_HITS_70                      833        3.159%              833        3.159%
CORE_CUM_STREAM_TRAIN_HITS_80                      421        1.597%              421        1.597%
CORE_CUM_STREAM_TRAIN_HITS_90                      184        0.698%              184        0.698%
CORE_CUM_STREAM_TRAIN_HITS_100_P                  3882       14.722%             3882       14.722%
                                                 26368      100.000%            26368      100.000%
                                                  2.88         3.32              2.88         3.32

CORE_STREAM_TRAIN_CREATE                         17851                          17851              



