/* -*- Mode: c -*- */
####################################################################################################
Core 0
####################################################################################################
Cumulative:        Cycles: 12225465              Instructions: 30000004              IPC: 2.45389

EXECUTION_TIME                           3820457812500                  3820457812500              

NODE_CYCLE                                    12225465                       12225465              

NODE_INST_COUNT                               30000004                       30000004              

NODE_UOP_COUNT                                32911289                       32911289              

FULL_WINDOW_STALL                              5063090       41.414%          5063090       41.414%

FULL_WINDOW_MEM_OP                             4078349       89.066%          4078349       89.066%
FULL_WINDOW_FP_OP                               489754       10.696%           489754       10.696%
FULL_WINDOW_OTHER_OP                             10916        0.238%            10916        0.238%
                                               4579019      100.000%          4579019      100.000%
                                                  0.11         0.30              0.11         0.30

RET_BLOCKED_DC_MISS                            4684258       38.316%          4684258       38.316%

RET_BLOCKED_L1_MISS                            3997325       32.697%          3997325       32.697%

RET_BLOCKED_L1_MISS_BW_PREF                     381871        3.124%           381871        3.124%

RET_BLOCKED_L1_ACCESS                           687104        5.620%           687104        5.620%

RET_BLOCKED_MEM_STALL                          4022619       32.904%          4022619       32.904%

RET_BLOCKED_OFFCHIP_DEMAND                           0        0.000%                0        0.000%

OP_ISSUED                                     35051123                       35051123              

OP_RETIRED                                    32911289                       32911289              

REPLAY_SIGNALED                                      0                              0              

REPLAY_COUNTED                                       0                              0              

OFF_CRITICAL_PATH                                    0         -nan%                0         -nan%
ON_CRITICAL_PATH                                     0         -nan%                0         -nan%
                                                     0         -nan%                0         -nan%
                                                  -nan         -nan              -nan         -nan

LD_NO_DEPENDENTS                                 33846        0.437%            33846        0.437%
LD_DEPENDENTS                                  7704753       99.563%          7704753       99.563%
                                               7738599      100.000%          7738599      100.000%
                                                  1.00         0.99              1.00         0.99

LD_EXEC_CYCLES_0                                     0        0.000%                0        0.000%
LD_EXEC_CYCLES_1                                     0        0.000%                0        0.000%
LD_EXEC_CYCLES_2                                     0        0.000%                0        0.000%
LD_EXEC_CYCLES_3                               3990336       74.474%          3990336       74.474%
LD_EXEC_CYCLES_4                               1367689       25.526%          1367689       25.526%
                                               5358025      100.000%          5358025      100.000%
                                                  3.26         1.70              3.26         1.70

FU_BUSY_0                                      8191866                        8191866              

FU_BUSY_1                                      7497269                        7497269              

FU_BUSY_2                                      6400315                        6400315              

FU_BUSY_3                                      5147511                        5147511              

FU_BUSY_4                                      3804612                        3804612              

FU_BUSY_5                                      2871349                        2871349              

FU_BUSY_6                                      2073801                        2073801              

FU_BUSY_7                                      1509826                        1509826              

FU_BUSY_8                                            0                              0              

FU_BUSY_9                                            0                              0              

FU_BUSY_10                                           0                              0              

FU_BUSY_11                                           0                              0              

FU_BUSY_12                                           0                              0              

FU_BUSY_13                                           0                              0              

FU_BUSY_14                                           0                              0              

FU_BUSY_15                                           0                              0              

FU_BUSY_16                                           0                              0              

FU_BUSY_17                                           0                              0              

FU_BUSY_18                                           0                              0              

FU_BUSY_19                                           0                              0              

FU_BUSY_20                                           0                              0              

FU_BUSY_21                                           0                              0              

FU_BUSY_22                                           0                              0              

FU_BUSY_23                                           0                              0              

FU_BUSY_24                                           0                              0              

FU_BUSY_25                                           0                              0              

FU_BUSY_26                                           0                              0              

FU_BUSY_27                                           0                              0              

FU_BUSY_28                                           0                              0              

FU_BUSY_29                                           0                              0              

FU_BUSY_30                                           0                              0              

FU_BUSY_31                                           0                              0              

OP_WAIT_0                                     23806272                       23806272              

OP_WAIT_1                                      7299611                        7299611              

OP_WAIT_2                                      1117011                        1117011              

OP_WAIT_3                                       326431                         326431              

OP_WAIT_4                                       111971                         111971              

OP_WAIT_5                                        68289                          68289              

OP_WAIT_6                                        25378                          25378              

OP_WAIT_7                                        13216                          13216              

OP_WAIT_8                                        12258                          12258              

OP_WAIT_9                                         7773                           7773              

OP_WAIT_10                                        9193                           9193              

OP_WAIT_11                                        5887                           5887              

OP_WAIT_12                                        5617                           5617              

OP_WAIT_13                                        4963                           4963              

OP_WAIT_14                                        4775                           4775              

OP_WAIT_15                                        4669                           4669              

OP_WAIT_16                                        3108                           3108              

OP_WAIT_17                                        2667                           2667              

OP_WAIT_18                                        2723                           2723              

OP_WAIT_19                                        2575                           2575              

OP_WAIT_20                                        2206                           2206              

OP_WAIT_21                                        1593                           1593              

OP_WAIT_22                                        1176                           1176              

OP_WAIT_23                                        1175                           1175              

OP_WAIT_24                                        1236                           1236              

OP_WAIT_25                                        1185                           1185              

OP_WAIT_26                                        1737                           1737              

OP_WAIT_27                                        1780                           1780              

OP_WAIT_28                                        1498                           1498              

OP_WAIT_29                                        1502                           1502              

OP_WAIT_30                                        1743                           1743              

OP_WAIT_31                                       60071                          60071              

ROW_SIZE_0                                     5809705                        5809705              

ROW_SIZE_1                                      632340                         632340              

ROW_SIZE_2                                      178003                         178003              

ROW_SIZE_3                                       92020                          92020              

ROW_SIZE_4                                      149224                         149224              

ROW_SIZE_5                                       85237                          85237              

ROW_SIZE_6                                     5103967                        5103967              

ROW_SIZE_7                                           0                              0              

ROW_SIZE_8                                           0                              0              

ROW_SIZE_9                                           0                              0              

ROW_SIZE_10                                          0                              0              

ROW_SIZE_11                                          0                              0              

ROW_SIZE_12                                          0                              0              

ROW_SIZE_13                                          0                              0              

ROW_SIZE_14                                          0                              0              

ROW_SIZE_15                                          0                              0              

ROW_SIZE_16                                          0                              0              

ROW_SIZE_17                                          0                              0              

ROW_SIZE_18                                          0                              0              

ROW_SIZE_19                                          0                              0              

ROW_SIZE_20                                          0                              0              

ROW_SIZE_21                                          0                              0              

ROW_SIZE_22                                          0                              0              

ROW_SIZE_23                                          0                              0              

ROW_SIZE_24                                          0                              0              

ROW_SIZE_25                                          0                              0              

ROW_SIZE_26                                          0                              0              

ROW_SIZE_27                                          0                              0              

ROW_SIZE_28                                          0                              0              

ROW_SIZE_29                                          0                              0              

ROW_SIZE_30                                          0                              0              

ROW_SIZE_31                                          0                              0              

RET_OP_EXEC_COUNT_0                                  0        0.000%                0        0.000%
RET_OP_EXEC_COUNT_1                           32911289      100.000%         32911289      100.000%
RET_OP_EXEC_COUNT_2                                  0        0.000%                0        0.000%
RET_OP_EXEC_COUNT_3                                  0        0.000%                0        0.000%
RET_OP_EXEC_COUNT_4                                  0        0.000%                0        0.000%
RET_OP_EXEC_COUNT_5                                  0        0.000%                0        0.000%
RET_OP_EXEC_COUNT_6                                  0        0.000%                0        0.000%
RET_OP_EXEC_COUNT_7                                  0        0.000%                0        0.000%
RET_OP_EXEC_COUNT_8                                  0        0.000%                0        0.000%
RET_OP_EXEC_COUNT_9                                  0        0.000%                0        0.000%
RET_OP_EXEC_COUNT_10                                 0        0.000%                0        0.000%
RET_OP_EXEC_COUNT_11                                 0        0.000%                0        0.000%
RET_OP_EXEC_COUNT_12                                 0        0.000%                0        0.000%
RET_OP_EXEC_COUNT_13                                 0        0.000%                0        0.000%
RET_OP_EXEC_COUNT_14                                 0        0.000%                0        0.000%
RET_OP_EXEC_COUNT_15                                 0        0.000%                0        0.000%
RET_OP_EXEC_COUNT_16                                 0        0.000%                0        0.000%
RET_OP_EXEC_COUNT_17                                 0        0.000%                0        0.000%
RET_OP_EXEC_COUNT_18                                 0        0.000%                0        0.000%
RET_OP_EXEC_COUNT_19                                 0        0.000%                0        0.000%
RET_OP_EXEC_COUNT_20                                 0        0.000%                0        0.000%
RET_OP_EXEC_COUNT_21                                 0        0.000%                0        0.000%
RET_OP_EXEC_COUNT_22                                 0        0.000%                0        0.000%
RET_OP_EXEC_COUNT_23                                 0        0.000%                0        0.000%
RET_OP_EXEC_COUNT_24                                 0        0.000%                0        0.000%
RET_OP_EXEC_COUNT_25                                 0        0.000%                0        0.000%
RET_OP_EXEC_COUNT_26                                 0        0.000%                0        0.000%
RET_OP_EXEC_COUNT_27                                 0        0.000%                0        0.000%
RET_OP_EXEC_COUNT_28                                 0        0.000%                0        0.000%
RET_OP_EXEC_COUNT_29                                 0        0.000%                0        0.000%
RET_OP_EXEC_COUNT_30                                 0        0.000%                0        0.000%
RET_OP_EXEC_COUNT_31                                 0        0.000%                0        0.000%
RET_OP_EXEC_COUNT_32                                 0        0.000%                0        0.000%
                                              32911289      100.000%         32911289      100.000%
                                                  1.00         0.00              1.00         0.00

RET_STALL_LENGTH_0                            32894216       99.948%         32894216       99.948%
RET_STALL_LENGTH_100                             15036        0.046%            15036        0.046%
RET_STALL_LENGTH_200                               949        0.003%              949        0.003%
RET_STALL_LENGTH_300                               381        0.001%              381        0.001%
RET_STALL_LENGTH_400                               200        0.001%              200        0.001%
RET_STALL_LENGTH_500                                97        0.000%               97        0.000%
RET_STALL_LENGTH_600                                50        0.000%               50        0.000%
RET_STALL_LENGTH_700                                22        0.000%               22        0.000%
RET_STALL_LENGTH_800                                15        0.000%               15        0.000%
RET_STALL_LENGTH_900                                20        0.000%               20        0.000%
RET_STALL_LENGTH_1000                               31        0.000%               31        0.000%
RET_STALL_LENGTH_1100                               70        0.000%               70        0.000%
RET_STALL_LENGTH_1200                              145        0.000%              145        0.000%
RET_STALL_LENGTH_1300                               33        0.000%               33        0.000%
RET_STALL_LENGTH_1400                               12        0.000%               12        0.000%
RET_STALL_LENGTH_1500                                6        0.000%                6        0.000%
RET_STALL_LENGTH_1600                                3        0.000%                3        0.000%
RET_STALL_LENGTH_1700                                2        0.000%                2        0.000%
RET_STALL_LENGTH_1800                                1        0.000%                1        0.000%
RET_STALL_LENGTH_1900                                0        0.000%                0        0.000%
RET_STALL_LENGTH_2000                                0        0.000%                0        0.000%
RET_STALL_LENGTH_2100                                0        0.000%                0        0.000%
RET_STALL_LENGTH_2200                                0        0.000%                0        0.000%
RET_STALL_LENGTH_2300                                0        0.000%                0        0.000%
RET_STALL_LENGTH_2400                                0        0.000%                0        0.000%
RET_STALL_LENGTH_2500                                0        0.000%                0        0.000%
RET_STALL_LENGTH_2600                                0        0.000%                0        0.000%
RET_STALL_LENGTH_2700                                0        0.000%                0        0.000%
RET_STALL_LENGTH_2800                                0        0.000%                0        0.000%
RET_STALL_LENGTH_2900                                0        0.000%                0        0.000%
RET_STALL_LENGTH_3000                                0        0.000%                0        0.000%
RET_STALL_LENGTH_3100                                0        0.000%                0        0.000%
RET_STALL_LENGTH_3200                                0        0.000%                0        0.000%
RET_STALL_LENGTH_3300                                0        0.000%                0        0.000%
RET_STALL_LENGTH_3400                                0        0.000%                0        0.000%
RET_STALL_LENGTH_3500                                0        0.000%                0        0.000%
RET_STALL_LENGTH_3600                                0        0.000%                0        0.000%
RET_STALL_LENGTH_3700                                0        0.000%                0        0.000%
RET_STALL_LENGTH_3800                                0        0.000%                0        0.000%
RET_STALL_LENGTH_3900                                0        0.000%                0        0.000%
RET_STALL_LENGTH_4000                                0        0.000%                0        0.000%
RET_STALL_LENGTH_4100                                0        0.000%                0        0.000%
RET_STALL_LENGTH_4200                                0        0.000%                0        0.000%
RET_STALL_LENGTH_4300                                0        0.000%                0        0.000%
RET_STALL_LENGTH_4400                                0        0.000%                0        0.000%
RET_STALL_LENGTH_4500                                0        0.000%                0        0.000%
RET_STALL_LENGTH_4600                                0        0.000%                0        0.000%
RET_STALL_LENGTH_4700                                0        0.000%                0        0.000%
RET_STALL_LENGTH_4800                                0        0.000%                0        0.000%
RET_STALL_LENGTH_4900                                0        0.000%                0        0.000%
RET_STALL_LENGTH_5000                                0        0.000%                0        0.000%
                                              32911289      100.000%         32911289      100.000%
                                                  0.00         0.05              0.00         0.05

MEM_BLOCK_LENGTH_0                                3723       93.637%             3723       93.637%
MEM_BLOCK_LENGTH_100                               115        2.892%              115        2.892%
MEM_BLOCK_LENGTH_200                                37        0.931%               37        0.931%
MEM_BLOCK_LENGTH_300                                18        0.453%               18        0.453%
MEM_BLOCK_LENGTH_400                                17        0.428%               17        0.428%
MEM_BLOCK_LENGTH_500                                10        0.252%               10        0.252%
MEM_BLOCK_LENGTH_600                                27        0.679%               27        0.679%
MEM_BLOCK_LENGTH_700                                 6        0.151%                6        0.151%
MEM_BLOCK_LENGTH_800                                 6        0.151%                6        0.151%
MEM_BLOCK_LENGTH_900                                 6        0.151%                6        0.151%
MEM_BLOCK_LENGTH_1000                                3        0.075%                3        0.075%
MEM_BLOCK_LENGTH_1100                                4        0.101%                4        0.101%
MEM_BLOCK_LENGTH_1200                                0        0.000%                0        0.000%
MEM_BLOCK_LENGTH_1300                                2        0.050%                2        0.050%
MEM_BLOCK_LENGTH_1400                                1        0.025%                1        0.025%
MEM_BLOCK_LENGTH_1500                                0        0.000%                0        0.000%
MEM_BLOCK_LENGTH_1600                                0        0.000%                0        0.000%
MEM_BLOCK_LENGTH_1700                                0        0.000%                0        0.000%
MEM_BLOCK_LENGTH_1800                                1        0.025%                1        0.025%
MEM_BLOCK_LENGTH_1900                                0        0.000%                0        0.000%
MEM_BLOCK_LENGTH_2000                                0        0.000%                0        0.000%
MEM_BLOCK_LENGTH_2100                                0        0.000%                0        0.000%
MEM_BLOCK_LENGTH_2200                                0        0.000%                0        0.000%
MEM_BLOCK_LENGTH_2300                                0        0.000%                0        0.000%
MEM_BLOCK_LENGTH_2400                                0        0.000%                0        0.000%
MEM_BLOCK_LENGTH_2500                                0        0.000%                0        0.000%
MEM_BLOCK_LENGTH_2600                                0        0.000%                0        0.000%
MEM_BLOCK_LENGTH_2700                                0        0.000%                0        0.000%
MEM_BLOCK_LENGTH_2800                                0        0.000%                0        0.000%
MEM_BLOCK_LENGTH_2900                                0        0.000%                0        0.000%
MEM_BLOCK_LENGTH_3000                                0        0.000%                0        0.000%
MEM_BLOCK_LENGTH_3100                                0        0.000%                0        0.000%
MEM_BLOCK_LENGTH_3200                                0        0.000%                0        0.000%
MEM_BLOCK_LENGTH_3300                                0        0.000%                0        0.000%
MEM_BLOCK_LENGTH_3400                                0        0.000%                0        0.000%
MEM_BLOCK_LENGTH_3500                                0        0.000%                0        0.000%
MEM_BLOCK_LENGTH_3600                                0        0.000%                0        0.000%
MEM_BLOCK_LENGTH_3700                                0        0.000%                0        0.000%
MEM_BLOCK_LENGTH_3800                                0        0.000%                0        0.000%
MEM_BLOCK_LENGTH_3900                                0        0.000%                0        0.000%
MEM_BLOCK_LENGTH_4000                                0        0.000%                0        0.000%
MEM_BLOCK_LENGTH_4100                                0        0.000%                0        0.000%
MEM_BLOCK_LENGTH_4200                                0        0.000%                0        0.000%
MEM_BLOCK_LENGTH_4300                                0        0.000%                0        0.000%
MEM_BLOCK_LENGTH_4400                                0        0.000%                0        0.000%
MEM_BLOCK_LENGTH_4500                                0        0.000%                0        0.000%
MEM_BLOCK_LENGTH_4600                                0        0.000%                0        0.000%
MEM_BLOCK_LENGTH_4700                                0        0.000%                0        0.000%
MEM_BLOCK_LENGTH_4800                                0        0.000%                0        0.000%
MEM_BLOCK_LENGTH_4900                                0        0.000%                0        0.000%
MEM_BLOCK_LENGTH_5000                                0        0.000%                0        0.000%
                                                  3976      100.000%             3976      100.000%
                                                  0.20         1.05              0.20         1.05

FUS_BUSY_ON_PATH                              35919971        2.9381         35919971        2.9381

FUS_BUSY_OFF_PATH                              1576578        0.1290          1576578        0.1290

FU_BUSY_MEM_STALL                              3039015        0.2486          3039015        0.2486

FUS_EMPTY                                     60307171        4.9329         60307171        4.9329

CHIP_UTILIZATION                                     0        0.0000                0        0.0000

CYCLES_UNDER_MEM_REQ                                 0                              0              

CYCLES_UNDER_NO_MEM_REQ                              0                              0              

CYCLES_UNDER_CRITICAL_MEM_REQ                        0                              0              

CYCLES_UNDER_NONCRITICAL_MEM_REQ                     0                              0              

CHIP_UTILIZATION_UNDER_MEM_REQ                       0          -nan                0          -nan

CHIP_UTILIZATION_UNDER_NO_MEM_REQ                    0          -nan                0          -nan

CHIP_UTILIZATION_UNDER_CRITICAL_MEM_REQ              0          -nan                0          -nan

CHIP_UTILIZATION_UNDER_NONCRITICAL_MEM_REQ             0          -nan                0          -nan

CYCLES_NOT_WAITING_FOR_OFF_CHIP                      0        0.0000                0        0.0000

FUS_BUSY_NOT_WAITING_FOR_OFF_CHIP                    0          -nan                0          -nan

CYCLES_WAITING_FOR_OFF_CHIP                          0        0.0000                0        0.0000

FUS_BUSY_WAITING_FOR_OFF_CHIP                        0          -nan                0          -nan

TOTAL_OFF_CHIP_DELAYS_LEFT                           0                              0              

WRONG_IO_SCHED                                       0                              0              

DVFS_CONFIG_SWITCH                                   0                              0              



