               ramulator.active_cycles_0             4170064                                      # Total active cycles for level _0
                 ramulator.busy_cycles_0             4170064                                      # (All-bank refresh only. busy cycles only include refresh time in rank level) The sum of cycles that the DRAM part is active or under refresh for level _0
            ramulator.serving_requests_0            13355064                                      # The sum of read and write requests that are served in this DRAM element per memory cycle for level _0
    ramulator.average_serving_requests_0            2.913058                                      # The average of read and write requests that are served in this DRAM element per memory cycle for level _0
             ramulator.active_cycles_0_0             4170064                                      # Total active cycles for level _0_0
               ramulator.busy_cycles_0_0             4257004                                      # (All-bank refresh only. busy cycles only include refresh time in rank level) The sum of cycles that the DRAM part is active or under refresh for level _0_0
          ramulator.serving_requests_0_0            13355064                                      # The sum of read and write requests that are served in this DRAM element per memory cycle for level _0_0
  ramulator.average_serving_requests_0_0            2.913058                                      # The average of read and write requests that are served in this DRAM element per memory cycle for level _0_0
           ramulator.active_cycles_0_0_0             1883571                                      # Total active cycles for level _0_0_0
             ramulator.busy_cycles_0_0_0             1883571                                      # (All-bank refresh only. busy cycles only include refresh time in rank level) The sum of cycles that the DRAM part is active or under refresh for level _0_0_0
        ramulator.serving_requests_0_0_0             3098541                                      # The sum of read and write requests that are served in this DRAM element per memory cycle for level _0_0_0
ramulator.average_serving_requests_0_0_0            0.675866                                      # The average of read and write requests that are served in this DRAM element per memory cycle for level _0_0_0
         ramulator.active_cycles_0_0_0_0              620294                                      # Total active cycles for level _0_0_0_0
           ramulator.busy_cycles_0_0_0_0              620294                                      # (All-bank refresh only. busy cycles only include refresh time in rank level) The sum of cycles that the DRAM part is active or under refresh for level _0_0_0_0
      ramulator.serving_requests_0_0_0_0              828520                                      # The sum of read and write requests that are served in this DRAM element per memory cycle for level _0_0_0_0
ramulator.average_serving_requests_0_0_0_0            0.180720                                      # The average of read and write requests that are served in this DRAM element per memory cycle for level _0_0_0_0
         ramulator.active_cycles_0_0_0_1              495270                                      # Total active cycles for level _0_0_0_1
           ramulator.busy_cycles_0_0_0_1              495270                                      # (All-bank refresh only. busy cycles only include refresh time in rank level) The sum of cycles that the DRAM part is active or under refresh for level _0_0_0_1
      ramulator.serving_requests_0_0_0_1              650324                                      # The sum of read and write requests that are served in this DRAM element per memory cycle for level _0_0_0_1
ramulator.average_serving_requests_0_0_0_1            0.141851                                      # The average of read and write requests that are served in this DRAM element per memory cycle for level _0_0_0_1
         ramulator.active_cycles_0_0_0_2              675710                                      # Total active cycles for level _0_0_0_2
           ramulator.busy_cycles_0_0_0_2              675710                                      # (All-bank refresh only. busy cycles only include refresh time in rank level) The sum of cycles that the DRAM part is active or under refresh for level _0_0_0_2
      ramulator.serving_requests_0_0_0_2              905639                                      # The sum of read and write requests that are served in this DRAM element per memory cycle for level _0_0_0_2
ramulator.average_serving_requests_0_0_0_2            0.197541                                      # The average of read and write requests that are served in this DRAM element per memory cycle for level _0_0_0_2
         ramulator.active_cycles_0_0_0_3              530232                                      # Total active cycles for level _0_0_0_3
           ramulator.busy_cycles_0_0_0_3              530232                                      # (All-bank refresh only. busy cycles only include refresh time in rank level) The sum of cycles that the DRAM part is active or under refresh for level _0_0_0_3
      ramulator.serving_requests_0_0_0_3              714058                                      # The sum of read and write requests that are served in this DRAM element per memory cycle for level _0_0_0_3
ramulator.average_serving_requests_0_0_0_3            0.155753                                      # The average of read and write requests that are served in this DRAM element per memory cycle for level _0_0_0_3
           ramulator.active_cycles_0_0_1             1880061                                      # Total active cycles for level _0_0_1
             ramulator.busy_cycles_0_0_1             1880061                                      # (All-bank refresh only. busy cycles only include refresh time in rank level) The sum of cycles that the DRAM part is active or under refresh for level _0_0_1
        ramulator.serving_requests_0_0_1             3001657                                      # The sum of read and write requests that are served in this DRAM element per memory cycle for level _0_0_1
ramulator.average_serving_requests_0_0_1            0.654733                                      # The average of read and write requests that are served in this DRAM element per memory cycle for level _0_0_1
         ramulator.active_cycles_0_0_1_0              703543                                      # Total active cycles for level _0_0_1_0
           ramulator.busy_cycles_0_0_1_0              703543                                      # (All-bank refresh only. busy cycles only include refresh time in rank level) The sum of cycles that the DRAM part is active or under refresh for level _0_0_1_0
      ramulator.serving_requests_0_0_1_0              947040                                      # The sum of read and write requests that are served in this DRAM element per memory cycle for level _0_0_1_0
ramulator.average_serving_requests_0_0_1_0            0.206572                                      # The average of read and write requests that are served in this DRAM element per memory cycle for level _0_0_1_0
         ramulator.active_cycles_0_0_1_1              561823                                      # Total active cycles for level _0_0_1_1
           ramulator.busy_cycles_0_0_1_1              561823                                      # (All-bank refresh only. busy cycles only include refresh time in rank level) The sum of cycles that the DRAM part is active or under refresh for level _0_0_1_1
      ramulator.serving_requests_0_0_1_1              737508                                      # The sum of read and write requests that are served in this DRAM element per memory cycle for level _0_0_1_1
ramulator.average_serving_requests_0_0_1_1            0.160868                                      # The average of read and write requests that are served in this DRAM element per memory cycle for level _0_0_1_1
         ramulator.active_cycles_0_0_1_2              442143                                      # Total active cycles for level _0_0_1_2
           ramulator.busy_cycles_0_0_1_2              442143                                      # (All-bank refresh only. busy cycles only include refresh time in rank level) The sum of cycles that the DRAM part is active or under refresh for level _0_0_1_2
      ramulator.serving_requests_0_0_1_2              601273                                      # The sum of read and write requests that are served in this DRAM element per memory cycle for level _0_0_1_2
ramulator.average_serving_requests_0_0_1_2            0.131152                                      # The average of read and write requests that are served in this DRAM element per memory cycle for level _0_0_1_2
         ramulator.active_cycles_0_0_1_3              521737                                      # Total active cycles for level _0_0_1_3
           ramulator.busy_cycles_0_0_1_3              521737                                      # (All-bank refresh only. busy cycles only include refresh time in rank level) The sum of cycles that the DRAM part is active or under refresh for level _0_0_1_3
      ramulator.serving_requests_0_0_1_3              715836                                      # The sum of read and write requests that are served in this DRAM element per memory cycle for level _0_0_1_3
ramulator.average_serving_requests_0_0_1_3            0.156141                                      # The average of read and write requests that are served in this DRAM element per memory cycle for level _0_0_1_3
           ramulator.active_cycles_0_0_2             2458453                                      # Total active cycles for level _0_0_2
             ramulator.busy_cycles_0_0_2             2458453                                      # (All-bank refresh only. busy cycles only include refresh time in rank level) The sum of cycles that the DRAM part is active or under refresh for level _0_0_2
        ramulator.serving_requests_0_0_2             4084560                                      # The sum of read and write requests that are served in this DRAM element per memory cycle for level _0_0_2
ramulator.average_serving_requests_0_0_2            0.890940                                      # The average of read and write requests that are served in this DRAM element per memory cycle for level _0_0_2
         ramulator.active_cycles_0_0_2_0              845795                                      # Total active cycles for level _0_0_2_0
           ramulator.busy_cycles_0_0_2_0              845795                                      # (All-bank refresh only. busy cycles only include refresh time in rank level) The sum of cycles that the DRAM part is active or under refresh for level _0_0_2_0
      ramulator.serving_requests_0_0_2_0             1106926                                      # The sum of read and write requests that are served in this DRAM element per memory cycle for level _0_0_2_0
ramulator.average_serving_requests_0_0_2_0            0.241447                                      # The average of read and write requests that are served in this DRAM element per memory cycle for level _0_0_2_0
         ramulator.active_cycles_0_0_2_1              768597                                      # Total active cycles for level _0_0_2_1
           ramulator.busy_cycles_0_0_2_1              768597                                      # (All-bank refresh only. busy cycles only include refresh time in rank level) The sum of cycles that the DRAM part is active or under refresh for level _0_0_2_1
      ramulator.serving_requests_0_0_2_1             1021112                                      # The sum of read and write requests that are served in this DRAM element per memory cycle for level _0_0_2_1
ramulator.average_serving_requests_0_0_2_1            0.222729                                      # The average of read and write requests that are served in this DRAM element per memory cycle for level _0_0_2_1
         ramulator.active_cycles_0_0_2_2              751277                                      # Total active cycles for level _0_0_2_2
           ramulator.busy_cycles_0_0_2_2              751277                                      # (All-bank refresh only. busy cycles only include refresh time in rank level) The sum of cycles that the DRAM part is active or under refresh for level _0_0_2_2
      ramulator.serving_requests_0_0_2_2              999664                                      # The sum of read and write requests that are served in this DRAM element per memory cycle for level _0_0_2_2
ramulator.average_serving_requests_0_0_2_2            0.218051                                      # The average of read and write requests that are served in this DRAM element per memory cycle for level _0_0_2_2
         ramulator.active_cycles_0_0_2_3              750646                                      # Total active cycles for level _0_0_2_3
           ramulator.busy_cycles_0_0_2_3              750646                                      # (All-bank refresh only. busy cycles only include refresh time in rank level) The sum of cycles that the DRAM part is active or under refresh for level _0_0_2_3
      ramulator.serving_requests_0_0_2_3              956858                                      # The sum of read and write requests that are served in this DRAM element per memory cycle for level _0_0_2_3
ramulator.average_serving_requests_0_0_2_3            0.208714                                      # The average of read and write requests that are served in this DRAM element per memory cycle for level _0_0_2_3
           ramulator.active_cycles_0_0_3             1994435                                      # Total active cycles for level _0_0_3
             ramulator.busy_cycles_0_0_3             1994435                                      # (All-bank refresh only. busy cycles only include refresh time in rank level) The sum of cycles that the DRAM part is active or under refresh for level _0_0_3
        ramulator.serving_requests_0_0_3             3170302                                      # The sum of read and write requests that are served in this DRAM element per memory cycle for level _0_0_3
ramulator.average_serving_requests_0_0_3            0.691519                                      # The average of read and write requests that are served in this DRAM element per memory cycle for level _0_0_3
         ramulator.active_cycles_0_0_3_0              948031                                      # Total active cycles for level _0_0_3_0
           ramulator.busy_cycles_0_0_3_0              948031                                      # (All-bank refresh only. busy cycles only include refresh time in rank level) The sum of cycles that the DRAM part is active or under refresh for level _0_0_3_0
      ramulator.serving_requests_0_0_3_0             1214485                                      # The sum of read and write requests that are served in this DRAM element per memory cycle for level _0_0_3_0
ramulator.average_serving_requests_0_0_3_0            0.264908                                      # The average of read and write requests that are served in this DRAM element per memory cycle for level _0_0_3_0
         ramulator.active_cycles_0_0_3_1              523623                                      # Total active cycles for level _0_0_3_1
           ramulator.busy_cycles_0_0_3_1              523623                                      # (All-bank refresh only. busy cycles only include refresh time in rank level) The sum of cycles that the DRAM part is active or under refresh for level _0_0_3_1
      ramulator.serving_requests_0_0_3_1              721175                                      # The sum of read and write requests that are served in this DRAM element per memory cycle for level _0_0_3_1
ramulator.average_serving_requests_0_0_3_1            0.157305                                      # The average of read and write requests that are served in this DRAM element per memory cycle for level _0_0_3_1
         ramulator.active_cycles_0_0_3_2              414442                                      # Total active cycles for level _0_0_3_2
           ramulator.busy_cycles_0_0_3_2              414442                                      # (All-bank refresh only. busy cycles only include refresh time in rank level) The sum of cycles that the DRAM part is active or under refresh for level _0_0_3_2
      ramulator.serving_requests_0_0_3_2              549924                                      # The sum of read and write requests that are served in this DRAM element per memory cycle for level _0_0_3_2
ramulator.average_serving_requests_0_0_3_2            0.119952                                      # The average of read and write requests that are served in this DRAM element per memory cycle for level _0_0_3_2
         ramulator.active_cycles_0_0_3_3              493990                                      # Total active cycles for level _0_0_3_3
           ramulator.busy_cycles_0_0_3_3              493990                                      # (All-bank refresh only. busy cycles only include refresh time in rank level) The sum of cycles that the DRAM part is active or under refresh for level _0_0_3_3
      ramulator.serving_requests_0_0_3_3              684718                                      # The sum of read and write requests that are served in this DRAM element per memory cycle for level _0_0_3_3
ramulator.average_serving_requests_0_0_3_3            0.149353                                      # The average of read and write requests that are served in this DRAM element per memory cycle for level _0_0_3_3
      ramulator.read_transaction_bytes_0            27157632                                      # The total byte of read transaction per channel
     ramulator.write_transaction_bytes_0              809472                                      # The total byte of write transaction per channel
       ramulator.row_hits_channel_0_core              377933                                      # Number of row hits per channel per core
     ramulator.row_misses_channel_0_core                8749                                      # Number of row misses per channel per core
  ramulator.row_conflicts_channel_0_core               50304                                      # Number of row conflicts per channel per core
  ramulator.read_row_hits_channel_0_core              370944                                      # Number of row hits for read requests per channel per core
                                     [0]            370944.0                                      # 
ramulator.read_row_misses_channel_0_core                7630                                      # Number of row misses for read requests per channel per core
                                     [0]              7630.0                                      # 
ramulator.read_row_conflicts_channel_0_core               45764                                      # Number of row conflicts for read requests per channel per core
                                     [0]             45764.0                                      # 
 ramulator.write_row_hits_channel_0_core                6989                                      # Number of row hits for write requests per channel per core
                                     [0]              6989.0                                      # 
ramulator.write_row_misses_channel_0_core                1119                                      # Number of row misses for write requests per channel per core
                                     [0]              1119.0                                      # 
ramulator.write_row_conflicts_channel_0_core                4540                                      # Number of row conflicts for write requests per channel per core
                                     [0]              4540.0                                      # 
      ramulator.useless_activates_0_core                  12                                      # Number of useless activations. E.g, ACT -> PRE w/o RD or WR
            ramulator.read_latency_avg_0           65.362008                                      # The average memory latency cycles (in memory time domain) per request for all read requests in this channel
            ramulator.read_latency_sum_0            27753297                                      # The memory latency cycles (in memory time domain) sum for all read requests in this channel
        ramulator.req_queue_length_avg_0           20.698541                                      # Average of read and write queue length per memory cycle per channel.
        ramulator.req_queue_length_sum_0            94893518                                      # Sum of read and write queue length per memory cycle per channel.
   ramulator.read_req_queue_length_avg_0            5.860726                                      # Read queue length average per memory cycle per channel.
   ramulator.read_req_queue_length_sum_0            26868797                                      # Read queue length sum per memory cycle per channel.
  ramulator.write_req_queue_length_avg_0           14.837815                                      # Write queue length average per memory cycle per channel.
  ramulator.write_req_queue_length_sum_0            68024721                                      # Write queue length sum per memory cycle per channel.
              ramulator.record_read_hits                 0.0                                      # record read hit count for this core when it reaches request limit or to the end
                                     [0]                 0.0                                      # 
            ramulator.record_read_misses                 0.0                                      # record_read_miss count for this core when it reaches request limit or to the end
                                     [0]                 0.0                                      # 
         ramulator.record_read_conflicts                 0.0                                      # record read conflict count for this core when it reaches request limit or to the end
                                     [0]                 0.0                                      # 
             ramulator.record_write_hits                 0.0                                      # record write hit count for this core when it reaches request limit or to the end
                                     [0]                 0.0                                      # 
           ramulator.record_write_misses                 0.0                                      # record write miss count for this core when it reaches request limit or to the end
                                     [0]                 0.0                                      # 
        ramulator.record_write_conflicts                 0.0                                      # record write conflict for this core when it reaches request limit or to the end
                                     [0]                 0.0                                      # 
                 ramulator.dram_capacity          8589934592                                      # Number of bytes in simulated DRAM
                   ramulator.dram_cycles             4584551                                      # Number of DRAM cycles simulated
             ramulator.incoming_requests              437265                                      # Number of incoming requests to DRAM
                 ramulator.read_requests              424609                                      # Number of incoming read requests to DRAM per core
                                     [0]            424609.0                                      # 
                ramulator.write_requests               12656                                      # Number of incoming write requests to DRAM per core
                                     [0]             12656.0                                      # 
       ramulator.ramulator_active_cycles             4170070                                      # The total number of cycles that the DRAM part is active (serving R/W)
 ramulator.incoming_requests_per_channel            437265.0                                      # Number of incoming requests to each DRAM channel
                                     [0]            437265.0                                      # 
ramulator.incoming_read_reqs_per_channel            424609.0                                      # Number of incoming read requests to each DRAM channel
                                     [0]            424609.0                                      # 
     ramulator.physical_page_replacement                   0                                      # The number of times that physical page replacement happens.
             ramulator.maximum_bandwidth         19200000000                                      # The theoretical maximum bandwidth (Bps)
          ramulator.in_queue_req_num_sum            94893518                                      # Sum of read/write queue length
     ramulator.in_queue_read_req_num_sum            26868797                                      # Sum of read queue length
    ramulator.in_queue_write_req_num_sum            68024721                                      # Sum of write queue length
          ramulator.in_queue_req_num_avg           20.698541                                      # Average of read/write queue length per memory cycle
     ramulator.in_queue_read_req_num_avg            5.860726                                      # Average of read queue length per memory cycle
    ramulator.in_queue_write_req_num_avg           14.837815                                      # Average of write queue length per memory cycle
          ramulator.record_read_requests                 0.0                                      # record read requests for this core when it reaches request limit or to the end
                                     [0]                 0.0                                      # 
         ramulator.record_write_requests                 0.0                                      # record write requests for this core when it reaches request limit or to the end
                                     [0]                 0.0                                      # 
