               ramulator.active_cycles_0            36122745                                      # Total active cycles for level _0
                 ramulator.busy_cycles_0            36122745                                      # (All-bank refresh only. busy cycles only include refresh time in rank level) The sum of cycles that the DRAM part is active or under refresh for level _0
            ramulator.serving_requests_0           210685987                                      # The sum of read and write requests that are served in this DRAM element per memory cycle for level _0
    ramulator.average_serving_requests_0            5.754125                                      # The average of read and write requests that are served in this DRAM element per memory cycle for level _0
             ramulator.active_cycles_0_0            36122745                                      # Total active cycles for level _0_0
               ramulator.busy_cycles_0_0            36239505                                      # (All-bank refresh only. busy cycles only include refresh time in rank level) The sum of cycles that the DRAM part is active or under refresh for level _0_0
          ramulator.serving_requests_0_0           210685987                                      # The sum of read and write requests that are served in this DRAM element per memory cycle for level _0_0
  ramulator.average_serving_requests_0_0            5.754125                                      # The average of read and write requests that are served in this DRAM element per memory cycle for level _0_0
           ramulator.active_cycles_0_0_0            27607308                                      # Total active cycles for level _0_0_0
             ramulator.busy_cycles_0_0_0            27607308                                      # (All-bank refresh only. busy cycles only include refresh time in rank level) The sum of cycles that the DRAM part is active or under refresh for level _0_0_0
        ramulator.serving_requests_0_0_0            50321841                                      # The sum of read and write requests that are served in this DRAM element per memory cycle for level _0_0_0
ramulator.average_serving_requests_0_0_0            1.374359                                      # The average of read and write requests that are served in this DRAM element per memory cycle for level _0_0_0
         ramulator.active_cycles_0_0_0_0            11888517                                      # Total active cycles for level _0_0_0_0
           ramulator.busy_cycles_0_0_0_0            11888517                                      # (All-bank refresh only. busy cycles only include refresh time in rank level) The sum of cycles that the DRAM part is active or under refresh for level _0_0_0_0
      ramulator.serving_requests_0_0_0_0            12615757                                      # The sum of read and write requests that are served in this DRAM element per memory cycle for level _0_0_0_0
ramulator.average_serving_requests_0_0_0_0            0.344554                                      # The average of read and write requests that are served in this DRAM element per memory cycle for level _0_0_0_0
         ramulator.active_cycles_0_0_0_1            12067914                                      # Total active cycles for level _0_0_0_1
           ramulator.busy_cycles_0_0_0_1            12067914                                      # (All-bank refresh only. busy cycles only include refresh time in rank level) The sum of cycles that the DRAM part is active or under refresh for level _0_0_0_1
      ramulator.serving_requests_0_0_0_1            12661704                                      # The sum of read and write requests that are served in this DRAM element per memory cycle for level _0_0_0_1
ramulator.average_serving_requests_0_0_0_1            0.345809                                      # The average of read and write requests that are served in this DRAM element per memory cycle for level _0_0_0_1
         ramulator.active_cycles_0_0_0_2            12401928                                      # Total active cycles for level _0_0_0_2
           ramulator.busy_cycles_0_0_0_2            12401928                                      # (All-bank refresh only. busy cycles only include refresh time in rank level) The sum of cycles that the DRAM part is active or under refresh for level _0_0_0_2
      ramulator.serving_requests_0_0_0_2            13146052                                      # The sum of read and write requests that are served in this DRAM element per memory cycle for level _0_0_0_2
ramulator.average_serving_requests_0_0_0_2            0.359037                                      # The average of read and write requests that are served in this DRAM element per memory cycle for level _0_0_0_2
         ramulator.active_cycles_0_0_0_3            11388821                                      # Total active cycles for level _0_0_0_3
           ramulator.busy_cycles_0_0_0_3            11388821                                      # (All-bank refresh only. busy cycles only include refresh time in rank level) The sum of cycles that the DRAM part is active or under refresh for level _0_0_0_3
      ramulator.serving_requests_0_0_0_3            11898328                                      # The sum of read and write requests that are served in this DRAM element per memory cycle for level _0_0_0_3
ramulator.average_serving_requests_0_0_0_3            0.324960                                      # The average of read and write requests that are served in this DRAM element per memory cycle for level _0_0_0_3
           ramulator.active_cycles_0_0_1            28958454                                      # Total active cycles for level _0_0_1
             ramulator.busy_cycles_0_0_1            28958454                                      # (All-bank refresh only. busy cycles only include refresh time in rank level) The sum of cycles that the DRAM part is active or under refresh for level _0_0_1
        ramulator.serving_requests_0_0_1            55270821                                      # The sum of read and write requests that are served in this DRAM element per memory cycle for level _0_0_1
ramulator.average_serving_requests_0_0_1            1.509522                                      # The average of read and write requests that are served in this DRAM element per memory cycle for level _0_0_1
         ramulator.active_cycles_0_0_1_0            12223610                                      # Total active cycles for level _0_0_1_0
           ramulator.busy_cycles_0_0_1_0            12223610                                      # (All-bank refresh only. busy cycles only include refresh time in rank level) The sum of cycles that the DRAM part is active or under refresh for level _0_0_1_0
      ramulator.serving_requests_0_0_1_0            12686388                                      # The sum of read and write requests that are served in this DRAM element per memory cycle for level _0_0_1_0
ramulator.average_serving_requests_0_0_1_0            0.346483                                      # The average of read and write requests that are served in this DRAM element per memory cycle for level _0_0_1_0
         ramulator.active_cycles_0_0_1_1            13765425                                      # Total active cycles for level _0_0_1_1
           ramulator.busy_cycles_0_0_1_1            13765425                                      # (All-bank refresh only. busy cycles only include refresh time in rank level) The sum of cycles that the DRAM part is active or under refresh for level _0_0_1_1
      ramulator.serving_requests_0_0_1_1            14816111                                      # The sum of read and write requests that are served in this DRAM element per memory cycle for level _0_0_1_1
ramulator.average_serving_requests_0_0_1_1            0.404648                                      # The average of read and write requests that are served in this DRAM element per memory cycle for level _0_0_1_1
         ramulator.active_cycles_0_0_1_2            12275141                                      # Total active cycles for level _0_0_1_2
           ramulator.busy_cycles_0_0_1_2            12275141                                      # (All-bank refresh only. busy cycles only include refresh time in rank level) The sum of cycles that the DRAM part is active or under refresh for level _0_0_1_2
      ramulator.serving_requests_0_0_1_2            12938972                                      # The sum of read and write requests that are served in this DRAM element per memory cycle for level _0_0_1_2
ramulator.average_serving_requests_0_0_1_2            0.353381                                      # The average of read and write requests that are served in this DRAM element per memory cycle for level _0_0_1_2
         ramulator.active_cycles_0_0_1_3            13783621                                      # Total active cycles for level _0_0_1_3
           ramulator.busy_cycles_0_0_1_3            13783621                                      # (All-bank refresh only. busy cycles only include refresh time in rank level) The sum of cycles that the DRAM part is active or under refresh for level _0_0_1_3
      ramulator.serving_requests_0_0_1_3            14829309                                      # The sum of read and write requests that are served in this DRAM element per memory cycle for level _0_0_1_3
ramulator.average_serving_requests_0_0_1_3            0.405009                                      # The average of read and write requests that are served in this DRAM element per memory cycle for level _0_0_1_3
           ramulator.active_cycles_0_0_2            28340552                                      # Total active cycles for level _0_0_2
             ramulator.busy_cycles_0_0_2            28340552                                      # (All-bank refresh only. busy cycles only include refresh time in rank level) The sum of cycles that the DRAM part is active or under refresh for level _0_0_2
        ramulator.serving_requests_0_0_2            52996438                                      # The sum of read and write requests that are served in this DRAM element per memory cycle for level _0_0_2
ramulator.average_serving_requests_0_0_2            1.447406                                      # The average of read and write requests that are served in this DRAM element per memory cycle for level _0_0_2
         ramulator.active_cycles_0_0_2_0            14257417                                      # Total active cycles for level _0_0_2_0
           ramulator.busy_cycles_0_0_2_0            14257417                                      # (All-bank refresh only. busy cycles only include refresh time in rank level) The sum of cycles that the DRAM part is active or under refresh for level _0_0_2_0
      ramulator.serving_requests_0_0_2_0            15394553                                      # The sum of read and write requests that are served in this DRAM element per memory cycle for level _0_0_2_0
ramulator.average_serving_requests_0_0_2_0            0.420446                                      # The average of read and write requests that are served in this DRAM element per memory cycle for level _0_0_2_0
         ramulator.active_cycles_0_0_2_1            10866298                                      # Total active cycles for level _0_0_2_1
           ramulator.busy_cycles_0_0_2_1            10866298                                      # (All-bank refresh only. busy cycles only include refresh time in rank level) The sum of cycles that the DRAM part is active or under refresh for level _0_0_2_1
      ramulator.serving_requests_0_0_2_1            11285692                                      # The sum of read and write requests that are served in this DRAM element per memory cycle for level _0_0_2_1
ramulator.average_serving_requests_0_0_2_1            0.308228                                      # The average of read and write requests that are served in this DRAM element per memory cycle for level _0_0_2_1
         ramulator.active_cycles_0_0_2_2            12880030                                      # Total active cycles for level _0_0_2_2
           ramulator.busy_cycles_0_0_2_2            12880030                                      # (All-bank refresh only. busy cycles only include refresh time in rank level) The sum of cycles that the DRAM part is active or under refresh for level _0_0_2_2
      ramulator.serving_requests_0_0_2_2            13681327                                      # The sum of read and write requests that are served in this DRAM element per memory cycle for level _0_0_2_2
ramulator.average_serving_requests_0_0_2_2            0.373656                                      # The average of read and write requests that are served in this DRAM element per memory cycle for level _0_0_2_2
         ramulator.active_cycles_0_0_2_3            11893323                                      # Total active cycles for level _0_0_2_3
           ramulator.busy_cycles_0_0_2_3            11893323                                      # (All-bank refresh only. busy cycles only include refresh time in rank level) The sum of cycles that the DRAM part is active or under refresh for level _0_0_2_3
      ramulator.serving_requests_0_0_2_3            12634866                                      # The sum of read and write requests that are served in this DRAM element per memory cycle for level _0_0_2_3
ramulator.average_serving_requests_0_0_2_3            0.345076                                      # The average of read and write requests that are served in this DRAM element per memory cycle for level _0_0_2_3
           ramulator.active_cycles_0_0_3            28022793                                      # Total active cycles for level _0_0_3
             ramulator.busy_cycles_0_0_3            28022793                                      # (All-bank refresh only. busy cycles only include refresh time in rank level) The sum of cycles that the DRAM part is active or under refresh for level _0_0_3
        ramulator.serving_requests_0_0_3            52096849                                      # The sum of read and write requests that are served in this DRAM element per memory cycle for level _0_0_3
ramulator.average_serving_requests_0_0_3            1.422837                                      # The average of read and write requests that are served in this DRAM element per memory cycle for level _0_0_3
         ramulator.active_cycles_0_0_3_0            12433210                                      # Total active cycles for level _0_0_3_0
           ramulator.busy_cycles_0_0_3_0            12433210                                      # (All-bank refresh only. busy cycles only include refresh time in rank level) The sum of cycles that the DRAM part is active or under refresh for level _0_0_3_0
      ramulator.serving_requests_0_0_3_0            13121406                                      # The sum of read and write requests that are served in this DRAM element per memory cycle for level _0_0_3_0
ramulator.average_serving_requests_0_0_3_0            0.358364                                      # The average of read and write requests that are served in this DRAM element per memory cycle for level _0_0_3_0
         ramulator.active_cycles_0_0_3_1            12443673                                      # Total active cycles for level _0_0_3_1
           ramulator.busy_cycles_0_0_3_1            12443673                                      # (All-bank refresh only. busy cycles only include refresh time in rank level) The sum of cycles that the DRAM part is active or under refresh for level _0_0_3_1
      ramulator.serving_requests_0_0_3_1            13257488                                      # The sum of read and write requests that are served in this DRAM element per memory cycle for level _0_0_3_1
ramulator.average_serving_requests_0_0_3_1            0.362080                                      # The average of read and write requests that are served in this DRAM element per memory cycle for level _0_0_3_1
         ramulator.active_cycles_0_0_3_2            12939781                                      # Total active cycles for level _0_0_3_2
           ramulator.busy_cycles_0_0_3_2            12939781                                      # (All-bank refresh only. busy cycles only include refresh time in rank level) The sum of cycles that the DRAM part is active or under refresh for level _0_0_3_2
      ramulator.serving_requests_0_0_3_2            13649558                                      # The sum of read and write requests that are served in this DRAM element per memory cycle for level _0_0_3_2
ramulator.average_serving_requests_0_0_3_2            0.372788                                      # The average of read and write requests that are served in this DRAM element per memory cycle for level _0_0_3_2
         ramulator.active_cycles_0_0_3_3            11501657                                      # Total active cycles for level _0_0_3_3
           ramulator.busy_cycles_0_0_3_3            11501657                                      # (All-bank refresh only. busy cycles only include refresh time in rank level) The sum of cycles that the DRAM part is active or under refresh for level _0_0_3_3
      ramulator.serving_requests_0_0_3_3            12068397                                      # The sum of read and write requests that are served in this DRAM element per memory cycle for level _0_0_3_3
ramulator.average_serving_requests_0_0_3_3            0.329605                                      # The average of read and write requests that are served in this DRAM element per memory cycle for level _0_0_3_3
      ramulator.read_transaction_bytes_0           192686336                                      # The total byte of read transaction per channel
     ramulator.write_transaction_bytes_0             5232256                                      # The total byte of write transaction per channel
       ramulator.row_hits_channel_0_core              117934                                      # Number of row hits per channel per core
     ramulator.row_misses_channel_0_core               60359                                      # Number of row misses per channel per core
  ramulator.row_conflicts_channel_0_core             2914185                                      # Number of row conflicts per channel per core
  ramulator.read_row_hits_channel_0_core              111580                                      # Number of row hits for read requests per channel per core
                                     [0]            111580.0                                      # 
ramulator.read_row_misses_channel_0_core               56576                                      # Number of row misses for read requests per channel per core
                                     [0]             56576.0                                      # 
ramulator.read_row_conflicts_channel_0_core             2842568                                      # Number of row conflicts for read requests per channel per core
                                     [0]           2842568.0                                      # 
 ramulator.write_row_hits_channel_0_core                6354                                      # Number of row hits for write requests per channel per core
                                     [0]              6354.0                                      # 
ramulator.write_row_misses_channel_0_core                3783                                      # Number of row misses for write requests per channel per core
                                     [0]              3783.0                                      # 
ramulator.write_row_conflicts_channel_0_core               71617                                      # Number of row conflicts for write requests per channel per core
                                     [0]             71617.0                                      # 
      ramulator.useless_activates_0_core                 139                                      # Number of useless activations. E.g, ACT -> PRE w/o RD or WR
            ramulator.read_latency_avg_0           79.932718                                      # The average memory latency cycles (in memory time domain) per request for all read requests in this channel
            ramulator.read_latency_sum_0           240707068                                      # The memory latency cycles (in memory time domain) sum for all read requests in this channel
        ramulator.req_queue_length_avg_0           20.309355                                      # Average of read and write queue length per memory cycle per channel.
        ramulator.req_queue_length_sum_0           743622443                                      # Sum of read and write queue length per memory cycle per channel.
   ramulator.read_req_queue_length_avg_0            5.305105                                      # Read queue length average per memory cycle per channel.
   ramulator.read_req_queue_length_sum_0           194245208                                      # Read queue length sum per memory cycle per channel.
  ramulator.write_req_queue_length_avg_0           15.004250                                      # Write queue length average per memory cycle per channel.
  ramulator.write_req_queue_length_sum_0           549377235                                      # Write queue length sum per memory cycle per channel.
              ramulator.record_read_hits                 0.0                                      # record read hit count for this core when it reaches request limit or to the end
                                     [0]                 0.0                                      # 
            ramulator.record_read_misses                 0.0                                      # record_read_miss count for this core when it reaches request limit or to the end
                                     [0]                 0.0                                      # 
         ramulator.record_read_conflicts                 0.0                                      # record read conflict count for this core when it reaches request limit or to the end
                                     [0]                 0.0                                      # 
             ramulator.record_write_hits                 0.0                                      # record write hit count for this core when it reaches request limit or to the end
                                     [0]                 0.0                                      # 
           ramulator.record_write_misses                 0.0                                      # record write miss count for this core when it reaches request limit or to the end
                                     [0]                 0.0                                      # 
        ramulator.record_write_conflicts                 0.0                                      # record write conflict for this core when it reaches request limit or to the end
                                     [0]                 0.0                                      # 
                 ramulator.dram_capacity          8589934592                                      # Number of bytes in simulated DRAM
                   ramulator.dram_cycles            36614774                                      # Number of DRAM cycles simulated
             ramulator.incoming_requests             3093129                                      # Number of incoming requests to DRAM
                 ramulator.read_requests             3011371                                      # Number of incoming read requests to DRAM per core
                                     [0]           3011371.0                                      # 
                ramulator.write_requests               81758                                      # Number of incoming write requests to DRAM per core
                                     [0]             81758.0                                      # 
       ramulator.ramulator_active_cycles            36122747                                      # The total number of cycles that the DRAM part is active (serving R/W)
 ramulator.incoming_requests_per_channel           3093129.0                                      # Number of incoming requests to each DRAM channel
                                     [0]           3093129.0                                      # 
ramulator.incoming_read_reqs_per_channel           3011371.0                                      # Number of incoming read requests to each DRAM channel
                                     [0]           3011371.0                                      # 
     ramulator.physical_page_replacement                   0                                      # The number of times that physical page replacement happens.
             ramulator.maximum_bandwidth         19200000000                                      # The theoretical maximum bandwidth (Bps)
          ramulator.in_queue_req_num_sum           743622443                                      # Sum of read/write queue length
     ramulator.in_queue_read_req_num_sum           194245208                                      # Sum of read queue length
    ramulator.in_queue_write_req_num_sum           549377235                                      # Sum of write queue length
          ramulator.in_queue_req_num_avg           20.309355                                      # Average of read/write queue length per memory cycle
     ramulator.in_queue_read_req_num_avg            5.305105                                      # Average of read queue length per memory cycle
    ramulator.in_queue_write_req_num_avg           15.004250                                      # Average of write queue length per memory cycle
          ramulator.record_read_requests                 0.0                                      # record read requests for this core when it reaches request limit or to the end
                                     [0]                 0.0                                      # 
         ramulator.record_write_requests                 0.0                                      # record write requests for this core when it reaches request limit or to the end
                                     [0]                 0.0                                      # 
