               ramulator.active_cycles_0             1348430                                      # Total active cycles for level _0
                 ramulator.busy_cycles_0             1348430                                      # (All-bank refresh only. busy cycles only include refresh time in rank level) The sum of cycles that the DRAM part is active or under refresh for level _0
            ramulator.serving_requests_0             2577605                                      # The sum of read and write requests that are served in this DRAM element per memory cycle for level _0
    ramulator.average_serving_requests_0            0.932138                                      # The average of read and write requests that are served in this DRAM element per memory cycle for level _0
             ramulator.active_cycles_0_0             1348430                                      # Total active cycles for level _0_0
               ramulator.busy_cycles_0_0             1446710                                      # (All-bank refresh only. busy cycles only include refresh time in rank level) The sum of cycles that the DRAM part is active or under refresh for level _0_0
          ramulator.serving_requests_0_0             2577605                                      # The sum of read and write requests that are served in this DRAM element per memory cycle for level _0_0
  ramulator.average_serving_requests_0_0            0.932138                                      # The average of read and write requests that are served in this DRAM element per memory cycle for level _0_0
           ramulator.active_cycles_0_0_0              493042                                      # Total active cycles for level _0_0_0
             ramulator.busy_cycles_0_0_0              493042                                      # (All-bank refresh only. busy cycles only include refresh time in rank level) The sum of cycles that the DRAM part is active or under refresh for level _0_0_0
        ramulator.serving_requests_0_0_0              602920                                      # The sum of read and write requests that are served in this DRAM element per memory cycle for level _0_0_0
ramulator.average_serving_requests_0_0_0            0.218034                                      # The average of read and write requests that are served in this DRAM element per memory cycle for level _0_0_0
         ramulator.active_cycles_0_0_0_0              162846                                      # Total active cycles for level _0_0_0_0
           ramulator.busy_cycles_0_0_0_0              162846                                      # (All-bank refresh only. busy cycles only include refresh time in rank level) The sum of cycles that the DRAM part is active or under refresh for level _0_0_0_0
      ramulator.serving_requests_0_0_0_0              175662                                      # The sum of read and write requests that are served in this DRAM element per memory cycle for level _0_0_0_0
ramulator.average_serving_requests_0_0_0_0            0.063525                                      # The average of read and write requests that are served in this DRAM element per memory cycle for level _0_0_0_0
         ramulator.active_cycles_0_0_0_1              160892                                      # Total active cycles for level _0_0_0_1
           ramulator.busy_cycles_0_0_0_1              160892                                      # (All-bank refresh only. busy cycles only include refresh time in rank level) The sum of cycles that the DRAM part is active or under refresh for level _0_0_0_1
      ramulator.serving_requests_0_0_0_1              171412                                      # The sum of read and write requests that are served in this DRAM element per memory cycle for level _0_0_0_1
ramulator.average_serving_requests_0_0_0_1            0.061988                                      # The average of read and write requests that are served in this DRAM element per memory cycle for level _0_0_0_1
         ramulator.active_cycles_0_0_0_2              170260                                      # Total active cycles for level _0_0_0_2
           ramulator.busy_cycles_0_0_0_2              170260                                      # (All-bank refresh only. busy cycles only include refresh time in rank level) The sum of cycles that the DRAM part is active or under refresh for level _0_0_0_2
      ramulator.serving_requests_0_0_0_2              181898                                      # The sum of read and write requests that are served in this DRAM element per memory cycle for level _0_0_0_2
ramulator.average_serving_requests_0_0_0_2            0.065780                                      # The average of read and write requests that are served in this DRAM element per memory cycle for level _0_0_0_2
         ramulator.active_cycles_0_0_0_3               69068                                      # Total active cycles for level _0_0_0_3
           ramulator.busy_cycles_0_0_0_3               69068                                      # (All-bank refresh only. busy cycles only include refresh time in rank level) The sum of cycles that the DRAM part is active or under refresh for level _0_0_0_3
      ramulator.serving_requests_0_0_0_3               73948                                      # The sum of read and write requests that are served in this DRAM element per memory cycle for level _0_0_0_3
ramulator.average_serving_requests_0_0_0_3            0.026742                                      # The average of read and write requests that are served in this DRAM element per memory cycle for level _0_0_0_3
           ramulator.active_cycles_0_0_1              486824                                      # Total active cycles for level _0_0_1
             ramulator.busy_cycles_0_0_1              486824                                      # (All-bank refresh only. busy cycles only include refresh time in rank level) The sum of cycles that the DRAM part is active or under refresh for level _0_0_1
        ramulator.serving_requests_0_0_1              587598                                      # The sum of read and write requests that are served in this DRAM element per memory cycle for level _0_0_1
ramulator.average_serving_requests_0_0_1            0.212493                                      # The average of read and write requests that are served in this DRAM element per memory cycle for level _0_0_1
         ramulator.active_cycles_0_0_1_0               82703                                      # Total active cycles for level _0_0_1_0
           ramulator.busy_cycles_0_0_1_0               82703                                      # (All-bank refresh only. busy cycles only include refresh time in rank level) The sum of cycles that the DRAM part is active or under refresh for level _0_0_1_0
      ramulator.serving_requests_0_0_1_0               87850                                      # The sum of read and write requests that are served in this DRAM element per memory cycle for level _0_0_1_0
ramulator.average_serving_requests_0_0_1_0            0.031769                                      # The average of read and write requests that are served in this DRAM element per memory cycle for level _0_0_1_0
         ramulator.active_cycles_0_0_1_1              144185                                      # Total active cycles for level _0_0_1_1
           ramulator.busy_cycles_0_0_1_1              144185                                      # (All-bank refresh only. busy cycles only include refresh time in rank level) The sum of cycles that the DRAM part is active or under refresh for level _0_0_1_1
      ramulator.serving_requests_0_0_1_1              155787                                      # The sum of read and write requests that are served in this DRAM element per memory cycle for level _0_0_1_1
ramulator.average_serving_requests_0_0_1_1            0.056337                                      # The average of read and write requests that are served in this DRAM element per memory cycle for level _0_0_1_1
         ramulator.active_cycles_0_0_1_2              108398                                      # Total active cycles for level _0_0_1_2
           ramulator.busy_cycles_0_0_1_2              108398                                      # (All-bank refresh only. busy cycles only include refresh time in rank level) The sum of cycles that the DRAM part is active or under refresh for level _0_0_1_2
      ramulator.serving_requests_0_0_1_2              113996                                      # The sum of read and write requests that are served in this DRAM element per memory cycle for level _0_0_1_2
ramulator.average_serving_requests_0_0_1_2            0.041224                                      # The average of read and write requests that are served in this DRAM element per memory cycle for level _0_0_1_2
         ramulator.active_cycles_0_0_1_3              211675                                      # Total active cycles for level _0_0_1_3
           ramulator.busy_cycles_0_0_1_3              211675                                      # (All-bank refresh only. busy cycles only include refresh time in rank level) The sum of cycles that the DRAM part is active or under refresh for level _0_0_1_3
      ramulator.serving_requests_0_0_1_3              229965                                      # The sum of read and write requests that are served in this DRAM element per memory cycle for level _0_0_1_3
ramulator.average_serving_requests_0_0_1_3            0.083162                                      # The average of read and write requests that are served in this DRAM element per memory cycle for level _0_0_1_3
           ramulator.active_cycles_0_0_2              519555                                      # Total active cycles for level _0_0_2
             ramulator.busy_cycles_0_0_2              519555                                      # (All-bank refresh only. busy cycles only include refresh time in rank level) The sum of cycles that the DRAM part is active or under refresh for level _0_0_2
        ramulator.serving_requests_0_0_2              642593                                      # The sum of read and write requests that are served in this DRAM element per memory cycle for level _0_0_2
ramulator.average_serving_requests_0_0_2            0.232381                                      # The average of read and write requests that are served in this DRAM element per memory cycle for level _0_0_2
         ramulator.active_cycles_0_0_2_0              162939                                      # Total active cycles for level _0_0_2_0
           ramulator.busy_cycles_0_0_2_0              162939                                      # (All-bank refresh only. busy cycles only include refresh time in rank level) The sum of cycles that the DRAM part is active or under refresh for level _0_0_2_0
      ramulator.serving_requests_0_0_2_0              174099                                      # The sum of read and write requests that are served in this DRAM element per memory cycle for level _0_0_2_0
ramulator.average_serving_requests_0_0_2_0            0.062959                                      # The average of read and write requests that are served in this DRAM element per memory cycle for level _0_0_2_0
         ramulator.active_cycles_0_0_2_1              189109                                      # Total active cycles for level _0_0_2_1
           ramulator.busy_cycles_0_0_2_1              189109                                      # (All-bank refresh only. busy cycles only include refresh time in rank level) The sum of cycles that the DRAM part is active or under refresh for level _0_0_2_1
      ramulator.serving_requests_0_0_2_1              210603                                      # The sum of read and write requests that are served in this DRAM element per memory cycle for level _0_0_2_1
ramulator.average_serving_requests_0_0_2_1            0.076160                                      # The average of read and write requests that are served in this DRAM element per memory cycle for level _0_0_2_1
         ramulator.active_cycles_0_0_2_2              111061                                      # Total active cycles for level _0_0_2_2
           ramulator.busy_cycles_0_0_2_2              111061                                      # (All-bank refresh only. busy cycles only include refresh time in rank level) The sum of cycles that the DRAM part is active or under refresh for level _0_0_2_2
      ramulator.serving_requests_0_0_2_2              117671                                      # The sum of read and write requests that are served in this DRAM element per memory cycle for level _0_0_2_2
ramulator.average_serving_requests_0_0_2_2            0.042553                                      # The average of read and write requests that are served in this DRAM element per memory cycle for level _0_0_2_2
         ramulator.active_cycles_0_0_2_3              131460                                      # Total active cycles for level _0_0_2_3
           ramulator.busy_cycles_0_0_2_3              131460                                      # (All-bank refresh only. busy cycles only include refresh time in rank level) The sum of cycles that the DRAM part is active or under refresh for level _0_0_2_3
      ramulator.serving_requests_0_0_2_3              140208                                      # The sum of read and write requests that are served in this DRAM element per memory cycle for level _0_0_2_3
ramulator.average_serving_requests_0_0_2_3            0.050703                                      # The average of read and write requests that are served in this DRAM element per memory cycle for level _0_0_2_3
           ramulator.active_cycles_0_0_3              602266                                      # Total active cycles for level _0_0_3
             ramulator.busy_cycles_0_0_3              602266                                      # (All-bank refresh only. busy cycles only include refresh time in rank level) The sum of cycles that the DRAM part is active or under refresh for level _0_0_3
        ramulator.serving_requests_0_0_3              744427                                      # The sum of read and write requests that are served in this DRAM element per memory cycle for level _0_0_3
ramulator.average_serving_requests_0_0_3            0.269207                                      # The average of read and write requests that are served in this DRAM element per memory cycle for level _0_0_3
         ramulator.active_cycles_0_0_3_0              246807                                      # Total active cycles for level _0_0_3_0
           ramulator.busy_cycles_0_0_3_0              246807                                      # (All-bank refresh only. busy cycles only include refresh time in rank level) The sum of cycles that the DRAM part is active or under refresh for level _0_0_3_0
      ramulator.serving_requests_0_0_3_0              261538                                      # The sum of read and write requests that are served in this DRAM element per memory cycle for level _0_0_3_0
ramulator.average_serving_requests_0_0_3_0            0.094580                                      # The average of read and write requests that are served in this DRAM element per memory cycle for level _0_0_3_0
         ramulator.active_cycles_0_0_3_1              159808                                      # Total active cycles for level _0_0_3_1
           ramulator.busy_cycles_0_0_3_1              159808                                      # (All-bank refresh only. busy cycles only include refresh time in rank level) The sum of cycles that the DRAM part is active or under refresh for level _0_0_3_1
      ramulator.serving_requests_0_0_3_1              168735                                      # The sum of read and write requests that are served in this DRAM element per memory cycle for level _0_0_3_1
ramulator.average_serving_requests_0_0_3_1            0.061020                                      # The average of read and write requests that are served in this DRAM element per memory cycle for level _0_0_3_1
         ramulator.active_cycles_0_0_3_2              120197                                      # Total active cycles for level _0_0_3_2
           ramulator.busy_cycles_0_0_3_2              120197                                      # (All-bank refresh only. busy cycles only include refresh time in rank level) The sum of cycles that the DRAM part is active or under refresh for level _0_0_3_2
      ramulator.serving_requests_0_0_3_2              126611                                      # The sum of read and write requests that are served in this DRAM element per memory cycle for level _0_0_3_2
ramulator.average_serving_requests_0_0_3_2            0.045786                                      # The average of read and write requests that are served in this DRAM element per memory cycle for level _0_0_3_2
         ramulator.active_cycles_0_0_3_3              173582                                      # Total active cycles for level _0_0_3_3
           ramulator.busy_cycles_0_0_3_3              173582                                      # (All-bank refresh only. busy cycles only include refresh time in rank level) The sum of cycles that the DRAM part is active or under refresh for level _0_0_3_3
      ramulator.serving_requests_0_0_3_3              187543                                      # The sum of read and write requests that are served in this DRAM element per memory cycle for level _0_0_3_3
ramulator.average_serving_requests_0_0_3_3            0.067821                                      # The average of read and write requests that are served in this DRAM element per memory cycle for level _0_0_3_3
      ramulator.read_transaction_bytes_0             4703296                                      # The total byte of read transaction per channel
     ramulator.write_transaction_bytes_0             3395840                                      # The total byte of write transaction per channel
       ramulator.row_hits_channel_0_core              106180                                      # Number of row hits per channel per core
     ramulator.row_misses_channel_0_core                4297                                      # Number of row misses per channel per core
  ramulator.row_conflicts_channel_0_core               16072                                      # Number of row conflicts per channel per core
  ramulator.read_row_hits_channel_0_core               63237                                      # Number of row hits for read requests per channel per core
                                     [0]             63237.0                                      # 
ramulator.read_row_misses_channel_0_core                1769                                      # Number of row misses for read requests per channel per core
                                     [0]              1769.0                                      # 
ramulator.read_row_conflicts_channel_0_core                8483                                      # Number of row conflicts for read requests per channel per core
                                     [0]              8483.0                                      # 
 ramulator.write_row_hits_channel_0_core               42943                                      # Number of row hits for write requests per channel per core
                                     [0]             42943.0                                      # 
ramulator.write_row_misses_channel_0_core                2528                                      # Number of row misses for write requests per channel per core
                                     [0]              2528.0                                      # 
ramulator.write_row_conflicts_channel_0_core                7589                                      # Number of row conflicts for write requests per channel per core
                                     [0]              7589.0                                      # 
      ramulator.useless_activates_0_core                  61                                      # Number of useless activations. E.g, ACT -> PRE w/o RD or WR
            ramulator.read_latency_avg_0           55.868532                                      # The average memory latency cycles (in memory time domain) per request for all read requests in this channel
            ramulator.read_latency_sum_0             4105946                                      # The memory latency cycles (in memory time domain) sum for all read requests in this channel
        ramulator.req_queue_length_avg_0           15.194784                                      # Average of read and write queue length per memory cycle per channel.
        ramulator.req_queue_length_sum_0            42017559                                      # Sum of read and write queue length per memory cycle per channel.
   ramulator.read_req_queue_length_avg_0            1.421825                                      # Read queue length average per memory cycle per channel.
   ramulator.read_req_queue_length_sum_0             3931720                                      # Read queue length sum per memory cycle per channel.
  ramulator.write_req_queue_length_avg_0           13.772959                                      # Write queue length average per memory cycle per channel.
  ramulator.write_req_queue_length_sum_0            38085839                                      # Write queue length sum per memory cycle per channel.
              ramulator.record_read_hits                 0.0                                      # record read hit count for this core when it reaches request limit or to the end
                                     [0]                 0.0                                      # 
            ramulator.record_read_misses                 0.0                                      # record_read_miss count for this core when it reaches request limit or to the end
                                     [0]                 0.0                                      # 
         ramulator.record_read_conflicts                 0.0                                      # record read conflict count for this core when it reaches request limit or to the end
                                     [0]                 0.0                                      # 
             ramulator.record_write_hits                 0.0                                      # record write hit count for this core when it reaches request limit or to the end
                                     [0]                 0.0                                      # 
           ramulator.record_write_misses                 0.0                                      # record write miss count for this core when it reaches request limit or to the end
                                     [0]                 0.0                                      # 
        ramulator.record_write_conflicts                 0.0                                      # record write conflict for this core when it reaches request limit or to the end
                                     [0]                 0.0                                      # 
                 ramulator.dram_capacity          8589934592                                      # Number of bytes in simulated DRAM
                   ramulator.dram_cycles             2765262                                      # Number of DRAM cycles simulated
             ramulator.incoming_requests              126563                                      # Number of incoming requests to DRAM
                 ramulator.read_requests               73493                                      # Number of incoming read requests to DRAM per core
                                     [0]             73493.0                                      # 
                ramulator.write_requests               53070                                      # Number of incoming write requests to DRAM per core
                                     [0]             53070.0                                      # 
       ramulator.ramulator_active_cycles             1348455                                      # The total number of cycles that the DRAM part is active (serving R/W)
 ramulator.incoming_requests_per_channel            126563.0                                      # Number of incoming requests to each DRAM channel
                                     [0]            126563.0                                      # 
ramulator.incoming_read_reqs_per_channel             73493.0                                      # Number of incoming read requests to each DRAM channel
                                     [0]             73493.0                                      # 
     ramulator.physical_page_replacement                   0                                      # The number of times that physical page replacement happens.
             ramulator.maximum_bandwidth         19200000000                                      # The theoretical maximum bandwidth (Bps)
          ramulator.in_queue_req_num_sum            42017559                                      # Sum of read/write queue length
     ramulator.in_queue_read_req_num_sum             3931720                                      # Sum of read queue length
    ramulator.in_queue_write_req_num_sum            38085839                                      # Sum of write queue length
          ramulator.in_queue_req_num_avg           15.194784                                      # Average of read/write queue length per memory cycle
     ramulator.in_queue_read_req_num_avg            1.421825                                      # Average of read queue length per memory cycle
    ramulator.in_queue_write_req_num_avg           13.772959                                      # Average of write queue length per memory cycle
          ramulator.record_read_requests                 0.0                                      # record read requests for this core when it reaches request limit or to the end
                                     [0]                 0.0                                      # 
         ramulator.record_write_requests                 0.0                                      # record write requests for this core when it reaches request limit or to the end
                                     [0]                 0.0                                      # 
