/* -*- Mode: c -*- */
####################################################################################################
Core 0
####################################################################################################
Cumulative:        Cycles: 7374030               Instructions: 30000004              IPC: 4.06833

DCACHE_PREF_HIT                                      0                              0              

IFETCH_WB_FIRST_SCHEDULE                             0         -nan%                0         -nan%
PREFETCH_LAST_SCHEDULE                               0         -nan%                0         -nan%
DEMAND_PASS_PREF_SCHEDULE                            0         -nan%                0         -nan%
DEMAND_PASS_LOW_OP_SCHEDULE                          0         -nan%                0         -nan%
DEMAND_LAST_SCHEDULE                                 0         -nan%                0         -nan%
                                                     0         -nan%                0         -nan%
                                                  -nan         -nan              -nan         -nan

SEND_MISS_REQ_QUEUE                              75443                          75443              

L1_DATA_EVICT                                    59127                          59127              

STREAM_BUFFER_REQ                                    0                              0              

PREF_SEND_TO_MEM_REQ                                 0         -nan%                0         -nan%
PREF_SEND_TO_MEM_REQ_FAIL                            0         -nan%                0         -nan%
                                                     0         -nan%                0         -nan%
                                                  -nan         -nan              -nan         -nan

HIT_TRAIN_STREAM                                 94699       97.861%            94699       97.861%
MISS_TRAIN_STREAM                                 2070        2.139%             2070        2.139%
                                                 96769      100.000%            96769      100.000%
                                                  0.02         0.14              0.02         0.14

STREAM_TRAIN_CREATE                               1093                           1093              

MEM_REQ_MISS_HWP_PREF_Q                              0         -nan%                0         -nan%
MEM_REQ_MISS_SW_PREF_Q                               0         -nan%                0         -nan%
MEM_REQ_MISS_IFETCH_Q                                0         -nan%                0         -nan%
MEM_REQ_MISS_DFETCH_Q                                0         -nan%                0         -nan%
MEM_REQ_MISS_DSTORE_Q                                0         -nan%                0         -nan%
MEM_REQ_MISS_DPRF_Q                                  0         -nan%                0         -nan%
MEM_REQ_MISS_WB_Q                                    0         -nan%                0         -nan%
                                                     0         -nan%                0         -nan%
                                                  -nan         -nan              -nan         -nan

PREF_HIT_BY_DEMAND_IFETCH                            0         -nan%                0         -nan%
PREF_HIT_BY_DEMAND_DFETCH                            0         -nan%                0         -nan%
PREF_HIT_BY_DEMAND_DSTORE                            0         -nan%                0         -nan%
PREF_HIT_BY_DEMAND_IPREF                             0         -nan%                0         -nan%
PREF_HIT_BY_DEMAND_DPRF                              0         -nan%                0         -nan%
PREF_HIT_BY_DEMAND_WB                                0         -nan%                0         -nan%
PREF_HIT_BY_PREF                                     0         -nan%                0         -nan%
                                                     0         -nan%                0         -nan%
                                                  -nan         -nan              -nan         -nan

PREF_HIT_DEMAND_IFETCH                               0         -nan%                0         -nan%
PREF_HIT_DEMAND_DFETCH                               0         -nan%                0         -nan%
PREF_HIT_DEMAND_DSTORE                               0         -nan%                0         -nan%
PREF_HIT_DEMAND_IPREF                                0         -nan%                0         -nan%
PREF_HIT_DEMAND_DPRF                                 0         -nan%                0         -nan%
PREF_HIT_DEMAND_WB                                   0         -nan%                0         -nan%
                                                     0         -nan%                0         -nan%
                                                  -nan         -nan              -nan         -nan

PREF_L1_FILL                                         0         -nan%                0         -nan%
DEMAND_L1_FILL                                       0         -nan%                0         -nan%
                                                     0         -nan%                0         -nan%
                                                  -nan         -nan              -nan         -nan

TOUCH_L1_REPLACE                                     0        0.000%                0        0.000%
NO_TOUCH_L1_REPLACE                              59127      100.000%            59127      100.000%
                                                 59127      100.000%            59127      100.000%
                                                  1.00         1.00              1.00         1.00

PREF_REQ_QUE_FULL                                    0                              0              

STREAM_REQ_QUEUE_HIT_BY_DEMAND                       0                              0              

L2HIT_STREAM_PREF_REQ_QUE_FULL                       0                              0              

L2HIT_HIT_TRAIN_STREAM                               0         -nan%                0         -nan%
L2HIT_MISS_TRAIN_STREAM                              0         -nan%                0         -nan%
                                                     0         -nan%                0         -nan%
                                                  -nan         -nan              -nan         -nan

L2HIT_STREAM_TRAIN_CREATE                            0                              0              

L2HIT_STREAM_BUFFER_REQ                              0                              0              

L2HIT_STREAM_PREF_DCACHE_HIT                         0         -nan%                0         -nan%
L2HIT_STREAM_PREF_DCACHE_INSERT                      0         -nan%                0         -nan%
L2HIT_STREAM_L2_MISS                                 0         -nan%                0         -nan%
                                                     0         -nan%                0         -nan%
                                                  -nan         -nan              -nan         -nan

L2HIT_STREAM_DCACHE_PORT_FULL                        0                              0              

L2HIT_STREAM_PREF_L1_PORT_FULL                       0                              0              

L2HIT_TRAIN_HIT_DEMAND                               0         -nan%                0         -nan%
L2HIT_TRAIN_MISS_REQ                                 0         -nan%                0         -nan%
                                                     0         -nan%                0         -nan%
                                                  -nan         -nan              -nan         -nan

L2HIT_TRAIN_FILTER_MISS                              0         -nan%                0         -nan%
L2HIT_TRAIN_FILTER_HIT                               0         -nan%                0         -nan%
                                                     0         -nan%                0         -nan%
                                                  -nan         -nan              -nan         -nan

L2HIT_PREF_REQ_DCACHE_HIT                            0         -nan%                0         -nan%
L2HIT_PREF_REQ_DCACHE_MISS                           0         -nan%                0         -nan%
                                                     0         -nan%                0         -nan%
                                                  -nan         -nan              -nan         -nan

L2HIT_L2SEND_Q_FULL                                  0         -nan%                0         -nan%
L2HIT_L2SEND_Q_ENTER                                 0         -nan%                0         -nan%
                                                     0         -nan%                0         -nan%
                                                  -nan         -nan              -nan         -nan

L2HIT_MEM_REQ                                        0                              0              

REMOVE_REDUNDANT_STREAM_STAT                         0                              0              

REPLACE_OLD_STREAM                                1077                           1077              

REQ_SEND_QUEUE_STALL                                 0                              0              

STREAM_ENTER_RA                                      0                              0              

CORE_STREAM_LENGTH_0                                22       10.092%               22       10.092%
CORE_STREAM_LENGTH_10                               46       21.101%               46       21.101%
CORE_STREAM_LENGTH_20                               25       11.468%               25       11.468%
CORE_STREAM_LENGTH_30                               34       15.596%               34       15.596%
CORE_STREAM_LENGTH_40                               12        5.505%               12        5.505%
CORE_STREAM_LENGTH_50                               20        9.174%               20        9.174%
CORE_STREAM_LENGTH_60                                9        4.128%                9        4.128%
CORE_STREAM_LENGTH_70                                6        2.752%                6        2.752%
CORE_STREAM_LENGTH_80                                0        0.000%                0        0.000%
CORE_STREAM_LENGTH_90                                3        1.376%                3        1.376%
CORE_STREAM_LENGTH_100_P                            41       18.807%               41       18.807%
                                                   218      100.000%              218      100.000%
                                                  4.03         3.64              4.03         3.64

CORE_CUM_STREAM_LENGTH_0                           165        0.172%              165        0.172%
CORE_CUM_STREAM_LENGTH_10                          652        0.678%              652        0.678%
CORE_CUM_STREAM_LENGTH_20                          584        0.607%              584        0.607%
CORE_CUM_STREAM_LENGTH_30                         1211        1.259%             1211        1.259%
CORE_CUM_STREAM_LENGTH_40                          551        0.573%              551        0.573%
CORE_CUM_STREAM_LENGTH_50                         1065        1.108%             1065        1.108%
CORE_CUM_STREAM_LENGTH_60                          568        0.591%              568        0.591%
CORE_CUM_STREAM_LENGTH_70                          436        0.453%              436        0.453%
CORE_CUM_STREAM_LENGTH_80                            0        0.000%                0        0.000%
CORE_CUM_STREAM_LENGTH_90                          275        0.286%              275        0.286%
CORE_CUM_STREAM_LENGTH_100_P                     90645       94.273%            90645       94.273%
                                                 96152      100.000%            96152      100.000%
                                                  9.66         9.48              9.66         9.48

CORE_STREAM_TRAIN_HITS_0                            69       31.651%               69       31.651%
CORE_STREAM_TRAIN_HITS_10                           34       15.596%               34       15.596%
CORE_STREAM_TRAIN_HITS_20                           18        8.257%               18        8.257%
CORE_STREAM_TRAIN_HITS_30                           24       11.009%               24       11.009%
CORE_STREAM_TRAIN_HITS_40                            5        2.294%                5        2.294%
CORE_STREAM_TRAIN_HITS_50                            3        1.376%                3        1.376%
CORE_STREAM_TRAIN_HITS_60                            9        4.128%                9        4.128%
CORE_STREAM_TRAIN_HITS_70                            2        0.917%                2        0.917%
CORE_STREAM_TRAIN_HITS_80                            2        0.917%                2        0.917%
CORE_STREAM_TRAIN_HITS_90                            3        1.376%                3        1.376%
CORE_STREAM_TRAIN_HITS_100_P                        49       22.477%               49       22.477%
                                                   218      100.000%              218      100.000%
                                                  3.57         3.80              3.57         3.80

CORE_CUM_STREAM_TRAIN_HITS_0                       449        0.470%              449        0.470%
CORE_CUM_STREAM_TRAIN_HITS_10                      471        0.493%              471        0.493%
CORE_CUM_STREAM_TRAIN_HITS_20                      386        0.404%              386        0.404%
CORE_CUM_STREAM_TRAIN_HITS_30                      854        0.894%              854        0.894%
CORE_CUM_STREAM_TRAIN_HITS_40                      210        0.220%              210        0.220%
CORE_CUM_STREAM_TRAIN_HITS_50                      166        0.174%              166        0.174%
CORE_CUM_STREAM_TRAIN_HITS_60                      579        0.606%              579        0.606%
CORE_CUM_STREAM_TRAIN_HITS_70                      151        0.158%              151        0.158%
CORE_CUM_STREAM_TRAIN_HITS_80                      164        0.172%              164        0.172%
CORE_CUM_STREAM_TRAIN_HITS_90                      283        0.296%              283        0.296%
CORE_CUM_STREAM_TRAIN_HITS_100_P                 91858       96.115%            91858       96.115%
                                                 95571      100.000%            95571      100.000%
                                                  9.76         9.63              9.76         9.63

CORE_STREAM_TRAIN_CREATE                          1093                           1093              



