/* -*- Mode: c -*- */
####################################################################################################
Core 0
####################################################################################################
Cumulative:        Cycles: 7384561               Instructions: 30000003              IPC: 4.06253

DCACHE_PREF_HIT                                      0                              0              

IFETCH_WB_FIRST_SCHEDULE                             0         -nan%                0         -nan%
PREFETCH_LAST_SCHEDULE                               0         -nan%                0         -nan%
DEMAND_PASS_PREF_SCHEDULE                            0         -nan%                0         -nan%
DEMAND_PASS_LOW_OP_SCHEDULE                          0         -nan%                0         -nan%
DEMAND_LAST_SCHEDULE                                 0         -nan%                0         -nan%
                                                     0         -nan%                0         -nan%
                                                  -nan         -nan              -nan         -nan

SEND_MISS_REQ_QUEUE                              94530                          94530              

L1_DATA_EVICT                                    78223                          78223              

STREAM_BUFFER_REQ                                    0                              0              

PREF_SEND_TO_MEM_REQ                                 0         -nan%                0         -nan%
PREF_SEND_TO_MEM_REQ_FAIL                            0         -nan%                0         -nan%
                                                     0         -nan%                0         -nan%
                                                  -nan         -nan              -nan         -nan

HIT_TRAIN_STREAM                                 92738       98.239%            92738       98.239%
MISS_TRAIN_STREAM                                 1662        1.761%             1662        1.761%
                                                 94400      100.000%            94400      100.000%
                                                  0.02         0.13              0.02         0.13

STREAM_TRAIN_CREATE                                955                            955              

MEM_REQ_MISS_HWP_PREF_Q                              0         -nan%                0         -nan%
MEM_REQ_MISS_SW_PREF_Q                               0         -nan%                0         -nan%
MEM_REQ_MISS_IFETCH_Q                                0         -nan%                0         -nan%
MEM_REQ_MISS_DFETCH_Q                                0         -nan%                0         -nan%
MEM_REQ_MISS_DSTORE_Q                                0         -nan%                0         -nan%
MEM_REQ_MISS_DPRF_Q                                  0         -nan%                0         -nan%
MEM_REQ_MISS_WB_Q                                    0         -nan%                0         -nan%
                                                     0         -nan%                0         -nan%
                                                  -nan         -nan              -nan         -nan

PREF_HIT_BY_DEMAND_IFETCH                            0         -nan%                0         -nan%
PREF_HIT_BY_DEMAND_DFETCH                            0         -nan%                0         -nan%
PREF_HIT_BY_DEMAND_DSTORE                            0         -nan%                0         -nan%
PREF_HIT_BY_DEMAND_IPREF                             0         -nan%                0         -nan%
PREF_HIT_BY_DEMAND_DPRF                              0         -nan%                0         -nan%
PREF_HIT_BY_DEMAND_WB                                0         -nan%                0         -nan%
PREF_HIT_BY_PREF                                     0         -nan%                0         -nan%
                                                     0         -nan%                0         -nan%
                                                  -nan         -nan              -nan         -nan

PREF_HIT_DEMAND_IFETCH                               0         -nan%                0         -nan%
PREF_HIT_DEMAND_DFETCH                               0         -nan%                0         -nan%
PREF_HIT_DEMAND_DSTORE                               0         -nan%                0         -nan%
PREF_HIT_DEMAND_IPREF                                0         -nan%                0         -nan%
PREF_HIT_DEMAND_DPRF                                 0         -nan%                0         -nan%
PREF_HIT_DEMAND_WB                                   0         -nan%                0         -nan%
                                                     0         -nan%                0         -nan%
                                                  -nan         -nan              -nan         -nan

PREF_L1_FILL                                         0         -nan%                0         -nan%
DEMAND_L1_FILL                                       0         -nan%                0         -nan%
                                                     0         -nan%                0         -nan%
                                                  -nan         -nan              -nan         -nan

TOUCH_L1_REPLACE                                     0        0.000%                0        0.000%
NO_TOUCH_L1_REPLACE                              78223      100.000%            78223      100.000%
                                                 78223      100.000%            78223      100.000%
                                                  1.00         1.00              1.00         1.00

PREF_REQ_QUE_FULL                                    0                              0              

STREAM_REQ_QUEUE_HIT_BY_DEMAND                       0                              0              

L2HIT_STREAM_PREF_REQ_QUE_FULL                       0                              0              

L2HIT_HIT_TRAIN_STREAM                               0         -nan%                0         -nan%
L2HIT_MISS_TRAIN_STREAM                              0         -nan%                0         -nan%
                                                     0         -nan%                0         -nan%
                                                  -nan         -nan              -nan         -nan

L2HIT_STREAM_TRAIN_CREATE                            0                              0              

L2HIT_STREAM_BUFFER_REQ                              0                              0              

L2HIT_STREAM_PREF_DCACHE_HIT                         0         -nan%                0         -nan%
L2HIT_STREAM_PREF_DCACHE_INSERT                      0         -nan%                0         -nan%
L2HIT_STREAM_L2_MISS                                 0         -nan%                0         -nan%
                                                     0         -nan%                0         -nan%
                                                  -nan         -nan              -nan         -nan

L2HIT_STREAM_DCACHE_PORT_FULL                        0                              0              

L2HIT_STREAM_PREF_L1_PORT_FULL                       0                              0              

L2HIT_TRAIN_HIT_DEMAND                               0         -nan%                0         -nan%
L2HIT_TRAIN_MISS_REQ                                 0         -nan%                0         -nan%
                                                     0         -nan%                0         -nan%
                                                  -nan         -nan              -nan         -nan

L2HIT_TRAIN_FILTER_MISS                              0         -nan%                0         -nan%
L2HIT_TRAIN_FILTER_HIT                               0         -nan%                0         -nan%
                                                     0         -nan%                0         -nan%
                                                  -nan         -nan              -nan         -nan

L2HIT_PREF_REQ_DCACHE_HIT                            0         -nan%                0         -nan%
L2HIT_PREF_REQ_DCACHE_MISS                           0         -nan%                0         -nan%
                                                     0         -nan%                0         -nan%
                                                  -nan         -nan              -nan         -nan

L2HIT_L2SEND_Q_FULL                                  0         -nan%                0         -nan%
L2HIT_L2SEND_Q_ENTER                                 0         -nan%                0         -nan%
                                                     0         -nan%                0         -nan%
                                                  -nan         -nan              -nan         -nan

L2HIT_MEM_REQ                                        0                              0              

REMOVE_REDUNDANT_STREAM_STAT                         0                              0              

REPLACE_OLD_STREAM                                 939                            939              

REQ_SEND_QUEUE_STALL                                 0                              0              

STREAM_ENTER_RA                                      0                              0              

CORE_STREAM_LENGTH_0                                14        9.091%               14        9.091%
CORE_STREAM_LENGTH_10                               23       14.935%               23       14.935%
CORE_STREAM_LENGTH_20                               24       15.584%               24       15.584%
CORE_STREAM_LENGTH_30                               29       18.831%               29       18.831%
CORE_STREAM_LENGTH_40                                8        5.195%                8        5.195%
CORE_STREAM_LENGTH_50                               16       10.390%               16       10.390%
CORE_STREAM_LENGTH_60                                7        4.545%                7        4.545%
CORE_STREAM_LENGTH_70                                3        1.948%                3        1.948%
CORE_STREAM_LENGTH_80                                4        2.597%                4        2.597%
CORE_STREAM_LENGTH_90                                2        1.299%                2        1.299%
CORE_STREAM_LENGTH_100_P                            24       15.584%               24       15.584%
                                                   154      100.000%              154      100.000%
                                                  4.05         3.40              4.05         3.40

CORE_CUM_STREAM_LENGTH_0                            97        0.104%               97        0.104%
CORE_CUM_STREAM_LENGTH_10                          345        0.371%              345        0.371%
CORE_CUM_STREAM_LENGTH_20                          611        0.657%              611        0.657%
CORE_CUM_STREAM_LENGTH_30                         1021        1.098%             1021        1.098%
CORE_CUM_STREAM_LENGTH_40                          345        0.371%              345        0.371%
CORE_CUM_STREAM_LENGTH_50                          857        0.921%              857        0.921%
CORE_CUM_STREAM_LENGTH_60                          451        0.485%              451        0.485%
CORE_CUM_STREAM_LENGTH_70                          228        0.245%              228        0.245%
CORE_CUM_STREAM_LENGTH_80                          345        0.371%              345        0.371%
CORE_CUM_STREAM_LENGTH_90                          185        0.199%              185        0.199%
CORE_CUM_STREAM_LENGTH_100_P                     88536       95.179%            88536       95.179%
                                                 93021      100.000%            93021      100.000%
                                                  9.72         9.57              9.72         9.57

CORE_STREAM_TRAIN_HITS_0                            34       22.078%               34       22.078%
CORE_STREAM_TRAIN_HITS_10                           41       26.623%               41       26.623%
CORE_STREAM_TRAIN_HITS_20                           19       12.338%               19       12.338%
CORE_STREAM_TRAIN_HITS_30                            7        4.545%                7        4.545%
CORE_STREAM_TRAIN_HITS_40                           12        7.792%               12        7.792%
CORE_STREAM_TRAIN_HITS_50                            2        1.299%                2        1.299%
CORE_STREAM_TRAIN_HITS_60                            2        1.299%                2        1.299%
CORE_STREAM_TRAIN_HITS_70                            4        2.597%                4        2.597%
CORE_STREAM_TRAIN_HITS_80                            1        0.649%                1        0.649%
CORE_STREAM_TRAIN_HITS_90                            0        0.000%                0        0.000%
CORE_STREAM_TRAIN_HITS_100_P                        32       20.779%               32       20.779%
                                                   154      100.000%              154      100.000%
                                                  3.42         3.73              3.42         3.73

CORE_CUM_STREAM_TRAIN_HITS_0                       222        0.238%              222        0.238%
CORE_CUM_STREAM_TRAIN_HITS_10                      594        0.636%              594        0.636%
CORE_CUM_STREAM_TRAIN_HITS_20                      438        0.469%              438        0.469%
CORE_CUM_STREAM_TRAIN_HITS_30                      251        0.269%              251        0.269%
CORE_CUM_STREAM_TRAIN_HITS_40                      546        0.585%              546        0.585%
CORE_CUM_STREAM_TRAIN_HITS_50                      109        0.117%              109        0.117%
CORE_CUM_STREAM_TRAIN_HITS_60                      135        0.145%              135        0.145%
CORE_CUM_STREAM_TRAIN_HITS_70                      294        0.315%              294        0.315%
CORE_CUM_STREAM_TRAIN_HITS_80                       85        0.091%               85        0.091%
CORE_CUM_STREAM_TRAIN_HITS_90                        0        0.000%                0        0.000%
CORE_CUM_STREAM_TRAIN_HITS_100_P                 90680       97.136%            90680       97.136%
                                                 93354      100.000%            93354      100.000%
                                                  9.80         9.73              9.80         9.73

CORE_STREAM_TRAIN_CREATE                           955                            955              



