/* -*- Mode: c -*- */
####################################################################################################
Core 0
####################################################################################################
Cumulative:        Cycles: 7272676               Instructions: 30000004              IPC: 4.12503

DCACHE_PREF_HIT                                      0                              0              

IFETCH_WB_FIRST_SCHEDULE                             0         -nan%                0         -nan%
PREFETCH_LAST_SCHEDULE                               0         -nan%                0         -nan%
DEMAND_PASS_PREF_SCHEDULE                            0         -nan%                0         -nan%
DEMAND_PASS_LOW_OP_SCHEDULE                          0         -nan%                0         -nan%
DEMAND_LAST_SCHEDULE                                 0         -nan%                0         -nan%
                                                     0         -nan%                0         -nan%
                                                  -nan         -nan              -nan         -nan

SEND_MISS_REQ_QUEUE                              29113                          29113              

L1_DATA_EVICT                                     1863                           1863              

STREAM_BUFFER_REQ                                    0                              0              

PREF_SEND_TO_MEM_REQ                                 0         -nan%                0         -nan%
PREF_SEND_TO_MEM_REQ_FAIL                            0         -nan%                0         -nan%
                                                     0         -nan%                0         -nan%
                                                  -nan         -nan              -nan         -nan

HIT_TRAIN_STREAM                                 28990       95.851%            28990       95.851%
MISS_TRAIN_STREAM                                 1255        4.149%             1255        4.149%
                                                 30245      100.000%            30245      100.000%
                                                  0.04         0.20              0.04         0.20

STREAM_TRAIN_CREATE                                698                            698              

MEM_REQ_MISS_HWP_PREF_Q                              0         -nan%                0         -nan%
MEM_REQ_MISS_SW_PREF_Q                               0         -nan%                0         -nan%
MEM_REQ_MISS_IFETCH_Q                                0         -nan%                0         -nan%
MEM_REQ_MISS_DFETCH_Q                                0         -nan%                0         -nan%
MEM_REQ_MISS_DSTORE_Q                                0         -nan%                0         -nan%
MEM_REQ_MISS_DPRF_Q                                  0         -nan%                0         -nan%
MEM_REQ_MISS_WB_Q                                    0         -nan%                0         -nan%
                                                     0         -nan%                0         -nan%
                                                  -nan         -nan              -nan         -nan

PREF_HIT_BY_DEMAND_IFETCH                            0         -nan%                0         -nan%
PREF_HIT_BY_DEMAND_DFETCH                            0         -nan%                0         -nan%
PREF_HIT_BY_DEMAND_DSTORE                            0         -nan%                0         -nan%
PREF_HIT_BY_DEMAND_IPREF                             0         -nan%                0         -nan%
PREF_HIT_BY_DEMAND_DPRF                              0         -nan%                0         -nan%
PREF_HIT_BY_DEMAND_WB                                0         -nan%                0         -nan%
PREF_HIT_BY_PREF                                     0         -nan%                0         -nan%
                                                     0         -nan%                0         -nan%
                                                  -nan         -nan              -nan         -nan

PREF_HIT_DEMAND_IFETCH                               0         -nan%                0         -nan%
PREF_HIT_DEMAND_DFETCH                               0         -nan%                0         -nan%
PREF_HIT_DEMAND_DSTORE                               0         -nan%                0         -nan%
PREF_HIT_DEMAND_IPREF                                0         -nan%                0         -nan%
PREF_HIT_DEMAND_DPRF                                 0         -nan%                0         -nan%
PREF_HIT_DEMAND_WB                                   0         -nan%                0         -nan%
                                                     0         -nan%                0         -nan%
                                                  -nan         -nan              -nan         -nan

PREF_L1_FILL                                         0         -nan%                0         -nan%
DEMAND_L1_FILL                                       0         -nan%                0         -nan%
                                                     0         -nan%                0         -nan%
                                                  -nan         -nan              -nan         -nan

TOUCH_L1_REPLACE                                     0        0.000%                0        0.000%
NO_TOUCH_L1_REPLACE                               1863      100.000%             1863      100.000%
                                                  1863      100.000%             1863      100.000%
                                                  1.00         1.00              1.00         1.00

PREF_REQ_QUE_FULL                                    0                              0              

STREAM_REQ_QUEUE_HIT_BY_DEMAND                       0                              0              

L2HIT_STREAM_PREF_REQ_QUE_FULL                       0                              0              

L2HIT_HIT_TRAIN_STREAM                               0         -nan%                0         -nan%
L2HIT_MISS_TRAIN_STREAM                              0         -nan%                0         -nan%
                                                     0         -nan%                0         -nan%
                                                  -nan         -nan              -nan         -nan

L2HIT_STREAM_TRAIN_CREATE                            0                              0              

L2HIT_STREAM_BUFFER_REQ                              0                              0              

L2HIT_STREAM_PREF_DCACHE_HIT                         0         -nan%                0         -nan%
L2HIT_STREAM_PREF_DCACHE_INSERT                      0         -nan%                0         -nan%
L2HIT_STREAM_L2_MISS                                 0         -nan%                0         -nan%
                                                     0         -nan%                0         -nan%
                                                  -nan         -nan              -nan         -nan

L2HIT_STREAM_DCACHE_PORT_FULL                        0                              0              

L2HIT_STREAM_PREF_L1_PORT_FULL                       0                              0              

L2HIT_TRAIN_HIT_DEMAND                               0         -nan%                0         -nan%
L2HIT_TRAIN_MISS_REQ                                 0         -nan%                0         -nan%
                                                     0         -nan%                0         -nan%
                                                  -nan         -nan              -nan         -nan

L2HIT_TRAIN_FILTER_MISS                              0         -nan%                0         -nan%
L2HIT_TRAIN_FILTER_HIT                               0         -nan%                0         -nan%
                                                     0         -nan%                0         -nan%
                                                  -nan         -nan              -nan         -nan

L2HIT_PREF_REQ_DCACHE_HIT                            0         -nan%                0         -nan%
L2HIT_PREF_REQ_DCACHE_MISS                           0         -nan%                0         -nan%
                                                     0         -nan%                0         -nan%
                                                  -nan         -nan              -nan         -nan

L2HIT_L2SEND_Q_FULL                                  0         -nan%                0         -nan%
L2HIT_L2SEND_Q_ENTER                                 0         -nan%                0         -nan%
                                                     0         -nan%                0         -nan%
                                                  -nan         -nan              -nan         -nan

L2HIT_MEM_REQ                                        0                              0              

REMOVE_REDUNDANT_STREAM_STAT                         0                              0              

REPLACE_OLD_STREAM                                 682                            682              

REQ_SEND_QUEUE_STALL                                 0                              0              

STREAM_ENTER_RA                                      0                              0              

CORE_STREAM_LENGTH_0                                 7        6.034%                7        6.034%
CORE_STREAM_LENGTH_10                               28       24.138%               28       24.138%
CORE_STREAM_LENGTH_20                               21       18.103%               21       18.103%
CORE_STREAM_LENGTH_30                               21       18.103%               21       18.103%
CORE_STREAM_LENGTH_40                                7        6.034%                7        6.034%
CORE_STREAM_LENGTH_50                               10        8.621%               10        8.621%
CORE_STREAM_LENGTH_60                                4        3.448%                4        3.448%
CORE_STREAM_LENGTH_70                                1        0.862%                1        0.862%
CORE_STREAM_LENGTH_80                                0        0.000%                0        0.000%
CORE_STREAM_LENGTH_90                                0        0.000%                0        0.000%
CORE_STREAM_LENGTH_100_P                            17       14.655%               17       14.655%
                                                   116      100.000%              116      100.000%
                                                  3.55         3.26              3.55         3.26

CORE_CUM_STREAM_LENGTH_0                            58        0.191%               58        0.191%
CORE_CUM_STREAM_LENGTH_10                          378        1.247%              378        1.247%
CORE_CUM_STREAM_LENGTH_20                          510        1.683%              510        1.683%
CORE_CUM_STREAM_LENGTH_30                          740        2.441%              740        2.441%
CORE_CUM_STREAM_LENGTH_40                          328        1.082%              328        1.082%
CORE_CUM_STREAM_LENGTH_50                          544        1.795%              544        1.795%
CORE_CUM_STREAM_LENGTH_60                          257        0.848%              257        0.848%
CORE_CUM_STREAM_LENGTH_70                           72        0.238%               72        0.238%
CORE_CUM_STREAM_LENGTH_80                            0        0.000%                0        0.000%
CORE_CUM_STREAM_LENGTH_90                            0        0.000%                0        0.000%
CORE_CUM_STREAM_LENGTH_100_P                     27424       90.475%            27424       90.475%
                                                 30311      100.000%            30311      100.000%
                                                  9.37         9.13              9.37         9.13

CORE_STREAM_TRAIN_HITS_0                            38       32.759%               38       32.759%
CORE_STREAM_TRAIN_HITS_10                           22       18.966%               22       18.966%
CORE_STREAM_TRAIN_HITS_20                           22       18.966%               22       18.966%
CORE_STREAM_TRAIN_HITS_30                           10        8.621%               10        8.621%
CORE_STREAM_TRAIN_HITS_40                            3        2.586%                3        2.586%
CORE_STREAM_TRAIN_HITS_50                            1        0.862%                1        0.862%
CORE_STREAM_TRAIN_HITS_60                            0        0.000%                0        0.000%
CORE_STREAM_TRAIN_HITS_70                            0        0.000%                0        0.000%
CORE_STREAM_TRAIN_HITS_80                            0        0.000%                0        0.000%
CORE_STREAM_TRAIN_HITS_90                            0        0.000%                0        0.000%
CORE_STREAM_TRAIN_HITS_100_P                        20       17.241%               20       17.241%
                                                   116      100.000%              116      100.000%
                                                  2.70         3.36              2.70         3.36

CORE_CUM_STREAM_TRAIN_HITS_0                       264        0.896%              264        0.896%
CORE_CUM_STREAM_TRAIN_HITS_10                      307        1.042%              307        1.042%
CORE_CUM_STREAM_TRAIN_HITS_20                      504        1.711%              504        1.711%
CORE_CUM_STREAM_TRAIN_HITS_30                      362        1.229%              362        1.229%
CORE_CUM_STREAM_TRAIN_HITS_40                      124        0.421%              124        0.421%
CORE_CUM_STREAM_TRAIN_HITS_50                       50        0.170%               50        0.170%
CORE_CUM_STREAM_TRAIN_HITS_60                        0        0.000%                0        0.000%
CORE_CUM_STREAM_TRAIN_HITS_70                        0        0.000%                0        0.000%
CORE_CUM_STREAM_TRAIN_HITS_80                        0        0.000%                0        0.000%
CORE_CUM_STREAM_TRAIN_HITS_90                        0        0.000%                0        0.000%
CORE_CUM_STREAM_TRAIN_HITS_100_P                 27843       94.530%            27843       94.530%
                                                 29454      100.000%            29454      100.000%
                                                  9.56         9.43              9.56         9.43

CORE_STREAM_TRAIN_CREATE                           698                            698              



