               ramulator.active_cycles_0             4058040                                      # Total active cycles for level _0
                 ramulator.busy_cycles_0             4058040                                      # (All-bank refresh only. busy cycles only include refresh time in rank level) The sum of cycles that the DRAM part is active or under refresh for level _0
            ramulator.serving_requests_0            10869355                                      # The sum of read and write requests that are served in this DRAM element per memory cycle for level _0
    ramulator.average_serving_requests_0            1.504881                                      # The average of read and write requests that are served in this DRAM element per memory cycle for level _0
             ramulator.active_cycles_0_0             4058040                                      # Total active cycles for level _0_0
               ramulator.busy_cycles_0_0             4215540                                      # (All-bank refresh only. busy cycles only include refresh time in rank level) The sum of cycles that the DRAM part is active or under refresh for level _0_0
          ramulator.serving_requests_0_0            10869355                                      # The sum of read and write requests that are served in this DRAM element per memory cycle for level _0_0
  ramulator.average_serving_requests_0_0            1.504881                                      # The average of read and write requests that are served in this DRAM element per memory cycle for level _0_0
           ramulator.active_cycles_0_0_0             1569405                                      # Total active cycles for level _0_0_0
             ramulator.busy_cycles_0_0_0             1569405                                      # (All-bank refresh only. busy cycles only include refresh time in rank level) The sum of cycles that the DRAM part is active or under refresh for level _0_0_0
        ramulator.serving_requests_0_0_0             2421501                                      # The sum of read and write requests that are served in this DRAM element per memory cycle for level _0_0_0
ramulator.average_serving_requests_0_0_0            0.335261                                      # The average of read and write requests that are served in this DRAM element per memory cycle for level _0_0_0
         ramulator.active_cycles_0_0_0_0              627960                                      # Total active cycles for level _0_0_0_0
           ramulator.busy_cycles_0_0_0_0              627960                                      # (All-bank refresh only. busy cycles only include refresh time in rank level) The sum of cycles that the DRAM part is active or under refresh for level _0_0_0_0
      ramulator.serving_requests_0_0_0_0              686368                                      # The sum of read and write requests that are served in this DRAM element per memory cycle for level _0_0_0_0
ramulator.average_serving_requests_0_0_0_0            0.095029                                      # The average of read and write requests that are served in this DRAM element per memory cycle for level _0_0_0_0
         ramulator.active_cycles_0_0_0_1              410657                                      # Total active cycles for level _0_0_0_1
           ramulator.busy_cycles_0_0_0_1              410657                                      # (All-bank refresh only. busy cycles only include refresh time in rank level) The sum of cycles that the DRAM part is active or under refresh for level _0_0_0_1
      ramulator.serving_requests_0_0_0_1              466154                                      # The sum of read and write requests that are served in this DRAM element per memory cycle for level _0_0_0_1
ramulator.average_serving_requests_0_0_0_1            0.064540                                      # The average of read and write requests that are served in this DRAM element per memory cycle for level _0_0_0_1
         ramulator.active_cycles_0_0_0_2              575285                                      # Total active cycles for level _0_0_0_2
           ramulator.busy_cycles_0_0_0_2              575285                                      # (All-bank refresh only. busy cycles only include refresh time in rank level) The sum of cycles that the DRAM part is active or under refresh for level _0_0_0_2
      ramulator.serving_requests_0_0_0_2              637826                                      # The sum of read and write requests that are served in this DRAM element per memory cycle for level _0_0_0_2
ramulator.average_serving_requests_0_0_0_2            0.088308                                      # The average of read and write requests that are served in this DRAM element per memory cycle for level _0_0_0_2
         ramulator.active_cycles_0_0_0_3              559995                                      # Total active cycles for level _0_0_0_3
           ramulator.busy_cycles_0_0_0_3              559995                                      # (All-bank refresh only. busy cycles only include refresh time in rank level) The sum of cycles that the DRAM part is active or under refresh for level _0_0_0_3
      ramulator.serving_requests_0_0_0_3              631153                                      # The sum of read and write requests that are served in this DRAM element per memory cycle for level _0_0_0_3
ramulator.average_serving_requests_0_0_0_3            0.087384                                      # The average of read and write requests that are served in this DRAM element per memory cycle for level _0_0_0_3
           ramulator.active_cycles_0_0_1             1689295                                      # Total active cycles for level _0_0_1
             ramulator.busy_cycles_0_0_1             1689295                                      # (All-bank refresh only. busy cycles only include refresh time in rank level) The sum of cycles that the DRAM part is active or under refresh for level _0_0_1
        ramulator.serving_requests_0_0_1             2523854                                      # The sum of read and write requests that are served in this DRAM element per memory cycle for level _0_0_1
ramulator.average_serving_requests_0_0_1            0.349432                                      # The average of read and write requests that are served in this DRAM element per memory cycle for level _0_0_1
         ramulator.active_cycles_0_0_1_0              651321                                      # Total active cycles for level _0_0_1_0
           ramulator.busy_cycles_0_0_1_0              651321                                      # (All-bank refresh only. busy cycles only include refresh time in rank level) The sum of cycles that the DRAM part is active or under refresh for level _0_0_1_0
      ramulator.serving_requests_0_0_1_0              717302                                      # The sum of read and write requests that are served in this DRAM element per memory cycle for level _0_0_1_0
ramulator.average_serving_requests_0_0_1_0            0.099312                                      # The average of read and write requests that are served in this DRAM element per memory cycle for level _0_0_1_0
         ramulator.active_cycles_0_0_1_1              541456                                      # Total active cycles for level _0_0_1_1
           ramulator.busy_cycles_0_0_1_1              541456                                      # (All-bank refresh only. busy cycles only include refresh time in rank level) The sum of cycles that the DRAM part is active or under refresh for level _0_0_1_1
      ramulator.serving_requests_0_0_1_1              601216                                      # The sum of read and write requests that are served in this DRAM element per memory cycle for level _0_0_1_1
ramulator.average_serving_requests_0_0_1_1            0.083239                                      # The average of read and write requests that are served in this DRAM element per memory cycle for level _0_0_1_1
         ramulator.active_cycles_0_0_1_2              427543                                      # Total active cycles for level _0_0_1_2
           ramulator.busy_cycles_0_0_1_2              427543                                      # (All-bank refresh only. busy cycles only include refresh time in rank level) The sum of cycles that the DRAM part is active or under refresh for level _0_0_1_2
      ramulator.serving_requests_0_0_1_2              468791                                      # The sum of read and write requests that are served in this DRAM element per memory cycle for level _0_0_1_2
ramulator.average_serving_requests_0_0_1_2            0.064905                                      # The average of read and write requests that are served in this DRAM element per memory cycle for level _0_0_1_2
         ramulator.active_cycles_0_0_1_3              669504                                      # Total active cycles for level _0_0_1_3
           ramulator.busy_cycles_0_0_1_3              669504                                      # (All-bank refresh only. busy cycles only include refresh time in rank level) The sum of cycles that the DRAM part is active or under refresh for level _0_0_1_3
      ramulator.serving_requests_0_0_1_3              736545                                      # The sum of read and write requests that are served in this DRAM element per memory cycle for level _0_0_1_3
ramulator.average_serving_requests_0_0_1_3            0.101976                                      # The average of read and write requests that are served in this DRAM element per memory cycle for level _0_0_1_3
           ramulator.active_cycles_0_0_2             1934383                                      # Total active cycles for level _0_0_2
             ramulator.busy_cycles_0_0_2             1934383                                      # (All-bank refresh only. busy cycles only include refresh time in rank level) The sum of cycles that the DRAM part is active or under refresh for level _0_0_2
        ramulator.serving_requests_0_0_2             2932145                                      # The sum of read and write requests that are served in this DRAM element per memory cycle for level _0_0_2
ramulator.average_serving_requests_0_0_2            0.405960                                      # The average of read and write requests that are served in this DRAM element per memory cycle for level _0_0_2
         ramulator.active_cycles_0_0_2_0              742441                                      # Total active cycles for level _0_0_2_0
           ramulator.busy_cycles_0_0_2_0              742441                                      # (All-bank refresh only. busy cycles only include refresh time in rank level) The sum of cycles that the DRAM part is active or under refresh for level _0_0_2_0
      ramulator.serving_requests_0_0_2_0              834744                                      # The sum of read and write requests that are served in this DRAM element per memory cycle for level _0_0_2_0
ramulator.average_serving_requests_0_0_2_0            0.115572                                      # The average of read and write requests that are served in this DRAM element per memory cycle for level _0_0_2_0
         ramulator.active_cycles_0_0_2_1              810012                                      # Total active cycles for level _0_0_2_1
           ramulator.busy_cycles_0_0_2_1              810012                                      # (All-bank refresh only. busy cycles only include refresh time in rank level) The sum of cycles that the DRAM part is active or under refresh for level _0_0_2_1
      ramulator.serving_requests_0_0_2_1              894021                                      # The sum of read and write requests that are served in this DRAM element per memory cycle for level _0_0_2_1
ramulator.average_serving_requests_0_0_2_1            0.123779                                      # The average of read and write requests that are served in this DRAM element per memory cycle for level _0_0_2_1
         ramulator.active_cycles_0_0_2_2              664206                                      # Total active cycles for level _0_0_2_2
           ramulator.busy_cycles_0_0_2_2              664206                                      # (All-bank refresh only. busy cycles only include refresh time in rank level) The sum of cycles that the DRAM part is active or under refresh for level _0_0_2_2
      ramulator.serving_requests_0_0_2_2              727993                                      # The sum of read and write requests that are served in this DRAM element per memory cycle for level _0_0_2_2
ramulator.average_serving_requests_0_0_2_2            0.100792                                      # The average of read and write requests that are served in this DRAM element per memory cycle for level _0_0_2_2
         ramulator.active_cycles_0_0_2_3              433849                                      # Total active cycles for level _0_0_2_3
           ramulator.busy_cycles_0_0_2_3              433849                                      # (All-bank refresh only. busy cycles only include refresh time in rank level) The sum of cycles that the DRAM part is active or under refresh for level _0_0_2_3
      ramulator.serving_requests_0_0_2_3              475387                                      # The sum of read and write requests that are served in this DRAM element per memory cycle for level _0_0_2_3
ramulator.average_serving_requests_0_0_2_3            0.065818                                      # The average of read and write requests that are served in this DRAM element per memory cycle for level _0_0_2_3
           ramulator.active_cycles_0_0_3             1942249                                      # Total active cycles for level _0_0_3
             ramulator.busy_cycles_0_0_3             1942249                                      # (All-bank refresh only. busy cycles only include refresh time in rank level) The sum of cycles that the DRAM part is active or under refresh for level _0_0_3
        ramulator.serving_requests_0_0_3             2991855                                      # The sum of read and write requests that are served in this DRAM element per memory cycle for level _0_0_3
ramulator.average_serving_requests_0_0_3            0.414227                                      # The average of read and write requests that are served in this DRAM element per memory cycle for level _0_0_3
         ramulator.active_cycles_0_0_3_0              631307                                      # Total active cycles for level _0_0_3_0
           ramulator.busy_cycles_0_0_3_0              631307                                      # (All-bank refresh only. busy cycles only include refresh time in rank level) The sum of cycles that the DRAM part is active or under refresh for level _0_0_3_0
      ramulator.serving_requests_0_0_3_0              714066                                      # The sum of read and write requests that are served in this DRAM element per memory cycle for level _0_0_3_0
ramulator.average_serving_requests_0_0_3_0            0.098864                                      # The average of read and write requests that are served in this DRAM element per memory cycle for level _0_0_3_0
         ramulator.active_cycles_0_0_3_1              909618                                      # Total active cycles for level _0_0_3_1
           ramulator.busy_cycles_0_0_3_1              909618                                      # (All-bank refresh only. busy cycles only include refresh time in rank level) The sum of cycles that the DRAM part is active or under refresh for level _0_0_3_1
      ramulator.serving_requests_0_0_3_1             1014419                                      # The sum of read and write requests that are served in this DRAM element per memory cycle for level _0_0_3_1
ramulator.average_serving_requests_0_0_3_1            0.140448                                      # The average of read and write requests that are served in this DRAM element per memory cycle for level _0_0_3_1
         ramulator.active_cycles_0_0_3_2              521198                                      # Total active cycles for level _0_0_3_2
           ramulator.busy_cycles_0_0_3_2              521198                                      # (All-bank refresh only. busy cycles only include refresh time in rank level) The sum of cycles that the DRAM part is active or under refresh for level _0_0_3_2
      ramulator.serving_requests_0_0_3_2              573801                                      # The sum of read and write requests that are served in this DRAM element per memory cycle for level _0_0_3_2
ramulator.average_serving_requests_0_0_3_2            0.079444                                      # The average of read and write requests that are served in this DRAM element per memory cycle for level _0_0_3_2
         ramulator.active_cycles_0_0_3_3              631662                                      # Total active cycles for level _0_0_3_3
           ramulator.busy_cycles_0_0_3_3              631662                                      # (All-bank refresh only. busy cycles only include refresh time in rank level) The sum of cycles that the DRAM part is active or under refresh for level _0_0_3_3
      ramulator.serving_requests_0_0_3_3              689569                                      # The sum of read and write requests that are served in this DRAM element per memory cycle for level _0_0_3_3
ramulator.average_serving_requests_0_0_3_3            0.095472                                      # The average of read and write requests that are served in this DRAM element per memory cycle for level _0_0_3_3
      ramulator.read_transaction_bytes_0             7493440                                      # The total byte of read transaction per channel
     ramulator.write_transaction_bytes_0             3205696                                      # The total byte of write transaction per channel
       ramulator.row_hits_channel_0_core               73140                                      # Number of row hits per channel per core
     ramulator.row_misses_channel_0_core               14661                                      # Number of row misses per channel per core
  ramulator.row_conflicts_channel_0_core               79373                                      # Number of row conflicts per channel per core
  ramulator.read_row_hits_channel_0_core               64253                                      # Number of row hits for read requests per channel per core
                                     [0]             64253.0                                      # 
ramulator.read_row_misses_channel_0_core                8949                                      # Number of row misses for read requests per channel per core
                                     [0]              8949.0                                      # 
ramulator.read_row_conflicts_channel_0_core               43883                                      # Number of row conflicts for read requests per channel per core
                                     [0]             43883.0                                      # 
 ramulator.write_row_hits_channel_0_core                8887                                      # Number of row hits for write requests per channel per core
                                     [0]              8887.0                                      # 
ramulator.write_row_misses_channel_0_core                5712                                      # Number of row misses for write requests per channel per core
                                     [0]              5712.0                                      # 
ramulator.write_row_conflicts_channel_0_core               35490                                      # Number of row conflicts for write requests per channel per core
                                     [0]             35490.0                                      # 
      ramulator.useless_activates_0_core                 219                                      # Number of useless activations. E.g, ACT -> PRE w/o RD or WR
            ramulator.read_latency_avg_0          127.907790                                      # The average memory latency cycles (in memory time domain) per request for all read requests in this channel
            ramulator.read_latency_sum_0            15004607                                      # The memory latency cycles (in memory time domain) sum for all read requests in this channel
        ramulator.req_queue_length_avg_0           15.855815                                      # Average of read and write queue length per memory cycle per channel.
        ramulator.req_queue_length_sum_0           114522368                                      # Sum of read and write queue length per memory cycle per channel.
   ramulator.read_req_queue_length_avg_0            1.949780                                      # Read queue length average per memory cycle per channel.
   ramulator.read_req_queue_length_sum_0            14082747                                      # Read queue length sum per memory cycle per channel.
  ramulator.write_req_queue_length_avg_0           13.906035                                      # Write queue length average per memory cycle per channel.
  ramulator.write_req_queue_length_sum_0           100439621                                      # Write queue length sum per memory cycle per channel.
              ramulator.record_read_hits                 0.0                                      # record read hit count for this core when it reaches request limit or to the end
                                     [0]                 0.0                                      # 
            ramulator.record_read_misses                 0.0                                      # record_read_miss count for this core when it reaches request limit or to the end
                                     [0]                 0.0                                      # 
         ramulator.record_read_conflicts                 0.0                                      # record read conflict count for this core when it reaches request limit or to the end
                                     [0]                 0.0                                      # 
             ramulator.record_write_hits                 0.0                                      # record write hit count for this core when it reaches request limit or to the end
                                     [0]                 0.0                                      # 
           ramulator.record_write_misses                 0.0                                      # record write miss count for this core when it reaches request limit or to the end
                                     [0]                 0.0                                      # 
        ramulator.record_write_conflicts                 0.0                                      # record write conflict for this core when it reaches request limit or to the end
                                     [0]                 0.0                                      # 
                 ramulator.dram_capacity          8589934592                                      # Number of bytes in simulated DRAM
                   ramulator.dram_cycles             7222736                                      # Number of DRAM cycles simulated
             ramulator.incoming_requests              167415                                      # Number of incoming requests to DRAM
                 ramulator.read_requests              117308                                      # Number of incoming read requests to DRAM per core
                                     [0]            117308.0                                      # 
                ramulator.write_requests               50107                                      # Number of incoming write requests to DRAM per core
                                     [0]             50107.0                                      # 
       ramulator.ramulator_active_cycles             4058040                                      # The total number of cycles that the DRAM part is active (serving R/W)
 ramulator.incoming_requests_per_channel            167415.0                                      # Number of incoming requests to each DRAM channel
                                     [0]            167415.0                                      # 
ramulator.incoming_read_reqs_per_channel            117308.0                                      # Number of incoming read requests to each DRAM channel
                                     [0]            117308.0                                      # 
     ramulator.physical_page_replacement                   0                                      # The number of times that physical page replacement happens.
             ramulator.maximum_bandwidth         19200000000                                      # The theoretical maximum bandwidth (Bps)
          ramulator.in_queue_req_num_sum           114522368                                      # Sum of read/write queue length
     ramulator.in_queue_read_req_num_sum            14082747                                      # Sum of read queue length
    ramulator.in_queue_write_req_num_sum           100439621                                      # Sum of write queue length
          ramulator.in_queue_req_num_avg           15.855815                                      # Average of read/write queue length per memory cycle
     ramulator.in_queue_read_req_num_avg            1.949780                                      # Average of read queue length per memory cycle
    ramulator.in_queue_write_req_num_avg           13.906035                                      # Average of write queue length per memory cycle
          ramulator.record_read_requests                 0.0                                      # record read requests for this core when it reaches request limit or to the end
                                     [0]                 0.0                                      # 
         ramulator.record_write_requests                 0.0                                      # record write requests for this core when it reaches request limit or to the end
                                     [0]                 0.0                                      # 
