               ramulator.active_cycles_0            35422598                                      # Total active cycles for level _0
                 ramulator.busy_cycles_0            35422598                                      # (All-bank refresh only. busy cycles only include refresh time in rank level) The sum of cycles that the DRAM part is active or under refresh for level _0
            ramulator.serving_requests_0           202899292                                      # The sum of read and write requests that are served in this DRAM element per memory cycle for level _0
    ramulator.average_serving_requests_0            5.641889                                      # The average of read and write requests that are served in this DRAM element per memory cycle for level _0
             ramulator.active_cycles_0_0            35422598                                      # Total active cycles for level _0_0
               ramulator.busy_cycles_0_0            35542298                                      # (All-bank refresh only. busy cycles only include refresh time in rank level) The sum of cycles that the DRAM part is active or under refresh for level _0_0
          ramulator.serving_requests_0_0           202899292                                      # The sum of read and write requests that are served in this DRAM element per memory cycle for level _0_0
  ramulator.average_serving_requests_0_0            5.641889                                      # The average of read and write requests that are served in this DRAM element per memory cycle for level _0_0
           ramulator.active_cycles_0_0_0            26957267                                      # Total active cycles for level _0_0_0
             ramulator.busy_cycles_0_0_0            26957267                                      # (All-bank refresh only. busy cycles only include refresh time in rank level) The sum of cycles that the DRAM part is active or under refresh for level _0_0_0
        ramulator.serving_requests_0_0_0            48781354                                      # The sum of read and write requests that are served in this DRAM element per memory cycle for level _0_0_0
ramulator.average_serving_requests_0_0_0            1.356431                                      # The average of read and write requests that are served in this DRAM element per memory cycle for level _0_0_0
         ramulator.active_cycles_0_0_0_0            11649925                                      # Total active cycles for level _0_0_0_0
           ramulator.busy_cycles_0_0_0_0            11649925                                      # (All-bank refresh only. busy cycles only include refresh time in rank level) The sum of cycles that the DRAM part is active or under refresh for level _0_0_0_0
      ramulator.serving_requests_0_0_0_0            12386657                                      # The sum of read and write requests that are served in this DRAM element per memory cycle for level _0_0_0_0
ramulator.average_serving_requests_0_0_0_0            0.344428                                      # The average of read and write requests that are served in this DRAM element per memory cycle for level _0_0_0_0
         ramulator.active_cycles_0_0_0_1            11903997                                      # Total active cycles for level _0_0_0_1
           ramulator.busy_cycles_0_0_0_1            11903997                                      # (All-bank refresh only. busy cycles only include refresh time in rank level) The sum of cycles that the DRAM part is active or under refresh for level _0_0_0_1
      ramulator.serving_requests_0_0_0_1            12514532                                      # The sum of read and write requests that are served in this DRAM element per memory cycle for level _0_0_0_1
ramulator.average_serving_requests_0_0_0_1            0.347983                                      # The average of read and write requests that are served in this DRAM element per memory cycle for level _0_0_0_1
         ramulator.active_cycles_0_0_0_2            12100015                                      # Total active cycles for level _0_0_0_2
           ramulator.busy_cycles_0_0_0_2            12100015                                      # (All-bank refresh only. busy cycles only include refresh time in rank level) The sum of cycles that the DRAM part is active or under refresh for level _0_0_0_2
      ramulator.serving_requests_0_0_0_2            13030662                                      # The sum of read and write requests that are served in this DRAM element per memory cycle for level _0_0_0_2
ramulator.average_serving_requests_0_0_0_2            0.362335                                      # The average of read and write requests that are served in this DRAM element per memory cycle for level _0_0_0_2
         ramulator.active_cycles_0_0_0_3            10546759                                      # Total active cycles for level _0_0_0_3
           ramulator.busy_cycles_0_0_0_3            10546759                                      # (All-bank refresh only. busy cycles only include refresh time in rank level) The sum of cycles that the DRAM part is active or under refresh for level _0_0_0_3
      ramulator.serving_requests_0_0_0_3            10849503                                      # The sum of read and write requests that are served in this DRAM element per memory cycle for level _0_0_0_3
ramulator.average_serving_requests_0_0_0_3            0.301685                                      # The average of read and write requests that are served in this DRAM element per memory cycle for level _0_0_0_3
           ramulator.active_cycles_0_0_1            28489846                                      # Total active cycles for level _0_0_1
             ramulator.busy_cycles_0_0_1            28489846                                      # (All-bank refresh only. busy cycles only include refresh time in rank level) The sum of cycles that the DRAM part is active or under refresh for level _0_0_1
        ramulator.serving_requests_0_0_1            54850599                                      # The sum of read and write requests that are served in this DRAM element per memory cycle for level _0_0_1
ramulator.average_serving_requests_0_0_1            1.525195                                      # The average of read and write requests that are served in this DRAM element per memory cycle for level _0_0_1
         ramulator.active_cycles_0_0_1_0            12424254                                      # Total active cycles for level _0_0_1_0
           ramulator.busy_cycles_0_0_1_0            12424254                                      # (All-bank refresh only. busy cycles only include refresh time in rank level) The sum of cycles that the DRAM part is active or under refresh for level _0_0_1_0
      ramulator.serving_requests_0_0_1_0            13160433                                      # The sum of read and write requests that are served in this DRAM element per memory cycle for level _0_0_1_0
ramulator.average_serving_requests_0_0_1_0            0.365944                                      # The average of read and write requests that are served in this DRAM element per memory cycle for level _0_0_1_0
         ramulator.active_cycles_0_0_1_1            13529252                                      # Total active cycles for level _0_0_1_1
           ramulator.busy_cycles_0_0_1_1            13529252                                      # (All-bank refresh only. busy cycles only include refresh time in rank level) The sum of cycles that the DRAM part is active or under refresh for level _0_0_1_1
      ramulator.serving_requests_0_0_1_1            14683101                                      # The sum of read and write requests that are served in this DRAM element per memory cycle for level _0_0_1_1
ramulator.average_serving_requests_0_0_1_1            0.408283                                      # The average of read and write requests that are served in this DRAM element per memory cycle for level _0_0_1_1
         ramulator.active_cycles_0_0_1_2            12302665                                      # Total active cycles for level _0_0_1_2
           ramulator.busy_cycles_0_0_1_2            12302665                                      # (All-bank refresh only. busy cycles only include refresh time in rank level) The sum of cycles that the DRAM part is active or under refresh for level _0_0_1_2
      ramulator.serving_requests_0_0_1_2            13153288                                      # The sum of read and write requests that are served in this DRAM element per memory cycle for level _0_0_1_2
ramulator.average_serving_requests_0_0_1_2            0.365745                                      # The average of read and write requests that are served in this DRAM element per memory cycle for level _0_0_1_2
         ramulator.active_cycles_0_0_1_3            12964629                                      # Total active cycles for level _0_0_1_3
           ramulator.busy_cycles_0_0_1_3            12964629                                      # (All-bank refresh only. busy cycles only include refresh time in rank level) The sum of cycles that the DRAM part is active or under refresh for level _0_0_1_3
      ramulator.serving_requests_0_0_1_3            13853777                                      # The sum of read and write requests that are served in this DRAM element per memory cycle for level _0_0_1_3
ramulator.average_serving_requests_0_0_1_3            0.385223                                      # The average of read and write requests that are served in this DRAM element per memory cycle for level _0_0_1_3
           ramulator.active_cycles_0_0_2            27173429                                      # Total active cycles for level _0_0_2
             ramulator.busy_cycles_0_0_2            27173429                                      # (All-bank refresh only. busy cycles only include refresh time in rank level) The sum of cycles that the DRAM part is active or under refresh for level _0_0_2
        ramulator.serving_requests_0_0_2            49400854                                      # The sum of read and write requests that are served in this DRAM element per memory cycle for level _0_0_2
ramulator.average_serving_requests_0_0_2            1.373657                                      # The average of read and write requests that are served in this DRAM element per memory cycle for level _0_0_2
         ramulator.active_cycles_0_0_2_0            13238701                                      # Total active cycles for level _0_0_2_0
           ramulator.busy_cycles_0_0_2_0            13238701                                      # (All-bank refresh only. busy cycles only include refresh time in rank level) The sum of cycles that the DRAM part is active or under refresh for level _0_0_2_0
      ramulator.serving_requests_0_0_2_0            13995247                                      # The sum of read and write requests that are served in this DRAM element per memory cycle for level _0_0_2_0
ramulator.average_serving_requests_0_0_2_0            0.389157                                      # The average of read and write requests that are served in this DRAM element per memory cycle for level _0_0_2_0
         ramulator.active_cycles_0_0_2_1            10479995                                      # Total active cycles for level _0_0_2_1
           ramulator.busy_cycles_0_0_2_1            10479995                                      # (All-bank refresh only. busy cycles only include refresh time in rank level) The sum of cycles that the DRAM part is active or under refresh for level _0_0_2_1
      ramulator.serving_requests_0_0_2_1            10805827                                      # The sum of read and write requests that are served in this DRAM element per memory cycle for level _0_0_2_1
ramulator.average_serving_requests_0_0_2_1            0.300471                                      # The average of read and write requests that are served in this DRAM element per memory cycle for level _0_0_2_1
         ramulator.active_cycles_0_0_2_2            12280719                                      # Total active cycles for level _0_0_2_2
           ramulator.busy_cycles_0_0_2_2            12280719                                      # (All-bank refresh only. busy cycles only include refresh time in rank level) The sum of cycles that the DRAM part is active or under refresh for level _0_0_2_2
      ramulator.serving_requests_0_0_2_2            12880550                                      # The sum of read and write requests that are served in this DRAM element per memory cycle for level _0_0_2_2
ramulator.average_serving_requests_0_0_2_2            0.358161                                      # The average of read and write requests that are served in this DRAM element per memory cycle for level _0_0_2_2
         ramulator.active_cycles_0_0_2_3            11164131                                      # Total active cycles for level _0_0_2_3
           ramulator.busy_cycles_0_0_2_3            11164131                                      # (All-bank refresh only. busy cycles only include refresh time in rank level) The sum of cycles that the DRAM part is active or under refresh for level _0_0_2_3
      ramulator.serving_requests_0_0_2_3            11719169                                      # The sum of read and write requests that are served in this DRAM element per memory cycle for level _0_0_2_3
ramulator.average_serving_requests_0_0_2_3            0.325867                                      # The average of read and write requests that are served in this DRAM element per memory cycle for level _0_0_2_3
           ramulator.active_cycles_0_0_3            27315671                                      # Total active cycles for level _0_0_3
             ramulator.busy_cycles_0_0_3            27315671                                      # (All-bank refresh only. busy cycles only include refresh time in rank level) The sum of cycles that the DRAM part is active or under refresh for level _0_0_3
        ramulator.serving_requests_0_0_3            49866461                                      # The sum of read and write requests that are served in this DRAM element per memory cycle for level _0_0_3
ramulator.average_serving_requests_0_0_3            1.386604                                      # The average of read and write requests that are served in this DRAM element per memory cycle for level _0_0_3
         ramulator.active_cycles_0_0_3_0            11820281                                      # Total active cycles for level _0_0_3_0
           ramulator.busy_cycles_0_0_3_0            11820281                                      # (All-bank refresh only. busy cycles only include refresh time in rank level) The sum of cycles that the DRAM part is active or under refresh for level _0_0_3_0
      ramulator.serving_requests_0_0_3_0            12381856                                      # The sum of read and write requests that are served in this DRAM element per memory cycle for level _0_0_3_0
ramulator.average_serving_requests_0_0_3_0            0.344294                                      # The average of read and write requests that are served in this DRAM element per memory cycle for level _0_0_3_0
         ramulator.active_cycles_0_0_3_1            12468504                                      # Total active cycles for level _0_0_3_1
           ramulator.busy_cycles_0_0_3_1            12468504                                      # (All-bank refresh only. busy cycles only include refresh time in rank level) The sum of cycles that the DRAM part is active or under refresh for level _0_0_3_1
      ramulator.serving_requests_0_0_3_1            13414382                                      # The sum of read and write requests that are served in this DRAM element per memory cycle for level _0_0_3_1
ramulator.average_serving_requests_0_0_3_1            0.373005                                      # The average of read and write requests that are served in this DRAM element per memory cycle for level _0_0_3_1
         ramulator.active_cycles_0_0_3_2            12504956                                      # Total active cycles for level _0_0_3_2
           ramulator.busy_cycles_0_0_3_2            12504956                                      # (All-bank refresh only. busy cycles only include refresh time in rank level) The sum of cycles that the DRAM part is active or under refresh for level _0_0_3_2
      ramulator.serving_requests_0_0_3_2            13127360                                      # The sum of read and write requests that are served in this DRAM element per memory cycle for level _0_0_3_2
ramulator.average_serving_requests_0_0_3_2            0.365024                                      # The average of read and write requests that are served in this DRAM element per memory cycle for level _0_0_3_2
         ramulator.active_cycles_0_0_3_3            10639519                                      # Total active cycles for level _0_0_3_3
           ramulator.busy_cycles_0_0_3_3            10639519                                      # (All-bank refresh only. busy cycles only include refresh time in rank level) The sum of cycles that the DRAM part is active or under refresh for level _0_0_3_3
      ramulator.serving_requests_0_0_3_3            10942863                                      # The sum of read and write requests that are served in this DRAM element per memory cycle for level _0_0_3_3
ramulator.average_serving_requests_0_0_3_3            0.304281                                      # The average of read and write requests that are served in this DRAM element per memory cycle for level _0_0_3_3
      ramulator.read_transaction_bytes_0           186549440                                      # The total byte of read transaction per channel
     ramulator.write_transaction_bytes_0             4940800                                      # The total byte of write transaction per channel
       ramulator.row_hits_channel_0_core              113270                                      # Number of row hits per channel per core
     ramulator.row_misses_channel_0_core               59257                                      # Number of row misses per channel per core
  ramulator.row_conflicts_channel_0_core             2819508                                      # Number of row conflicts per channel per core
  ramulator.read_row_hits_channel_0_core              107915                                      # Number of row hits for read requests per channel per core
                                     [0]            107915.0                                      # 
ramulator.read_row_misses_channel_0_core               55726                                      # Number of row misses for read requests per channel per core
                                     [0]             55726.0                                      # 
ramulator.read_row_conflicts_channel_0_core             2751194                                      # Number of row conflicts for read requests per channel per core
                                     [0]           2751194.0                                      # 
 ramulator.write_row_hits_channel_0_core                5355                                      # Number of row hits for write requests per channel per core
                                     [0]              5355.0                                      # 
ramulator.write_row_misses_channel_0_core                3531                                      # Number of row misses for write requests per channel per core
                                     [0]              3531.0                                      # 
ramulator.write_row_conflicts_channel_0_core               68314                                      # Number of row conflicts for write requests per channel per core
                                     [0]             68314.0                                      # 
      ramulator.useless_activates_0_core                 132                                      # Number of useless activations. E.g, ACT -> PRE w/o RD or WR
            ramulator.read_latency_avg_0           79.582300                                      # The average memory latency cycles (in memory time domain) per request for all read requests in this channel
            ramulator.read_latency_sum_0           232017022                                      # The memory latency cycles (in memory time domain) sum for all read requests in this channel
        ramulator.req_queue_length_avg_0           20.253507                                      # Average of read and write queue length per memory cycle per channel.
        ramulator.req_queue_length_sum_0           728377054                                      # Sum of read and write queue length per memory cycle per channel.
   ramulator.read_req_queue_length_avg_0            5.200639                                      # Read queue length average per memory cycle per channel.
   ramulator.read_req_queue_length_sum_0           187030623                                      # Read queue length sum per memory cycle per channel.
  ramulator.write_req_queue_length_avg_0           15.052868                                      # Write queue length average per memory cycle per channel.
  ramulator.write_req_queue_length_sum_0           541346431                                      # Write queue length sum per memory cycle per channel.
              ramulator.record_read_hits                 0.0                                      # record read hit count for this core when it reaches request limit or to the end
                                     [0]                 0.0                                      # 
            ramulator.record_read_misses                 0.0                                      # record_read_miss count for this core when it reaches request limit or to the end
                                     [0]                 0.0                                      # 
         ramulator.record_read_conflicts                 0.0                                      # record read conflict count for this core when it reaches request limit or to the end
                                     [0]                 0.0                                      # 
             ramulator.record_write_hits                 0.0                                      # record write hit count for this core when it reaches request limit or to the end
                                     [0]                 0.0                                      # 
           ramulator.record_write_misses                 0.0                                      # record write miss count for this core when it reaches request limit or to the end
                                     [0]                 0.0                                      # 
        ramulator.record_write_conflicts                 0.0                                      # record write conflict for this core when it reaches request limit or to the end
                                     [0]                 0.0                                      # 
                 ramulator.dram_capacity          8589934592                                      # Number of bytes in simulated DRAM
                   ramulator.dram_cycles            35963009                                      # Number of DRAM cycles simulated
             ramulator.incoming_requests             2992639                                      # Number of incoming requests to DRAM
                 ramulator.read_requests             2915435                                      # Number of incoming read requests to DRAM per core
                                     [0]           2915435.0                                      # 
                ramulator.write_requests               77204                                      # Number of incoming write requests to DRAM per core
                                     [0]             77204.0                                      # 
       ramulator.ramulator_active_cycles            35422598                                      # The total number of cycles that the DRAM part is active (serving R/W)
 ramulator.incoming_requests_per_channel           2992639.0                                      # Number of incoming requests to each DRAM channel
                                     [0]           2992639.0                                      # 
ramulator.incoming_read_reqs_per_channel           2915435.0                                      # Number of incoming read requests to each DRAM channel
                                     [0]           2915435.0                                      # 
     ramulator.physical_page_replacement                   0                                      # The number of times that physical page replacement happens.
             ramulator.maximum_bandwidth         19200000000                                      # The theoretical maximum bandwidth (Bps)
          ramulator.in_queue_req_num_sum           728377054                                      # Sum of read/write queue length
     ramulator.in_queue_read_req_num_sum           187030623                                      # Sum of read queue length
    ramulator.in_queue_write_req_num_sum           541346431                                      # Sum of write queue length
          ramulator.in_queue_req_num_avg           20.253507                                      # Average of read/write queue length per memory cycle
     ramulator.in_queue_read_req_num_avg            5.200639                                      # Average of read queue length per memory cycle
    ramulator.in_queue_write_req_num_avg           15.052868                                      # Average of write queue length per memory cycle
          ramulator.record_read_requests                 0.0                                      # record read requests for this core when it reaches request limit or to the end
                                     [0]                 0.0                                      # 
         ramulator.record_write_requests                 0.0                                      # record write requests for this core when it reaches request limit or to the end
                                     [0]                 0.0                                      # 
