/* -*- Mode: c -*- */
####################################################################################################
Core 0
####################################################################################################
Cumulative:        Cycles: 9710256               Instructions: 30000000              IPC: 3.08952

DCACHE_PREF_HIT                                      0                              0              

IFETCH_WB_FIRST_SCHEDULE                             0         -nan%                0         -nan%
PREFETCH_LAST_SCHEDULE                               0         -nan%                0         -nan%
DEMAND_PASS_PREF_SCHEDULE                            0         -nan%                0         -nan%
DEMAND_PASS_LOW_OP_SCHEDULE                          0         -nan%                0         -nan%
DEMAND_LAST_SCHEDULE                                 0         -nan%                0         -nan%
                                                     0         -nan%                0         -nan%
                                                  -nan         -nan              -nan         -nan

SEND_MISS_REQ_QUEUE                              32333                          32333              

L1_DATA_EVICT                                     6528                           6528              

STREAM_BUFFER_REQ                                    0                              0              

PREF_SEND_TO_MEM_REQ                                 0         -nan%                0         -nan%
PREF_SEND_TO_MEM_REQ_FAIL                            0         -nan%                0         -nan%
                                                     0         -nan%                0         -nan%
                                                  -nan         -nan              -nan         -nan

HIT_TRAIN_STREAM                                 27784       83.151%            27784       83.151%
MISS_TRAIN_STREAM                                 5630       16.849%             5630       16.849%
                                                 33414      100.000%            33414      100.000%
                                                  0.17         0.35              0.17         0.35

STREAM_TRAIN_CREATE                               4505                           4505              

MEM_REQ_MISS_HWP_PREF_Q                              0         -nan%                0         -nan%
MEM_REQ_MISS_SW_PREF_Q                               0         -nan%                0         -nan%
MEM_REQ_MISS_IFETCH_Q                                0         -nan%                0         -nan%
MEM_REQ_MISS_DFETCH_Q                                0         -nan%                0         -nan%
MEM_REQ_MISS_DSTORE_Q                                0         -nan%                0         -nan%
MEM_REQ_MISS_DPRF_Q                                  0         -nan%                0         -nan%
MEM_REQ_MISS_WB_Q                                    0         -nan%                0         -nan%
                                                     0         -nan%                0         -nan%
                                                  -nan         -nan              -nan         -nan

PREF_HIT_BY_DEMAND_IFETCH                            0         -nan%                0         -nan%
PREF_HIT_BY_DEMAND_DFETCH                            0         -nan%                0         -nan%
PREF_HIT_BY_DEMAND_DSTORE                            0         -nan%                0         -nan%
PREF_HIT_BY_DEMAND_IPREF                             0         -nan%                0         -nan%
PREF_HIT_BY_DEMAND_DPRF                              0         -nan%                0         -nan%
PREF_HIT_BY_DEMAND_WB                                0         -nan%                0         -nan%
PREF_HIT_BY_PREF                                     0         -nan%                0         -nan%
                                                     0         -nan%                0         -nan%
                                                  -nan         -nan              -nan         -nan

PREF_HIT_DEMAND_IFETCH                               0         -nan%                0         -nan%
PREF_HIT_DEMAND_DFETCH                               0         -nan%                0         -nan%
PREF_HIT_DEMAND_DSTORE                               0         -nan%                0         -nan%
PREF_HIT_DEMAND_IPREF                                0         -nan%                0         -nan%
PREF_HIT_DEMAND_DPRF                                 0         -nan%                0         -nan%
PREF_HIT_DEMAND_WB                                   0         -nan%                0         -nan%
                                                     0         -nan%                0         -nan%
                                                  -nan         -nan              -nan         -nan

PREF_L1_FILL                                         0         -nan%                0         -nan%
DEMAND_L1_FILL                                       0         -nan%                0         -nan%
                                                     0         -nan%                0         -nan%
                                                  -nan         -nan              -nan         -nan

TOUCH_L1_REPLACE                                     0        0.000%                0        0.000%
NO_TOUCH_L1_REPLACE                               6528      100.000%             6528      100.000%
                                                  6528      100.000%             6528      100.000%
                                                  1.00         1.00              1.00         1.00

PREF_REQ_QUE_FULL                                    0                              0              

STREAM_REQ_QUEUE_HIT_BY_DEMAND                       0                              0              

L2HIT_STREAM_PREF_REQ_QUE_FULL                       0                              0              

L2HIT_HIT_TRAIN_STREAM                               0         -nan%                0         -nan%
L2HIT_MISS_TRAIN_STREAM                              0         -nan%                0         -nan%
                                                     0         -nan%                0         -nan%
                                                  -nan         -nan              -nan         -nan

L2HIT_STREAM_TRAIN_CREATE                            0                              0              

L2HIT_STREAM_BUFFER_REQ                              0                              0              

L2HIT_STREAM_PREF_DCACHE_HIT                         0         -nan%                0         -nan%
L2HIT_STREAM_PREF_DCACHE_INSERT                      0         -nan%                0         -nan%
L2HIT_STREAM_L2_MISS                                 0         -nan%                0         -nan%
                                                     0         -nan%                0         -nan%
                                                  -nan         -nan              -nan         -nan

L2HIT_STREAM_DCACHE_PORT_FULL                        0                              0              

L2HIT_STREAM_PREF_L1_PORT_FULL                       0                              0              

L2HIT_TRAIN_HIT_DEMAND                               0         -nan%                0         -nan%
L2HIT_TRAIN_MISS_REQ                                 0         -nan%                0         -nan%
                                                     0         -nan%                0         -nan%
                                                  -nan         -nan              -nan         -nan

L2HIT_TRAIN_FILTER_MISS                              0         -nan%                0         -nan%
L2HIT_TRAIN_FILTER_HIT                               0         -nan%                0         -nan%
                                                     0         -nan%                0         -nan%
                                                  -nan         -nan              -nan         -nan

L2HIT_PREF_REQ_DCACHE_HIT                            0         -nan%                0         -nan%
L2HIT_PREF_REQ_DCACHE_MISS                           0         -nan%                0         -nan%
                                                     0         -nan%                0         -nan%
                                                  -nan         -nan              -nan         -nan

L2HIT_L2SEND_Q_FULL                                  0         -nan%                0         -nan%
L2HIT_L2SEND_Q_ENTER                                 0         -nan%                0         -nan%
                                                     0         -nan%                0         -nan%
                                                  -nan         -nan              -nan         -nan

L2HIT_MEM_REQ                                        0                              0              

REMOVE_REDUNDANT_STREAM_STAT                         0                              0              

REPLACE_OLD_STREAM                                4489                           4489              

REQ_SEND_QUEUE_STALL                                 0                              0              

STREAM_ENTER_RA                                      0                              0              

CORE_STREAM_LENGTH_0                                 9        5.488%                9        5.488%
CORE_STREAM_LENGTH_10                               28       17.073%               28       17.073%
CORE_STREAM_LENGTH_20                               16        9.756%               16        9.756%
CORE_STREAM_LENGTH_30                                5        3.049%                5        3.049%
CORE_STREAM_LENGTH_40                                6        3.659%                6        3.659%
CORE_STREAM_LENGTH_50                               63       38.415%               63       38.415%
CORE_STREAM_LENGTH_60                                7        4.268%                7        4.268%
CORE_STREAM_LENGTH_70                                3        1.829%                3        1.829%
CORE_STREAM_LENGTH_80                                5        3.049%                5        3.049%
CORE_STREAM_LENGTH_90                                1        0.610%                1        0.610%
CORE_STREAM_LENGTH_100_P                            21       12.805%               21       12.805%
                                                   164      100.000%              164      100.000%
                                                  4.49         3.18              4.49         3.18

CORE_CUM_STREAM_LENGTH_0                            62        0.196%               62        0.196%
CORE_CUM_STREAM_LENGTH_10                          421        1.333%              421        1.333%
CORE_CUM_STREAM_LENGTH_20                          385        1.219%              385        1.219%
CORE_CUM_STREAM_LENGTH_30                          178        0.564%              178        0.564%
CORE_CUM_STREAM_LENGTH_40                          269        0.852%              269        0.852%
CORE_CUM_STREAM_LENGTH_50                         3333       10.554%             3333       10.554%
CORE_CUM_STREAM_LENGTH_60                          460        1.457%              460        1.457%
CORE_CUM_STREAM_LENGTH_70                          213        0.674%              213        0.674%
CORE_CUM_STREAM_LENGTH_80                          426        1.349%              426        1.349%
CORE_CUM_STREAM_LENGTH_90                           96        0.304%               96        0.304%
CORE_CUM_STREAM_LENGTH_100_P                     25737       81.498%            25737       81.498%
                                                 31580      100.000%            31580      100.000%
                                                  9.04         8.43              9.04         8.43

CORE_STREAM_TRAIN_HITS_0                            39       23.780%               39       23.780%
CORE_STREAM_TRAIN_HITS_10                           16        9.756%               16        9.756%
CORE_STREAM_TRAIN_HITS_20                            9        5.488%                9        5.488%
CORE_STREAM_TRAIN_HITS_30                           66       40.244%               66       40.244%
CORE_STREAM_TRAIN_HITS_40                            4        2.439%                4        2.439%
CORE_STREAM_TRAIN_HITS_50                            7        4.268%                7        4.268%
CORE_STREAM_TRAIN_HITS_60                            4        2.439%                4        2.439%
CORE_STREAM_TRAIN_HITS_70                            2        1.220%                2        1.220%
CORE_STREAM_TRAIN_HITS_80                            0        0.000%                0        0.000%
CORE_STREAM_TRAIN_HITS_90                            0        0.000%                0        0.000%
CORE_STREAM_TRAIN_HITS_100_P                        17       10.366%               17       10.366%
                                                   164      100.000%              164      100.000%
                                                  2.99         2.67              2.99         2.67

CORE_CUM_STREAM_TRAIN_HITS_0                       241        0.847%              241        0.847%
CORE_CUM_STREAM_TRAIN_HITS_10                      214        0.752%              214        0.752%
CORE_CUM_STREAM_TRAIN_HITS_20                      231        0.812%              231        0.812%
CORE_CUM_STREAM_TRAIN_HITS_30                     2340        8.228%             2340        8.228%
CORE_CUM_STREAM_TRAIN_HITS_40                      178        0.626%              178        0.626%
CORE_CUM_STREAM_TRAIN_HITS_50                      384        1.350%              384        1.350%
CORE_CUM_STREAM_TRAIN_HITS_60                      256        0.900%              256        0.900%
CORE_CUM_STREAM_TRAIN_HITS_70                      156        0.549%              156        0.549%
CORE_CUM_STREAM_TRAIN_HITS_80                        0        0.000%                0        0.000%
CORE_CUM_STREAM_TRAIN_HITS_90                        0        0.000%                0        0.000%
CORE_CUM_STREAM_TRAIN_HITS_100_P                 24440       85.935%            24440       85.935%
                                                 28440      100.000%            28440      100.000%
                                                  9.05         8.69              9.05         8.69

CORE_STREAM_TRAIN_CREATE                          4505                           4505              



