/* -*- Mode: c -*- */
####################################################################################################
Core 0
####################################################################################################
Cumulative:        Cycles: 96500292              Instructions: 30000002              IPC: 0.31088

ST_OP_INV                                            0        0.000%                0        0.000%
ST_OP_NOP                                        26780        0.078%            26780        0.078%
ST_OP_CF                                       9483738       27.722%          9483738       27.722%
ST_OP_MOV                                       314620        0.920%           314620        0.920%
ST_OP_CMOV                                        6103        0.018%             6103        0.018%
ST_OP_LDA                                        67728        0.198%            67728        0.198%
ST_OP_IMEM                                    12641056       36.952%         12641056       36.952%
ST_OP_IADD                                     5904082       17.259%          5904082       17.259%
ST_OP_IMUL                                         323        0.001%              323        0.001%
ST_OP_IDIV                                           0        0.000%                0        0.000%
ST_OP_ICMP                                     3526527       10.309%          3526527       10.309%
ST_OP_LOGIC                                    2192651        6.409%          2192651        6.409%
ST_OP_SHIFT                                      46067        0.135%            46067        0.135%
ST_OP_FMEM                                           0        0.000%                0        0.000%
ST_OP_FCVT                                           0        0.000%                0        0.000%
ST_OP_FADD                                           0        0.000%                0        0.000%
ST_OP_FMUL                                           0        0.000%                0        0.000%
ST_OP_FMA                                            0        0.000%                0        0.000%
ST_OP_FDIV                                           0        0.000%                0        0.000%
ST_OP_FCMP                                           0        0.000%                0        0.000%
ST_OP_FCMOV                                          0        0.000%                0        0.000%
ST_OP_GATHER                                         0        0.000%                0        0.000%
ST_OP_SCATTER                                        0        0.000%                0        0.000%
ST_OP_PIPELINED_FAST                                 0        0.000%                0        0.000%
ST_OP_PIPELINED_MEDIUM                               0        0.000%                0        0.000%
ST_OP_PIPELINED_SLOW                                 0        0.000%                0        0.000%
ST_OP_NOTPIPELINED_MEDIUM                            0        0.000%                0        0.000%
ST_OP_NOTPIPELINED_SLOW                              0        0.000%                0        0.000%
ST_OP_NOTPIPELINED_VERY_SLOW                         0        0.000%                0        0.000%
                                              34209675      100.000%         34209675      100.000%
                                                  5.77         2.82              5.77         2.82

ST_NOT_CF                                     24725937       72.278%         24725937       72.278%
ST_CF_BR                                        100113        0.293%           100113        0.293%
ST_CF_CBR                                      9370165       27.390%          9370165       27.390%
ST_CF_CALL                                        6730        0.020%             6730        0.020%
ST_CF_IBR                                            0        0.000%                0        0.000%
ST_CF_ICALL                                          0        0.000%                0        0.000%
ST_CF_ICO                                            0        0.000%                0        0.000%
ST_CF_RET                                         6730        0.020%             6730        0.020%
ST_CF_SYS                                            0        0.000%                0        0.000%
                                              34209675      100.000%         34209675      100.000%
                                                  0.55         0.76              0.55         0.76

ST_BAR_NONE                                   34209675      100.000%         34209675      100.000%
ST_BAR_FETCH                                         0        0.000%                0        0.000%
ST_BAR_ISSUE                                         0        0.000%                0        0.000%
ST_BAR_BOTH                                          0        0.000%                0        0.000%
                                              34209675      100.000%         34209675      100.000%
                                                  0.00         0.00              0.00         0.00

ST_NOT_MEM                                    21568619       63.048%         21568619       63.048%
ST_MEM_LD                                     12356239       36.119%         12356239       36.119%
ST_MEM_ST                                       284817        0.833%           284817        0.833%
ST_MEM_PF                                            0        0.000%                0        0.000%
ST_MEM_WH                                            0        0.000%                0        0.000%
ST_MEM_EVICT                                         0        0.000%                0        0.000%
                                              34209675      100.000%         34209675      100.000%
                                                  0.38         0.40              0.38         0.40

ST_NOT_MEM_OFFPATH                           117199088       64.565%        117199088       64.565%
ST_MEM_LD_OFFPATH                             63942763       35.226%         63942763       35.226%
ST_MEM_ST_OFFPATH                               379325        0.209%           379325        0.209%
ST_MEM_PF_OFFPATH                                    0        0.000%                0        0.000%
ST_MEM_WH_OFFPATH                                    0        0.000%                0        0.000%
ST_MEM_EVIC_OFFPATHT                                 0        0.000%                0        0.000%
                                             181521176      100.000%        181521176      100.000%
                                                  0.36         0.39              0.36         0.39

ST_OP_ONPATH                                  34209675                       34209675              

ST_OP_OFFPATH                                181521176                      181521176              

ST_FAKE_OP_OFFPATH                               22975        0.013%            22975        0.013%
ST_NOT_FAKE_OP_OFFPATH                       181498201       99.987%        181498201       99.987%
                                             181521176      100.000%        181521176      100.000%
                                                  1.00         1.00              1.00         1.00

ST_FAKE_REASON_NOT_FAKE                      181498201       99.987%        181498201       99.987%
ST_FAKE_REASON_REDIRECT_TO_NOT_INSTRUMENTED           150        0.000%              150        0.000%
ST_FAKE_REASON_RETURN_TO_NOT_INSTRUMENTED           948        0.001%              948        0.001%
ST_FAKE_REASON_NONRET_CF_TO_NOT_INSTRUMENTED         19735        0.011%            19735        0.011%
ST_FAKE_REASON_NOT_TAKEN_TO_NOT_INSTRUMENTED             0        0.000%                0        0.000%
ST_FAKE_REASON_WRONG_PATH_STORE_TO_NEW_REGION          2142        0.001%             2142        0.001%
                                             181521176      100.000%        181521176      100.000%
                                                  0.00         0.04              0.00         0.04

ST_INST_ONPATH                                30000059                       30000059              

ST_INST_OFFPATH                              160416060                      160416060              

STATIC_PIN_NOP                                       0                              0              

DYNAMIC_PIN_REP_GREATER_256                          0                              0              



