/* -*- Mode: c -*- */
####################################################################################################
Core 0
####################################################################################################
Cumulative:        Cycles: 30380719              Instructions: 30000000              IPC: 0.98747

EXECUTION_TIME                           9493974687500                  9493974687500              

NODE_CYCLE                                    30380719                       30380719              

NODE_INST_COUNT                               30000000                       30000000              

NODE_UOP_COUNT                                34103659                       34103659              

FULL_WINDOW_STALL                             17545307       57.751%         17545307       57.751%

FULL_WINDOW_MEM_OP                            16652948       99.987%         16652948       99.987%
FULL_WINDOW_FP_OP                                    0        0.000%                0        0.000%
FULL_WINDOW_OTHER_OP                              2193        0.013%             2193        0.013%
                                              16655141      100.000%         16655141      100.000%
                                                  0.00         0.02              0.00         0.02

RET_BLOCKED_DC_MISS                           17368529       57.170%         17368529       57.170%

RET_BLOCKED_L1_MISS                           13562685       44.642%         13562685       44.642%

RET_BLOCKED_L1_MISS_BW_PREF                     113725        0.374%           113725        0.374%

RET_BLOCKED_L1_ACCESS                          3805880       12.527%          3805880       12.527%

RET_BLOCKED_MEM_STALL                         13569298       44.664%         13569298       44.664%

RET_BLOCKED_OFFCHIP_DEMAND                           0        0.000%                0        0.000%

OP_ISSUED                                     50047715                       50047715              

OP_RETIRED                                    34103659                       34103659              

REPLAY_SIGNALED                                      0                              0              

REPLAY_COUNTED                                       0                              0              

OFF_CRITICAL_PATH                                    0         -nan%                0         -nan%
ON_CRITICAL_PATH                                     0         -nan%                0         -nan%
                                                     0         -nan%                0         -nan%
                                                  -nan         -nan              -nan         -nan

LD_NO_DEPENDENTS                                   811        0.011%              811        0.011%
LD_DEPENDENTS                                  7415053       99.989%          7415053       99.989%
                                               7415864      100.000%          7415864      100.000%
                                                  1.00         1.00              1.00         1.00

LD_EXEC_CYCLES_0                                     0        0.000%                0        0.000%
LD_EXEC_CYCLES_1                                     0        0.000%                0        0.000%
LD_EXEC_CYCLES_2                                     0        0.000%                0        0.000%
LD_EXEC_CYCLES_3                               5510596       86.028%          5510596       86.028%
LD_EXEC_CYCLES_4                                894968       13.972%           894968       13.972%
                                               6405564      100.000%          6405564      100.000%
                                                  3.14         1.22              3.14         1.22

FU_BUSY_0                                     12124989                       12124989              

FU_BUSY_1                                     10045810                       10045810              

FU_BUSY_2                                      7245117                        7245117              

FU_BUSY_3                                      5376202                        5376202              

FU_BUSY_4                                      3599331                        3599331              

FU_BUSY_5                                      2366077                        2366077              

FU_BUSY_6                                      1410577                        1410577              

FU_BUSY_7                                       858831                         858831              

FU_BUSY_8                                            0                              0              

FU_BUSY_9                                            0                              0              

FU_BUSY_10                                           0                              0              

FU_BUSY_11                                           0                              0              

FU_BUSY_12                                           0                              0              

FU_BUSY_13                                           0                              0              

FU_BUSY_14                                           0                              0              

FU_BUSY_15                                           0                              0              

FU_BUSY_16                                           0                              0              

FU_BUSY_17                                           0                              0              

FU_BUSY_18                                           0                              0              

FU_BUSY_19                                           0                              0              

FU_BUSY_20                                           0                              0              

FU_BUSY_21                                           0                              0              

FU_BUSY_22                                           0                              0              

FU_BUSY_23                                           0                              0              

FU_BUSY_24                                           0                              0              

FU_BUSY_25                                           0                              0              

FU_BUSY_26                                           0                              0              

FU_BUSY_27                                           0                              0              

FU_BUSY_28                                           0                              0              

FU_BUSY_29                                           0                              0              

FU_BUSY_30                                           0                              0              

FU_BUSY_31                                           0                              0              

OP_WAIT_0                                     23932130                       23932130              

OP_WAIT_1                                      7968141                        7968141              

OP_WAIT_2                                       653847                         653847              

OP_WAIT_3                                       202697                         202697              

OP_WAIT_4                                        84361                          84361              

OP_WAIT_5                                       203388                         203388              

OP_WAIT_6                                       410211                         410211              

OP_WAIT_7                                        20824                          20824              

OP_WAIT_8                                        12209                          12209              

OP_WAIT_9                                        12479                          12479              

OP_WAIT_10                                       13030                          13030              

OP_WAIT_11                                        7175                           7175              

OP_WAIT_12                                        9679                           9679              

OP_WAIT_13                                        3202                           3202              

OP_WAIT_14                                       80076                          80076              

OP_WAIT_15                                        5095                           5095              

OP_WAIT_16                                       76314                          76314              

OP_WAIT_17                                        1415                           1415              

OP_WAIT_18                                        3637                           3637              

OP_WAIT_19                                        2577                           2577              

OP_WAIT_20                                        6893                           6893              

OP_WAIT_21                                        6932                           6932              

OP_WAIT_22                                      147541                         147541              

OP_WAIT_23                                        1051                           1051              

OP_WAIT_24                                         631                            631              

OP_WAIT_25                                         235                            235              

OP_WAIT_26                                         235                            235              

OP_WAIT_27                                         330                            330              

OP_WAIT_28                                         375                            375              

OP_WAIT_29                                         532                            532              

OP_WAIT_30                                         311                            311              

OP_WAIT_31                                      236106                         236106              

ROW_SIZE_0                                    19916153                       19916153              

ROW_SIZE_1                                     2073155                        2073155              

ROW_SIZE_2                                      998389                         998389              

ROW_SIZE_3                                      831611                         831611              

ROW_SIZE_4                                      444800                         444800              

ROW_SIZE_5                                      213545                         213545              

ROW_SIZE_6                                     4115328                        4115328              

ROW_SIZE_7                                           0                              0              

ROW_SIZE_8                                           0                              0              

ROW_SIZE_9                                           0                              0              

ROW_SIZE_10                                          0                              0              

ROW_SIZE_11                                          0                              0              

ROW_SIZE_12                                          0                              0              

ROW_SIZE_13                                          0                              0              

ROW_SIZE_14                                          0                              0              

ROW_SIZE_15                                          0                              0              

ROW_SIZE_16                                          0                              0              

ROW_SIZE_17                                          0                              0              

ROW_SIZE_18                                          0                              0              

ROW_SIZE_19                                          0                              0              

ROW_SIZE_20                                          0                              0              

ROW_SIZE_21                                          0                              0              

ROW_SIZE_22                                          0                              0              

ROW_SIZE_23                                          0                              0              

ROW_SIZE_24                                          0                              0              

ROW_SIZE_25                                          0                              0              

ROW_SIZE_26                                          0                              0              

ROW_SIZE_27                                          0                              0              

ROW_SIZE_28                                          0                              0              

ROW_SIZE_29                                          0                              0              

ROW_SIZE_30                                          0                              0              

ROW_SIZE_31                                          0                              0              

RET_OP_EXEC_COUNT_0                                  0        0.000%                0        0.000%
RET_OP_EXEC_COUNT_1                           34103659      100.000%         34103659      100.000%
RET_OP_EXEC_COUNT_2                                  0        0.000%                0        0.000%
RET_OP_EXEC_COUNT_3                                  0        0.000%                0        0.000%
RET_OP_EXEC_COUNT_4                                  0        0.000%                0        0.000%
RET_OP_EXEC_COUNT_5                                  0        0.000%                0        0.000%
RET_OP_EXEC_COUNT_6                                  0        0.000%                0        0.000%
RET_OP_EXEC_COUNT_7                                  0        0.000%                0        0.000%
RET_OP_EXEC_COUNT_8                                  0        0.000%                0        0.000%
RET_OP_EXEC_COUNT_9                                  0        0.000%                0        0.000%
RET_OP_EXEC_COUNT_10                                 0        0.000%                0        0.000%
RET_OP_EXEC_COUNT_11                                 0        0.000%                0        0.000%
RET_OP_EXEC_COUNT_12                                 0        0.000%                0        0.000%
RET_OP_EXEC_COUNT_13                                 0        0.000%                0        0.000%
RET_OP_EXEC_COUNT_14                                 0        0.000%                0        0.000%
RET_OP_EXEC_COUNT_15                                 0        0.000%                0        0.000%
RET_OP_EXEC_COUNT_16                                 0        0.000%                0        0.000%
RET_OP_EXEC_COUNT_17                                 0        0.000%                0        0.000%
RET_OP_EXEC_COUNT_18                                 0        0.000%                0        0.000%
RET_OP_EXEC_COUNT_19                                 0        0.000%                0        0.000%
RET_OP_EXEC_COUNT_20                                 0        0.000%                0        0.000%
RET_OP_EXEC_COUNT_21                                 0        0.000%                0        0.000%
RET_OP_EXEC_COUNT_22                                 0        0.000%                0        0.000%
RET_OP_EXEC_COUNT_23                                 0        0.000%                0        0.000%
RET_OP_EXEC_COUNT_24                                 0        0.000%                0        0.000%
RET_OP_EXEC_COUNT_25                                 0        0.000%                0        0.000%
RET_OP_EXEC_COUNT_26                                 0        0.000%                0        0.000%
RET_OP_EXEC_COUNT_27                                 0        0.000%                0        0.000%
RET_OP_EXEC_COUNT_28                                 0        0.000%                0        0.000%
RET_OP_EXEC_COUNT_29                                 0        0.000%                0        0.000%
RET_OP_EXEC_COUNT_30                                 0        0.000%                0        0.000%
RET_OP_EXEC_COUNT_31                                 0        0.000%                0        0.000%
RET_OP_EXEC_COUNT_32                                 0        0.000%                0        0.000%
                                              34103659      100.000%         34103659      100.000%
                                                  1.00         0.00              1.00         0.00

RET_STALL_LENGTH_0                            34020558       99.756%         34020558       99.756%
RET_STALL_LENGTH_100                             80565        0.236%            80565        0.236%
RET_STALL_LENGTH_200                               309        0.001%              309        0.001%
RET_STALL_LENGTH_300                               350        0.001%              350        0.001%
RET_STALL_LENGTH_400                               554        0.002%              554        0.002%
RET_STALL_LENGTH_500                               367        0.001%              367        0.001%
RET_STALL_LENGTH_600                                87        0.000%               87        0.000%
RET_STALL_LENGTH_700                                28        0.000%               28        0.000%
RET_STALL_LENGTH_800                                23        0.000%               23        0.000%
RET_STALL_LENGTH_900                                18        0.000%               18        0.000%
RET_STALL_LENGTH_1000                               40        0.000%               40        0.000%
RET_STALL_LENGTH_1100                              124        0.000%              124        0.000%
RET_STALL_LENGTH_1200                              519        0.002%              519        0.002%
RET_STALL_LENGTH_1300                               83        0.000%               83        0.000%
RET_STALL_LENGTH_1400                                2        0.000%                2        0.000%
RET_STALL_LENGTH_1500                                9        0.000%                9        0.000%
RET_STALL_LENGTH_1600                                7        0.000%                7        0.000%
RET_STALL_LENGTH_1700                               13        0.000%               13        0.000%
RET_STALL_LENGTH_1800                                2        0.000%                2        0.000%
RET_STALL_LENGTH_1900                                1        0.000%                1        0.000%
RET_STALL_LENGTH_2000                                0        0.000%                0        0.000%
RET_STALL_LENGTH_2100                                0        0.000%                0        0.000%
RET_STALL_LENGTH_2200                                0        0.000%                0        0.000%
RET_STALL_LENGTH_2300                                0        0.000%                0        0.000%
RET_STALL_LENGTH_2400                                0        0.000%                0        0.000%
RET_STALL_LENGTH_2500                                0        0.000%                0        0.000%
RET_STALL_LENGTH_2600                                0        0.000%                0        0.000%
RET_STALL_LENGTH_2700                                0        0.000%                0        0.000%
RET_STALL_LENGTH_2800                                0        0.000%                0        0.000%
RET_STALL_LENGTH_2900                                0        0.000%                0        0.000%
RET_STALL_LENGTH_3000                                0        0.000%                0        0.000%
RET_STALL_LENGTH_3100                                0        0.000%                0        0.000%
RET_STALL_LENGTH_3200                                0        0.000%                0        0.000%
RET_STALL_LENGTH_3300                                0        0.000%                0        0.000%
RET_STALL_LENGTH_3400                                0        0.000%                0        0.000%
RET_STALL_LENGTH_3500                                0        0.000%                0        0.000%
RET_STALL_LENGTH_3600                                0        0.000%                0        0.000%
RET_STALL_LENGTH_3700                                0        0.000%                0        0.000%
RET_STALL_LENGTH_3800                                0        0.000%                0        0.000%
RET_STALL_LENGTH_3900                                0        0.000%                0        0.000%
RET_STALL_LENGTH_4000                                0        0.000%                0        0.000%
RET_STALL_LENGTH_4100                                0        0.000%                0        0.000%
RET_STALL_LENGTH_4200                                0        0.000%                0        0.000%
RET_STALL_LENGTH_4300                                0        0.000%                0        0.000%
RET_STALL_LENGTH_4400                                0        0.000%                0        0.000%
RET_STALL_LENGTH_4500                                0        0.000%                0        0.000%
RET_STALL_LENGTH_4600                                0        0.000%                0        0.000%
RET_STALL_LENGTH_4700                                0        0.000%                0        0.000%
RET_STALL_LENGTH_4800                                0        0.000%                0        0.000%
RET_STALL_LENGTH_4900                                0        0.000%                0        0.000%
RET_STALL_LENGTH_5000                                0        0.000%                0        0.000%
                                              34103659      100.000%         34103659      100.000%
                                                  0.00         0.08              0.00         0.08

MEM_BLOCK_LENGTH_0                                 771       96.859%              771       96.859%
MEM_BLOCK_LENGTH_100                                 6        0.754%                6        0.754%
MEM_BLOCK_LENGTH_200                                 5        0.628%                5        0.628%
MEM_BLOCK_LENGTH_300                                 5        0.628%                5        0.628%
MEM_BLOCK_LENGTH_400                                 5        0.628%                5        0.628%
MEM_BLOCK_LENGTH_500                                 1        0.126%                1        0.126%
MEM_BLOCK_LENGTH_600                                 0        0.000%                0        0.000%
MEM_BLOCK_LENGTH_700                                 1        0.126%                1        0.126%
MEM_BLOCK_LENGTH_800                                 1        0.126%                1        0.126%
MEM_BLOCK_LENGTH_900                                 1        0.126%                1        0.126%
MEM_BLOCK_LENGTH_1000                                0        0.000%                0        0.000%
MEM_BLOCK_LENGTH_1100                                0        0.000%                0        0.000%
MEM_BLOCK_LENGTH_1200                                0        0.000%                0        0.000%
MEM_BLOCK_LENGTH_1300                                0        0.000%                0        0.000%
MEM_BLOCK_LENGTH_1400                                0        0.000%                0        0.000%
MEM_BLOCK_LENGTH_1500                                0        0.000%                0        0.000%
MEM_BLOCK_LENGTH_1600                                0        0.000%                0        0.000%
MEM_BLOCK_LENGTH_1700                                0        0.000%                0        0.000%
MEM_BLOCK_LENGTH_1800                                0        0.000%                0        0.000%
MEM_BLOCK_LENGTH_1900                                0        0.000%                0        0.000%
MEM_BLOCK_LENGTH_2000                                0        0.000%                0        0.000%
MEM_BLOCK_LENGTH_2100                                0        0.000%                0        0.000%
MEM_BLOCK_LENGTH_2200                                0        0.000%                0        0.000%
MEM_BLOCK_LENGTH_2300                                0        0.000%                0        0.000%
MEM_BLOCK_LENGTH_2400                                0        0.000%                0        0.000%
MEM_BLOCK_LENGTH_2500                                0        0.000%                0        0.000%
MEM_BLOCK_LENGTH_2600                                0        0.000%                0        0.000%
MEM_BLOCK_LENGTH_2700                                0        0.000%                0        0.000%
MEM_BLOCK_LENGTH_2800                                0        0.000%                0        0.000%
MEM_BLOCK_LENGTH_2900                                0        0.000%                0        0.000%
MEM_BLOCK_LENGTH_3000                                0        0.000%                0        0.000%
MEM_BLOCK_LENGTH_3100                                0        0.000%                0        0.000%
MEM_BLOCK_LENGTH_3200                                0        0.000%                0        0.000%
MEM_BLOCK_LENGTH_3300                                0        0.000%                0        0.000%
MEM_BLOCK_LENGTH_3400                                0        0.000%                0        0.000%
MEM_BLOCK_LENGTH_3500                                0        0.000%                0        0.000%
MEM_BLOCK_LENGTH_3600                                0        0.000%                0        0.000%
MEM_BLOCK_LENGTH_3700                                0        0.000%                0        0.000%
MEM_BLOCK_LENGTH_3800                                0        0.000%                0        0.000%
MEM_BLOCK_LENGTH_3900                                0        0.000%                0        0.000%
MEM_BLOCK_LENGTH_4000                                0        0.000%                0        0.000%
MEM_BLOCK_LENGTH_4100                                0        0.000%                0        0.000%
MEM_BLOCK_LENGTH_4200                                0        0.000%                0        0.000%
MEM_BLOCK_LENGTH_4300                                0        0.000%                0        0.000%
MEM_BLOCK_LENGTH_4400                                0        0.000%                0        0.000%
MEM_BLOCK_LENGTH_4500                                0        0.000%                0        0.000%
MEM_BLOCK_LENGTH_4600                                0        0.000%                0        0.000%
MEM_BLOCK_LENGTH_4700                                0        0.000%                0        0.000%
MEM_BLOCK_LENGTH_4800                                0        0.000%                0        0.000%
MEM_BLOCK_LENGTH_4900                                0        0.000%                0        0.000%
MEM_BLOCK_LENGTH_5000                                0        0.000%                0        0.000%
                                                   796      100.000%              796      100.000%
                                                  0.10         0.67              0.10         0.67

FUS_BUSY_ON_PATH                              35436254        1.1664         35436254        1.1664

FUS_BUSY_OFF_PATH                              7590680        0.2499          7590680        0.2499

FU_BUSY_MEM_STALL                              1536737        0.0506          1536737        0.0506

FUS_EMPTY                                    200018818        6.5837        200018818        6.5837

CHIP_UTILIZATION                                     0        0.0000                0        0.0000

CYCLES_UNDER_MEM_REQ                                 0                              0              

CYCLES_UNDER_NO_MEM_REQ                              0                              0              

CYCLES_UNDER_CRITICAL_MEM_REQ                        0                              0              

CYCLES_UNDER_NONCRITICAL_MEM_REQ                     0                              0              

CHIP_UTILIZATION_UNDER_MEM_REQ                       0          -nan                0          -nan

CHIP_UTILIZATION_UNDER_NO_MEM_REQ                    0          -nan                0          -nan

CHIP_UTILIZATION_UNDER_CRITICAL_MEM_REQ              0          -nan                0          -nan

CHIP_UTILIZATION_UNDER_NONCRITICAL_MEM_REQ             0          -nan                0          -nan

CYCLES_NOT_WAITING_FOR_OFF_CHIP                      0        0.0000                0        0.0000

FUS_BUSY_NOT_WAITING_FOR_OFF_CHIP                    0          -nan                0          -nan

CYCLES_WAITING_FOR_OFF_CHIP                          0        0.0000                0        0.0000

FUS_BUSY_WAITING_FOR_OFF_CHIP                        0          -nan                0          -nan

TOTAL_OFF_CHIP_DELAYS_LEFT                           0                              0              

WRONG_IO_SCHED                                       0                              0              

DVFS_CONFIG_SWITCH                                   0                              0              



