               ramulator.active_cycles_0             7323733                                      # Total active cycles for level _0
                 ramulator.busy_cycles_0             7323733                                      # (All-bank refresh only. busy cycles only include refresh time in rank level) The sum of cycles that the DRAM part is active or under refresh for level _0
            ramulator.serving_requests_0            13733473                                      # The sum of read and write requests that are served in this DRAM element per memory cycle for level _0
    ramulator.average_serving_requests_0            1.205455                                      # The average of read and write requests that are served in this DRAM element per memory cycle for level _0
             ramulator.active_cycles_0_0             7323733                                      # Total active cycles for level _0_0
               ramulator.busy_cycles_0_0             7581193                                      # (All-bank refresh only. busy cycles only include refresh time in rank level) The sum of cycles that the DRAM part is active or under refresh for level _0_0
          ramulator.serving_requests_0_0            13733473                                      # The sum of read and write requests that are served in this DRAM element per memory cycle for level _0_0
  ramulator.average_serving_requests_0_0            1.205455                                      # The average of read and write requests that are served in this DRAM element per memory cycle for level _0_0
           ramulator.active_cycles_0_0_0             2895986                                      # Total active cycles for level _0_0_0
             ramulator.busy_cycles_0_0_0             2895986                                      # (All-bank refresh only. busy cycles only include refresh time in rank level) The sum of cycles that the DRAM part is active or under refresh for level _0_0_0
        ramulator.serving_requests_0_0_0             3409847                                      # The sum of read and write requests that are served in this DRAM element per memory cycle for level _0_0_0
ramulator.average_serving_requests_0_0_0            0.299299                                      # The average of read and write requests that are served in this DRAM element per memory cycle for level _0_0_0
         ramulator.active_cycles_0_0_0_0             1007592                                      # Total active cycles for level _0_0_0_0
           ramulator.busy_cycles_0_0_0_0             1007592                                      # (All-bank refresh only. busy cycles only include refresh time in rank level) The sum of cycles that the DRAM part is active or under refresh for level _0_0_0_0
      ramulator.serving_requests_0_0_0_0             1062147                                      # The sum of read and write requests that are served in this DRAM element per memory cycle for level _0_0_0_0
ramulator.average_serving_requests_0_0_0_0            0.093230                                      # The average of read and write requests that are served in this DRAM element per memory cycle for level _0_0_0_0
         ramulator.active_cycles_0_0_0_1              828353                                      # Total active cycles for level _0_0_0_1
           ramulator.busy_cycles_0_0_0_1              828353                                      # (All-bank refresh only. busy cycles only include refresh time in rank level) The sum of cycles that the DRAM part is active or under refresh for level _0_0_0_1
      ramulator.serving_requests_0_0_0_1              863880                                      # The sum of read and write requests that are served in this DRAM element per memory cycle for level _0_0_0_1
ramulator.average_serving_requests_0_0_0_1            0.075827                                      # The average of read and write requests that are served in this DRAM element per memory cycle for level _0_0_0_1
         ramulator.active_cycles_0_0_0_2              673044                                      # Total active cycles for level _0_0_0_2
           ramulator.busy_cycles_0_0_0_2              673044                                      # (All-bank refresh only. busy cycles only include refresh time in rank level) The sum of cycles that the DRAM part is active or under refresh for level _0_0_0_2
      ramulator.serving_requests_0_0_0_2              705302                                      # The sum of read and write requests that are served in this DRAM element per memory cycle for level _0_0_0_2
ramulator.average_serving_requests_0_0_0_2            0.061908                                      # The average of read and write requests that are served in this DRAM element per memory cycle for level _0_0_0_2
         ramulator.active_cycles_0_0_0_3              744427                                      # Total active cycles for level _0_0_0_3
           ramulator.busy_cycles_0_0_0_3              744427                                      # (All-bank refresh only. busy cycles only include refresh time in rank level) The sum of cycles that the DRAM part is active or under refresh for level _0_0_0_3
      ramulator.serving_requests_0_0_0_3              778518                                      # The sum of read and write requests that are served in this DRAM element per memory cycle for level _0_0_0_3
ramulator.average_serving_requests_0_0_0_3            0.068334                                      # The average of read and write requests that are served in this DRAM element per memory cycle for level _0_0_0_3
           ramulator.active_cycles_0_0_1             2843848                                      # Total active cycles for level _0_0_1
             ramulator.busy_cycles_0_0_1             2843848                                      # (All-bank refresh only. busy cycles only include refresh time in rank level) The sum of cycles that the DRAM part is active or under refresh for level _0_0_1
        ramulator.serving_requests_0_0_1             3413536                                      # The sum of read and write requests that are served in this DRAM element per memory cycle for level _0_0_1
ramulator.average_serving_requests_0_0_1            0.299623                                      # The average of read and write requests that are served in this DRAM element per memory cycle for level _0_0_1
         ramulator.active_cycles_0_0_1_0              887695                                      # Total active cycles for level _0_0_1_0
           ramulator.busy_cycles_0_0_1_0              887695                                      # (All-bank refresh only. busy cycles only include refresh time in rank level) The sum of cycles that the DRAM part is active or under refresh for level _0_0_1_0
      ramulator.serving_requests_0_0_1_0              934039                                      # The sum of read and write requests that are served in this DRAM element per memory cycle for level _0_0_1_0
ramulator.average_serving_requests_0_0_1_0            0.081985                                      # The average of read and write requests that are served in this DRAM element per memory cycle for level _0_0_1_0
         ramulator.active_cycles_0_0_1_1              806212                                      # Total active cycles for level _0_0_1_1
           ramulator.busy_cycles_0_0_1_1              806212                                      # (All-bank refresh only. busy cycles only include refresh time in rank level) The sum of cycles that the DRAM part is active or under refresh for level _0_0_1_1
      ramulator.serving_requests_0_0_1_1              844929                                      # The sum of read and write requests that are served in this DRAM element per memory cycle for level _0_0_1_1
ramulator.average_serving_requests_0_0_1_1            0.074164                                      # The average of read and write requests that are served in this DRAM element per memory cycle for level _0_0_1_1
         ramulator.active_cycles_0_0_1_2              685196                                      # Total active cycles for level _0_0_1_2
           ramulator.busy_cycles_0_0_1_2              685196                                      # (All-bank refresh only. busy cycles only include refresh time in rank level) The sum of cycles that the DRAM part is active or under refresh for level _0_0_1_2
      ramulator.serving_requests_0_0_1_2              718359                                      # The sum of read and write requests that are served in this DRAM element per memory cycle for level _0_0_1_2
ramulator.average_serving_requests_0_0_1_2            0.063054                                      # The average of read and write requests that are served in this DRAM element per memory cycle for level _0_0_1_2
         ramulator.active_cycles_0_0_1_3              874421                                      # Total active cycles for level _0_0_1_3
           ramulator.busy_cycles_0_0_1_3              874421                                      # (All-bank refresh only. busy cycles only include refresh time in rank level) The sum of cycles that the DRAM part is active or under refresh for level _0_0_1_3
      ramulator.serving_requests_0_0_1_3              916209                                      # The sum of read and write requests that are served in this DRAM element per memory cycle for level _0_0_1_3
ramulator.average_serving_requests_0_0_1_3            0.080420                                      # The average of read and write requests that are served in this DRAM element per memory cycle for level _0_0_1_3
           ramulator.active_cycles_0_0_2             3032843                                      # Total active cycles for level _0_0_2
             ramulator.busy_cycles_0_0_2             3032843                                      # (All-bank refresh only. busy cycles only include refresh time in rank level) The sum of cycles that the DRAM part is active or under refresh for level _0_0_2
        ramulator.serving_requests_0_0_2             3686267                                      # The sum of read and write requests that are served in this DRAM element per memory cycle for level _0_0_2
ramulator.average_serving_requests_0_0_2            0.323562                                      # The average of read and write requests that are served in this DRAM element per memory cycle for level _0_0_2
         ramulator.active_cycles_0_0_2_0              631976                                      # Total active cycles for level _0_0_2_0
           ramulator.busy_cycles_0_0_2_0              631976                                      # (All-bank refresh only. busy cycles only include refresh time in rank level) The sum of cycles that the DRAM part is active or under refresh for level _0_0_2_0
      ramulator.serving_requests_0_0_2_0              659501                                      # The sum of read and write requests that are served in this DRAM element per memory cycle for level _0_0_2_0
ramulator.average_serving_requests_0_0_2_0            0.057888                                      # The average of read and write requests that are served in this DRAM element per memory cycle for level _0_0_2_0
         ramulator.active_cycles_0_0_2_1              820094                                      # Total active cycles for level _0_0_2_1
           ramulator.busy_cycles_0_0_2_1              820094                                      # (All-bank refresh only. busy cycles only include refresh time in rank level) The sum of cycles that the DRAM part is active or under refresh for level _0_0_2_1
      ramulator.serving_requests_0_0_2_1              861377                                      # The sum of read and write requests that are served in this DRAM element per memory cycle for level _0_0_2_1
ramulator.average_serving_requests_0_0_2_1            0.075607                                      # The average of read and write requests that are served in this DRAM element per memory cycle for level _0_0_2_1
         ramulator.active_cycles_0_0_2_2             1110944                                      # Total active cycles for level _0_0_2_2
           ramulator.busy_cycles_0_0_2_2             1110944                                      # (All-bank refresh only. busy cycles only include refresh time in rank level) The sum of cycles that the DRAM part is active or under refresh for level _0_0_2_2
      ramulator.serving_requests_0_0_2_2             1163048                                      # The sum of read and write requests that are served in this DRAM element per memory cycle for level _0_0_2_2
ramulator.average_serving_requests_0_0_2_2            0.102086                                      # The average of read and write requests that are served in this DRAM element per memory cycle for level _0_0_2_2
         ramulator.active_cycles_0_0_2_3              953446                                      # Total active cycles for level _0_0_2_3
           ramulator.busy_cycles_0_0_2_3              953446                                      # (All-bank refresh only. busy cycles only include refresh time in rank level) The sum of cycles that the DRAM part is active or under refresh for level _0_0_2_3
      ramulator.serving_requests_0_0_2_3             1002341                                      # The sum of read and write requests that are served in this DRAM element per memory cycle for level _0_0_2_3
ramulator.average_serving_requests_0_0_2_3            0.087980                                      # The average of read and write requests that are served in this DRAM element per memory cycle for level _0_0_2_3
           ramulator.active_cycles_0_0_3             2743246                                      # Total active cycles for level _0_0_3
             ramulator.busy_cycles_0_0_3             2743246                                      # (All-bank refresh only. busy cycles only include refresh time in rank level) The sum of cycles that the DRAM part is active or under refresh for level _0_0_3
        ramulator.serving_requests_0_0_3             3223823                                      # The sum of read and write requests that are served in this DRAM element per memory cycle for level _0_0_3
ramulator.average_serving_requests_0_0_3            0.282971                                      # The average of read and write requests that are served in this DRAM element per memory cycle for level _0_0_3
         ramulator.active_cycles_0_0_3_0              903945                                      # Total active cycles for level _0_0_3_0
           ramulator.busy_cycles_0_0_3_0              903945                                      # (All-bank refresh only. busy cycles only include refresh time in rank level) The sum of cycles that the DRAM part is active or under refresh for level _0_0_3_0
      ramulator.serving_requests_0_0_3_0              947787                                      # The sum of read and write requests that are served in this DRAM element per memory cycle for level _0_0_3_0
ramulator.average_serving_requests_0_0_3_0            0.083192                                      # The average of read and write requests that are served in this DRAM element per memory cycle for level _0_0_3_0
         ramulator.active_cycles_0_0_3_1              616544                                      # Total active cycles for level _0_0_3_1
           ramulator.busy_cycles_0_0_3_1              616544                                      # (All-bank refresh only. busy cycles only include refresh time in rank level) The sum of cycles that the DRAM part is active or under refresh for level _0_0_3_1
      ramulator.serving_requests_0_0_3_1              647400                                      # The sum of read and write requests that are served in this DRAM element per memory cycle for level _0_0_3_1
ramulator.average_serving_requests_0_0_3_1            0.056825                                      # The average of read and write requests that are served in this DRAM element per memory cycle for level _0_0_3_1
         ramulator.active_cycles_0_0_3_2              803282                                      # Total active cycles for level _0_0_3_2
           ramulator.busy_cycles_0_0_3_2              803282                                      # (All-bank refresh only. busy cycles only include refresh time in rank level) The sum of cycles that the DRAM part is active or under refresh for level _0_0_3_2
      ramulator.serving_requests_0_0_3_2              841583                                      # The sum of read and write requests that are served in this DRAM element per memory cycle for level _0_0_3_2
ramulator.average_serving_requests_0_0_3_2            0.073870                                      # The average of read and write requests that are served in this DRAM element per memory cycle for level _0_0_3_2
         ramulator.active_cycles_0_0_3_3              749342                                      # Total active cycles for level _0_0_3_3
           ramulator.busy_cycles_0_0_3_3              749342                                      # (All-bank refresh only. busy cycles only include refresh time in rank level) The sum of cycles that the DRAM part is active or under refresh for level _0_0_3_3
      ramulator.serving_requests_0_0_3_3              787053                                      # The sum of read and write requests that are served in this DRAM element per memory cycle for level _0_0_3_3
ramulator.average_serving_requests_0_0_3_3            0.069084                                      # The average of read and write requests that are served in this DRAM element per memory cycle for level _0_0_3_3
      ramulator.read_transaction_bytes_0            10211584                                      # The total byte of read transaction per channel
     ramulator.write_transaction_bytes_0             2885056                                      # The total byte of write transaction per channel
       ramulator.row_hits_channel_0_core               90363                                      # Number of row hits per channel per core
     ramulator.row_misses_channel_0_core               15837                                      # Number of row misses per channel per core
  ramulator.row_conflicts_channel_0_core               98435                                      # Number of row conflicts per channel per core
  ramulator.read_row_hits_channel_0_core               69599                                      # Number of row hits for read requests per channel per core
                                     [0]             69599.0                                      # 
ramulator.read_row_misses_channel_0_core               13095                                      # Number of row misses for read requests per channel per core
                                     [0]             13095.0                                      # 
ramulator.read_row_conflicts_channel_0_core               76862                                      # Number of row conflicts for read requests per channel per core
                                     [0]             76862.0                                      # 
 ramulator.write_row_hits_channel_0_core               20764                                      # Number of row hits for write requests per channel per core
                                     [0]             20764.0                                      # 
ramulator.write_row_misses_channel_0_core                2742                                      # Number of row misses for write requests per channel per core
                                     [0]              2742.0                                      # 
ramulator.write_row_conflicts_channel_0_core               21573                                      # Number of row conflicts for write requests per channel per core
                                     [0]             21573.0                                      # 
      ramulator.useless_activates_0_core                  72                                      # Number of useless activations. E.g, ACT -> PRE w/o RD or WR
            ramulator.read_latency_avg_0           58.224087                                      # The average memory latency cycles (in memory time domain) per request for all read requests in this channel
            ramulator.read_latency_sum_0             9293263                                      # The memory latency cycles (in memory time domain) sum for all read requests in this channel
        ramulator.req_queue_length_avg_0           11.887185                                      # Average of read and write queue length per memory cycle per channel.
        ramulator.req_queue_length_sum_0           135428010                                      # Sum of read and write queue length per memory cycle per channel.
   ramulator.read_req_queue_length_avg_0            0.687982                                      # Read queue length average per memory cycle per channel.
   ramulator.read_req_queue_length_sum_0             7838022                                      # Read queue length sum per memory cycle per channel.
  ramulator.write_req_queue_length_avg_0           11.199203                                      # Write queue length average per memory cycle per channel.
  ramulator.write_req_queue_length_sum_0           127589988                                      # Write queue length sum per memory cycle per channel.
              ramulator.record_read_hits                 0.0                                      # record read hit count for this core when it reaches request limit or to the end
                                     [0]                 0.0                                      # 
            ramulator.record_read_misses                 0.0                                      # record_read_miss count for this core when it reaches request limit or to the end
                                     [0]                 0.0                                      # 
         ramulator.record_read_conflicts                 0.0                                      # record read conflict count for this core when it reaches request limit or to the end
                                     [0]                 0.0                                      # 
             ramulator.record_write_hits                 0.0                                      # record write hit count for this core when it reaches request limit or to the end
                                     [0]                 0.0                                      # 
           ramulator.record_write_misses                 0.0                                      # record write miss count for this core when it reaches request limit or to the end
                                     [0]                 0.0                                      # 
        ramulator.record_write_conflicts                 0.0                                      # record write conflict for this core when it reaches request limit or to the end
                                     [0]                 0.0                                      # 
                 ramulator.dram_capacity          8589934592                                      # Number of bytes in simulated DRAM
                   ramulator.dram_cycles            11392774                                      # Number of DRAM cycles simulated
             ramulator.incoming_requests              204709                                      # Number of incoming requests to DRAM
                 ramulator.read_requests              159612                                      # Number of incoming read requests to DRAM per core
                                     [0]            159612.0                                      # 
                ramulator.write_requests               45097                                      # Number of incoming write requests to DRAM per core
                                     [0]             45097.0                                      # 
       ramulator.ramulator_active_cycles             7323733                                      # The total number of cycles that the DRAM part is active (serving R/W)
 ramulator.incoming_requests_per_channel            204709.0                                      # Number of incoming requests to each DRAM channel
                                     [0]            204709.0                                      # 
ramulator.incoming_read_reqs_per_channel            159612.0                                      # Number of incoming read requests to each DRAM channel
                                     [0]            159612.0                                      # 
     ramulator.physical_page_replacement                   0                                      # The number of times that physical page replacement happens.
             ramulator.maximum_bandwidth         19200000000                                      # The theoretical maximum bandwidth (Bps)
          ramulator.in_queue_req_num_sum           135428010                                      # Sum of read/write queue length
     ramulator.in_queue_read_req_num_sum             7838022                                      # Sum of read queue length
    ramulator.in_queue_write_req_num_sum           127589988                                      # Sum of write queue length
          ramulator.in_queue_req_num_avg           11.887185                                      # Average of read/write queue length per memory cycle
     ramulator.in_queue_read_req_num_avg            0.687982                                      # Average of read queue length per memory cycle
    ramulator.in_queue_write_req_num_avg           11.199203                                      # Average of write queue length per memory cycle
          ramulator.record_read_requests                 0.0                                      # record read requests for this core when it reaches request limit or to the end
                                     [0]                 0.0                                      # 
         ramulator.record_write_requests                 0.0                                      # record write requests for this core when it reaches request limit or to the end
                                     [0]                 0.0                                      # 
