/* -*- Mode: c -*- */
####################################################################################################
Core 0
####################################################################################################
Cumulative:        Cycles: 68391719              Instructions: 30000002              IPC: 0.43865

EXECUTION_TIME                           21372412187500                  21372412187500              

NODE_CYCLE                                    68391719                       68391719              

NODE_INST_COUNT                               30000002                       30000002              

NODE_UOP_COUNT                                34209612                       34209612              

FULL_WINDOW_STALL                             32608944       47.680%         32608944       47.680%

FULL_WINDOW_MEM_OP                            30428034       99.976%         30428034       99.976%
FULL_WINDOW_FP_OP                                    0        0.000%                0        0.000%
FULL_WINDOW_OTHER_OP                              7238        0.024%             7238        0.024%
                                              30435272      100.000%         30435272      100.000%
                                                  0.00         0.03              0.00         0.03

RET_BLOCKED_DC_MISS                           50705139       74.139%         50705139       74.139%

RET_BLOCKED_L1_MISS                           37098238       54.244%         37098238       54.244%

RET_BLOCKED_L1_MISS_BW_PREF                       4517        0.007%             4517        0.007%

RET_BLOCKED_L1_ACCESS                         13606901       19.896%         13606901       19.896%

RET_BLOCKED_MEM_STALL                         37098893       54.245%         37098893       54.245%

RET_BLOCKED_OFFCHIP_DEMAND                           0        0.000%                0        0.000%

OP_ISSUED                                    139379638                      139379638              

OP_RETIRED                                    34209612                       34209612              

REPLAY_SIGNALED                                      0                              0              

REPLAY_COUNTED                                       0                              0              

OFF_CRITICAL_PATH                                    0         -nan%                0         -nan%
ON_CRITICAL_PATH                                     0         -nan%                0         -nan%
                                                     0         -nan%                0         -nan%
                                                  -nan         -nan              -nan         -nan

LD_NO_DEPENDENTS                                  3955        0.032%             3955        0.032%
LD_DEPENDENTS                                 12352262       99.968%         12352262       99.968%
                                              12356217      100.000%         12356217      100.000%
                                                  1.00         1.00              1.00         1.00

LD_EXEC_CYCLES_0                                     0        0.000%                0        0.000%
LD_EXEC_CYCLES_1                                     0        0.000%                0        0.000%
LD_EXEC_CYCLES_2                                     0        0.000%                0        0.000%
LD_EXEC_CYCLES_3                               4012243       68.030%          4012243       68.030%
LD_EXEC_CYCLES_4                               1885547       31.970%          1885547       31.970%
                                               5897790      100.000%          5897790      100.000%
                                                  3.32         1.93              3.32         1.93

FU_BUSY_0                                     29383488                       29383488              

FU_BUSY_1                                     19796534                       19796534              

FU_BUSY_2                                     14970557                       14970557              

FU_BUSY_3                                     11918516                       11918516              

FU_BUSY_4                                      8330915                        8330915              

FU_BUSY_5                                      4309704                        4309704              

FU_BUSY_6                                      2605839                        2605839              

FU_BUSY_7                                      1202599                        1202599              

FU_BUSY_8                                            0                              0              

FU_BUSY_9                                            0                              0              

FU_BUSY_10                                           0                              0              

FU_BUSY_11                                           0                              0              

FU_BUSY_12                                           0                              0              

FU_BUSY_13                                           0                              0              

FU_BUSY_14                                           0                              0              

FU_BUSY_15                                           0                              0              

FU_BUSY_16                                           0                              0              

FU_BUSY_17                                           0                              0              

FU_BUSY_18                                           0                              0              

FU_BUSY_19                                           0                              0              

FU_BUSY_20                                           0                              0              

FU_BUSY_21                                           0                              0              

FU_BUSY_22                                           0                              0              

FU_BUSY_23                                           0                              0              

FU_BUSY_24                                           0                              0              

FU_BUSY_25                                           0                              0              

FU_BUSY_26                                           0                              0              

FU_BUSY_27                                           0                              0              

FU_BUSY_28                                           0                              0              

FU_BUSY_29                                           0                              0              

FU_BUSY_30                                           0                              0              

FU_BUSY_31                                           0                              0              

OP_WAIT_0                                     30067789                       30067789              

OP_WAIT_1                                      3348396                        3348396              

OP_WAIT_2                                       440596                         440596              

OP_WAIT_3                                       231550                         231550              

OP_WAIT_4                                         7281                           7281              

OP_WAIT_5                                         4063                           4063              

OP_WAIT_6                                         3072                           3072              

OP_WAIT_7                                         2599                           2599              

OP_WAIT_8                                         2027                           2027              

OP_WAIT_9                                         3214                           3214              

OP_WAIT_10                                        4930                           4930              

OP_WAIT_11                                        1979                           1979              

OP_WAIT_12                                        1589                           1589              

OP_WAIT_13                                        1018                           1018              

OP_WAIT_14                                         845                            845              

OP_WAIT_15                                        1318                           1318              

OP_WAIT_16                                         735                            735              

OP_WAIT_17                                         902                            902              

OP_WAIT_18                                        1134                           1134              

OP_WAIT_19                                         983                            983              

OP_WAIT_20                                        1548                           1548              

OP_WAIT_21                                        2640                           2640              

OP_WAIT_22                                         849                            849              

OP_WAIT_23                                         329                            329              

OP_WAIT_24                                         228                            228              

OP_WAIT_25                                         511                            511              

OP_WAIT_26                                         646                            646              

OP_WAIT_27                                         769                            769              

OP_WAIT_28                                         693                            693              

OP_WAIT_29                                         482                            482              

OP_WAIT_30                                         191                            191              

OP_WAIT_31                                       74706                          74706              

ROW_SIZE_0                                    51192277                       51192277              

ROW_SIZE_1                                     6707770                        6707770              

ROW_SIZE_2                                      300783                         300783              

ROW_SIZE_3                                     1813368                        1813368              

ROW_SIZE_4                                      142747                         142747              

ROW_SIZE_5                                      129470                         129470              

ROW_SIZE_6                                     3373639                        3373639              

ROW_SIZE_7                                           0                              0              

ROW_SIZE_8                                           0                              0              

ROW_SIZE_9                                           0                              0              

ROW_SIZE_10                                          0                              0              

ROW_SIZE_11                                          0                              0              

ROW_SIZE_12                                          0                              0              

ROW_SIZE_13                                          0                              0              

ROW_SIZE_14                                          0                              0              

ROW_SIZE_15                                          0                              0              

ROW_SIZE_16                                          0                              0              

ROW_SIZE_17                                          0                              0              

ROW_SIZE_18                                          0                              0              

ROW_SIZE_19                                          0                              0              

ROW_SIZE_20                                          0                              0              

ROW_SIZE_21                                          0                              0              

ROW_SIZE_22                                          0                              0              

ROW_SIZE_23                                          0                              0              

ROW_SIZE_24                                          0                              0              

ROW_SIZE_25                                          0                              0              

ROW_SIZE_26                                          0                              0              

ROW_SIZE_27                                          0                              0              

ROW_SIZE_28                                          0                              0              

ROW_SIZE_29                                          0                              0              

ROW_SIZE_30                                          0                              0              

ROW_SIZE_31                                          0                              0              

RET_OP_EXEC_COUNT_0                                  0        0.000%                0        0.000%
RET_OP_EXEC_COUNT_1                           34209612      100.000%         34209612      100.000%
RET_OP_EXEC_COUNT_2                                  0        0.000%                0        0.000%
RET_OP_EXEC_COUNT_3                                  0        0.000%                0        0.000%
RET_OP_EXEC_COUNT_4                                  0        0.000%                0        0.000%
RET_OP_EXEC_COUNT_5                                  0        0.000%                0        0.000%
RET_OP_EXEC_COUNT_6                                  0        0.000%                0        0.000%
RET_OP_EXEC_COUNT_7                                  0        0.000%                0        0.000%
RET_OP_EXEC_COUNT_8                                  0        0.000%                0        0.000%
RET_OP_EXEC_COUNT_9                                  0        0.000%                0        0.000%
RET_OP_EXEC_COUNT_10                                 0        0.000%                0        0.000%
RET_OP_EXEC_COUNT_11                                 0        0.000%                0        0.000%
RET_OP_EXEC_COUNT_12                                 0        0.000%                0        0.000%
RET_OP_EXEC_COUNT_13                                 0        0.000%                0        0.000%
RET_OP_EXEC_COUNT_14                                 0        0.000%                0        0.000%
RET_OP_EXEC_COUNT_15                                 0        0.000%                0        0.000%
RET_OP_EXEC_COUNT_16                                 0        0.000%                0        0.000%
RET_OP_EXEC_COUNT_17                                 0        0.000%                0        0.000%
RET_OP_EXEC_COUNT_18                                 0        0.000%                0        0.000%
RET_OP_EXEC_COUNT_19                                 0        0.000%                0        0.000%
RET_OP_EXEC_COUNT_20                                 0        0.000%                0        0.000%
RET_OP_EXEC_COUNT_21                                 0        0.000%                0        0.000%
RET_OP_EXEC_COUNT_22                                 0        0.000%                0        0.000%
RET_OP_EXEC_COUNT_23                                 0        0.000%                0        0.000%
RET_OP_EXEC_COUNT_24                                 0        0.000%                0        0.000%
RET_OP_EXEC_COUNT_25                                 0        0.000%                0        0.000%
RET_OP_EXEC_COUNT_26                                 0        0.000%                0        0.000%
RET_OP_EXEC_COUNT_27                                 0        0.000%                0        0.000%
RET_OP_EXEC_COUNT_28                                 0        0.000%                0        0.000%
RET_OP_EXEC_COUNT_29                                 0        0.000%                0        0.000%
RET_OP_EXEC_COUNT_30                                 0        0.000%                0        0.000%
RET_OP_EXEC_COUNT_31                                 0        0.000%                0        0.000%
RET_OP_EXEC_COUNT_32                                 0        0.000%                0        0.000%
                                              34209612      100.000%         34209612      100.000%
                                                  1.00         0.00              1.00         0.00

RET_STALL_LENGTH_0                            34040832       99.507%         34040832       99.507%
RET_STALL_LENGTH_100                            158618        0.464%           158618        0.464%
RET_STALL_LENGTH_200                              5364        0.016%             5364        0.016%
RET_STALL_LENGTH_300                              1245        0.004%             1245        0.004%
RET_STALL_LENGTH_400                               599        0.002%              599        0.002%
RET_STALL_LENGTH_500                               199        0.001%              199        0.001%
RET_STALL_LENGTH_600                                35        0.000%               35        0.000%
RET_STALL_LENGTH_700                                16        0.000%               16        0.000%
RET_STALL_LENGTH_800                                 4        0.000%                4        0.000%
RET_STALL_LENGTH_900                                 3        0.000%                3        0.000%
RET_STALL_LENGTH_1000                               17        0.000%               17        0.000%
RET_STALL_LENGTH_1100                              295        0.001%              295        0.001%
RET_STALL_LENGTH_1200                             1842        0.005%             1842        0.005%
RET_STALL_LENGTH_1300                              446        0.001%              446        0.001%
RET_STALL_LENGTH_1400                               70        0.000%               70        0.000%
RET_STALL_LENGTH_1500                               15        0.000%               15        0.000%
RET_STALL_LENGTH_1600                                6        0.000%                6        0.000%
RET_STALL_LENGTH_1700                                5        0.000%                5        0.000%
RET_STALL_LENGTH_1800                                0        0.000%                0        0.000%
RET_STALL_LENGTH_1900                                0        0.000%                0        0.000%
RET_STALL_LENGTH_2000                                1        0.000%                1        0.000%
RET_STALL_LENGTH_2100                                0        0.000%                0        0.000%
RET_STALL_LENGTH_2200                                0        0.000%                0        0.000%
RET_STALL_LENGTH_2300                                0        0.000%                0        0.000%
RET_STALL_LENGTH_2400                                0        0.000%                0        0.000%
RET_STALL_LENGTH_2500                                0        0.000%                0        0.000%
RET_STALL_LENGTH_2600                                0        0.000%                0        0.000%
RET_STALL_LENGTH_2700                                0        0.000%                0        0.000%
RET_STALL_LENGTH_2800                                0        0.000%                0        0.000%
RET_STALL_LENGTH_2900                                0        0.000%                0        0.000%
RET_STALL_LENGTH_3000                                0        0.000%                0        0.000%
RET_STALL_LENGTH_3100                                0        0.000%                0        0.000%
RET_STALL_LENGTH_3200                                0        0.000%                0        0.000%
RET_STALL_LENGTH_3300                                0        0.000%                0        0.000%
RET_STALL_LENGTH_3400                                0        0.000%                0        0.000%
RET_STALL_LENGTH_3500                                0        0.000%                0        0.000%
RET_STALL_LENGTH_3600                                0        0.000%                0        0.000%
RET_STALL_LENGTH_3700                                0        0.000%                0        0.000%
RET_STALL_LENGTH_3800                                0        0.000%                0        0.000%
RET_STALL_LENGTH_3900                                0        0.000%                0        0.000%
RET_STALL_LENGTH_4000                                0        0.000%                0        0.000%
RET_STALL_LENGTH_4100                                0        0.000%                0        0.000%
RET_STALL_LENGTH_4200                                0        0.000%                0        0.000%
RET_STALL_LENGTH_4300                                0        0.000%                0        0.000%
RET_STALL_LENGTH_4400                                0        0.000%                0        0.000%
RET_STALL_LENGTH_4500                                0        0.000%                0        0.000%
RET_STALL_LENGTH_4600                                0        0.000%                0        0.000%
RET_STALL_LENGTH_4700                                0        0.000%                0        0.000%
RET_STALL_LENGTH_4800                                0        0.000%                0        0.000%
RET_STALL_LENGTH_4900                                0        0.000%                0        0.000%
RET_STALL_LENGTH_5000                                0        0.000%                0        0.000%
                                              34209612      100.000%         34209612      100.000%
                                                  0.01         0.13              0.01         0.13

MEM_BLOCK_LENGTH_0                                5275       95.892%             5275       95.892%
MEM_BLOCK_LENGTH_100                                11        0.200%               11        0.200%
MEM_BLOCK_LENGTH_200                                 2        0.036%                2        0.036%
MEM_BLOCK_LENGTH_300                                26        0.473%               26        0.473%
MEM_BLOCK_LENGTH_400                                16        0.291%               16        0.291%
MEM_BLOCK_LENGTH_500                                 1        0.018%                1        0.018%
MEM_BLOCK_LENGTH_600                                 0        0.000%                0        0.000%
MEM_BLOCK_LENGTH_700                                 0        0.000%                0        0.000%
MEM_BLOCK_LENGTH_800                                 0        0.000%                0        0.000%
MEM_BLOCK_LENGTH_900                                 0        0.000%                0        0.000%
MEM_BLOCK_LENGTH_1000                                3        0.055%                3        0.055%
MEM_BLOCK_LENGTH_1100                              125        2.272%              125        2.272%
MEM_BLOCK_LENGTH_1200                               42        0.763%               42        0.763%
MEM_BLOCK_LENGTH_1300                                0        0.000%                0        0.000%
MEM_BLOCK_LENGTH_1400                                0        0.000%                0        0.000%
MEM_BLOCK_LENGTH_1500                                0        0.000%                0        0.000%
MEM_BLOCK_LENGTH_1600                                0        0.000%                0        0.000%
MEM_BLOCK_LENGTH_1700                                0        0.000%                0        0.000%
MEM_BLOCK_LENGTH_1800                                0        0.000%                0        0.000%
MEM_BLOCK_LENGTH_1900                                0        0.000%                0        0.000%
MEM_BLOCK_LENGTH_2000                                0        0.000%                0        0.000%
MEM_BLOCK_LENGTH_2100                                0        0.000%                0        0.000%
MEM_BLOCK_LENGTH_2200                                0        0.000%                0        0.000%
MEM_BLOCK_LENGTH_2300                                0        0.000%                0        0.000%
MEM_BLOCK_LENGTH_2400                                0        0.000%                0        0.000%
MEM_BLOCK_LENGTH_2500                                0        0.000%                0        0.000%
MEM_BLOCK_LENGTH_2600                                0        0.000%                0        0.000%
MEM_BLOCK_LENGTH_2700                                0        0.000%                0        0.000%
MEM_BLOCK_LENGTH_2800                                0        0.000%                0        0.000%
MEM_BLOCK_LENGTH_2900                                0        0.000%                0        0.000%
MEM_BLOCK_LENGTH_3000                                0        0.000%                0        0.000%
MEM_BLOCK_LENGTH_3100                                0        0.000%                0        0.000%
MEM_BLOCK_LENGTH_3200                                0        0.000%                0        0.000%
MEM_BLOCK_LENGTH_3300                                0        0.000%                0        0.000%
MEM_BLOCK_LENGTH_3400                                0        0.000%                0        0.000%
MEM_BLOCK_LENGTH_3500                                0        0.000%                0        0.000%
MEM_BLOCK_LENGTH_3600                                0        0.000%                0        0.000%
MEM_BLOCK_LENGTH_3700                                0        0.000%                0        0.000%
MEM_BLOCK_LENGTH_3800                                0        0.000%                0        0.000%
MEM_BLOCK_LENGTH_3900                                0        0.000%                0        0.000%
MEM_BLOCK_LENGTH_4000                                0        0.000%                0        0.000%
MEM_BLOCK_LENGTH_4100                                0        0.000%                0        0.000%
MEM_BLOCK_LENGTH_4200                                0        0.000%                0        0.000%
MEM_BLOCK_LENGTH_4300                                0        0.000%                0        0.000%
MEM_BLOCK_LENGTH_4400                                0        0.000%                0        0.000%
MEM_BLOCK_LENGTH_4500                                0        0.000%                0        0.000%
MEM_BLOCK_LENGTH_4600                                0        0.000%                0        0.000%
MEM_BLOCK_LENGTH_4700                                0        0.000%                0        0.000%
MEM_BLOCK_LENGTH_4800                                0        0.000%                0        0.000%
MEM_BLOCK_LENGTH_4900                                0        0.000%                0        0.000%
MEM_BLOCK_LENGTH_5000                                0        0.000%                0        0.000%
                                                  5501      100.000%             5501      100.000%
                                                  0.38         1.93              0.38         1.93

FUS_BUSY_ON_PATH                              36060910        0.5273         36060910        0.5273

FUS_BUSY_OFF_PATH                             56457242        0.8255         56457242        0.8255

FU_BUSY_MEM_STALL                              7441838        0.1088          7441838        0.1088

FUS_EMPTY                                    454615600        6.6472        454615600        6.6472

CHIP_UTILIZATION                                     0        0.0000                0        0.0000

CYCLES_UNDER_MEM_REQ                                 0                              0              

CYCLES_UNDER_NO_MEM_REQ                              0                              0              

CYCLES_UNDER_CRITICAL_MEM_REQ                        0                              0              

CYCLES_UNDER_NONCRITICAL_MEM_REQ                     0                              0              

CHIP_UTILIZATION_UNDER_MEM_REQ                       0          -nan                0          -nan

CHIP_UTILIZATION_UNDER_NO_MEM_REQ                    0          -nan                0          -nan

CHIP_UTILIZATION_UNDER_CRITICAL_MEM_REQ              0          -nan                0          -nan

CHIP_UTILIZATION_UNDER_NONCRITICAL_MEM_REQ             0          -nan                0          -nan

CYCLES_NOT_WAITING_FOR_OFF_CHIP                      0        0.0000                0        0.0000

FUS_BUSY_NOT_WAITING_FOR_OFF_CHIP                    0          -nan                0          -nan

CYCLES_WAITING_FOR_OFF_CHIP                          0        0.0000                0        0.0000

FUS_BUSY_WAITING_FOR_OFF_CHIP                        0          -nan                0          -nan

TOTAL_OFF_CHIP_DELAYS_LEFT                           0                              0              

WRONG_IO_SCHED                                       0                              0              

DVFS_CONFIG_SWITCH                                   0                              0              



