               ramulator.active_cycles_0            24924721                                      # Total active cycles for level _0
                 ramulator.busy_cycles_0            24924721                                      # (All-bank refresh only. busy cycles only include refresh time in rank level) The sum of cycles that the DRAM part is active or under refresh for level _0
            ramulator.serving_requests_0           131189296                                      # The sum of read and write requests that are served in this DRAM element per memory cycle for level _0
    ramulator.average_serving_requests_0            5.115210                                      # The average of read and write requests that are served in this DRAM element per memory cycle for level _0
             ramulator.active_cycles_0_0            24924721                                      # Total active cycles for level _0_0
               ramulator.busy_cycles_0_0            25145221                                      # (All-bank refresh only. busy cycles only include refresh time in rank level) The sum of cycles that the DRAM part is active or under refresh for level _0_0
          ramulator.serving_requests_0_0           131189296                                      # The sum of read and write requests that are served in this DRAM element per memory cycle for level _0_0
  ramulator.average_serving_requests_0_0            5.115210                                      # The average of read and write requests that are served in this DRAM element per memory cycle for level _0_0
           ramulator.active_cycles_0_0_0            18769985                                      # Total active cycles for level _0_0_0
             ramulator.busy_cycles_0_0_0            18769985                                      # (All-bank refresh only. busy cycles only include refresh time in rank level) The sum of cycles that the DRAM part is active or under refresh for level _0_0_0
        ramulator.serving_requests_0_0_0            32044719                                      # The sum of read and write requests that are served in this DRAM element per memory cycle for level _0_0_0
ramulator.average_serving_requests_0_0_0            1.249458                                      # The average of read and write requests that are served in this DRAM element per memory cycle for level _0_0_0
         ramulator.active_cycles_0_0_0_0             7755863                                      # Total active cycles for level _0_0_0_0
           ramulator.busy_cycles_0_0_0_0             7755863                                      # (All-bank refresh only. busy cycles only include refresh time in rank level) The sum of cycles that the DRAM part is active or under refresh for level _0_0_0_0
      ramulator.serving_requests_0_0_0_0             8047457                                      # The sum of read and write requests that are served in this DRAM element per memory cycle for level _0_0_0_0
ramulator.average_serving_requests_0_0_0_0            0.313779                                      # The average of read and write requests that are served in this DRAM element per memory cycle for level _0_0_0_0
         ramulator.active_cycles_0_0_0_1             7800389                                      # Total active cycles for level _0_0_0_1
           ramulator.busy_cycles_0_0_0_1             7800389                                      # (All-bank refresh only. busy cycles only include refresh time in rank level) The sum of cycles that the DRAM part is active or under refresh for level _0_0_0_1
      ramulator.serving_requests_0_0_0_1             8103707                                      # The sum of read and write requests that are served in this DRAM element per memory cycle for level _0_0_0_1
ramulator.average_serving_requests_0_0_0_1            0.315972                                      # The average of read and write requests that are served in this DRAM element per memory cycle for level _0_0_0_1
         ramulator.active_cycles_0_0_0_2             7974856                                      # Total active cycles for level _0_0_0_2
           ramulator.busy_cycles_0_0_0_2             7974856                                      # (All-bank refresh only. busy cycles only include refresh time in rank level) The sum of cycles that the DRAM part is active or under refresh for level _0_0_0_2
      ramulator.serving_requests_0_0_0_2             8284106                                      # The sum of read and write requests that are served in this DRAM element per memory cycle for level _0_0_0_2
ramulator.average_serving_requests_0_0_0_2            0.323006                                      # The average of read and write requests that are served in this DRAM element per memory cycle for level _0_0_0_2
         ramulator.active_cycles_0_0_0_3             7405664                                      # Total active cycles for level _0_0_0_3
           ramulator.busy_cycles_0_0_0_3             7405664                                      # (All-bank refresh only. busy cycles only include refresh time in rank level) The sum of cycles that the DRAM part is active or under refresh for level _0_0_0_3
      ramulator.serving_requests_0_0_0_3             7609449                                      # The sum of read and write requests that are served in this DRAM element per memory cycle for level _0_0_0_3
ramulator.average_serving_requests_0_0_0_3            0.296700                                      # The average of read and write requests that are served in this DRAM element per memory cycle for level _0_0_0_3
           ramulator.active_cycles_0_0_1            19158871                                      # Total active cycles for level _0_0_1
             ramulator.busy_cycles_0_0_1            19158871                                      # (All-bank refresh only. busy cycles only include refresh time in rank level) The sum of cycles that the DRAM part is active or under refresh for level _0_0_1
        ramulator.serving_requests_0_0_1            32602878                                      # The sum of read and write requests that are served in this DRAM element per memory cycle for level _0_0_1
ramulator.average_serving_requests_0_0_1            1.271221                                      # The average of read and write requests that are served in this DRAM element per memory cycle for level _0_0_1
         ramulator.active_cycles_0_0_1_0             7979536                                      # Total active cycles for level _0_0_1_0
           ramulator.busy_cycles_0_0_1_0             7979536                                      # (All-bank refresh only. busy cycles only include refresh time in rank level) The sum of cycles that the DRAM part is active or under refresh for level _0_0_1_0
      ramulator.serving_requests_0_0_1_0             8193330                                      # The sum of read and write requests that are served in this DRAM element per memory cycle for level _0_0_1_0
ramulator.average_serving_requests_0_0_1_0            0.319467                                      # The average of read and write requests that are served in this DRAM element per memory cycle for level _0_0_1_0
         ramulator.active_cycles_0_0_1_1             8131460                                      # Total active cycles for level _0_0_1_1
           ramulator.busy_cycles_0_0_1_1             8131460                                      # (All-bank refresh only. busy cycles only include refresh time in rank level) The sum of cycles that the DRAM part is active or under refresh for level _0_0_1_1
      ramulator.serving_requests_0_0_1_1             8450599                                      # The sum of read and write requests that are served in this DRAM element per memory cycle for level _0_0_1_1
ramulator.average_serving_requests_0_0_1_1            0.329498                                      # The average of read and write requests that are served in this DRAM element per memory cycle for level _0_0_1_1
         ramulator.active_cycles_0_0_1_2             7806333                                      # Total active cycles for level _0_0_1_2
           ramulator.busy_cycles_0_0_1_2             7806333                                      # (All-bank refresh only. busy cycles only include refresh time in rank level) The sum of cycles that the DRAM part is active or under refresh for level _0_0_1_2
      ramulator.serving_requests_0_0_1_2             8010391                                      # The sum of read and write requests that are served in this DRAM element per memory cycle for level _0_0_1_2
ramulator.average_serving_requests_0_0_1_2            0.312334                                      # The average of read and write requests that are served in this DRAM element per memory cycle for level _0_0_1_2
         ramulator.active_cycles_0_0_1_3             7748206                                      # Total active cycles for level _0_0_1_3
           ramulator.busy_cycles_0_0_1_3             7748206                                      # (All-bank refresh only. busy cycles only include refresh time in rank level) The sum of cycles that the DRAM part is active or under refresh for level _0_0_1_3
      ramulator.serving_requests_0_0_1_3             7948558                                      # The sum of read and write requests that are served in this DRAM element per memory cycle for level _0_0_1_3
ramulator.average_serving_requests_0_0_1_3            0.309923                                      # The average of read and write requests that are served in this DRAM element per memory cycle for level _0_0_1_3
           ramulator.active_cycles_0_0_2            18876287                                      # Total active cycles for level _0_0_2
             ramulator.busy_cycles_0_0_2            18876287                                      # (All-bank refresh only. busy cycles only include refresh time in rank level) The sum of cycles that the DRAM part is active or under refresh for level _0_0_2
        ramulator.serving_requests_0_0_2            32762767                                      # The sum of read and write requests that are served in this DRAM element per memory cycle for level _0_0_2
ramulator.average_serving_requests_0_0_2            1.277455                                      # The average of read and write requests that are served in this DRAM element per memory cycle for level _0_0_2
         ramulator.active_cycles_0_0_2_0             8206553                                      # Total active cycles for level _0_0_2_0
           ramulator.busy_cycles_0_0_2_0             8206553                                      # (All-bank refresh only. busy cycles only include refresh time in rank level) The sum of cycles that the DRAM part is active or under refresh for level _0_0_2_0
      ramulator.serving_requests_0_0_2_0             8583462                                      # The sum of read and write requests that are served in this DRAM element per memory cycle for level _0_0_2_0
ramulator.average_serving_requests_0_0_2_0            0.334678                                      # The average of read and write requests that are served in this DRAM element per memory cycle for level _0_0_2_0
         ramulator.active_cycles_0_0_2_1             7500575                                      # Total active cycles for level _0_0_2_1
           ramulator.busy_cycles_0_0_2_1             7500575                                      # (All-bank refresh only. busy cycles only include refresh time in rank level) The sum of cycles that the DRAM part is active or under refresh for level _0_0_2_1
      ramulator.serving_requests_0_0_2_1             7672347                                      # The sum of read and write requests that are served in this DRAM element per memory cycle for level _0_0_2_1
ramulator.average_serving_requests_0_0_2_1            0.299153                                      # The average of read and write requests that are served in this DRAM element per memory cycle for level _0_0_2_1
         ramulator.active_cycles_0_0_2_2             7811152                                      # Total active cycles for level _0_0_2_2
           ramulator.busy_cycles_0_0_2_2             7811152                                      # (All-bank refresh only. busy cycles only include refresh time in rank level) The sum of cycles that the DRAM part is active or under refresh for level _0_0_2_2
      ramulator.serving_requests_0_0_2_2             8017188                                      # The sum of read and write requests that are served in this DRAM element per memory cycle for level _0_0_2_2
ramulator.average_serving_requests_0_0_2_2            0.312599                                      # The average of read and write requests that are served in this DRAM element per memory cycle for level _0_0_2_2
         ramulator.active_cycles_0_0_2_3             8091590                                      # Total active cycles for level _0_0_2_3
           ramulator.busy_cycles_0_0_2_3             8091590                                      # (All-bank refresh only. busy cycles only include refresh time in rank level) The sum of cycles that the DRAM part is active or under refresh for level _0_0_2_3
      ramulator.serving_requests_0_0_2_3             8489770                                      # The sum of read and write requests that are served in this DRAM element per memory cycle for level _0_0_2_3
ramulator.average_serving_requests_0_0_2_3            0.331025                                      # The average of read and write requests that are served in this DRAM element per memory cycle for level _0_0_2_3
           ramulator.active_cycles_0_0_3            19378310                                      # Total active cycles for level _0_0_3
             ramulator.busy_cycles_0_0_3            19378310                                      # (All-bank refresh only. busy cycles only include refresh time in rank level) The sum of cycles that the DRAM part is active or under refresh for level _0_0_3
        ramulator.serving_requests_0_0_3            33778902                                      # The sum of read and write requests that are served in this DRAM element per memory cycle for level _0_0_3
ramulator.average_serving_requests_0_0_3            1.317075                                      # The average of read and write requests that are served in this DRAM element per memory cycle for level _0_0_3
         ramulator.active_cycles_0_0_3_0             8093448                                      # Total active cycles for level _0_0_3_0
           ramulator.busy_cycles_0_0_3_0             8093448                                      # (All-bank refresh only. busy cycles only include refresh time in rank level) The sum of cycles that the DRAM part is active or under refresh for level _0_0_3_0
      ramulator.serving_requests_0_0_3_0             8390529                                      # The sum of read and write requests that are served in this DRAM element per memory cycle for level _0_0_3_0
ramulator.average_serving_requests_0_0_3_0            0.327156                                      # The average of read and write requests that are served in this DRAM element per memory cycle for level _0_0_3_0
         ramulator.active_cycles_0_0_3_1             7492125                                      # Total active cycles for level _0_0_3_1
           ramulator.busy_cycles_0_0_3_1             7492125                                      # (All-bank refresh only. busy cycles only include refresh time in rank level) The sum of cycles that the DRAM part is active or under refresh for level _0_0_3_1
      ramulator.serving_requests_0_0_3_1             7647798                                      # The sum of read and write requests that are served in this DRAM element per memory cycle for level _0_0_3_1
ramulator.average_serving_requests_0_0_3_1            0.298196                                      # The average of read and write requests that are served in this DRAM element per memory cycle for level _0_0_3_1
         ramulator.active_cycles_0_0_3_2             8025393                                      # Total active cycles for level _0_0_3_2
           ramulator.busy_cycles_0_0_3_2             8025393                                      # (All-bank refresh only. busy cycles only include refresh time in rank level) The sum of cycles that the DRAM part is active or under refresh for level _0_0_3_2
      ramulator.serving_requests_0_0_3_2             8395491                                      # The sum of read and write requests that are served in this DRAM element per memory cycle for level _0_0_3_2
ramulator.average_serving_requests_0_0_3_2            0.327349                                      # The average of read and write requests that are served in this DRAM element per memory cycle for level _0_0_3_2
         ramulator.active_cycles_0_0_3_3             8740623                                      # Total active cycles for level _0_0_3_3
           ramulator.busy_cycles_0_0_3_3             8740623                                      # (All-bank refresh only. busy cycles only include refresh time in rank level) The sum of cycles that the DRAM part is active or under refresh for level _0_0_3_3
      ramulator.serving_requests_0_0_3_3             9345084                                      # The sum of read and write requests that are served in this DRAM element per memory cycle for level _0_0_3_3
ramulator.average_serving_requests_0_0_3_3            0.364375                                      # The average of read and write requests that are served in this DRAM element per memory cycle for level _0_0_3_3
      ramulator.read_transaction_bytes_0           132420480                                      # The total byte of read transaction per channel
     ramulator.write_transaction_bytes_0              549376                                      # The total byte of write transaction per channel
       ramulator.row_hits_channel_0_core               50462                                      # Number of row hits per channel per core
     ramulator.row_misses_channel_0_core               40186                                      # Number of row misses per channel per core
  ramulator.row_conflicts_channel_0_core             1987006                                      # Number of row conflicts per channel per core
  ramulator.read_row_hits_channel_0_core               49917                                      # Number of row hits for read requests per channel per core
                                     [0]             49917.0                                      # 
ramulator.read_row_misses_channel_0_core               39680                                      # Number of row misses for read requests per channel per core
                                     [0]             39680.0                                      # 
ramulator.read_row_conflicts_channel_0_core             1979473                                      # Number of row conflicts for read requests per channel per core
                                     [0]           1979473.0                                      # 
 ramulator.write_row_hits_channel_0_core                 545                                      # Number of row hits for write requests per channel per core
                                     [0]               545.0                                      # 
ramulator.write_row_misses_channel_0_core                 506                                      # Number of row misses for write requests per channel per core
                                     [0]               506.0                                      # 
ramulator.write_row_conflicts_channel_0_core                7533                                      # Number of row conflicts for write requests per channel per core
                                     [0]              7533.0                                      # 
      ramulator.useless_activates_0_core                  10                                      # Number of useless activations. E.g, ACT -> PRE w/o RD or WR
            ramulator.read_latency_avg_0           75.750011                                      # The average memory latency cycles (in memory time domain) per request for all read requests in this channel
            ramulator.read_latency_sum_0           156734423                                      # The memory latency cycles (in memory time domain) sum for all read requests in this channel
        ramulator.req_queue_length_avg_0           16.146106                                      # Average of read and write queue length per memory cycle per channel.
        ramulator.req_queue_length_sum_0           414097622                                      # Sum of read and write queue length per memory cycle per channel.
   ramulator.read_req_queue_length_avg_0            4.850761                                      # Read queue length average per memory cycle per channel.
   ramulator.read_req_queue_length_sum_0           124406998                                      # Read queue length sum per memory cycle per channel.
  ramulator.write_req_queue_length_avg_0           11.295345                                      # Write queue length average per memory cycle per channel.
  ramulator.write_req_queue_length_sum_0           289690624                                      # Write queue length sum per memory cycle per channel.
              ramulator.record_read_hits                 0.0                                      # record read hit count for this core when it reaches request limit or to the end
                                     [0]                 0.0                                      # 
            ramulator.record_read_misses                 0.0                                      # record_read_miss count for this core when it reaches request limit or to the end
                                     [0]                 0.0                                      # 
         ramulator.record_read_conflicts                 0.0                                      # record read conflict count for this core when it reaches request limit or to the end
                                     [0]                 0.0                                      # 
             ramulator.record_write_hits                 0.0                                      # record write hit count for this core when it reaches request limit or to the end
                                     [0]                 0.0                                      # 
           ramulator.record_write_misses                 0.0                                      # record write miss count for this core when it reaches request limit or to the end
                                     [0]                 0.0                                      # 
        ramulator.record_write_conflicts                 0.0                                      # record write conflict for this core when it reaches request limit or to the end
                                     [0]                 0.0                                      # 
                 ramulator.dram_capacity          8589934592                                      # Number of bytes in simulated DRAM
                   ramulator.dram_cycles            25646904                                      # Number of DRAM cycles simulated
             ramulator.incoming_requests             2077692                                      # Number of incoming requests to DRAM
                 ramulator.read_requests             2069101                                      # Number of incoming read requests to DRAM per core
                                     [0]           2069101.0                                      # 
                ramulator.write_requests                8591                                      # Number of incoming write requests to DRAM per core
                                     [0]              8591.0                                      # 
       ramulator.ramulator_active_cycles            24924723                                      # The total number of cycles that the DRAM part is active (serving R/W)
 ramulator.incoming_requests_per_channel           2077692.0                                      # Number of incoming requests to each DRAM channel
                                     [0]           2077692.0                                      # 
ramulator.incoming_read_reqs_per_channel           2069101.0                                      # Number of incoming read requests to each DRAM channel
                                     [0]           2069101.0                                      # 
     ramulator.physical_page_replacement                   0                                      # The number of times that physical page replacement happens.
             ramulator.maximum_bandwidth         19200000000                                      # The theoretical maximum bandwidth (Bps)
          ramulator.in_queue_req_num_sum           414097622                                      # Sum of read/write queue length
     ramulator.in_queue_read_req_num_sum           124406998                                      # Sum of read queue length
    ramulator.in_queue_write_req_num_sum           289690624                                      # Sum of write queue length
          ramulator.in_queue_req_num_avg           16.146106                                      # Average of read/write queue length per memory cycle
     ramulator.in_queue_read_req_num_avg            4.850761                                      # Average of read queue length per memory cycle
    ramulator.in_queue_write_req_num_avg           11.295345                                      # Average of write queue length per memory cycle
          ramulator.record_read_requests                 0.0                                      # record read requests for this core when it reaches request limit or to the end
                                     [0]                 0.0                                      # 
         ramulator.record_write_requests                 0.0                                      # record write requests for this core when it reaches request limit or to the end
                                     [0]                 0.0                                      # 
