/* -*- Mode: c -*- */
####################################################################################################
Core 0
####################################################################################################
Cumulative:        Cycles: 7970037               Instructions: 30000001              IPC: 3.76410

ST_OP_INV                                            0        0.000%                0        0.000%
ST_OP_NOP                                         3423        0.010%             3423        0.010%
ST_OP_CF                                       1441368        4.057%          1441368        4.057%
ST_OP_MOV                                        37388        0.105%            37388        0.105%
ST_OP_CMOV                                     4086809       11.504%          4086809       11.504%
ST_OP_LDA                                       473567        1.333%           473567        1.333%
ST_OP_IMEM                                    17531528       49.349%         17531528       49.349%
ST_OP_IADD                                     6431572       18.104%          6431572       18.104%
ST_OP_IMUL                                           5        0.000%                5        0.000%
ST_OP_IDIV                                           0        0.000%                0        0.000%
ST_OP_ICMP                                     5486581       15.444%          5486581       15.444%
ST_OP_LOGIC                                      23111        0.065%            23111        0.065%
ST_OP_SHIFT                                        952        0.003%              952        0.003%
ST_OP_FMEM                                        3363        0.009%             3363        0.009%
ST_OP_FCVT                                         149        0.000%              149        0.000%
ST_OP_FADD                                         536        0.002%              536        0.002%
ST_OP_FMUL                                         436        0.001%              436        0.001%
ST_OP_FMA                                            0        0.000%                0        0.000%
ST_OP_FDIV                                          19        0.000%               19        0.000%
ST_OP_FCMP                                         178        0.001%              178        0.001%
ST_OP_FCMOV                                          0        0.000%                0        0.000%
ST_OP_GATHER                                         0        0.000%                0        0.000%
ST_OP_SCATTER                                        0        0.000%                0        0.000%
ST_OP_PIPELINED_FAST                              2174        0.006%             2174        0.006%
ST_OP_PIPELINED_MEDIUM                               0        0.000%                0        0.000%
ST_OP_PIPELINED_SLOW                                 0        0.000%                0        0.000%
ST_OP_NOTPIPELINED_MEDIUM                          121        0.000%              121        0.000%
ST_OP_NOTPIPELINED_SLOW                           2037        0.006%             2037        0.006%
ST_OP_NOTPIPELINED_VERY_SLOW                         0        0.000%                0        0.000%
                                              35525317      100.000%         35525317      100.000%
                                                  6.40         1.92              6.40         1.92

ST_NOT_CF                                     34083949       95.943%         34083949       95.943%
ST_CF_BR                                          3736        0.011%             3736        0.011%
ST_CF_CBR                                      1420877        4.000%          1420877        4.000%
ST_CF_CALL                                        6176        0.017%             6176        0.017%
ST_CF_IBR                                         4317        0.012%             4317        0.012%
ST_CF_ICALL                                         43        0.000%               43        0.000%
ST_CF_ICO                                            0        0.000%                0        0.000%
ST_CF_RET                                         6219        0.018%             6219        0.018%
ST_CF_SYS                                            0        0.000%                0        0.000%
                                              35525317      100.000%         35525317      100.000%
                                                  0.08         0.40              0.08         0.40

ST_BAR_NONE                                   35525317      100.000%         35525317      100.000%
ST_BAR_FETCH                                         0        0.000%                0        0.000%
ST_BAR_ISSUE                                         0        0.000%                0        0.000%
ST_BAR_BOTH                                          0        0.000%                0        0.000%
                                              35525317      100.000%         35525317      100.000%
                                                  0.00         0.00              0.00         0.00

ST_NOT_MEM                                    17990426       50.641%         17990426       50.641%
ST_MEM_LD                                     12929470       36.395%         12929470       36.395%
ST_MEM_ST                                      4605421       12.964%          4605421       12.964%
ST_MEM_PF                                            0        0.000%                0        0.000%
ST_MEM_WH                                            0        0.000%                0        0.000%
ST_MEM_EVICT                                         0        0.000%                0        0.000%
                                              35525317      100.000%         35525317      100.000%
                                                  0.62         0.55              0.62         0.55

ST_NOT_MEM_OFFPATH                              189304       58.644%           189304       58.644%
ST_MEM_LD_OFFPATH                               102567       31.774%           102567       31.774%
ST_MEM_ST_OFFPATH                                30930        9.582%            30930        9.582%
ST_MEM_PF_OFFPATH                                    0        0.000%                0        0.000%
ST_MEM_WH_OFFPATH                                    0        0.000%                0        0.000%
ST_MEM_EVIC_OFFPATHT                                 0        0.000%                0        0.000%
                                                322801      100.000%           322801      100.000%
                                                  0.51         0.54              0.51         0.54

ST_OP_ONPATH                                  35525317                       35525317              

ST_OP_OFFPATH                                   322801                         322801              

ST_FAKE_OP_OFFPATH                               31516        9.763%            31516        9.763%
ST_NOT_FAKE_OP_OFFPATH                          291285       90.237%           291285       90.237%
                                                322801      100.000%           322801      100.000%
                                                  0.90         0.86              0.90         0.86

ST_FAKE_REASON_NOT_FAKE                         291285       90.237%           291285       90.237%
ST_FAKE_REASON_REDIRECT_TO_NOT_INSTRUMENTED          2256        0.699%             2256        0.699%
ST_FAKE_REASON_RETURN_TO_NOT_INSTRUMENTED          2316        0.717%             2316        0.717%
ST_FAKE_REASON_NONRET_CF_TO_NOT_INSTRUMENTED         26944        8.347%            26944        8.347%
ST_FAKE_REASON_NOT_TAKEN_TO_NOT_INSTRUMENTED             0        0.000%                0        0.000%
ST_FAKE_REASON_WRONG_PATH_STORE_TO_NEW_REGION             0        0.000%                0        0.000%
                                                322801      100.000%           322801      100.000%
                                                  0.27         0.80              0.27         0.80

ST_INST_ONPATH                                30000228                       30000228              

ST_INST_OFFPATH                                 282237                         282237              

STATIC_PIN_NOP                                       0                              0              

DYNAMIC_PIN_REP_GREATER_256                          0                              0              



