/* -*- Mode: c -*- */
####################################################################################################
Core 0
####################################################################################################
Cumulative:        Cycles: 13761803              Instructions: 30000004              IPC: 2.17995

EXECUTION_TIME                           4300563437500                  4300563437500              

NODE_CYCLE                                    13761803                       13761803              

NODE_INST_COUNT                               30000004                       30000004              

NODE_UOP_COUNT                                32911289                       32911289              

FULL_WINDOW_STALL                              6601187       47.967%          6601187       47.967%

FULL_WINDOW_MEM_OP                             5522308       90.908%          5522308       90.908%
FULL_WINDOW_FP_OP                               541702        8.917%           541702        8.917%
FULL_WINDOW_OTHER_OP                             10604        0.175%            10604        0.175%
                                               6074614      100.000%          6074614      100.000%
                                                  0.09         0.28              0.09         0.28

RET_BLOCKED_DC_MISS                            6219130       45.191%          6219130       45.191%

RET_BLOCKED_L1_MISS                            5411764       39.325%          5411764       39.325%

RET_BLOCKED_L1_MISS_BW_PREF                    1799578       13.077%          1799578       13.077%

RET_BLOCKED_L1_ACCESS                           807472        5.867%           807472        5.867%

RET_BLOCKED_MEM_STALL                          5432132       39.473%          5432132       39.473%

RET_BLOCKED_OFFCHIP_DEMAND                           0        0.000%                0        0.000%

OP_ISSUED                                     35042276                       35042276              

OP_RETIRED                                    32911289                       32911289              

REPLAY_SIGNALED                                      0                              0              

REPLAY_COUNTED                                       0                              0              

OFF_CRITICAL_PATH                                    0         -nan%                0         -nan%
ON_CRITICAL_PATH                                     0         -nan%                0         -nan%
                                                     0         -nan%                0         -nan%
                                                  -nan         -nan              -nan         -nan

LD_NO_DEPENDENTS                                 33692        0.435%            33692        0.435%
LD_DEPENDENTS                                  7704907       99.565%          7704907       99.565%
                                               7738599      100.000%          7738599      100.000%
                                                  1.00         0.99              1.00         0.99

LD_EXEC_CYCLES_0                                     0        0.000%                0        0.000%
LD_EXEC_CYCLES_1                                     0        0.000%                0        0.000%
LD_EXEC_CYCLES_2                                     0        0.000%                0        0.000%
LD_EXEC_CYCLES_3                               4018159       74.955%          4018159       74.955%
LD_EXEC_CYCLES_4                               1342604       25.045%          1342604       25.045%
                                               5360763      100.000%          5360763      100.000%
                                                  3.25         1.68              3.25         1.68

FU_BUSY_0                                      8354314                        8354314              

FU_BUSY_1                                      7538009                        7538009              

FU_BUSY_2                                      6357993                        6357993              

FU_BUSY_3                                      5071847                        5071847              

FU_BUSY_4                                      3712227                        3712227              

FU_BUSY_5                                      2769791                        2769791              

FU_BUSY_6                                      1980864                        1980864              

FU_BUSY_7                                      1451166                        1451166              

FU_BUSY_8                                            0                              0              

FU_BUSY_9                                            0                              0              

FU_BUSY_10                                           0                              0              

FU_BUSY_11                                           0                              0              

FU_BUSY_12                                           0                              0              

FU_BUSY_13                                           0                              0              

FU_BUSY_14                                           0                              0              

FU_BUSY_15                                           0                              0              

FU_BUSY_16                                           0                              0              

FU_BUSY_17                                           0                              0              

FU_BUSY_18                                           0                              0              

FU_BUSY_19                                           0                              0              

FU_BUSY_20                                           0                              0              

FU_BUSY_21                                           0                              0              

FU_BUSY_22                                           0                              0              

FU_BUSY_23                                           0                              0              

FU_BUSY_24                                           0                              0              

FU_BUSY_25                                           0                              0              

FU_BUSY_26                                           0                              0              

FU_BUSY_27                                           0                              0              

FU_BUSY_28                                           0                              0              

FU_BUSY_29                                           0                              0              

FU_BUSY_30                                           0                              0              

FU_BUSY_31                                           0                              0              

OP_WAIT_0                                     23786079                       23786079              

OP_WAIT_1                                      7329594                        7329594              

OP_WAIT_2                                      1067548                        1067548              

OP_WAIT_3                                       324438                         324438              

OP_WAIT_4                                        91551                          91551              

OP_WAIT_5                                        77919                          77919              

OP_WAIT_6                                        29356                          29356              

OP_WAIT_7                                        15029                          15029              

OP_WAIT_8                                        21071                          21071              

OP_WAIT_9                                        10637                          10637              

OP_WAIT_10                                        7587                           7587              

OP_WAIT_11                                        6565                           6565              

OP_WAIT_12                                        5969                           5969              

OP_WAIT_13                                        4912                           4912              

OP_WAIT_14                                        4846                           4846              

OP_WAIT_15                                        6431                           6431              

OP_WAIT_16                                        4741                           4741              

OP_WAIT_17                                        2642                           2642              

OP_WAIT_18                                        2465                           2465              

OP_WAIT_19                                        3515                           3515              

OP_WAIT_20                                        3380                           3380              

OP_WAIT_21                                        1754                           1754              

OP_WAIT_22                                        1219                           1219              

OP_WAIT_23                                        1136                           1136              

OP_WAIT_24                                        1144                           1144              

OP_WAIT_25                                        1139                           1139              

OP_WAIT_26                                        1513                           1513              

OP_WAIT_27                                        1553                           1553              

OP_WAIT_28                                        1287                           1287              

OP_WAIT_29                                        1269                           1269              

OP_WAIT_30                                        1854                           1854              

OP_WAIT_31                                       91146                          91146              

ROW_SIZE_0                                     7345185                        7345185              

ROW_SIZE_1                                      633436                         633436              

ROW_SIZE_2                                      180122                         180122              

ROW_SIZE_3                                       99473                          99473              

ROW_SIZE_4                                      147358                         147358              

ROW_SIZE_5                                       87502                          87502              

ROW_SIZE_6                                     5098708                        5098708              

ROW_SIZE_7                                           0                              0              

ROW_SIZE_8                                           0                              0              

ROW_SIZE_9                                           0                              0              

ROW_SIZE_10                                          0                              0              

ROW_SIZE_11                                          0                              0              

ROW_SIZE_12                                          0                              0              

ROW_SIZE_13                                          0                              0              

ROW_SIZE_14                                          0                              0              

ROW_SIZE_15                                          0                              0              

ROW_SIZE_16                                          0                              0              

ROW_SIZE_17                                          0                              0              

ROW_SIZE_18                                          0                              0              

ROW_SIZE_19                                          0                              0              

ROW_SIZE_20                                          0                              0              

ROW_SIZE_21                                          0                              0              

ROW_SIZE_22                                          0                              0              

ROW_SIZE_23                                          0                              0              

ROW_SIZE_24                                          0                              0              

ROW_SIZE_25                                          0                              0              

ROW_SIZE_26                                          0                              0              

ROW_SIZE_27                                          0                              0              

ROW_SIZE_28                                          0                              0              

ROW_SIZE_29                                          0                              0              

ROW_SIZE_30                                          0                              0              

ROW_SIZE_31                                          0                              0              

RET_OP_EXEC_COUNT_0                                  0        0.000%                0        0.000%
RET_OP_EXEC_COUNT_1                           32911289      100.000%         32911289      100.000%
RET_OP_EXEC_COUNT_2                                  0        0.000%                0        0.000%
RET_OP_EXEC_COUNT_3                                  0        0.000%                0        0.000%
RET_OP_EXEC_COUNT_4                                  0        0.000%                0        0.000%
RET_OP_EXEC_COUNT_5                                  0        0.000%                0        0.000%
RET_OP_EXEC_COUNT_6                                  0        0.000%                0        0.000%
RET_OP_EXEC_COUNT_7                                  0        0.000%                0        0.000%
RET_OP_EXEC_COUNT_8                                  0        0.000%                0        0.000%
RET_OP_EXEC_COUNT_9                                  0        0.000%                0        0.000%
RET_OP_EXEC_COUNT_10                                 0        0.000%                0        0.000%
RET_OP_EXEC_COUNT_11                                 0        0.000%                0        0.000%
RET_OP_EXEC_COUNT_12                                 0        0.000%                0        0.000%
RET_OP_EXEC_COUNT_13                                 0        0.000%                0        0.000%
RET_OP_EXEC_COUNT_14                                 0        0.000%                0        0.000%
RET_OP_EXEC_COUNT_15                                 0        0.000%                0        0.000%
RET_OP_EXEC_COUNT_16                                 0        0.000%                0        0.000%
RET_OP_EXEC_COUNT_17                                 0        0.000%                0        0.000%
RET_OP_EXEC_COUNT_18                                 0        0.000%                0        0.000%
RET_OP_EXEC_COUNT_19                                 0        0.000%                0        0.000%
RET_OP_EXEC_COUNT_20                                 0        0.000%                0        0.000%
RET_OP_EXEC_COUNT_21                                 0        0.000%                0        0.000%
RET_OP_EXEC_COUNT_22                                 0        0.000%                0        0.000%
RET_OP_EXEC_COUNT_23                                 0        0.000%                0        0.000%
RET_OP_EXEC_COUNT_24                                 0        0.000%                0        0.000%
RET_OP_EXEC_COUNT_25                                 0        0.000%                0        0.000%
RET_OP_EXEC_COUNT_26                                 0        0.000%                0        0.000%
RET_OP_EXEC_COUNT_27                                 0        0.000%                0        0.000%
RET_OP_EXEC_COUNT_28                                 0        0.000%                0        0.000%
RET_OP_EXEC_COUNT_29                                 0        0.000%                0        0.000%
RET_OP_EXEC_COUNT_30                                 0        0.000%                0        0.000%
RET_OP_EXEC_COUNT_31                                 0        0.000%                0        0.000%
RET_OP_EXEC_COUNT_32                                 0        0.000%                0        0.000%
                                              32911289      100.000%         32911289      100.000%
                                                  1.00         0.00              1.00         0.00

RET_STALL_LENGTH_0                            32890064       99.936%         32890064       99.936%
RET_STALL_LENGTH_100                             18505        0.056%            18505        0.056%
RET_STALL_LENGTH_200                              1540        0.005%             1540        0.005%
RET_STALL_LENGTH_300                               381        0.001%              381        0.001%
RET_STALL_LENGTH_400                               184        0.001%              184        0.001%
RET_STALL_LENGTH_500                                73        0.000%               73        0.000%
RET_STALL_LENGTH_600                                33        0.000%               33        0.000%
RET_STALL_LENGTH_700                                18        0.000%               18        0.000%
RET_STALL_LENGTH_800                                12        0.000%               12        0.000%
RET_STALL_LENGTH_900                                14        0.000%               14        0.000%
RET_STALL_LENGTH_1000                               28        0.000%               28        0.000%
RET_STALL_LENGTH_1100                              128        0.000%              128        0.000%
RET_STALL_LENGTH_1200                              209        0.001%              209        0.001%
RET_STALL_LENGTH_1300                               71        0.000%               71        0.000%
RET_STALL_LENGTH_1400                               15        0.000%               15        0.000%
RET_STALL_LENGTH_1500                                9        0.000%                9        0.000%
RET_STALL_LENGTH_1600                                3        0.000%                3        0.000%
RET_STALL_LENGTH_1700                                0        0.000%                0        0.000%
RET_STALL_LENGTH_1800                                2        0.000%                2        0.000%
RET_STALL_LENGTH_1900                                0        0.000%                0        0.000%
RET_STALL_LENGTH_2000                                0        0.000%                0        0.000%
RET_STALL_LENGTH_2100                                0        0.000%                0        0.000%
RET_STALL_LENGTH_2200                                0        0.000%                0        0.000%
RET_STALL_LENGTH_2300                                0        0.000%                0        0.000%
RET_STALL_LENGTH_2400                                0        0.000%                0        0.000%
RET_STALL_LENGTH_2500                                0        0.000%                0        0.000%
RET_STALL_LENGTH_2600                                0        0.000%                0        0.000%
RET_STALL_LENGTH_2700                                0        0.000%                0        0.000%
RET_STALL_LENGTH_2800                                0        0.000%                0        0.000%
RET_STALL_LENGTH_2900                                0        0.000%                0        0.000%
RET_STALL_LENGTH_3000                                0        0.000%                0        0.000%
RET_STALL_LENGTH_3100                                0        0.000%                0        0.000%
RET_STALL_LENGTH_3200                                0        0.000%                0        0.000%
RET_STALL_LENGTH_3300                                0        0.000%                0        0.000%
RET_STALL_LENGTH_3400                                0        0.000%                0        0.000%
RET_STALL_LENGTH_3500                                0        0.000%                0        0.000%
RET_STALL_LENGTH_3600                                0        0.000%                0        0.000%
RET_STALL_LENGTH_3700                                0        0.000%                0        0.000%
RET_STALL_LENGTH_3800                                0        0.000%                0        0.000%
RET_STALL_LENGTH_3900                                0        0.000%                0        0.000%
RET_STALL_LENGTH_4000                                0        0.000%                0        0.000%
RET_STALL_LENGTH_4100                                0        0.000%                0        0.000%
RET_STALL_LENGTH_4200                                0        0.000%                0        0.000%
RET_STALL_LENGTH_4300                                0        0.000%                0        0.000%
RET_STALL_LENGTH_4400                                0        0.000%                0        0.000%
RET_STALL_LENGTH_4500                                0        0.000%                0        0.000%
RET_STALL_LENGTH_4600                                0        0.000%                0        0.000%
RET_STALL_LENGTH_4700                                0        0.000%                0        0.000%
RET_STALL_LENGTH_4800                                0        0.000%                0        0.000%
RET_STALL_LENGTH_4900                                0        0.000%                0        0.000%
RET_STALL_LENGTH_5000                                0        0.000%                0        0.000%
                                              32911289      100.000%         32911289      100.000%
                                                  0.00         0.06              0.00         0.06

MEM_BLOCK_LENGTH_0                                1888       92.685%             1888       92.685%
MEM_BLOCK_LENGTH_100                                73        3.584%               73        3.584%
MEM_BLOCK_LENGTH_200                                21        1.031%               21        1.031%
MEM_BLOCK_LENGTH_300                                 7        0.344%                7        0.344%
MEM_BLOCK_LENGTH_400                                 6        0.295%                6        0.295%
MEM_BLOCK_LENGTH_500                                17        0.835%               17        0.835%
MEM_BLOCK_LENGTH_600                                 6        0.295%                6        0.295%
MEM_BLOCK_LENGTH_700                                 6        0.295%                6        0.295%
MEM_BLOCK_LENGTH_800                                 3        0.147%                3        0.147%
MEM_BLOCK_LENGTH_900                                 1        0.049%                1        0.049%
MEM_BLOCK_LENGTH_1000                                3        0.147%                3        0.147%
MEM_BLOCK_LENGTH_1100                                2        0.098%                2        0.098%
MEM_BLOCK_LENGTH_1200                                3        0.147%                3        0.147%
MEM_BLOCK_LENGTH_1300                                0        0.000%                0        0.000%
MEM_BLOCK_LENGTH_1400                                0        0.000%                0        0.000%
MEM_BLOCK_LENGTH_1500                                0        0.000%                0        0.000%
MEM_BLOCK_LENGTH_1600                                1        0.049%                1        0.049%
MEM_BLOCK_LENGTH_1700                                0        0.000%                0        0.000%
MEM_BLOCK_LENGTH_1800                                0        0.000%                0        0.000%
MEM_BLOCK_LENGTH_1900                                0        0.000%                0        0.000%
MEM_BLOCK_LENGTH_2000                                0        0.000%                0        0.000%
MEM_BLOCK_LENGTH_2100                                0        0.000%                0        0.000%
MEM_BLOCK_LENGTH_2200                                0        0.000%                0        0.000%
MEM_BLOCK_LENGTH_2300                                0        0.000%                0        0.000%
MEM_BLOCK_LENGTH_2400                                0        0.000%                0        0.000%
MEM_BLOCK_LENGTH_2500                                0        0.000%                0        0.000%
MEM_BLOCK_LENGTH_2600                                0        0.000%                0        0.000%
MEM_BLOCK_LENGTH_2700                                0        0.000%                0        0.000%
MEM_BLOCK_LENGTH_2800                                0        0.000%                0        0.000%
MEM_BLOCK_LENGTH_2900                                0        0.000%                0        0.000%
MEM_BLOCK_LENGTH_3000                                0        0.000%                0        0.000%
MEM_BLOCK_LENGTH_3100                                0        0.000%                0        0.000%
MEM_BLOCK_LENGTH_3200                                0        0.000%                0        0.000%
MEM_BLOCK_LENGTH_3300                                0        0.000%                0        0.000%
MEM_BLOCK_LENGTH_3400                                0        0.000%                0        0.000%
MEM_BLOCK_LENGTH_3500                                0        0.000%                0        0.000%
MEM_BLOCK_LENGTH_3600                                0        0.000%                0        0.000%
MEM_BLOCK_LENGTH_3700                                0        0.000%                0        0.000%
MEM_BLOCK_LENGTH_3800                                0        0.000%                0        0.000%
MEM_BLOCK_LENGTH_3900                                0        0.000%                0        0.000%
MEM_BLOCK_LENGTH_4000                                0        0.000%                0        0.000%
MEM_BLOCK_LENGTH_4100                                0        0.000%                0        0.000%
MEM_BLOCK_LENGTH_4200                                0        0.000%                0        0.000%
MEM_BLOCK_LENGTH_4300                                0        0.000%                0        0.000%
MEM_BLOCK_LENGTH_4400                                0        0.000%                0        0.000%
MEM_BLOCK_LENGTH_4500                                0        0.000%                0        0.000%
MEM_BLOCK_LENGTH_4600                                0        0.000%                0        0.000%
MEM_BLOCK_LENGTH_4700                                0        0.000%                0        0.000%
MEM_BLOCK_LENGTH_4800                                0        0.000%                0        0.000%
MEM_BLOCK_LENGTH_4900                                0        0.000%                0        0.000%
MEM_BLOCK_LENGTH_5000                                0        0.000%                0        0.000%
                                                  2037      100.000%             2037      100.000%
                                                  0.23         1.12              0.23         1.12

FUS_BUSY_ON_PATH                              35690636        2.5935         35690636        2.5935

FUS_BUSY_OFF_PATH                              1545575        0.1123          1545575        0.1123

FU_BUSY_MEM_STALL                              2796085        0.2032          2796085        0.2032

FUS_EMPTY                                     72858213        5.2942         72858213        5.2942

CHIP_UTILIZATION                                     0        0.0000                0        0.0000

CYCLES_UNDER_MEM_REQ                                 0                              0              

CYCLES_UNDER_NO_MEM_REQ                              0                              0              

CYCLES_UNDER_CRITICAL_MEM_REQ                        0                              0              

CYCLES_UNDER_NONCRITICAL_MEM_REQ                     0                              0              

CHIP_UTILIZATION_UNDER_MEM_REQ                       0          -nan                0          -nan

CHIP_UTILIZATION_UNDER_NO_MEM_REQ                    0          -nan                0          -nan

CHIP_UTILIZATION_UNDER_CRITICAL_MEM_REQ              0          -nan                0          -nan

CHIP_UTILIZATION_UNDER_NONCRITICAL_MEM_REQ             0          -nan                0          -nan

CYCLES_NOT_WAITING_FOR_OFF_CHIP                      0        0.0000                0        0.0000

FUS_BUSY_NOT_WAITING_FOR_OFF_CHIP                    0          -nan                0          -nan

CYCLES_WAITING_FOR_OFF_CHIP                          0        0.0000                0        0.0000

FUS_BUSY_WAITING_FOR_OFF_CHIP                        0          -nan                0          -nan

TOTAL_OFF_CHIP_DELAYS_LEFT                           0                              0              

WRONG_IO_SCHED                                       0                              0              

DVFS_CONFIG_SWITCH                                   0                              0              



