               ramulator.active_cycles_0             4569589                                      # Total active cycles for level _0
                 ramulator.busy_cycles_0             4569589                                      # (All-bank refresh only. busy cycles only include refresh time in rank level) The sum of cycles that the DRAM part is active or under refresh for level _0
            ramulator.serving_requests_0            13702023                                      # The sum of read and write requests that are served in this DRAM element per memory cycle for level _0
    ramulator.average_serving_requests_0            2.655082                                      # The average of read and write requests that are served in this DRAM element per memory cycle for level _0
             ramulator.active_cycles_0_0             4569589                                      # Total active cycles for level _0_0
               ramulator.busy_cycles_0_0             4678369                                      # (All-bank refresh only. busy cycles only include refresh time in rank level) The sum of cycles that the DRAM part is active or under refresh for level _0_0
          ramulator.serving_requests_0_0            13702023                                      # The sum of read and write requests that are served in this DRAM element per memory cycle for level _0_0
  ramulator.average_serving_requests_0_0            2.655082                                      # The average of read and write requests that are served in this DRAM element per memory cycle for level _0_0
           ramulator.active_cycles_0_0_0             2289004                                      # Total active cycles for level _0_0_0
             ramulator.busy_cycles_0_0_0             2289004                                      # (All-bank refresh only. busy cycles only include refresh time in rank level) The sum of cycles that the DRAM part is active or under refresh for level _0_0_0
        ramulator.serving_requests_0_0_0             3544810                                      # The sum of read and write requests that are served in this DRAM element per memory cycle for level _0_0_0
ramulator.average_serving_requests_0_0_0            0.686888                                      # The average of read and write requests that are served in this DRAM element per memory cycle for level _0_0_0
         ramulator.active_cycles_0_0_0_0              689136                                      # Total active cycles for level _0_0_0_0
           ramulator.busy_cycles_0_0_0_0              689136                                      # (All-bank refresh only. busy cycles only include refresh time in rank level) The sum of cycles that the DRAM part is active or under refresh for level _0_0_0_0
      ramulator.serving_requests_0_0_0_0              876298                                      # The sum of read and write requests that are served in this DRAM element per memory cycle for level _0_0_0_0
ramulator.average_serving_requests_0_0_0_0            0.169803                                      # The average of read and write requests that are served in this DRAM element per memory cycle for level _0_0_0_0
         ramulator.active_cycles_0_0_0_1              735554                                      # Total active cycles for level _0_0_0_1
           ramulator.busy_cycles_0_0_0_1              735554                                      # (All-bank refresh only. busy cycles only include refresh time in rank level) The sum of cycles that the DRAM part is active or under refresh for level _0_0_0_1
      ramulator.serving_requests_0_0_0_1              904420                                      # The sum of read and write requests that are served in this DRAM element per memory cycle for level _0_0_0_1
ramulator.average_serving_requests_0_0_0_1            0.175252                                      # The average of read and write requests that are served in this DRAM element per memory cycle for level _0_0_0_1
         ramulator.active_cycles_0_0_0_2              686938                                      # Total active cycles for level _0_0_0_2
           ramulator.busy_cycles_0_0_0_2              686938                                      # (All-bank refresh only. busy cycles only include refresh time in rank level) The sum of cycles that the DRAM part is active or under refresh for level _0_0_0_2
      ramulator.serving_requests_0_0_0_2              904741                                      # The sum of read and write requests that are served in this DRAM element per memory cycle for level _0_0_0_2
ramulator.average_serving_requests_0_0_0_2            0.175314                                      # The average of read and write requests that are served in this DRAM element per memory cycle for level _0_0_0_2
         ramulator.active_cycles_0_0_0_3              676638                                      # Total active cycles for level _0_0_0_3
           ramulator.busy_cycles_0_0_0_3              676638                                      # (All-bank refresh only. busy cycles only include refresh time in rank level) The sum of cycles that the DRAM part is active or under refresh for level _0_0_0_3
      ramulator.serving_requests_0_0_0_3              859351                                      # The sum of read and write requests that are served in this DRAM element per memory cycle for level _0_0_0_3
ramulator.average_serving_requests_0_0_0_3            0.166519                                      # The average of read and write requests that are served in this DRAM element per memory cycle for level _0_0_0_3
           ramulator.active_cycles_0_0_1             2295506                                      # Total active cycles for level _0_0_1
             ramulator.busy_cycles_0_0_1             2295506                                      # (All-bank refresh only. busy cycles only include refresh time in rank level) The sum of cycles that the DRAM part is active or under refresh for level _0_0_1
        ramulator.serving_requests_0_0_1             3495396                                      # The sum of read and write requests that are served in this DRAM element per memory cycle for level _0_0_1
ramulator.average_serving_requests_0_0_1            0.677313                                      # The average of read and write requests that are served in this DRAM element per memory cycle for level _0_0_1
         ramulator.active_cycles_0_0_1_0              836775                                      # Total active cycles for level _0_0_1_0
           ramulator.busy_cycles_0_0_1_0              836775                                      # (All-bank refresh only. busy cycles only include refresh time in rank level) The sum of cycles that the DRAM part is active or under refresh for level _0_0_1_0
      ramulator.serving_requests_0_0_1_0             1069087                                      # The sum of read and write requests that are served in this DRAM element per memory cycle for level _0_0_1_0
ramulator.average_serving_requests_0_0_1_0            0.207160                                      # The average of read and write requests that are served in this DRAM element per memory cycle for level _0_0_1_0
         ramulator.active_cycles_0_0_1_1              675337                                      # Total active cycles for level _0_0_1_1
           ramulator.busy_cycles_0_0_1_1              675337                                      # (All-bank refresh only. busy cycles only include refresh time in rank level) The sum of cycles that the DRAM part is active or under refresh for level _0_0_1_1
      ramulator.serving_requests_0_0_1_1              855109                                      # The sum of read and write requests that are served in this DRAM element per memory cycle for level _0_0_1_1
ramulator.average_serving_requests_0_0_1_1            0.165697                                      # The average of read and write requests that are served in this DRAM element per memory cycle for level _0_0_1_1
         ramulator.active_cycles_0_0_1_2              462727                                      # Total active cycles for level _0_0_1_2
           ramulator.busy_cycles_0_0_1_2              462727                                      # (All-bank refresh only. busy cycles only include refresh time in rank level) The sum of cycles that the DRAM part is active or under refresh for level _0_0_1_2
      ramulator.serving_requests_0_0_1_2              603789                                      # The sum of read and write requests that are served in this DRAM element per memory cycle for level _0_0_1_2
ramulator.average_serving_requests_0_0_1_2            0.116998                                      # The average of read and write requests that are served in this DRAM element per memory cycle for level _0_0_1_2
         ramulator.active_cycles_0_0_1_3              742319                                      # Total active cycles for level _0_0_1_3
           ramulator.busy_cycles_0_0_1_3              742319                                      # (All-bank refresh only. busy cycles only include refresh time in rank level) The sum of cycles that the DRAM part is active or under refresh for level _0_0_1_3
      ramulator.serving_requests_0_0_1_3              953554                                      # The sum of read and write requests that are served in this DRAM element per memory cycle for level _0_0_1_3
ramulator.average_serving_requests_0_0_1_3            0.184773                                      # The average of read and write requests that are served in this DRAM element per memory cycle for level _0_0_1_3
           ramulator.active_cycles_0_0_2             2201397                                      # Total active cycles for level _0_0_2
             ramulator.busy_cycles_0_0_2             2201397                                      # (All-bank refresh only. busy cycles only include refresh time in rank level) The sum of cycles that the DRAM part is active or under refresh for level _0_0_2
        ramulator.serving_requests_0_0_2             3542751                                      # The sum of read and write requests that are served in this DRAM element per memory cycle for level _0_0_2
ramulator.average_serving_requests_0_0_2            0.686489                                      # The average of read and write requests that are served in this DRAM element per memory cycle for level _0_0_2
         ramulator.active_cycles_0_0_2_0              606197                                      # Total active cycles for level _0_0_2_0
           ramulator.busy_cycles_0_0_2_0              606197                                      # (All-bank refresh only. busy cycles only include refresh time in rank level) The sum of cycles that the DRAM part is active or under refresh for level _0_0_2_0
      ramulator.serving_requests_0_0_2_0              817814                                      # The sum of read and write requests that are served in this DRAM element per memory cycle for level _0_0_2_0
ramulator.average_serving_requests_0_0_2_0            0.158470                                      # The average of read and write requests that are served in this DRAM element per memory cycle for level _0_0_2_0
         ramulator.active_cycles_0_0_2_1              702036                                      # Total active cycles for level _0_0_2_1
           ramulator.busy_cycles_0_0_2_1              702036                                      # (All-bank refresh only. busy cycles only include refresh time in rank level) The sum of cycles that the DRAM part is active or under refresh for level _0_0_2_1
      ramulator.serving_requests_0_0_2_1              923345                                      # The sum of read and write requests that are served in this DRAM element per memory cycle for level _0_0_2_1
ramulator.average_serving_requests_0_0_2_1            0.178919                                      # The average of read and write requests that are served in this DRAM element per memory cycle for level _0_0_2_1
         ramulator.active_cycles_0_0_2_2              819701                                      # Total active cycles for level _0_0_2_2
           ramulator.busy_cycles_0_0_2_2              819701                                      # (All-bank refresh only. busy cycles only include refresh time in rank level) The sum of cycles that the DRAM part is active or under refresh for level _0_0_2_2
      ramulator.serving_requests_0_0_2_2             1040031                                      # The sum of read and write requests that are served in this DRAM element per memory cycle for level _0_0_2_2
ramulator.average_serving_requests_0_0_2_2            0.201530                                      # The average of read and write requests that are served in this DRAM element per memory cycle for level _0_0_2_2
         ramulator.active_cycles_0_0_2_3              578736                                      # Total active cycles for level _0_0_2_3
           ramulator.busy_cycles_0_0_2_3              578736                                      # (All-bank refresh only. busy cycles only include refresh time in rank level) The sum of cycles that the DRAM part is active or under refresh for level _0_0_2_3
      ramulator.serving_requests_0_0_2_3              761561                                      # The sum of read and write requests that are served in this DRAM element per memory cycle for level _0_0_2_3
ramulator.average_serving_requests_0_0_2_3            0.147570                                      # The average of read and write requests that are served in this DRAM element per memory cycle for level _0_0_2_3
           ramulator.active_cycles_0_0_3             1933661                                      # Total active cycles for level _0_0_3
             ramulator.busy_cycles_0_0_3             1933661                                      # (All-bank refresh only. busy cycles only include refresh time in rank level) The sum of cycles that the DRAM part is active or under refresh for level _0_0_3
        ramulator.serving_requests_0_0_3             3118918                                      # The sum of read and write requests that are served in this DRAM element per memory cycle for level _0_0_3
ramulator.average_serving_requests_0_0_3            0.604362                                      # The average of read and write requests that are served in this DRAM element per memory cycle for level _0_0_3
         ramulator.active_cycles_0_0_3_0              871648                                      # Total active cycles for level _0_0_3_0
           ramulator.busy_cycles_0_0_3_0              871648                                      # (All-bank refresh only. busy cycles only include refresh time in rank level) The sum of cycles that the DRAM part is active or under refresh for level _0_0_3_0
      ramulator.serving_requests_0_0_3_0             1125988                                      # The sum of read and write requests that are served in this DRAM element per memory cycle for level _0_0_3_0
ramulator.average_serving_requests_0_0_3_0            0.218186                                      # The average of read and write requests that are served in this DRAM element per memory cycle for level _0_0_3_0
         ramulator.active_cycles_0_0_3_1              577801                                      # Total active cycles for level _0_0_3_1
           ramulator.busy_cycles_0_0_3_1              577801                                      # (All-bank refresh only. busy cycles only include refresh time in rank level) The sum of cycles that the DRAM part is active or under refresh for level _0_0_3_1
      ramulator.serving_requests_0_0_3_1              762327                                      # The sum of read and write requests that are served in this DRAM element per memory cycle for level _0_0_3_1
ramulator.average_serving_requests_0_0_3_1            0.147718                                      # The average of read and write requests that are served in this DRAM element per memory cycle for level _0_0_3_1
         ramulator.active_cycles_0_0_3_2              374821                                      # Total active cycles for level _0_0_3_2
           ramulator.busy_cycles_0_0_3_2              374821                                      # (All-bank refresh only. busy cycles only include refresh time in rank level) The sum of cycles that the DRAM part is active or under refresh for level _0_0_3_2
      ramulator.serving_requests_0_0_3_2              500722                                      # The sum of read and write requests that are served in this DRAM element per memory cycle for level _0_0_3_2
ramulator.average_serving_requests_0_0_3_2            0.097026                                      # The average of read and write requests that are served in this DRAM element per memory cycle for level _0_0_3_2
         ramulator.active_cycles_0_0_3_3              555690                                      # Total active cycles for level _0_0_3_3
           ramulator.busy_cycles_0_0_3_3              555690                                      # (All-bank refresh only. busy cycles only include refresh time in rank level) The sum of cycles that the DRAM part is active or under refresh for level _0_0_3_3
      ramulator.serving_requests_0_0_3_3              729881                                      # The sum of read and write requests that are served in this DRAM element per memory cycle for level _0_0_3_3
ramulator.average_serving_requests_0_0_3_3            0.141431                                      # The average of read and write requests that are served in this DRAM element per memory cycle for level _0_0_3_3
      ramulator.read_transaction_bytes_0            28212480                                      # The total byte of read transaction per channel
     ramulator.write_transaction_bytes_0              477760                                      # The total byte of write transaction per channel
       ramulator.row_hits_channel_0_core              385591                                      # Number of row hits per channel per core
     ramulator.row_misses_channel_0_core                8981                                      # Number of row misses per channel per core
  ramulator.row_conflicts_channel_0_core               53713                                      # Number of row conflicts per channel per core
  ramulator.read_row_hits_channel_0_core              382522                                      # Number of row hits for read requests per channel per core
                                     [0]            382522.0                                      # 
ramulator.read_row_misses_channel_0_core                7992                                      # Number of row misses for read requests per channel per core
                                     [0]              7992.0                                      # 
ramulator.read_row_conflicts_channel_0_core               50306                                      # Number of row conflicts for read requests per channel per core
                                     [0]             50306.0                                      # 
 ramulator.write_row_hits_channel_0_core                3069                                      # Number of row hits for write requests per channel per core
                                     [0]              3069.0                                      # 
ramulator.write_row_misses_channel_0_core                 989                                      # Number of row misses for write requests per channel per core
                                     [0]               989.0                                      # 
ramulator.write_row_conflicts_channel_0_core                3407                                      # Number of row conflicts for write requests per channel per core
                                     [0]              3407.0                                      # 
      ramulator.useless_activates_0_core                  13                                      # Number of useless activations. E.g, ACT -> PRE w/o RD or WR
            ramulator.read_latency_avg_0           52.963166                                      # The average memory latency cycles (in memory time domain) per request for all read requests in this channel
            ramulator.read_latency_sum_0            23364065                                      # The memory latency cycles (in memory time domain) sum for all read requests in this channel
        ramulator.req_queue_length_avg_0           18.854243                                      # Average of read and write queue length per memory cycle per channel.
        ramulator.req_queue_length_sum_0            97300676                                      # Sum of read and write queue length per memory cycle per channel.
   ramulator.read_req_queue_length_avg_0            4.341674                                      # Read queue length average per memory cycle per channel.
   ramulator.read_req_queue_length_sum_0            22405983                                      # Read queue length sum per memory cycle per channel.
  ramulator.write_req_queue_length_avg_0           14.512569                                      # Write queue length average per memory cycle per channel.
  ramulator.write_req_queue_length_sum_0            74894693                                      # Write queue length sum per memory cycle per channel.
              ramulator.record_read_hits                 0.0                                      # record read hit count for this core when it reaches request limit or to the end
                                     [0]                 0.0                                      # 
            ramulator.record_read_misses                 0.0                                      # record_read_miss count for this core when it reaches request limit or to the end
                                     [0]                 0.0                                      # 
         ramulator.record_read_conflicts                 0.0                                      # record read conflict count for this core when it reaches request limit or to the end
                                     [0]                 0.0                                      # 
             ramulator.record_write_hits                 0.0                                      # record write hit count for this core when it reaches request limit or to the end
                                     [0]                 0.0                                      # 
           ramulator.record_write_misses                 0.0                                      # record write miss count for this core when it reaches request limit or to the end
                                     [0]                 0.0                                      # 
        ramulator.record_write_conflicts                 0.0                                      # record write conflict for this core when it reaches request limit or to the end
                                     [0]                 0.0                                      # 
                 ramulator.dram_capacity          8589934592                                      # Number of bytes in simulated DRAM
                   ramulator.dram_cycles             5160678                                      # Number of DRAM cycles simulated
             ramulator.incoming_requests              448613                                      # Number of incoming requests to DRAM
                 ramulator.read_requests              441138                                      # Number of incoming read requests to DRAM per core
                                     [0]            441138.0                                      # 
                ramulator.write_requests                7475                                      # Number of incoming write requests to DRAM per core
                                     [0]              7475.0                                      # 
       ramulator.ramulator_active_cycles             4569590                                      # The total number of cycles that the DRAM part is active (serving R/W)
 ramulator.incoming_requests_per_channel            448613.0                                      # Number of incoming requests to each DRAM channel
                                     [0]            448613.0                                      # 
ramulator.incoming_read_reqs_per_channel            441138.0                                      # Number of incoming read requests to each DRAM channel
                                     [0]            441138.0                                      # 
     ramulator.physical_page_replacement                   0                                      # The number of times that physical page replacement happens.
             ramulator.maximum_bandwidth         19200000000                                      # The theoretical maximum bandwidth (Bps)
          ramulator.in_queue_req_num_sum            97300676                                      # Sum of read/write queue length
     ramulator.in_queue_read_req_num_sum            22405983                                      # Sum of read queue length
    ramulator.in_queue_write_req_num_sum            74894693                                      # Sum of write queue length
          ramulator.in_queue_req_num_avg           18.854243                                      # Average of read/write queue length per memory cycle
     ramulator.in_queue_read_req_num_avg            4.341674                                      # Average of read queue length per memory cycle
    ramulator.in_queue_write_req_num_avg           14.512569                                      # Average of write queue length per memory cycle
          ramulator.record_read_requests                 0.0                                      # record read requests for this core when it reaches request limit or to the end
                                     [0]                 0.0                                      # 
         ramulator.record_write_requests                 0.0                                      # record write requests for this core when it reaches request limit or to the end
                                     [0]                 0.0                                      # 
