/* -*- Mode: c -*- */
####################################################################################################
Core 0
####################################################################################################
Cumulative:        Cycles: 13761803              Instructions: 30000004              IPC: 2.17995

DCACHE_PREF_HIT                                      0                              0              

IFETCH_WB_FIRST_SCHEDULE                             0         -nan%                0         -nan%
PREFETCH_LAST_SCHEDULE                               0         -nan%                0         -nan%
DEMAND_PASS_PREF_SCHEDULE                            0         -nan%                0         -nan%
DEMAND_PASS_LOW_OP_SCHEDULE                          0         -nan%                0         -nan%
DEMAND_LAST_SCHEDULE                                 0         -nan%                0         -nan%
                                                     0         -nan%                0         -nan%
                                                  -nan         -nan              -nan         -nan

SEND_MISS_REQ_QUEUE                             482142                         482142              

L1_DATA_EVICT                                   467100                         467100              

STREAM_BUFFER_REQ                                    0                              0              

PREF_SEND_TO_MEM_REQ                                 0         -nan%                0         -nan%
PREF_SEND_TO_MEM_REQ_FAIL                            0         -nan%                0         -nan%
                                                     0         -nan%                0         -nan%
                                                  -nan         -nan              -nan         -nan

HIT_TRAIN_STREAM                                324145       84.153%           324145       84.153%
MISS_TRAIN_STREAM                                61039       15.847%            61039       15.847%
                                                385184      100.000%           385184      100.000%
                                                  0.16         0.34              0.16         0.34

STREAM_TRAIN_CREATE                              26707                          26707              

MEM_REQ_MISS_HWP_PREF_Q                              0         -nan%                0         -nan%
MEM_REQ_MISS_SW_PREF_Q                               0         -nan%                0         -nan%
MEM_REQ_MISS_IFETCH_Q                                0         -nan%                0         -nan%
MEM_REQ_MISS_DFETCH_Q                                0         -nan%                0         -nan%
MEM_REQ_MISS_DSTORE_Q                                0         -nan%                0         -nan%
MEM_REQ_MISS_DPRF_Q                                  0         -nan%                0         -nan%
MEM_REQ_MISS_WB_Q                                    0         -nan%                0         -nan%
                                                     0         -nan%                0         -nan%
                                                  -nan         -nan              -nan         -nan

PREF_HIT_BY_DEMAND_IFETCH                            0         -nan%                0         -nan%
PREF_HIT_BY_DEMAND_DFETCH                            0         -nan%                0         -nan%
PREF_HIT_BY_DEMAND_DSTORE                            0         -nan%                0         -nan%
PREF_HIT_BY_DEMAND_IPREF                             0         -nan%                0         -nan%
PREF_HIT_BY_DEMAND_DPRF                              0         -nan%                0         -nan%
PREF_HIT_BY_DEMAND_WB                                0         -nan%                0         -nan%
PREF_HIT_BY_PREF                                     0         -nan%                0         -nan%
                                                     0         -nan%                0         -nan%
                                                  -nan         -nan              -nan         -nan

PREF_HIT_DEMAND_IFETCH                               0         -nan%                0         -nan%
PREF_HIT_DEMAND_DFETCH                               0         -nan%                0         -nan%
PREF_HIT_DEMAND_DSTORE                               0         -nan%                0         -nan%
PREF_HIT_DEMAND_IPREF                                0         -nan%                0         -nan%
PREF_HIT_DEMAND_DPRF                                 0         -nan%                0         -nan%
PREF_HIT_DEMAND_WB                                   0         -nan%                0         -nan%
                                                     0         -nan%                0         -nan%
                                                  -nan         -nan              -nan         -nan

PREF_L1_FILL                                         0         -nan%                0         -nan%
DEMAND_L1_FILL                                       0         -nan%                0         -nan%
                                                     0         -nan%                0         -nan%
                                                  -nan         -nan              -nan         -nan

TOUCH_L1_REPLACE                                     0        0.000%                0        0.000%
NO_TOUCH_L1_REPLACE                             467100      100.000%           467100      100.000%
                                                467100      100.000%           467100      100.000%
                                                  1.00         1.00              1.00         1.00

PREF_REQ_QUE_FULL                                    0                              0              

STREAM_REQ_QUEUE_HIT_BY_DEMAND                       0                              0              

L2HIT_STREAM_PREF_REQ_QUE_FULL                       0                              0              

L2HIT_HIT_TRAIN_STREAM                               0         -nan%                0         -nan%
L2HIT_MISS_TRAIN_STREAM                              0         -nan%                0         -nan%
                                                     0         -nan%                0         -nan%
                                                  -nan         -nan              -nan         -nan

L2HIT_STREAM_TRAIN_CREATE                            0                              0              

L2HIT_STREAM_BUFFER_REQ                              0                              0              

L2HIT_STREAM_PREF_DCACHE_HIT                         0         -nan%                0         -nan%
L2HIT_STREAM_PREF_DCACHE_INSERT                      0         -nan%                0         -nan%
L2HIT_STREAM_L2_MISS                                 0         -nan%                0         -nan%
                                                     0         -nan%                0         -nan%
                                                  -nan         -nan              -nan         -nan

L2HIT_STREAM_DCACHE_PORT_FULL                        0                              0              

L2HIT_STREAM_PREF_L1_PORT_FULL                       0                              0              

L2HIT_TRAIN_HIT_DEMAND                               0         -nan%                0         -nan%
L2HIT_TRAIN_MISS_REQ                                 0         -nan%                0         -nan%
                                                     0         -nan%                0         -nan%
                                                  -nan         -nan              -nan         -nan

L2HIT_TRAIN_FILTER_MISS                              0         -nan%                0         -nan%
L2HIT_TRAIN_FILTER_HIT                               0         -nan%                0         -nan%
                                                     0         -nan%                0         -nan%
                                                  -nan         -nan              -nan         -nan

L2HIT_PREF_REQ_DCACHE_HIT                            0         -nan%                0         -nan%
L2HIT_PREF_REQ_DCACHE_MISS                           0         -nan%                0         -nan%
                                                     0         -nan%                0         -nan%
                                                  -nan         -nan              -nan         -nan

L2HIT_L2SEND_Q_FULL                                  0         -nan%                0         -nan%
L2HIT_L2SEND_Q_ENTER                                 0         -nan%                0         -nan%
                                                     0         -nan%                0         -nan%
                                                  -nan         -nan              -nan         -nan

L2HIT_MEM_REQ                                        0                              0              

REMOVE_REDUNDANT_STREAM_STAT                         0                              0              

REPLACE_OLD_STREAM                               26691                          26691              

REQ_SEND_QUEUE_STALL                                 0                              0              

STREAM_ENTER_RA                                      0                              0              

CORE_STREAM_LENGTH_0                                99        2.366%               99        2.366%
CORE_STREAM_LENGTH_10                             1410       33.692%             1410       33.692%
CORE_STREAM_LENGTH_20                              995       23.775%              995       23.775%
CORE_STREAM_LENGTH_30                              565       13.501%              565       13.501%
CORE_STREAM_LENGTH_40                              222        5.305%              222        5.305%
CORE_STREAM_LENGTH_50                              210        5.018%              210        5.018%
CORE_STREAM_LENGTH_60                              118        2.820%              118        2.820%
CORE_STREAM_LENGTH_70                               65        1.553%               65        1.553%
CORE_STREAM_LENGTH_80                               74        1.768%               74        1.768%
CORE_STREAM_LENGTH_90                               48        1.147%               48        1.147%
CORE_STREAM_LENGTH_100_P                           379        9.056%              379        9.056%
                                                  4185      100.000%             4185      100.000%
                                                  3.11         2.91              3.11         2.91

CORE_CUM_STREAM_LENGTH_0                           732        0.158%              732        0.158%
CORE_CUM_STREAM_LENGTH_10                        21073        4.562%            21073        4.562%
CORE_CUM_STREAM_LENGTH_20                        24084        5.214%            24084        5.214%
CORE_CUM_STREAM_LENGTH_30                        18960        4.105%            18960        4.105%
CORE_CUM_STREAM_LENGTH_40                         9757        2.112%             9757        2.112%
CORE_CUM_STREAM_LENGTH_50                        11259        2.438%            11259        2.438%
CORE_CUM_STREAM_LENGTH_60                         7600        1.645%             7600        1.645%
CORE_CUM_STREAM_LENGTH_70                         4738        1.026%             4738        1.026%
CORE_CUM_STREAM_LENGTH_80                         6276        1.359%             6276        1.359%
CORE_CUM_STREAM_LENGTH_90                         4576        0.991%             4576        0.991%
CORE_CUM_STREAM_LENGTH_100_P                    352843       76.390%           352843       76.390%
                                                461898      100.000%           461898      100.000%
                                                  8.49         7.98              8.49         7.98

CORE_STREAM_TRAIN_HITS_0                          2437       58.232%             2437       58.232%
CORE_STREAM_TRAIN_HITS_10                         1046       24.994%             1046       24.994%
CORE_STREAM_TRAIN_HITS_20                          209        4.994%              209        4.994%
CORE_STREAM_TRAIN_HITS_30                          100        2.389%              100        2.389%
CORE_STREAM_TRAIN_HITS_40                           74        1.768%               74        1.768%
CORE_STREAM_TRAIN_HITS_50                           39        0.932%               39        0.932%
CORE_STREAM_TRAIN_HITS_60                           10        0.239%               10        0.239%
CORE_STREAM_TRAIN_HITS_70                           14        0.335%               14        0.335%
CORE_STREAM_TRAIN_HITS_80                           16        0.382%               16        0.382%
CORE_STREAM_TRAIN_HITS_90                           10        0.239%               10        0.239%
CORE_STREAM_TRAIN_HITS_100_P                       230        5.496%              230        5.496%
                                                  4185      100.000%             4185      100.000%
                                                  1.18         2.29              1.18         2.29

CORE_CUM_STREAM_TRAIN_HITS_0                     16107        4.725%            16107        4.725%
CORE_CUM_STREAM_TRAIN_HITS_10                    13433        3.941%            13433        3.941%
CORE_CUM_STREAM_TRAIN_HITS_20                     5000        1.467%             5000        1.467%
CORE_CUM_STREAM_TRAIN_HITS_30                     3416        1.002%             3416        1.002%
CORE_CUM_STREAM_TRAIN_HITS_40                     3207        0.941%             3207        0.941%
CORE_CUM_STREAM_TRAIN_HITS_50                     2110        0.619%             2110        0.619%
CORE_CUM_STREAM_TRAIN_HITS_60                      643        0.189%              643        0.189%
CORE_CUM_STREAM_TRAIN_HITS_70                     1012        0.297%             1012        0.297%
CORE_CUM_STREAM_TRAIN_HITS_80                     1397        0.410%             1397        0.410%
CORE_CUM_STREAM_TRAIN_HITS_90                      944        0.277%              944        0.277%
CORE_CUM_STREAM_TRAIN_HITS_100_P                293616       86.133%           293616       86.133%
                                                340885      100.000%           340885      100.000%
                                                  8.87         8.53              8.87         8.53

CORE_STREAM_TRAIN_CREATE                         26707                          26707              



