/* -*- Mode: c -*- */
####################################################################################################
Core 0
####################################################################################################
Cumulative:        Cycles: 7249119               Instructions: 30000001              IPC: 4.13843

DCACHE_PREF_HIT                                      0                              0              

IFETCH_WB_FIRST_SCHEDULE                             0         -nan%                0         -nan%
PREFETCH_LAST_SCHEDULE                               0         -nan%                0         -nan%
DEMAND_PASS_PREF_SCHEDULE                            0         -nan%                0         -nan%
DEMAND_PASS_LOW_OP_SCHEDULE                          0         -nan%                0         -nan%
DEMAND_LAST_SCHEDULE                                 0         -nan%                0         -nan%
                                                     0         -nan%                0         -nan%
                                                  -nan         -nan              -nan         -nan

SEND_MISS_REQ_QUEUE                              44745                          44745              

L1_DATA_EVICT                                     2112                           2112              

STREAM_BUFFER_REQ                                    0                              0              

PREF_SEND_TO_MEM_REQ                                 0         -nan%                0         -nan%
PREF_SEND_TO_MEM_REQ_FAIL                            0         -nan%                0         -nan%
                                                     0         -nan%                0         -nan%
                                                  -nan         -nan              -nan         -nan

HIT_TRAIN_STREAM                                 64299       98.697%            64299       98.697%
MISS_TRAIN_STREAM                                  849        1.303%              849        1.303%
                                                 65148      100.000%            65148      100.000%
                                                  0.01         0.11              0.01         0.11

STREAM_TRAIN_CREATE                                364                            364              

MEM_REQ_MISS_HWP_PREF_Q                              0         -nan%                0         -nan%
MEM_REQ_MISS_SW_PREF_Q                               0         -nan%                0         -nan%
MEM_REQ_MISS_IFETCH_Q                                0         -nan%                0         -nan%
MEM_REQ_MISS_DFETCH_Q                                0         -nan%                0         -nan%
MEM_REQ_MISS_DSTORE_Q                                0         -nan%                0         -nan%
MEM_REQ_MISS_DPRF_Q                                  0         -nan%                0         -nan%
MEM_REQ_MISS_WB_Q                                    0         -nan%                0         -nan%
                                                     0         -nan%                0         -nan%
                                                  -nan         -nan              -nan         -nan

PREF_HIT_BY_DEMAND_IFETCH                            0         -nan%                0         -nan%
PREF_HIT_BY_DEMAND_DFETCH                            0         -nan%                0         -nan%
PREF_HIT_BY_DEMAND_DSTORE                            0         -nan%                0         -nan%
PREF_HIT_BY_DEMAND_IPREF                             0         -nan%                0         -nan%
PREF_HIT_BY_DEMAND_DPRF                              0         -nan%                0         -nan%
PREF_HIT_BY_DEMAND_WB                                0         -nan%                0         -nan%
PREF_HIT_BY_PREF                                     0         -nan%                0         -nan%
                                                     0         -nan%                0         -nan%
                                                  -nan         -nan              -nan         -nan

PREF_HIT_DEMAND_IFETCH                               0         -nan%                0         -nan%
PREF_HIT_DEMAND_DFETCH                               0         -nan%                0         -nan%
PREF_HIT_DEMAND_DSTORE                               0         -nan%                0         -nan%
PREF_HIT_DEMAND_IPREF                                0         -nan%                0         -nan%
PREF_HIT_DEMAND_DPRF                                 0         -nan%                0         -nan%
PREF_HIT_DEMAND_WB                                   0         -nan%                0         -nan%
                                                     0         -nan%                0         -nan%
                                                  -nan         -nan              -nan         -nan

PREF_L1_FILL                                         0         -nan%                0         -nan%
DEMAND_L1_FILL                                       0         -nan%                0         -nan%
                                                     0         -nan%                0         -nan%
                                                  -nan         -nan              -nan         -nan

TOUCH_L1_REPLACE                                     0        0.000%                0        0.000%
NO_TOUCH_L1_REPLACE                               2112      100.000%             2112      100.000%
                                                  2112      100.000%             2112      100.000%
                                                  1.00         1.00              1.00         1.00

PREF_REQ_QUE_FULL                                    0                              0              

STREAM_REQ_QUEUE_HIT_BY_DEMAND                       0                              0              

L2HIT_STREAM_PREF_REQ_QUE_FULL                       0                              0              

L2HIT_HIT_TRAIN_STREAM                               0         -nan%                0         -nan%
L2HIT_MISS_TRAIN_STREAM                              0         -nan%                0         -nan%
                                                     0         -nan%                0         -nan%
                                                  -nan         -nan              -nan         -nan

L2HIT_STREAM_TRAIN_CREATE                            0                              0              

L2HIT_STREAM_BUFFER_REQ                              0                              0              

L2HIT_STREAM_PREF_DCACHE_HIT                         0         -nan%                0         -nan%
L2HIT_STREAM_PREF_DCACHE_INSERT                      0         -nan%                0         -nan%
L2HIT_STREAM_L2_MISS                                 0         -nan%                0         -nan%
                                                     0         -nan%                0         -nan%
                                                  -nan         -nan              -nan         -nan

L2HIT_STREAM_DCACHE_PORT_FULL                        0                              0              

L2HIT_STREAM_PREF_L1_PORT_FULL                       0                              0              

L2HIT_TRAIN_HIT_DEMAND                               0         -nan%                0         -nan%
L2HIT_TRAIN_MISS_REQ                                 0         -nan%                0         -nan%
                                                     0         -nan%                0         -nan%
                                                  -nan         -nan              -nan         -nan

L2HIT_TRAIN_FILTER_MISS                              0         -nan%                0         -nan%
L2HIT_TRAIN_FILTER_HIT                               0         -nan%                0         -nan%
                                                     0         -nan%                0         -nan%
                                                  -nan         -nan              -nan         -nan

L2HIT_PREF_REQ_DCACHE_HIT                            0         -nan%                0         -nan%
L2HIT_PREF_REQ_DCACHE_MISS                           0         -nan%                0         -nan%
                                                     0         -nan%                0         -nan%
                                                  -nan         -nan              -nan         -nan

L2HIT_L2SEND_Q_FULL                                  0         -nan%                0         -nan%
L2HIT_L2SEND_Q_ENTER                                 0         -nan%                0         -nan%
                                                     0         -nan%                0         -nan%
                                                  -nan         -nan              -nan         -nan

L2HIT_MEM_REQ                                        0                              0              

REMOVE_REDUNDANT_STREAM_STAT                         0                              0              

REPLACE_OLD_STREAM                                 348                            348              

REQ_SEND_QUEUE_STALL                                 0                              0              

STREAM_ENTER_RA                                      0                              0              

CORE_STREAM_LENGTH_0                                11        9.322%               11        9.322%
CORE_STREAM_LENGTH_10                               19       16.102%               19       16.102%
CORE_STREAM_LENGTH_20                               22       18.644%               22       18.644%
CORE_STREAM_LENGTH_30                               23       19.492%               23       19.492%
CORE_STREAM_LENGTH_40                                4        3.390%                4        3.390%
CORE_STREAM_LENGTH_50                               11        9.322%               11        9.322%
CORE_STREAM_LENGTH_60                                5        4.237%                5        4.237%
CORE_STREAM_LENGTH_70                                1        0.847%                1        0.847%
CORE_STREAM_LENGTH_80                                3        2.542%                3        2.542%
CORE_STREAM_LENGTH_90                                1        0.847%                1        0.847%
CORE_STREAM_LENGTH_100_P                            18       15.254%               18       15.254%
                                                   118      100.000%              118      100.000%
                                                  3.84         3.36              3.84         3.36

CORE_CUM_STREAM_LENGTH_0                            79        0.122%               79        0.122%
CORE_CUM_STREAM_LENGTH_10                          299        0.463%              299        0.463%
CORE_CUM_STREAM_LENGTH_20                          556        0.861%              556        0.861%
CORE_CUM_STREAM_LENGTH_30                          820        1.269%              820        1.269%
CORE_CUM_STREAM_LENGTH_40                          182        0.282%              182        0.282%
CORE_CUM_STREAM_LENGTH_50                          595        0.921%              595        0.921%
CORE_CUM_STREAM_LENGTH_60                          327        0.506%              327        0.506%
CORE_CUM_STREAM_LENGTH_70                           78        0.121%               78        0.121%
CORE_CUM_STREAM_LENGTH_80                          261        0.404%              261        0.404%
CORE_CUM_STREAM_LENGTH_90                           92        0.142%               92        0.142%
CORE_CUM_STREAM_LENGTH_100_P                     61324       94.910%            61324       94.910%
                                                 64613      100.000%            64613      100.000%
                                                  9.69         9.54              9.69         9.54

CORE_STREAM_TRAIN_HITS_0                            27       22.881%               27       22.881%
CORE_STREAM_TRAIN_HITS_10                           35       29.661%               35       29.661%
CORE_STREAM_TRAIN_HITS_20                           13       11.017%               13       11.017%
CORE_STREAM_TRAIN_HITS_30                            9        7.627%                9        7.627%
CORE_STREAM_TRAIN_HITS_40                            4        3.390%                4        3.390%
CORE_STREAM_TRAIN_HITS_50                            1        0.847%                1        0.847%
CORE_STREAM_TRAIN_HITS_60                            2        1.695%                2        1.695%
CORE_STREAM_TRAIN_HITS_70                            3        2.542%                3        2.542%
CORE_STREAM_TRAIN_HITS_80                            1        0.847%                1        0.847%
CORE_STREAM_TRAIN_HITS_90                            0        0.000%                0        0.000%
CORE_STREAM_TRAIN_HITS_100_P                        23       19.492%               23       19.492%
                                                   118      100.000%              118      100.000%
                                                  3.22         3.67              3.22         3.67

CORE_CUM_STREAM_TRAIN_HITS_0                       187        0.289%              187        0.289%
CORE_CUM_STREAM_TRAIN_HITS_10                      501        0.773%              501        0.773%
CORE_CUM_STREAM_TRAIN_HITS_20                      287        0.443%              287        0.443%
CORE_CUM_STREAM_TRAIN_HITS_30                      322        0.497%              322        0.497%
CORE_CUM_STREAM_TRAIN_HITS_40                      185        0.286%              185        0.286%
CORE_CUM_STREAM_TRAIN_HITS_50                       51        0.079%               51        0.079%
CORE_CUM_STREAM_TRAIN_HITS_60                      130        0.201%              130        0.201%
CORE_CUM_STREAM_TRAIN_HITS_70                      222        0.343%              222        0.343%
CORE_CUM_STREAM_TRAIN_HITS_80                       85        0.131%               85        0.131%
CORE_CUM_STREAM_TRAIN_HITS_90                        0        0.000%                0        0.000%
CORE_CUM_STREAM_TRAIN_HITS_100_P                 62801       96.959%            62801       96.959%
                                                 64771      100.000%            64771      100.000%
                                                  9.79         9.71              9.79         9.71

CORE_STREAM_TRAIN_CREATE                           364                            364              



