               ramulator.active_cycles_0             2168155                                      # Total active cycles for level _0
                 ramulator.busy_cycles_0             2168155                                      # (All-bank refresh only. busy cycles only include refresh time in rank level) The sum of cycles that the DRAM part is active or under refresh for level _0
            ramulator.serving_requests_0             5123474                                      # The sum of read and write requests that are served in this DRAM element per memory cycle for level _0
    ramulator.average_serving_requests_0            1.745886                                      # The average of read and write requests that are served in this DRAM element per memory cycle for level _0
             ramulator.active_cycles_0_0             2168155                                      # Total active cycles for level _0_0
               ramulator.busy_cycles_0_0             2234935                                      # (All-bank refresh only. busy cycles only include refresh time in rank level) The sum of cycles that the DRAM part is active or under refresh for level _0_0
          ramulator.serving_requests_0_0             5123474                                      # The sum of read and write requests that are served in this DRAM element per memory cycle for level _0_0
  ramulator.average_serving_requests_0_0            1.745886                                      # The average of read and write requests that are served in this DRAM element per memory cycle for level _0_0
           ramulator.active_cycles_0_0_0              909755                                      # Total active cycles for level _0_0_0
             ramulator.busy_cycles_0_0_0              909755                                      # (All-bank refresh only. busy cycles only include refresh time in rank level) The sum of cycles that the DRAM part is active or under refresh for level _0_0_0
        ramulator.serving_requests_0_0_0             1162765                                      # The sum of read and write requests that are served in this DRAM element per memory cycle for level _0_0_0
ramulator.average_serving_requests_0_0_0            0.396226                                      # The average of read and write requests that are served in this DRAM element per memory cycle for level _0_0_0
         ramulator.active_cycles_0_0_0_0              278304                                      # Total active cycles for level _0_0_0_0
           ramulator.busy_cycles_0_0_0_0              278304                                      # (All-bank refresh only. busy cycles only include refresh time in rank level) The sum of cycles that the DRAM part is active or under refresh for level _0_0_0_0
      ramulator.serving_requests_0_0_0_0              297414                                      # The sum of read and write requests that are served in this DRAM element per memory cycle for level _0_0_0_0
ramulator.average_serving_requests_0_0_0_0            0.101347                                      # The average of read and write requests that are served in this DRAM element per memory cycle for level _0_0_0_0
         ramulator.active_cycles_0_0_0_1              335724                                      # Total active cycles for level _0_0_0_1
           ramulator.busy_cycles_0_0_0_1              335724                                      # (All-bank refresh only. busy cycles only include refresh time in rank level) The sum of cycles that the DRAM part is active or under refresh for level _0_0_0_1
      ramulator.serving_requests_0_0_0_1              361137                                      # The sum of read and write requests that are served in this DRAM element per memory cycle for level _0_0_0_1
ramulator.average_serving_requests_0_0_0_1            0.123062                                      # The average of read and write requests that are served in this DRAM element per memory cycle for level _0_0_0_1
         ramulator.active_cycles_0_0_0_2              301414                                      # Total active cycles for level _0_0_0_2
           ramulator.busy_cycles_0_0_0_2              301414                                      # (All-bank refresh only. busy cycles only include refresh time in rank level) The sum of cycles that the DRAM part is active or under refresh for level _0_0_0_2
      ramulator.serving_requests_0_0_0_2              323785                                      # The sum of read and write requests that are served in this DRAM element per memory cycle for level _0_0_0_2
ramulator.average_serving_requests_0_0_0_2            0.110334                                      # The average of read and write requests that are served in this DRAM element per memory cycle for level _0_0_0_2
         ramulator.active_cycles_0_0_0_3              168950                                      # Total active cycles for level _0_0_0_3
           ramulator.busy_cycles_0_0_0_3              168950                                      # (All-bank refresh only. busy cycles only include refresh time in rank level) The sum of cycles that the DRAM part is active or under refresh for level _0_0_0_3
      ramulator.serving_requests_0_0_0_3              180429                                      # The sum of read and write requests that are served in this DRAM element per memory cycle for level _0_0_0_3
ramulator.average_serving_requests_0_0_0_3            0.061483                                      # The average of read and write requests that are served in this DRAM element per memory cycle for level _0_0_0_3
           ramulator.active_cycles_0_0_1              905167                                      # Total active cycles for level _0_0_1
             ramulator.busy_cycles_0_0_1              905167                                      # (All-bank refresh only. busy cycles only include refresh time in rank level) The sum of cycles that the DRAM part is active or under refresh for level _0_0_1
        ramulator.serving_requests_0_0_1             1160306                                      # The sum of read and write requests that are served in this DRAM element per memory cycle for level _0_0_1
ramulator.average_serving_requests_0_0_1            0.395388                                      # The average of read and write requests that are served in this DRAM element per memory cycle for level _0_0_1
         ramulator.active_cycles_0_0_1_0              191677                                      # Total active cycles for level _0_0_1_0
           ramulator.busy_cycles_0_0_1_0              191677                                      # (All-bank refresh only. busy cycles only include refresh time in rank level) The sum of cycles that the DRAM part is active or under refresh for level _0_0_1_0
      ramulator.serving_requests_0_0_1_0              208421                                      # The sum of read and write requests that are served in this DRAM element per memory cycle for level _0_0_1_0
ramulator.average_serving_requests_0_0_1_0            0.071022                                      # The average of read and write requests that are served in this DRAM element per memory cycle for level _0_0_1_0
         ramulator.active_cycles_0_0_1_1              246704                                      # Total active cycles for level _0_0_1_1
           ramulator.busy_cycles_0_0_1_1              246704                                      # (All-bank refresh only. busy cycles only include refresh time in rank level) The sum of cycles that the DRAM part is active or under refresh for level _0_0_1_1
      ramulator.serving_requests_0_0_1_1              267418                                      # The sum of read and write requests that are served in this DRAM element per memory cycle for level _0_0_1_1
ramulator.average_serving_requests_0_0_1_1            0.091126                                      # The average of read and write requests that are served in this DRAM element per memory cycle for level _0_0_1_1
         ramulator.active_cycles_0_0_1_2              224803                                      # Total active cycles for level _0_0_1_2
           ramulator.busy_cycles_0_0_1_2              224803                                      # (All-bank refresh only. busy cycles only include refresh time in rank level) The sum of cycles that the DRAM part is active or under refresh for level _0_0_1_2
      ramulator.serving_requests_0_0_1_2              238867                                      # The sum of read and write requests that are served in this DRAM element per memory cycle for level _0_0_1_2
ramulator.average_serving_requests_0_0_1_2            0.081397                                      # The average of read and write requests that are served in this DRAM element per memory cycle for level _0_0_1_2
         ramulator.active_cycles_0_0_1_3              410214                                      # Total active cycles for level _0_0_1_3
           ramulator.busy_cycles_0_0_1_3              410214                                      # (All-bank refresh only. busy cycles only include refresh time in rank level) The sum of cycles that the DRAM part is active or under refresh for level _0_0_1_3
      ramulator.serving_requests_0_0_1_3              445600                                      # The sum of read and write requests that are served in this DRAM element per memory cycle for level _0_0_1_3
ramulator.average_serving_requests_0_0_1_3            0.151844                                      # The average of read and write requests that are served in this DRAM element per memory cycle for level _0_0_1_3
           ramulator.active_cycles_0_0_2              983166                                      # Total active cycles for level _0_0_2
             ramulator.busy_cycles_0_0_2              983166                                      # (All-bank refresh only. busy cycles only include refresh time in rank level) The sum of cycles that the DRAM part is active or under refresh for level _0_0_2
        ramulator.serving_requests_0_0_2             1289605                                      # The sum of read and write requests that are served in this DRAM element per memory cycle for level _0_0_2
ramulator.average_serving_requests_0_0_2            0.439449                                      # The average of read and write requests that are served in this DRAM element per memory cycle for level _0_0_2
         ramulator.active_cycles_0_0_2_0              278205                                      # Total active cycles for level _0_0_2_0
           ramulator.busy_cycles_0_0_2_0              278205                                      # (All-bank refresh only. busy cycles only include refresh time in rank level) The sum of cycles that the DRAM part is active or under refresh for level _0_0_2_0
      ramulator.serving_requests_0_0_2_0              297608                                      # The sum of read and write requests that are served in this DRAM element per memory cycle for level _0_0_2_0
ramulator.average_serving_requests_0_0_2_0            0.101414                                      # The average of read and write requests that are served in this DRAM element per memory cycle for level _0_0_2_0
         ramulator.active_cycles_0_0_2_1              334191                                      # Total active cycles for level _0_0_2_1
           ramulator.busy_cycles_0_0_2_1              334191                                      # (All-bank refresh only. busy cycles only include refresh time in rank level) The sum of cycles that the DRAM part is active or under refresh for level _0_0_2_1
      ramulator.serving_requests_0_0_2_1              365909                                      # The sum of read and write requests that are served in this DRAM element per memory cycle for level _0_0_2_1
ramulator.average_serving_requests_0_0_2_1            0.124688                                      # The average of read and write requests that are served in this DRAM element per memory cycle for level _0_0_2_1
         ramulator.active_cycles_0_0_2_2              282904                                      # Total active cycles for level _0_0_2_2
           ramulator.busy_cycles_0_0_2_2              282904                                      # (All-bank refresh only. busy cycles only include refresh time in rank level) The sum of cycles that the DRAM part is active or under refresh for level _0_0_2_2
      ramulator.serving_requests_0_0_2_2              305204                                      # The sum of read and write requests that are served in this DRAM element per memory cycle for level _0_0_2_2
ramulator.average_serving_requests_0_0_2_2            0.104002                                      # The average of read and write requests that are served in this DRAM element per memory cycle for level _0_0_2_2
         ramulator.active_cycles_0_0_2_3              296316                                      # Total active cycles for level _0_0_2_3
           ramulator.busy_cycles_0_0_2_3              296316                                      # (All-bank refresh only. busy cycles only include refresh time in rank level) The sum of cycles that the DRAM part is active or under refresh for level _0_0_2_3
      ramulator.serving_requests_0_0_2_3              320884                                      # The sum of read and write requests that are served in this DRAM element per memory cycle for level _0_0_2_3
ramulator.average_serving_requests_0_0_2_3            0.109345                                      # The average of read and write requests that are served in this DRAM element per memory cycle for level _0_0_2_3
           ramulator.active_cycles_0_0_3             1118563                                      # Total active cycles for level _0_0_3
             ramulator.busy_cycles_0_0_3             1118563                                      # (All-bank refresh only. busy cycles only include refresh time in rank level) The sum of cycles that the DRAM part is active or under refresh for level _0_0_3
        ramulator.serving_requests_0_0_3             1510798                                      # The sum of read and write requests that are served in this DRAM element per memory cycle for level _0_0_3
ramulator.average_serving_requests_0_0_3            0.514823                                      # The average of read and write requests that are served in this DRAM element per memory cycle for level _0_0_3
         ramulator.active_cycles_0_0_3_0              410854                                      # Total active cycles for level _0_0_3_0
           ramulator.busy_cycles_0_0_3_0              410854                                      # (All-bank refresh only. busy cycles only include refresh time in rank level) The sum of cycles that the DRAM part is active or under refresh for level _0_0_3_0
      ramulator.serving_requests_0_0_3_0              441718                                      # The sum of read and write requests that are served in this DRAM element per memory cycle for level _0_0_3_0
ramulator.average_serving_requests_0_0_3_0            0.150521                                      # The average of read and write requests that are served in this DRAM element per memory cycle for level _0_0_3_0
         ramulator.active_cycles_0_0_3_1              297485                                      # Total active cycles for level _0_0_3_1
           ramulator.busy_cycles_0_0_3_1              297485                                      # (All-bank refresh only. busy cycles only include refresh time in rank level) The sum of cycles that the DRAM part is active or under refresh for level _0_0_3_1
      ramulator.serving_requests_0_0_3_1              319018                                      # The sum of read and write requests that are served in this DRAM element per memory cycle for level _0_0_3_1
ramulator.average_serving_requests_0_0_3_1            0.108709                                      # The average of read and write requests that are served in this DRAM element per memory cycle for level _0_0_3_1
         ramulator.active_cycles_0_0_3_2              288199                                      # Total active cycles for level _0_0_3_2
           ramulator.busy_cycles_0_0_3_2              288199                                      # (All-bank refresh only. busy cycles only include refresh time in rank level) The sum of cycles that the DRAM part is active or under refresh for level _0_0_3_2
      ramulator.serving_requests_0_0_3_2              307417                                      # The sum of read and write requests that are served in this DRAM element per memory cycle for level _0_0_3_2
ramulator.average_serving_requests_0_0_3_2            0.104756                                      # The average of read and write requests that are served in this DRAM element per memory cycle for level _0_0_3_2
         ramulator.active_cycles_0_0_3_3              397297                                      # Total active cycles for level _0_0_3_3
           ramulator.busy_cycles_0_0_3_3              397297                                      # (All-bank refresh only. busy cycles only include refresh time in rank level) The sum of cycles that the DRAM part is active or under refresh for level _0_0_3_3
      ramulator.serving_requests_0_0_3_3              442645                                      # The sum of read and write requests that are served in this DRAM element per memory cycle for level _0_0_3_3
ramulator.average_serving_requests_0_0_3_3            0.150837                                      # The average of read and write requests that are served in this DRAM element per memory cycle for level _0_0_3_3
      ramulator.read_transaction_bytes_0             6478272                                      # The total byte of read transaction per channel
     ramulator.write_transaction_bytes_0             5391360                                      # The total byte of write transaction per channel
       ramulator.row_hits_channel_0_core              136341                                      # Number of row hits per channel per core
     ramulator.row_misses_channel_0_core                6991                                      # Number of row misses per channel per core
  ramulator.row_conflicts_channel_0_core               42131                                      # Number of row conflicts per channel per core
  ramulator.read_row_hits_channel_0_core               81979                                      # Number of row hits for read requests per channel per core
                                     [0]             81979.0                                      # 
ramulator.read_row_misses_channel_0_core                2180                                      # Number of row misses for read requests per channel per core
                                     [0]              2180.0                                      # 
ramulator.read_row_conflicts_channel_0_core               17064                                      # Number of row conflicts for read requests per channel per core
                                     [0]             17064.0                                      # 
 ramulator.write_row_hits_channel_0_core               54362                                      # Number of row hits for write requests per channel per core
                                     [0]             54362.0                                      # 
ramulator.write_row_misses_channel_0_core                4811                                      # Number of row misses for write requests per channel per core
                                     [0]              4811.0                                      # 
ramulator.write_row_conflicts_channel_0_core               25067                                      # Number of row conflicts for write requests per channel per core
                                     [0]             25067.0                                      # 
      ramulator.useless_activates_0_core                 152                                      # Number of useless activations. E.g, ACT -> PRE w/o RD or WR
            ramulator.read_latency_avg_0           63.265473                                      # The average memory latency cycles (in memory time domain) per request for all read requests in this channel
            ramulator.read_latency_sum_0             6405123                                      # The memory latency cycles (in memory time domain) sum for all read requests in this channel
        ramulator.req_queue_length_avg_0           17.154120                                      # Average of read and write queue length per memory cycle per channel.
        ramulator.req_queue_length_sum_0            50340446                                      # Sum of read and write queue length per memory cycle per channel.
   ramulator.read_req_queue_length_avg_0            2.068202                                      # Read queue length average per memory cycle per channel.
   ramulator.read_req_queue_length_sum_0             6069342                                      # Read queue length sum per memory cycle per channel.
  ramulator.write_req_queue_length_avg_0           15.085918                                      # Write queue length average per memory cycle per channel.
  ramulator.write_req_queue_length_sum_0            44271104                                      # Write queue length sum per memory cycle per channel.
              ramulator.record_read_hits                 0.0                                      # record read hit count for this core when it reaches request limit or to the end
                                     [0]                 0.0                                      # 
            ramulator.record_read_misses                 0.0                                      # record_read_miss count for this core when it reaches request limit or to the end
                                     [0]                 0.0                                      # 
         ramulator.record_read_conflicts                 0.0                                      # record read conflict count for this core when it reaches request limit or to the end
                                     [0]                 0.0                                      # 
             ramulator.record_write_hits                 0.0                                      # record write hit count for this core when it reaches request limit or to the end
                                     [0]                 0.0                                      # 
           ramulator.record_write_misses                 0.0                                      # record write miss count for this core when it reaches request limit or to the end
                                     [0]                 0.0                                      # 
        ramulator.record_write_conflicts                 0.0                                      # record write conflict for this core when it reaches request limit or to the end
                                     [0]                 0.0                                      # 
                 ramulator.dram_capacity          8589934592                                      # Number of bytes in simulated DRAM
                   ramulator.dram_cycles             2934598                                      # Number of DRAM cycles simulated
             ramulator.incoming_requests              185505                                      # Number of incoming requests to DRAM
                 ramulator.read_requests              101242                                      # Number of incoming read requests to DRAM per core
                                     [0]            101242.0                                      # 
                ramulator.write_requests               84263                                      # Number of incoming write requests to DRAM per core
                                     [0]             84263.0                                      # 
       ramulator.ramulator_active_cycles             2168155                                      # The total number of cycles that the DRAM part is active (serving R/W)
 ramulator.incoming_requests_per_channel            185505.0                                      # Number of incoming requests to each DRAM channel
                                     [0]            185505.0                                      # 
ramulator.incoming_read_reqs_per_channel            101242.0                                      # Number of incoming read requests to each DRAM channel
                                     [0]            101242.0                                      # 
     ramulator.physical_page_replacement                   0                                      # The number of times that physical page replacement happens.
             ramulator.maximum_bandwidth         19200000000                                      # The theoretical maximum bandwidth (Bps)
          ramulator.in_queue_req_num_sum            50340446                                      # Sum of read/write queue length
     ramulator.in_queue_read_req_num_sum             6069342                                      # Sum of read queue length
    ramulator.in_queue_write_req_num_sum            44271104                                      # Sum of write queue length
          ramulator.in_queue_req_num_avg           17.154120                                      # Average of read/write queue length per memory cycle
     ramulator.in_queue_read_req_num_avg            2.068202                                      # Average of read queue length per memory cycle
    ramulator.in_queue_write_req_num_avg           15.085918                                      # Average of write queue length per memory cycle
          ramulator.record_read_requests                 0.0                                      # record read requests for this core when it reaches request limit or to the end
                                     [0]                 0.0                                      # 
         ramulator.record_write_requests                 0.0                                      # record write requests for this core when it reaches request limit or to the end
                                     [0]                 0.0                                      # 
