/* -*- Mode: c -*- */
####################################################################################################
Core 0
####################################################################################################
Cumulative:        Cycles: 9738406               Instructions: 30000000              IPC: 3.08059

DCACHE_PREF_HIT                                      0                              0              

IFETCH_WB_FIRST_SCHEDULE                             0         -nan%                0         -nan%
PREFETCH_LAST_SCHEDULE                               0         -nan%                0         -nan%
DEMAND_PASS_PREF_SCHEDULE                            0         -nan%                0         -nan%
DEMAND_PASS_LOW_OP_SCHEDULE                          0         -nan%                0         -nan%
DEMAND_LAST_SCHEDULE                                 0         -nan%                0         -nan%
                                                     0         -nan%                0         -nan%
                                                  -nan         -nan              -nan         -nan

SEND_MISS_REQ_QUEUE                              34655                          34655              

L1_DATA_EVICT                                     9130                           9130              

STREAM_BUFFER_REQ                                    0                              0              

PREF_SEND_TO_MEM_REQ                                 0         -nan%                0         -nan%
PREF_SEND_TO_MEM_REQ_FAIL                            0         -nan%                0         -nan%
                                                     0         -nan%                0         -nan%
                                                  -nan         -nan              -nan         -nan

HIT_TRAIN_STREAM                                 28238       81.773%            28238       81.773%
MISS_TRAIN_STREAM                                 6294       18.227%             6294       18.227%
                                                 34532      100.000%            34532      100.000%
                                                  0.18         0.36              0.18         0.36

STREAM_TRAIN_CREATE                               5015                           5015              

MEM_REQ_MISS_HWP_PREF_Q                              0         -nan%                0         -nan%
MEM_REQ_MISS_SW_PREF_Q                               0         -nan%                0         -nan%
MEM_REQ_MISS_IFETCH_Q                                0         -nan%                0         -nan%
MEM_REQ_MISS_DFETCH_Q                                0         -nan%                0         -nan%
MEM_REQ_MISS_DSTORE_Q                                0         -nan%                0         -nan%
MEM_REQ_MISS_DPRF_Q                                  0         -nan%                0         -nan%
MEM_REQ_MISS_WB_Q                                    0         -nan%                0         -nan%
                                                     0         -nan%                0         -nan%
                                                  -nan         -nan              -nan         -nan

PREF_HIT_BY_DEMAND_IFETCH                            0         -nan%                0         -nan%
PREF_HIT_BY_DEMAND_DFETCH                            0         -nan%                0         -nan%
PREF_HIT_BY_DEMAND_DSTORE                            0         -nan%                0         -nan%
PREF_HIT_BY_DEMAND_IPREF                             0         -nan%                0         -nan%
PREF_HIT_BY_DEMAND_DPRF                              0         -nan%                0         -nan%
PREF_HIT_BY_DEMAND_WB                                0         -nan%                0         -nan%
PREF_HIT_BY_PREF                                     0         -nan%                0         -nan%
                                                     0         -nan%                0         -nan%
                                                  -nan         -nan              -nan         -nan

PREF_HIT_DEMAND_IFETCH                               0         -nan%                0         -nan%
PREF_HIT_DEMAND_DFETCH                               0         -nan%                0         -nan%
PREF_HIT_DEMAND_DSTORE                               0         -nan%                0         -nan%
PREF_HIT_DEMAND_IPREF                                0         -nan%                0         -nan%
PREF_HIT_DEMAND_DPRF                                 0         -nan%                0         -nan%
PREF_HIT_DEMAND_WB                                   0         -nan%                0         -nan%
                                                     0         -nan%                0         -nan%
                                                  -nan         -nan              -nan         -nan

PREF_L1_FILL                                         0         -nan%                0         -nan%
DEMAND_L1_FILL                                       0         -nan%                0         -nan%
                                                     0         -nan%                0         -nan%
                                                  -nan         -nan              -nan         -nan

TOUCH_L1_REPLACE                                     0        0.000%                0        0.000%
NO_TOUCH_L1_REPLACE                               9130      100.000%             9130      100.000%
                                                  9130      100.000%             9130      100.000%
                                                  1.00         1.00              1.00         1.00

PREF_REQ_QUE_FULL                                    0                              0              

STREAM_REQ_QUEUE_HIT_BY_DEMAND                       0                              0              

L2HIT_STREAM_PREF_REQ_QUE_FULL                       0                              0              

L2HIT_HIT_TRAIN_STREAM                               0         -nan%                0         -nan%
L2HIT_MISS_TRAIN_STREAM                              0         -nan%                0         -nan%
                                                     0         -nan%                0         -nan%
                                                  -nan         -nan              -nan         -nan

L2HIT_STREAM_TRAIN_CREATE                            0                              0              

L2HIT_STREAM_BUFFER_REQ                              0                              0              

L2HIT_STREAM_PREF_DCACHE_HIT                         0         -nan%                0         -nan%
L2HIT_STREAM_PREF_DCACHE_INSERT                      0         -nan%                0         -nan%
L2HIT_STREAM_L2_MISS                                 0         -nan%                0         -nan%
                                                     0         -nan%                0         -nan%
                                                  -nan         -nan              -nan         -nan

L2HIT_STREAM_DCACHE_PORT_FULL                        0                              0              

L2HIT_STREAM_PREF_L1_PORT_FULL                       0                              0              

L2HIT_TRAIN_HIT_DEMAND                               0         -nan%                0         -nan%
L2HIT_TRAIN_MISS_REQ                                 0         -nan%                0         -nan%
                                                     0         -nan%                0         -nan%
                                                  -nan         -nan              -nan         -nan

L2HIT_TRAIN_FILTER_MISS                              0         -nan%                0         -nan%
L2HIT_TRAIN_FILTER_HIT                               0         -nan%                0         -nan%
                                                     0         -nan%                0         -nan%
                                                  -nan         -nan              -nan         -nan

L2HIT_PREF_REQ_DCACHE_HIT                            0         -nan%                0         -nan%
L2HIT_PREF_REQ_DCACHE_MISS                           0         -nan%                0         -nan%
                                                     0         -nan%                0         -nan%
                                                  -nan         -nan              -nan         -nan

L2HIT_L2SEND_Q_FULL                                  0         -nan%                0         -nan%
L2HIT_L2SEND_Q_ENTER                                 0         -nan%                0         -nan%
                                                     0         -nan%                0         -nan%
                                                  -nan         -nan              -nan         -nan

L2HIT_MEM_REQ                                        0                              0              

REMOVE_REDUNDANT_STREAM_STAT                         0                              0              

REPLACE_OLD_STREAM                                4999                           4999              

REQ_SEND_QUEUE_STALL                                 0                              0              

STREAM_ENTER_RA                                      0                              0              

CORE_STREAM_LENGTH_0                                 9        4.839%                9        4.839%
CORE_STREAM_LENGTH_10                               32       17.204%               32       17.204%
CORE_STREAM_LENGTH_20                               24       12.903%               24       12.903%
CORE_STREAM_LENGTH_30                               10        5.376%               10        5.376%
CORE_STREAM_LENGTH_40                                8        4.301%                8        4.301%
CORE_STREAM_LENGTH_50                               62       33.333%               62       33.333%
CORE_STREAM_LENGTH_60                               10        5.376%               10        5.376%
CORE_STREAM_LENGTH_70                                4        2.151%                4        2.151%
CORE_STREAM_LENGTH_80                                5        2.688%                5        2.688%
CORE_STREAM_LENGTH_90                                1        0.538%                1        0.538%
CORE_STREAM_LENGTH_100_P                            21       11.290%               21       11.290%
                                                   186      100.000%              186      100.000%
                                                  4.30         3.07              4.30         3.07

CORE_CUM_STREAM_LENGTH_0                            63        0.195%               63        0.195%
CORE_CUM_STREAM_LENGTH_10                          471        1.457%              471        1.457%
CORE_CUM_STREAM_LENGTH_20                          572        1.770%              572        1.770%
CORE_CUM_STREAM_LENGTH_30                          362        1.120%              362        1.120%
CORE_CUM_STREAM_LENGTH_40                          360        1.114%              360        1.114%
CORE_CUM_STREAM_LENGTH_50                         3280       10.149%             3280       10.149%
CORE_CUM_STREAM_LENGTH_60                          665        2.058%              665        2.058%
CORE_CUM_STREAM_LENGTH_70                          286        0.885%              286        0.885%
CORE_CUM_STREAM_LENGTH_80                          426        1.318%              426        1.318%
CORE_CUM_STREAM_LENGTH_90                           90        0.278%               90        0.278%
CORE_CUM_STREAM_LENGTH_100_P                     25744       79.656%            25744       79.656%
                                                 32319      100.000%            32319      100.000%
                                                  8.92         8.27              8.92         8.27

CORE_STREAM_TRAIN_HITS_0                            45       24.194%               45       24.194%
CORE_STREAM_TRAIN_HITS_10                           23       12.366%               23       12.366%
CORE_STREAM_TRAIN_HITS_20                           14        7.527%               14        7.527%
CORE_STREAM_TRAIN_HITS_30                           66       35.484%               66       35.484%
CORE_STREAM_TRAIN_HITS_40                            5        2.688%                5        2.688%
CORE_STREAM_TRAIN_HITS_50                           10        5.376%               10        5.376%
CORE_STREAM_TRAIN_HITS_60                            4        2.151%                4        2.151%
CORE_STREAM_TRAIN_HITS_70                            1        0.538%                1        0.538%
CORE_STREAM_TRAIN_HITS_80                            0        0.000%                0        0.000%
CORE_STREAM_TRAIN_HITS_90                            0        0.000%                0        0.000%
CORE_STREAM_TRAIN_HITS_100_P                        18        9.677%               18        9.677%
                                                   186      100.000%              186      100.000%
                                                  2.85         2.62              2.85         2.62

CORE_CUM_STREAM_TRAIN_HITS_0                       288        0.994%              288        0.994%
CORE_CUM_STREAM_TRAIN_HITS_10                      296        1.021%              296        1.021%
CORE_CUM_STREAM_TRAIN_HITS_20                      338        1.166%              338        1.166%
CORE_CUM_STREAM_TRAIN_HITS_30                     2333        8.050%             2333        8.050%
CORE_CUM_STREAM_TRAIN_HITS_40                      216        0.745%              216        0.745%
CORE_CUM_STREAM_TRAIN_HITS_50                      542        1.870%              542        1.870%
CORE_CUM_STREAM_TRAIN_HITS_60                      256        0.883%              256        0.883%
CORE_CUM_STREAM_TRAIN_HITS_70                       74        0.255%               74        0.255%
CORE_CUM_STREAM_TRAIN_HITS_80                        0        0.000%                0        0.000%
CORE_CUM_STREAM_TRAIN_HITS_90                        0        0.000%                0        0.000%
CORE_CUM_STREAM_TRAIN_HITS_100_P                 24639       85.015%            24639       85.015%
                                                 28982      100.000%            28982      100.000%
                                                  8.97         8.60              8.97         8.60

CORE_STREAM_TRAIN_CREATE                          5015                           5015              



