/* -*- Mode: c -*- */
####################################################################################################
Core 0
####################################################################################################
Cumulative:        Cycles: 19477433              Instructions: 30000001              IPC: 1.54024

ST_OP_INV                                            0        0.000%                0        0.000%
ST_OP_NOP                                        82793        0.252%            82793        0.252%
ST_OP_CF                                       2768686        8.413%          2768686        8.413%
ST_OP_MOV                                      3245825        9.862%          3245825        9.862%
ST_OP_CMOV                                      125532        0.381%           125532        0.381%
ST_OP_LDA                                       534399        1.624%           534399        1.624%
ST_OP_IMEM                                     2739168        8.323%          2739168        8.323%
ST_OP_IADD                                     2358906        7.167%          2358906        7.167%
ST_OP_IMUL                                        3453        0.010%             3453        0.010%
ST_OP_IDIV                                          36        0.000%               36        0.000%
ST_OP_ICMP                                     2002193        6.084%          2002193        6.084%
ST_OP_LOGIC                                     884499        2.688%           884499        2.688%
ST_OP_SHIFT                                      22282        0.068%            22282        0.068%
ST_OP_FMEM                                     5593471       16.995%          5593471       16.995%
ST_OP_FCVT                                     4193342       12.741%          4193342       12.741%
ST_OP_FADD                                     4063291       12.346%          4063291       12.346%
ST_OP_FMUL                                     4152169       12.616%          4152169       12.616%
ST_OP_FMA                                            0        0.000%                0        0.000%
ST_OP_FDIV                                        6247        0.019%             6247        0.019%
ST_OP_FCMP                                      132849        0.404%           132849        0.404%
ST_OP_FCMOV                                          0        0.000%                0        0.000%
ST_OP_GATHER                                         0        0.000%                0        0.000%
ST_OP_SCATTER                                        0        0.000%                0        0.000%
ST_OP_PIPELINED_FAST                               102        0.000%              102        0.000%
ST_OP_PIPELINED_MEDIUM                               0        0.000%                0        0.000%
ST_OP_PIPELINED_SLOW                                 0        0.000%                0        0.000%
ST_OP_NOTPIPELINED_MEDIUM                         2318        0.007%             2318        0.007%
ST_OP_NOTPIPELINED_SLOW                              0        0.000%                0        0.000%
ST_OP_NOTPIPELINED_VERY_SLOW                         0        0.000%                0        0.000%
                                              32911561      100.000%         32911561      100.000%
                                                 10.42         4.93             10.42         4.93

ST_NOT_CF                                     30142875       91.587%         30142875       91.587%
ST_CF_BR                                         67485        0.205%            67485        0.205%
ST_CF_CBR                                      2622367        7.968%          2622367        7.968%
ST_CF_CALL                                       38031        0.116%            38031        0.116%
ST_CF_IBR                                         2752        0.008%             2752        0.008%
ST_CF_ICALL                                         11        0.000%               11        0.000%
ST_CF_ICO                                            0        0.000%                0        0.000%
ST_CF_RET                                        38040        0.116%            38040        0.116%
ST_CF_SYS                                            0        0.000%                0        0.000%
                                              32911561      100.000%         32911561      100.000%
                                                  0.17         0.58              0.17         0.58

ST_BAR_NONE                                   32911561      100.000%         32911561      100.000%
ST_BAR_FETCH                                         0        0.000%                0        0.000%
ST_BAR_ISSUE                                         0        0.000%                0        0.000%
ST_BAR_BOTH                                          0        0.000%                0        0.000%
                                              32911561      100.000%         32911561      100.000%
                                                  0.00         0.00              0.00         0.00

ST_NOT_MEM                                    24578922       74.682%         24578922       74.682%
ST_MEM_LD                                      7738660       23.514%          7738660       23.514%
ST_MEM_ST                                       593979        1.805%           593979        1.805%
ST_MEM_PF                                            0        0.000%                0        0.000%
ST_MEM_WH                                            0        0.000%                0        0.000%
ST_MEM_EVICT                                         0        0.000%                0        0.000%
                                              32911561      100.000%         32911561      100.000%
                                                  0.27         0.42              0.27         0.42

ST_NOT_MEM_OFFPATH                             2364542       69.857%          2364542       69.857%
ST_MEM_LD_OFFPATH                               864333       25.535%           864333       25.535%
ST_MEM_ST_OFFPATH                               155979        4.608%           155979        4.608%
ST_MEM_PF_OFFPATH                                    0        0.000%                0        0.000%
ST_MEM_WH_OFFPATH                                    0        0.000%                0        0.000%
ST_MEM_EVIC_OFFPATHT                                 0        0.000%                0        0.000%
                                               3384854      100.000%          3384854      100.000%
                                                  0.35         0.48              0.35         0.48

ST_OP_ONPATH                                  32911561                       32911561              

ST_OP_OFFPATH                                  3384854                        3384854              

ST_FAKE_OP_OFFPATH                               26893        0.795%            26893        0.795%
ST_NOT_FAKE_OP_OFFPATH                         3357961       99.205%          3357961       99.205%
                                               3384854      100.000%          3384854      100.000%
                                                  0.99         0.99              0.99         0.99

ST_FAKE_REASON_NOT_FAKE                        3357961       99.205%          3357961       99.205%
ST_FAKE_REASON_REDIRECT_TO_NOT_INSTRUMENTED          4506        0.133%             4506        0.133%
ST_FAKE_REASON_RETURN_TO_NOT_INSTRUMENTED          4614        0.136%             4614        0.136%
ST_FAKE_REASON_NONRET_CF_TO_NOT_INSTRUMENTED         17353        0.513%            17353        0.513%
ST_FAKE_REASON_NOT_TAKEN_TO_NOT_INSTRUMENTED           420        0.012%              420        0.012%
ST_FAKE_REASON_WRONG_PATH_STORE_TO_NEW_REGION             0        0.000%                0        0.000%
                                               3384854      100.000%          3384854      100.000%
                                                  0.02         0.23              0.02         0.23

ST_INST_ONPATH                                30000256                       30000256              

ST_INST_OFFPATH                                2994214                        2994214              

STATIC_PIN_NOP                                       0                              0              

DYNAMIC_PIN_REP_GREATER_256                          0                              0              



