/* -*- Mode: c -*- */
####################################################################################################
Core 0
####################################################################################################
Cumulative:        Cycles: 19624775              Instructions: 30000000              IPC: 1.52868

ICACHE_CYCLE                                  19624775                       19624775              

TCACHE_CYCLE                                         0                              0              

ICACHE_CYCLE_ONPATH                            7793015       39.710%          7793015       39.710%
ICACHE_CYCLE_OFFPATH                          11831760       60.290%         11831760       60.290%
                                              19624775      100.000%         19624775      100.000%
                                                  0.60         0.56              0.60         0.56

FETCH_ON_PATH                                  6616759       39.141%          6616759       39.141%
FETCH_OFF_PATH                                10288213       60.859%         10288213       60.859%
                                              16904972      100.000%         16904972      100.000%
                                                  0.61         0.56              0.61         0.56

FETCHED_OPS_ON_PATH                                  0         -nan%                0         -nan%
FETCHED_OPS_OFF_PATH                                 0         -nan%                0         -nan%
                                                     0         -nan%                0         -nan%
                                                  -nan         -nan              -nan         -nan

INST_LOST_WAIT_FOR_MISP_RECOVERY                     0        0.000%                0        0.000%
INST_LOST_WAIT_FOR_TIMER                             0        0.000%                0        0.000%
INST_LOST_WAIT_FOR_EMPTY_ROB                         0        0.000%                0        0.000%
INST_LOST_WAIT_FOR_REDIRECT                      15276        0.013%            15276        0.013%
INST_LOST_FETCH                               34295381       29.126%         34295381       29.126%
INST_LOST_OFF_PATH                            54431245       46.227%         54431245       46.227%
INST_LOST_FULL_WINDOW                                0        0.000%                0        0.000%
INST_LOST_ROB_STALL_OTHER                      1960938        1.665%          1960938        1.665%
INST_LOST_ROB_STALL_WAIT_FOR_RECOVERY            19716        0.017%            19716        0.017%
INST_LOST_ROB_STALL_WAIT_FOR_REDIRECT                0        0.000%                0        0.000%
INST_LOST_ROB_STALL_WAIT_FOR_GAP_FILL                0        0.000%                0        0.000%
INST_LOST_ROB_STALL_WAIT_FOR_L1_MISS                 0        0.000%                0        0.000%
INST_LOST_ROB_STALL_WAIT_FOR_MEMORY            1387872        1.179%          1387872        1.179%
INST_LOST_ROB_STALL_WAIT_FOR_DC_MISS          12910470       10.964%         12910470       10.964%
INST_LOST_ROB_BLOCK_ISSUE_FULL                       0        0.000%                0        0.000%
INST_LOST_ROB_BLOCK_ISSUE_GAP_TOO_LARGE              0        0.000%                0        0.000%
INST_LOST_BREAK_DONT                                 0        0.000%                0        0.000%
INST_LOST_BREAK_ISSUE_WIDTH                          0        0.000%                0        0.000%
INST_LOST_BREAK_CF                                   0        0.000%                0        0.000%
INST_LOST_BREAK_BTB_MISS                           816        0.001%              816        0.001%
INST_LOST_BREAK_ICACHE_MISS                      32725        0.028%            32725        0.028%
INST_LOST_BREAK_LINE_END                             0        0.000%                0        0.000%
INST_LOST_BREAK_STALL                                0        0.000%                0        0.000%
INST_LOST_BREAK_BARRIER                              0        0.000%                0        0.000%
INST_LOST_BREAK_OFFPATH                              0        0.000%                0        0.000%
INST_LOST_BREAK_ALIGNMENT                            0        0.000%                0        0.000%
INST_LOST_BREAK_TAKEN                         12694211       10.781%         12694211       10.781%
INST_LOST_BREAK_MODEL_BEFORE                         0        0.000%                0        0.000%
INST_LOST_BREAK_MODEL_AFTER                          0        0.000%                0        0.000%
                                             117748650      100.000%        117748650      100.000%
                                                  7.97         6.84              7.97         6.84

INST_LOST_TOTAL                              117748650                      117748650              

FETCH_0_OPS                                    2721166       13.866%          2721166       13.866%
FETCH_1_OPS                                     743121        3.787%           743121        3.787%
FETCH_2_OPS                                    1069713        5.451%          1069713        5.451%
FETCH_3_OPS                                     280865        1.431%           280865        1.431%
FETCH_4_OPS                                    1435029        7.312%          1435029        7.312%
FETCH_5_OPS                                     987918        5.034%           987918        5.034%
FETCH_6_OPS                                   12386963       63.119%         12386963       63.119%
FETCH_7_OPS                                          0        0.000%                0        0.000%
FETCH_8_OPS                                          0        0.000%                0        0.000%
FETCH_9_OPS                                          0        0.000%                0        0.000%
FETCH_10_OPS                                         0        0.000%                0        0.000%
FETCH_11_OPS                                         0        0.000%                0        0.000%
FETCH_12_OPS                                         0        0.000%                0        0.000%
FETCH_13_OPS                                         0        0.000%                0        0.000%
FETCH_14_OPS                                         0        0.000%                0        0.000%
FETCH_15_OPS                                         0        0.000%                0        0.000%
FETCH_16_OPS                                         0        0.000%                0        0.000%
                                              19624775      100.000%         19624775      100.000%
                                                  4.52         1.50              4.52         1.50

ST_BREAK_DONT                                        0        0.000%                0        0.000%
ST_BREAK_ISSUE_WIDTH                          10301180       60.936%         10301180       60.936%
ST_BREAK_CF                                          0        0.000%                0        0.000%
ST_BREAK_BTB_MISS                                  337        0.002%              337        0.002%
ST_BREAK_ICACHE_MISS                              1364        0.008%             1364        0.008%
ST_BREAK_LINE_END                                    0        0.000%                0        0.000%
ST_BREAK_STALL                                       0        0.000%                0        0.000%
ST_BREAK_BARRIER                                     0        0.000%                0        0.000%
ST_BREAK_OFFPATH                                     0        0.000%                0        0.000%
ST_BREAK_ALIGNMENT                                   0        0.000%                0        0.000%
ST_BREAK_TAKEN                                 6602091       39.054%          6602091       39.054%
                                              16904972      100.000%         16904972      100.000%
                                                  4.52         5.22              4.52         5.22

ORACLE_ON_PATH_INST                           34295381       38.653%         34295381       38.653%
ORACLE_OFF_PATH_INST                          54431245       61.347%         54431245       61.347%
                                              88726626      100.000%         88726626      100.000%
                                                  0.61         0.57              0.61         0.57

ORACLE_ON_PATH_INST_MEM                       12659258       14.268%         12659258       14.268%
ORACLE_ON_PATH_INST_NOTMEM                    21636123       24.385%         21636123       24.385%
ORACLE_OFF_PATH_INST_MEM                      19888969       22.416%         19888969       22.416%
ORACLE_OFF_PATH_INST_NOTMEM                   34542276       38.931%         34542276       38.931%
                                              88726626      100.000%         88726626      100.000%
                                                  1.86         1.43              1.86         1.43

ICACHE_CYCLE_NONRA_ONPATH                            0         -nan%                0         -nan%
ICACHE_CYCLE_NONRA_OFFPATH                           0         -nan%                0         -nan%
ICACHE_CYCLE_RA_ONPATH                               0         -nan%                0         -nan%
ICACHE_CYCLE_RA_OFFPATH                              0         -nan%                0         -nan%
                                                     0         -nan%                0         -nan%
                                                  -nan         -nan              -nan         -nan

ICACHE_CYCLE_ONPATH_NONRA                            0         -nan%                0         -nan%
ICACHE_CYCLE_OFFPATH_NONRA                           0         -nan%                0         -nan%
                                                     0         -nan%                0         -nan%
                                                  -nan         -nan              -nan         -nan

ICACHE_CYCLE_ONPATH_RA                               0         -nan%                0         -nan%
ICACHE_CYCLE_OFFPATH_RA                              0         -nan%                0         -nan%
                                                     0         -nan%                0         -nan%
                                                  -nan         -nan              -nan         -nan

INACCURATE_OFFPATH_CYCLES                            0        0.0000                0        0.0000

FETCH_ALL_INST                                88726626                       88726626              

EXEC_ALL_INST                                 49640196                       49640196              

RET_ALL_INST                                  34295317                       34295317              

EXEC_ON_PATH_INST                             34295330       69.088%         34295330       69.088%
EXEC_OFF_PATH_INST                            15344866       30.912%         15344866       30.912%
                                              49640196      100.000%         49640196      100.000%
                                                  0.31         0.42              0.31         0.42

EXEC_ON_PATH_INST_MEM                         12659248       25.502%         12659248       25.502%
EXEC_ON_PATH_INST_NOTMEM                      21636082       43.586%         21636082       43.586%
EXEC_OFF_PATH_INST_MEM                         6580080       13.256%          6580080       13.256%
EXEC_OFF_PATH_INST_NOTMEM                      8764786       17.657%          8764786       17.657%
                                              49640196      100.000%         49640196      100.000%
                                                  1.23         0.96              1.23         0.96

EXEC_RA_INST                                         0         -nan%                0         -nan%
EXEC_NONRA_INST                                      0         -nan%                0         -nan%
                                                     0         -nan%                0         -nan%
                                                  -nan         -nan              -nan         -nan

EXEC_ON_PATH_INST_RA                                 0         -nan%                0         -nan%
EXEC_OFF_PATH_INST_RA                                0         -nan%                0         -nan%
                                                     0         -nan%                0         -nan%
                                                  -nan         -nan              -nan         -nan

EXEC_ON_PATH_INST_NONRA                              0         -nan%                0         -nan%
EXEC_OFF_PATH_INST_NONRA                             0         -nan%                0         -nan%
                                                     0         -nan%                0         -nan%
                                                  -nan         -nan              -nan         -nan

EXEC_RA_ON_PATH_INST                                 0         -nan%                0         -nan%
EXEC_RA_OFF_PATH_INST                                0         -nan%                0         -nan%
EXEC_NONRA_ON_PATH_INST                              0         -nan%                0         -nan%
EXEC_NONRA_OFF_PATH_INST                             0         -nan%                0         -nan%
                                                     0         -nan%                0         -nan%
                                                  -nan         -nan              -nan         -nan

ICACHE_THROTTLE_CYCLE                                0                              0              

FETCH_ENABLE_THROTTLE_OFF_PATH                       0         -nan%                0         -nan%
FETCH_ENABLE_THROTTLE_ON_PATH                        0         -nan%                0         -nan%
                                                     0         -nan%                0         -nan%
                                                  -nan         -nan              -nan         -nan

FETCH_DISABLE_THROTTLE_OFF_PATH                      0         -nan%                0         -nan%
FETCH_DISABLE_THROTTLE_ON_PATH                       0         -nan%                0         -nan%
                                                     0         -nan%                0         -nan%
                                                  -nan         -nan              -nan         -nan

FETCH_TH_ADJUST__0                                   0         -nan%                0         -nan%
FETCH_TH_ADJUST__1                                   0         -nan%                0         -nan%
FETCH_TH_ADJUST__2                                   0         -nan%                0         -nan%
FETCH_TH_ADJUST__3                                   0         -nan%                0         -nan%
FETCH_TH_ADJUST__4                                   0         -nan%                0         -nan%
FETCH_TH_ADJUST__5                                   0         -nan%                0         -nan%
FETCH_TH_ADJUST__6                                   0         -nan%                0         -nan%
FETCH_TH_ADJUST__7                                   0         -nan%                0         -nan%
FETCH_TH_ADJUST__8                                   0         -nan%                0         -nan%
FETCH_TH_ADJUST__9                                   0         -nan%                0         -nan%
FETCH_TH_ADJUST__MAX                                 0         -nan%                0         -nan%
                                                     0         -nan%                0         -nan%
                                                  -nan         -nan              -nan         -nan

FETCH_TH_ADJUST_UP                                   0         -nan%                0         -nan%
FETCH_TH_ADJUST_DOWN                                 0         -nan%                0         -nan%
FETCH_TH_ADJUST_SAME                                 0         -nan%                0         -nan%
                                                     0         -nan%                0         -nan%
                                                  -nan         -nan              -nan         -nan

THROTTLE_ADJUST_CACHE_MISS_INFO                      0                              0              

LOW_CONF_COUNT_BP_MIS_0                              0         -nan%                0         -nan%
LOW_CONF_COUNT_BP_MIS_1                              0         -nan%                0         -nan%
LOW_CONF_COUNT_BP_MIS_2                              0         -nan%                0         -nan%
LOW_CONF_COUNT_BP_MIS_3                              0         -nan%                0         -nan%
LOW_CONF_COUNT_BP_MIS_4                              0         -nan%                0         -nan%
LOW_CONF_COUNT_BP_MIS_5                              0         -nan%                0         -nan%
LOW_CONF_COUNT_BP_MIS_6                              0         -nan%                0         -nan%
LOW_CONF_COUNT_BP_MIS_7                              0         -nan%                0         -nan%
LOW_CONF_COUNT_BP_MIS_8                              0         -nan%                0         -nan%
LOW_CONF_COUNT_BP_MIS_9                              0         -nan%                0         -nan%
LOW_CONF_COUNT_BP_MIS_10                             0         -nan%                0         -nan%
LOW_CONF_COUNT_BP_MIS_11                             0         -nan%                0         -nan%
LOW_CONF_COUNT_BP_MIS_12                             0         -nan%                0         -nan%
LOW_CONF_COUNT_BP_MIS_13                             0         -nan%                0         -nan%
LOW_CONF_COUNT_BP_MIS_14                             0         -nan%                0         -nan%
LOW_CONF_COUNT_BP_MIS_15                             0         -nan%                0         -nan%
LOW_CONF_COUNT_BP_MIS_16                             0         -nan%                0         -nan%
LOW_CONF_COUNT_BP_MIS_17                             0         -nan%                0         -nan%
LOW_CONF_COUNT_BP_MIS_18                             0         -nan%                0         -nan%
LOW_CONF_COUNT_BP_MIS_19                             0         -nan%                0         -nan%
LOW_CONF_COUNT_BP_MIS_20                             0         -nan%                0         -nan%
                                                     0         -nan%                0         -nan%
                                                  -nan         -nan              -nan         -nan

LOW_CONF_COUNT_RET_0                                 0         -nan%                0         -nan%
LOW_CONF_COUNT_RET_1                                 0         -nan%                0         -nan%
LOW_CONF_COUNT_RET_2                                 0         -nan%                0         -nan%
LOW_CONF_COUNT_RET_3                                 0         -nan%                0         -nan%
LOW_CONF_COUNT_RET_4                                 0         -nan%                0         -nan%
LOW_CONF_COUNT_RET_5                                 0         -nan%                0         -nan%
LOW_CONF_COUNT_RET_6                                 0         -nan%                0         -nan%
LOW_CONF_COUNT_RET_7                                 0         -nan%                0         -nan%
LOW_CONF_COUNT_RET_8                                 0         -nan%                0         -nan%
LOW_CONF_COUNT_RET_9                                 0         -nan%                0         -nan%
LOW_CONF_COUNT_RET_10                                0         -nan%                0         -nan%
LOW_CONF_COUNT_RET_11                                0         -nan%                0         -nan%
LOW_CONF_COUNT_RET_12                                0         -nan%                0         -nan%
LOW_CONF_COUNT_RET_13                                0         -nan%                0         -nan%
LOW_CONF_COUNT_RET_14                                0         -nan%                0         -nan%
LOW_CONF_COUNT_RET_15                                0         -nan%                0         -nan%
LOW_CONF_COUNT_RET_16                                0         -nan%                0         -nan%
LOW_CONF_COUNT_RET_17                                0         -nan%                0         -nan%
LOW_CONF_COUNT_RET_18                                0         -nan%                0         -nan%
LOW_CONF_COUNT_RET_19                                0         -nan%                0         -nan%
LOW_CONF_COUNT_RET_20                                0         -nan%                0         -nan%
                                                     0         -nan%                0         -nan%
                                                  -nan         -nan              -nan         -nan



