/* -*- Mode: c -*- */
####################################################################################################
Core 0
####################################################################################################
Cumulative:        Cycles: 125443063             Instructions: 30000004              IPC: 0.23915

EXECUTION_TIME                           39200957187500                  39200957187500              

NODE_CYCLE                                   125443063                      125443063              

NODE_INST_COUNT                               30000004                       30000004              

NODE_UOP_COUNT                                34584270                       34584270              

FULL_WINDOW_STALL                            100936030       80.464%        100936030       80.464%

FULL_WINDOW_MEM_OP                            97600408       99.991%         97600408       99.991%
FULL_WINDOW_FP_OP                                    0        0.000%                0        0.000%
FULL_WINDOW_OTHER_OP                              8727        0.009%             8727        0.009%
                                              97609135      100.000%         97609135      100.000%
                                                  0.00         0.02              0.00         0.02

RET_BLOCKED_DC_MISS                          110566090       88.140%        110566090       88.140%

RET_BLOCKED_L1_MISS                           99433353       79.266%         99433353       79.266%

RET_BLOCKED_L1_MISS_BW_PREF                          0        0.000%                0        0.000%

RET_BLOCKED_L1_ACCESS                         11132748        8.875%         11132748        8.875%

RET_BLOCKED_MEM_STALL                         99434762       79.267%         99434762       79.267%

RET_BLOCKED_OFFCHIP_DEMAND                           0        0.000%                0        0.000%

OP_ISSUED                                     88898974                       88898974              

OP_RETIRED                                    34584270                       34584270              

REPLAY_SIGNALED                                      0                              0              

REPLAY_COUNTED                                       0                              0              

OFF_CRITICAL_PATH                                    0         -nan%                0         -nan%
ON_CRITICAL_PATH                                     0         -nan%                0         -nan%
                                                     0         -nan%                0         -nan%
                                                  -nan         -nan              -nan         -nan

LD_NO_DEPENDENTS                                 26993        0.239%            26993        0.239%
LD_DEPENDENTS                                 11288582       99.761%         11288582       99.761%
                                              11315575      100.000%         11315575      100.000%
                                                  1.00         1.00              1.00         1.00

LD_EXEC_CYCLES_0                                     0        0.000%                0        0.000%
LD_EXEC_CYCLES_1                                     0        0.000%                0        0.000%
LD_EXEC_CYCLES_2                                     0        0.000%                0        0.000%
LD_EXEC_CYCLES_3                               4541651       82.773%          4541651       82.773%
LD_EXEC_CYCLES_4                                945241       17.227%           945241       17.227%
                                               5486892      100.000%          5486892      100.000%
                                                  3.17         1.37              3.17         1.37

FU_BUSY_0                                     17968165                       17968165              

FU_BUSY_1                                     12491079                       12491079              

FU_BUSY_2                                      9280462                        9280462              

FU_BUSY_3                                      7088571                        7088571              

FU_BUSY_4                                      4743102                        4743102              

FU_BUSY_5                                      3006929                        3006929              

FU_BUSY_6                                      1811288                        1811288              

FU_BUSY_7                                      1098939                        1098939              

FU_BUSY_8                                            0                              0              

FU_BUSY_9                                            0                              0              

FU_BUSY_10                                           0                              0              

FU_BUSY_11                                           0                              0              

FU_BUSY_12                                           0                              0              

FU_BUSY_13                                           0                              0              

FU_BUSY_14                                           0                              0              

FU_BUSY_15                                           0                              0              

FU_BUSY_16                                           0                              0              

FU_BUSY_17                                           0                              0              

FU_BUSY_18                                           0                              0              

FU_BUSY_19                                           0                              0              

FU_BUSY_20                                           0                              0              

FU_BUSY_21                                           0                              0              

FU_BUSY_22                                           0                              0              

FU_BUSY_23                                           0                              0              

FU_BUSY_24                                           0                              0              

FU_BUSY_25                                           0                              0              

FU_BUSY_26                                           0                              0              

FU_BUSY_27                                           0                              0              

FU_BUSY_28                                           0                              0              

FU_BUSY_29                                           0                              0              

FU_BUSY_30                                           0                              0              

FU_BUSY_31                                           0                              0              

OP_WAIT_0                                     28887652                       28887652              

OP_WAIT_1                                      4632105                        4632105              

OP_WAIT_2                                       379756                         379756              

OP_WAIT_3                                       102159                         102159              

OP_WAIT_4                                        23861                          23861              

OP_WAIT_5                                        15651                          15651              

OP_WAIT_6                                        11662                          11662              

OP_WAIT_7                                         8106                           8106              

OP_WAIT_8                                         6612                           6612              

OP_WAIT_9                                         6626                           6626              

OP_WAIT_10                                        8628                           8628              

OP_WAIT_11                                        6287                           6287              

OP_WAIT_12                                        2823                           2823              

OP_WAIT_13                                        1556                           1556              

OP_WAIT_14                                        1475                           1475              

OP_WAIT_15                                        1266                           1266              

OP_WAIT_16                                        1043                           1043              

OP_WAIT_17                                        1017                           1017              

OP_WAIT_18                                        1130                           1130              

OP_WAIT_19                                        1129                           1129              

OP_WAIT_20                                        1492                           1492              

OP_WAIT_21                                        1402                           1402              

OP_WAIT_22                                         726                            726              

OP_WAIT_23                                         667                            667              

OP_WAIT_24                                         449                            449              

OP_WAIT_25                                         624                            624              

OP_WAIT_26                                        1693                           1693              

OP_WAIT_27                                        2838                           2838              

OP_WAIT_28                                        2800                           2800              

OP_WAIT_29                                        1821                           1821              

OP_WAIT_30                                         762                            762              

OP_WAIT_31                                      468452                         468452              

ROW_SIZE_0                                   112660269                      112660269              

ROW_SIZE_1                                     4012926                        4012926              

ROW_SIZE_2                                      795789                         795789              

ROW_SIZE_3                                      830744                         830744              

ROW_SIZE_4                                      248583                         248583              

ROW_SIZE_5                                      497496                         497496              

ROW_SIZE_6                                     3834287                        3834287              

ROW_SIZE_7                                           0                              0              

ROW_SIZE_8                                           0                              0              

ROW_SIZE_9                                           0                              0              

ROW_SIZE_10                                          0                              0              

ROW_SIZE_11                                          0                              0              

ROW_SIZE_12                                          0                              0              

ROW_SIZE_13                                          0                              0              

ROW_SIZE_14                                          0                              0              

ROW_SIZE_15                                          0                              0              

ROW_SIZE_16                                          0                              0              

ROW_SIZE_17                                          0                              0              

ROW_SIZE_18                                          0                              0              

ROW_SIZE_19                                          0                              0              

ROW_SIZE_20                                          0                              0              

ROW_SIZE_21                                          0                              0              

ROW_SIZE_22                                          0                              0              

ROW_SIZE_23                                          0                              0              

ROW_SIZE_24                                          0                              0              

ROW_SIZE_25                                          0                              0              

ROW_SIZE_26                                          0                              0              

ROW_SIZE_27                                          0                              0              

ROW_SIZE_28                                          0                              0              

ROW_SIZE_29                                          0                              0              

ROW_SIZE_30                                          0                              0              

ROW_SIZE_31                                          0                              0              

RET_OP_EXEC_COUNT_0                                  0        0.000%                0        0.000%
RET_OP_EXEC_COUNT_1                           34584270      100.000%         34584270      100.000%
RET_OP_EXEC_COUNT_2                                  0        0.000%                0        0.000%
RET_OP_EXEC_COUNT_3                                  0        0.000%                0        0.000%
RET_OP_EXEC_COUNT_4                                  0        0.000%                0        0.000%
RET_OP_EXEC_COUNT_5                                  0        0.000%                0        0.000%
RET_OP_EXEC_COUNT_6                                  0        0.000%                0        0.000%
RET_OP_EXEC_COUNT_7                                  0        0.000%                0        0.000%
RET_OP_EXEC_COUNT_8                                  0        0.000%                0        0.000%
RET_OP_EXEC_COUNT_9                                  0        0.000%                0        0.000%
RET_OP_EXEC_COUNT_10                                 0        0.000%                0        0.000%
RET_OP_EXEC_COUNT_11                                 0        0.000%                0        0.000%
RET_OP_EXEC_COUNT_12                                 0        0.000%                0        0.000%
RET_OP_EXEC_COUNT_13                                 0        0.000%                0        0.000%
RET_OP_EXEC_COUNT_14                                 0        0.000%                0        0.000%
RET_OP_EXEC_COUNT_15                                 0        0.000%                0        0.000%
RET_OP_EXEC_COUNT_16                                 0        0.000%                0        0.000%
RET_OP_EXEC_COUNT_17                                 0        0.000%                0        0.000%
RET_OP_EXEC_COUNT_18                                 0        0.000%                0        0.000%
RET_OP_EXEC_COUNT_19                                 0        0.000%                0        0.000%
RET_OP_EXEC_COUNT_20                                 0        0.000%                0        0.000%
RET_OP_EXEC_COUNT_21                                 0        0.000%                0        0.000%
RET_OP_EXEC_COUNT_22                                 0        0.000%                0        0.000%
RET_OP_EXEC_COUNT_23                                 0        0.000%                0        0.000%
RET_OP_EXEC_COUNT_24                                 0        0.000%                0        0.000%
RET_OP_EXEC_COUNT_25                                 0        0.000%                0        0.000%
RET_OP_EXEC_COUNT_26                                 0        0.000%                0        0.000%
RET_OP_EXEC_COUNT_27                                 0        0.000%                0        0.000%
RET_OP_EXEC_COUNT_28                                 0        0.000%                0        0.000%
RET_OP_EXEC_COUNT_29                                 0        0.000%                0        0.000%
RET_OP_EXEC_COUNT_30                                 0        0.000%                0        0.000%
RET_OP_EXEC_COUNT_31                                 0        0.000%                0        0.000%
RET_OP_EXEC_COUNT_32                                 0        0.000%                0        0.000%
                                              34584270      100.000%         34584270      100.000%
                                                  1.00         0.00              1.00         0.00

RET_STALL_LENGTH_0                            34113100       98.638%         34113100       98.638%
RET_STALL_LENGTH_100                            420197        1.215%           420197        1.215%
RET_STALL_LENGTH_200                             20398        0.059%            20398        0.059%
RET_STALL_LENGTH_300                              3998        0.012%             3998        0.012%
RET_STALL_LENGTH_400                              5138        0.015%             5138        0.015%
RET_STALL_LENGTH_500                             11529        0.033%            11529        0.033%
RET_STALL_LENGTH_600                              4023        0.012%             4023        0.012%
RET_STALL_LENGTH_700                               935        0.003%              935        0.003%
RET_STALL_LENGTH_800                               181        0.001%              181        0.001%
RET_STALL_LENGTH_900                                71        0.000%               71        0.000%
RET_STALL_LENGTH_1000                               42        0.000%               42        0.000%
RET_STALL_LENGTH_1100                               72        0.000%               72        0.000%
RET_STALL_LENGTH_1200                             3012        0.009%             3012        0.009%
RET_STALL_LENGTH_1300                              714        0.002%              714        0.002%
RET_STALL_LENGTH_1400                              256        0.001%              256        0.001%
RET_STALL_LENGTH_1500                               73        0.000%               73        0.000%
RET_STALL_LENGTH_1600                               86        0.000%               86        0.000%
RET_STALL_LENGTH_1700                              230        0.001%              230        0.001%
RET_STALL_LENGTH_1800                              163        0.000%              163        0.000%
RET_STALL_LENGTH_1900                               48        0.000%               48        0.000%
RET_STALL_LENGTH_2000                                4        0.000%                4        0.000%
RET_STALL_LENGTH_2100                                0        0.000%                0        0.000%
RET_STALL_LENGTH_2200                                0        0.000%                0        0.000%
RET_STALL_LENGTH_2300                                0        0.000%                0        0.000%
RET_STALL_LENGTH_2400                                0        0.000%                0        0.000%
RET_STALL_LENGTH_2500                                0        0.000%                0        0.000%
RET_STALL_LENGTH_2600                                0        0.000%                0        0.000%
RET_STALL_LENGTH_2700                                0        0.000%                0        0.000%
RET_STALL_LENGTH_2800                                0        0.000%                0        0.000%
RET_STALL_LENGTH_2900                                0        0.000%                0        0.000%
RET_STALL_LENGTH_3000                                0        0.000%                0        0.000%
RET_STALL_LENGTH_3100                                0        0.000%                0        0.000%
RET_STALL_LENGTH_3200                                0        0.000%                0        0.000%
RET_STALL_LENGTH_3300                                0        0.000%                0        0.000%
RET_STALL_LENGTH_3400                                0        0.000%                0        0.000%
RET_STALL_LENGTH_3500                                0        0.000%                0        0.000%
RET_STALL_LENGTH_3600                                0        0.000%                0        0.000%
RET_STALL_LENGTH_3700                                0        0.000%                0        0.000%
RET_STALL_LENGTH_3800                                0        0.000%                0        0.000%
RET_STALL_LENGTH_3900                                0        0.000%                0        0.000%
RET_STALL_LENGTH_4000                                0        0.000%                0        0.000%
RET_STALL_LENGTH_4100                                0        0.000%                0        0.000%
RET_STALL_LENGTH_4200                                0        0.000%                0        0.000%
RET_STALL_LENGTH_4300                                0        0.000%                0        0.000%
RET_STALL_LENGTH_4400                                0        0.000%                0        0.000%
RET_STALL_LENGTH_4500                                0        0.000%                0        0.000%
RET_STALL_LENGTH_4600                                0        0.000%                0        0.000%
RET_STALL_LENGTH_4700                                0        0.000%                0        0.000%
RET_STALL_LENGTH_4800                                0        0.000%                0        0.000%
RET_STALL_LENGTH_4900                                0        0.000%                0        0.000%
RET_STALL_LENGTH_5000                                0        0.000%                0        0.000%
                                              34584270      100.000%         34584270      100.000%
                                                  0.02         0.23              0.02         0.23

MEM_BLOCK_LENGTH_0                                1937       95.939%             1937       95.939%
MEM_BLOCK_LENGTH_100                                10        0.495%               10        0.495%
MEM_BLOCK_LENGTH_200                                 1        0.050%                1        0.050%
MEM_BLOCK_LENGTH_300                                27        1.337%               27        1.337%
MEM_BLOCK_LENGTH_400                                27        1.337%               27        1.337%
MEM_BLOCK_LENGTH_500                                 2        0.099%                2        0.099%
MEM_BLOCK_LENGTH_600                                 0        0.000%                0        0.000%
MEM_BLOCK_LENGTH_700                                 0        0.000%                0        0.000%
MEM_BLOCK_LENGTH_800                                 0        0.000%                0        0.000%
MEM_BLOCK_LENGTH_900                                 0        0.000%                0        0.000%
MEM_BLOCK_LENGTH_1000                                0        0.000%                0        0.000%
MEM_BLOCK_LENGTH_1100                                8        0.396%                8        0.396%
MEM_BLOCK_LENGTH_1200                                6        0.297%                6        0.297%
MEM_BLOCK_LENGTH_1300                                0        0.000%                0        0.000%
MEM_BLOCK_LENGTH_1400                                0        0.000%                0        0.000%
MEM_BLOCK_LENGTH_1500                                0        0.000%                0        0.000%
MEM_BLOCK_LENGTH_1600                                0        0.000%                0        0.000%
MEM_BLOCK_LENGTH_1700                                0        0.000%                0        0.000%
MEM_BLOCK_LENGTH_1800                                1        0.050%                1        0.050%
MEM_BLOCK_LENGTH_1900                                0        0.000%                0        0.000%
MEM_BLOCK_LENGTH_2000                                0        0.000%                0        0.000%
MEM_BLOCK_LENGTH_2100                                0        0.000%                0        0.000%
MEM_BLOCK_LENGTH_2200                                0        0.000%                0        0.000%
MEM_BLOCK_LENGTH_2300                                0        0.000%                0        0.000%
MEM_BLOCK_LENGTH_2400                                0        0.000%                0        0.000%
MEM_BLOCK_LENGTH_2500                                0        0.000%                0        0.000%
MEM_BLOCK_LENGTH_2600                                0        0.000%                0        0.000%
MEM_BLOCK_LENGTH_2700                                0        0.000%                0        0.000%
MEM_BLOCK_LENGTH_2800                                0        0.000%                0        0.000%
MEM_BLOCK_LENGTH_2900                                0        0.000%                0        0.000%
MEM_BLOCK_LENGTH_3000                                0        0.000%                0        0.000%
MEM_BLOCK_LENGTH_3100                                0        0.000%                0        0.000%
MEM_BLOCK_LENGTH_3200                                0        0.000%                0        0.000%
MEM_BLOCK_LENGTH_3300                                0        0.000%                0        0.000%
MEM_BLOCK_LENGTH_3400                                0        0.000%                0        0.000%
MEM_BLOCK_LENGTH_3500                                0        0.000%                0        0.000%
MEM_BLOCK_LENGTH_3600                                0        0.000%                0        0.000%
MEM_BLOCK_LENGTH_3700                                0        0.000%                0        0.000%
MEM_BLOCK_LENGTH_3800                                0        0.000%                0        0.000%
MEM_BLOCK_LENGTH_3900                                0        0.000%                0        0.000%
MEM_BLOCK_LENGTH_4000                                0        0.000%                0        0.000%
MEM_BLOCK_LENGTH_4100                                0        0.000%                0        0.000%
MEM_BLOCK_LENGTH_4200                                0        0.000%                0        0.000%
MEM_BLOCK_LENGTH_4300                                0        0.000%                0        0.000%
MEM_BLOCK_LENGTH_4400                                0        0.000%                0        0.000%
MEM_BLOCK_LENGTH_4500                                0        0.000%                0        0.000%
MEM_BLOCK_LENGTH_4600                                0        0.000%                0        0.000%
MEM_BLOCK_LENGTH_4700                                0        0.000%                0        0.000%
MEM_BLOCK_LENGTH_4800                                0        0.000%                0        0.000%
MEM_BLOCK_LENGTH_4900                                0        0.000%                0        0.000%
MEM_BLOCK_LENGTH_5000                                0        0.000%                0        0.000%
                                                  2019      100.000%             2019      100.000%
                                                  0.19         1.17              0.19         1.17

FUS_BUSY_ON_PATH                              35857599        0.2858         35857599        0.2858

FUS_BUSY_OFF_PATH                             21630936        0.1724         21630936        0.1724

FU_BUSY_MEM_STALL                              2862759        0.0228          2862759        0.0228

FUS_EMPTY                                    946055969        7.5417        946055969        7.5417

CHIP_UTILIZATION                                     0        0.0000                0        0.0000

CYCLES_UNDER_MEM_REQ                                 0                              0              

CYCLES_UNDER_NO_MEM_REQ                              0                              0              

CYCLES_UNDER_CRITICAL_MEM_REQ                        0                              0              

CYCLES_UNDER_NONCRITICAL_MEM_REQ                     0                              0              

CHIP_UTILIZATION_UNDER_MEM_REQ                       0          -nan                0          -nan

CHIP_UTILIZATION_UNDER_NO_MEM_REQ                    0          -nan                0          -nan

CHIP_UTILIZATION_UNDER_CRITICAL_MEM_REQ              0          -nan                0          -nan

CHIP_UTILIZATION_UNDER_NONCRITICAL_MEM_REQ             0          -nan                0          -nan

CYCLES_NOT_WAITING_FOR_OFF_CHIP                      0        0.0000                0        0.0000

FUS_BUSY_NOT_WAITING_FOR_OFF_CHIP                    0          -nan                0          -nan

CYCLES_WAITING_FOR_OFF_CHIP                          0        0.0000                0        0.0000

FUS_BUSY_WAITING_FOR_OFF_CHIP                        0          -nan                0          -nan

TOTAL_OFF_CHIP_DELAYS_LEFT                           0                              0              

WRONG_IO_SCHED                                       0                              0              

DVFS_CONFIG_SWITCH                                   0                              0              



