               ramulator.active_cycles_0            44974840                                      # Total active cycles for level _0
                 ramulator.busy_cycles_0            44974840                                      # (All-bank refresh only. busy cycles only include refresh time in rank level) The sum of cycles that the DRAM part is active or under refresh for level _0
            ramulator.serving_requests_0           168599743                                      # The sum of read and write requests that are served in this DRAM element per memory cycle for level _0
    ramulator.average_serving_requests_0            3.584089                                      # The average of read and write requests that are served in this DRAM element per memory cycle for level _0
             ramulator.active_cycles_0_0            44974840                                      # Total active cycles for level _0_0
               ramulator.busy_cycles_0_0            45295720                                      # (All-bank refresh only. busy cycles only include refresh time in rank level) The sum of cycles that the DRAM part is active or under refresh for level _0_0
          ramulator.serving_requests_0_0           168599743                                      # The sum of read and write requests that are served in this DRAM element per memory cycle for level _0_0
  ramulator.average_serving_requests_0_0            3.584089                                      # The average of read and write requests that are served in this DRAM element per memory cycle for level _0_0
           ramulator.active_cycles_0_0_0            25830877                                      # Total active cycles for level _0_0_0
             ramulator.busy_cycles_0_0_0            25830877                                      # (All-bank refresh only. busy cycles only include refresh time in rank level) The sum of cycles that the DRAM part is active or under refresh for level _0_0_0
        ramulator.serving_requests_0_0_0            39964341                                      # The sum of read and write requests that are served in this DRAM element per memory cycle for level _0_0_0
ramulator.average_serving_requests_0_0_0            0.849561                                      # The average of read and write requests that are served in this DRAM element per memory cycle for level _0_0_0
         ramulator.active_cycles_0_0_0_0             9091990                                      # Total active cycles for level _0_0_0_0
           ramulator.busy_cycles_0_0_0_0             9091990                                      # (All-bank refresh only. busy cycles only include refresh time in rank level) The sum of cycles that the DRAM part is active or under refresh for level _0_0_0_0
      ramulator.serving_requests_0_0_0_0             9616177                                      # The sum of read and write requests that are served in this DRAM element per memory cycle for level _0_0_0_0
ramulator.average_serving_requests_0_0_0_0            0.204420                                      # The average of read and write requests that are served in this DRAM element per memory cycle for level _0_0_0_0
         ramulator.active_cycles_0_0_0_1            10166931                                      # Total active cycles for level _0_0_0_1
           ramulator.busy_cycles_0_0_0_1            10166931                                      # (All-bank refresh only. busy cycles only include refresh time in rank level) The sum of cycles that the DRAM part is active or under refresh for level _0_0_0_1
      ramulator.serving_requests_0_0_0_1            10806515                                      # The sum of read and write requests that are served in this DRAM element per memory cycle for level _0_0_0_1
ramulator.average_serving_requests_0_0_0_1            0.229725                                      # The average of read and write requests that are served in this DRAM element per memory cycle for level _0_0_0_1
         ramulator.active_cycles_0_0_0_2             9731518                                      # Total active cycles for level _0_0_0_2
           ramulator.busy_cycles_0_0_0_2             9731518                                      # (All-bank refresh only. busy cycles only include refresh time in rank level) The sum of cycles that the DRAM part is active or under refresh for level _0_0_0_2
      ramulator.serving_requests_0_0_0_2            10312132                                      # The sum of read and write requests that are served in this DRAM element per memory cycle for level _0_0_0_2
ramulator.average_serving_requests_0_0_0_2            0.219215                                      # The average of read and write requests that are served in this DRAM element per memory cycle for level _0_0_0_2
         ramulator.active_cycles_0_0_0_3             8771494                                      # Total active cycles for level _0_0_0_3
           ramulator.busy_cycles_0_0_0_3             8771494                                      # (All-bank refresh only. busy cycles only include refresh time in rank level) The sum of cycles that the DRAM part is active or under refresh for level _0_0_0_3
      ramulator.serving_requests_0_0_0_3             9229517                                      # The sum of read and write requests that are served in this DRAM element per memory cycle for level _0_0_0_3
ramulator.average_serving_requests_0_0_0_3            0.196201                                      # The average of read and write requests that are served in this DRAM element per memory cycle for level _0_0_0_3
           ramulator.active_cycles_0_0_1            28002364                                      # Total active cycles for level _0_0_1
             ramulator.busy_cycles_0_0_1            28002364                                      # (All-bank refresh only. busy cycles only include refresh time in rank level) The sum of cycles that the DRAM part is active or under refresh for level _0_0_1
        ramulator.serving_requests_0_0_1            45033174                                      # The sum of read and write requests that are served in this DRAM element per memory cycle for level _0_0_1
ramulator.average_serving_requests_0_0_1            0.957314                                      # The average of read and write requests that are served in this DRAM element per memory cycle for level _0_0_1
         ramulator.active_cycles_0_0_1_0            10350135                                      # Total active cycles for level _0_0_1_0
           ramulator.busy_cycles_0_0_1_0            10350135                                      # (All-bank refresh only. busy cycles only include refresh time in rank level) The sum of cycles that the DRAM part is active or under refresh for level _0_0_1_0
      ramulator.serving_requests_0_0_1_0            10998744                                      # The sum of read and write requests that are served in this DRAM element per memory cycle for level _0_0_1_0
ramulator.average_serving_requests_0_0_1_0            0.233811                                      # The average of read and write requests that are served in this DRAM element per memory cycle for level _0_0_1_0
         ramulator.active_cycles_0_0_1_1            11009354                                      # Total active cycles for level _0_0_1_1
           ramulator.busy_cycles_0_0_1_1            11009354                                      # (All-bank refresh only. busy cycles only include refresh time in rank level) The sum of cycles that the DRAM part is active or under refresh for level _0_0_1_1
      ramulator.serving_requests_0_0_1_1            11778543                                      # The sum of read and write requests that are served in this DRAM element per memory cycle for level _0_0_1_1
ramulator.average_serving_requests_0_0_1_1            0.250388                                      # The average of read and write requests that are served in this DRAM element per memory cycle for level _0_0_1_1
         ramulator.active_cycles_0_0_1_2             9385681                                      # Total active cycles for level _0_0_1_2
           ramulator.busy_cycles_0_0_1_2             9385681                                      # (All-bank refresh only. busy cycles only include refresh time in rank level) The sum of cycles that the DRAM part is active or under refresh for level _0_0_1_2
      ramulator.serving_requests_0_0_1_2             9915239                                      # The sum of read and write requests that are served in this DRAM element per memory cycle for level _0_0_1_2
ramulator.average_serving_requests_0_0_1_2            0.210778                                      # The average of read and write requests that are served in this DRAM element per memory cycle for level _0_0_1_2
         ramulator.active_cycles_0_0_1_3            11508577                                      # Total active cycles for level _0_0_1_3
           ramulator.busy_cycles_0_0_1_3            11508577                                      # (All-bank refresh only. busy cycles only include refresh time in rank level) The sum of cycles that the DRAM part is active or under refresh for level _0_0_1_3
      ramulator.serving_requests_0_0_1_3            12340648                                      # The sum of read and write requests that are served in this DRAM element per memory cycle for level _0_0_1_3
ramulator.average_serving_requests_0_0_1_3            0.262337                                      # The average of read and write requests that are served in this DRAM element per memory cycle for level _0_0_1_3
           ramulator.active_cycles_0_0_2            26646567                                      # Total active cycles for level _0_0_2
             ramulator.busy_cycles_0_0_2            26646567                                      # (All-bank refresh only. busy cycles only include refresh time in rank level) The sum of cycles that the DRAM part is active or under refresh for level _0_0_2
        ramulator.serving_requests_0_0_2            41908262                                      # The sum of read and write requests that are served in this DRAM element per memory cycle for level _0_0_2
ramulator.average_serving_requests_0_0_2            0.890885                                      # The average of read and write requests that are served in this DRAM element per memory cycle for level _0_0_2
         ramulator.active_cycles_0_0_2_0            11645121                                      # Total active cycles for level _0_0_2_0
           ramulator.busy_cycles_0_0_2_0            11645121                                      # (All-bank refresh only. busy cycles only include refresh time in rank level) The sum of cycles that the DRAM part is active or under refresh for level _0_0_2_0
      ramulator.serving_requests_0_0_2_0            12495458                                      # The sum of read and write requests that are served in this DRAM element per memory cycle for level _0_0_2_0
ramulator.average_serving_requests_0_0_2_0            0.265628                                      # The average of read and write requests that are served in this DRAM element per memory cycle for level _0_0_2_0
         ramulator.active_cycles_0_0_2_1             8188242                                      # Total active cycles for level _0_0_2_1
           ramulator.busy_cycles_0_0_2_1             8188242                                      # (All-bank refresh only. busy cycles only include refresh time in rank level) The sum of cycles that the DRAM part is active or under refresh for level _0_0_2_1
      ramulator.serving_requests_0_0_2_1             8603591                                      # The sum of read and write requests that are served in this DRAM element per memory cycle for level _0_0_2_1
ramulator.average_serving_requests_0_0_2_1            0.182895                                      # The average of read and write requests that are served in this DRAM element per memory cycle for level _0_0_2_1
         ramulator.active_cycles_0_0_2_2            10308059                                      # Total active cycles for level _0_0_2_2
           ramulator.busy_cycles_0_0_2_2            10308059                                      # (All-bank refresh only. busy cycles only include refresh time in rank level) The sum of cycles that the DRAM part is active or under refresh for level _0_0_2_2
      ramulator.serving_requests_0_0_2_2            10982800                                      # The sum of read and write requests that are served in this DRAM element per memory cycle for level _0_0_2_2
ramulator.average_serving_requests_0_0_2_2            0.233472                                      # The average of read and write requests that are served in this DRAM element per memory cycle for level _0_0_2_2
         ramulator.active_cycles_0_0_2_3             9322427                                      # Total active cycles for level _0_0_2_3
           ramulator.busy_cycles_0_0_2_3             9322427                                      # (All-bank refresh only. busy cycles only include refresh time in rank level) The sum of cycles that the DRAM part is active or under refresh for level _0_0_2_3
      ramulator.serving_requests_0_0_2_3             9824746                                      # The sum of read and write requests that are served in this DRAM element per memory cycle for level _0_0_2_3
ramulator.average_serving_requests_0_0_2_3            0.208854                                      # The average of read and write requests that are served in this DRAM element per memory cycle for level _0_0_2_3
           ramulator.active_cycles_0_0_3            26577887                                      # Total active cycles for level _0_0_3
             ramulator.busy_cycles_0_0_3            26577887                                      # (All-bank refresh only. busy cycles only include refresh time in rank level) The sum of cycles that the DRAM part is active or under refresh for level _0_0_3
        ramulator.serving_requests_0_0_3            41693430                                      # The sum of read and write requests that are served in this DRAM element per memory cycle for level _0_0_3
ramulator.average_serving_requests_0_0_3            0.886318                                      # The average of read and write requests that are served in this DRAM element per memory cycle for level _0_0_3
         ramulator.active_cycles_0_0_3_0            10156847                                      # Total active cycles for level _0_0_3_0
           ramulator.busy_cycles_0_0_3_0            10156847                                      # (All-bank refresh only. busy cycles only include refresh time in rank level) The sum of cycles that the DRAM part is active or under refresh for level _0_0_3_0
      ramulator.serving_requests_0_0_3_0            10787637                                      # The sum of read and write requests that are served in this DRAM element per memory cycle for level _0_0_3_0
ramulator.average_serving_requests_0_0_3_0            0.229323                                      # The average of read and write requests that are served in this DRAM element per memory cycle for level _0_0_3_0
         ramulator.active_cycles_0_0_3_1             9460118                                      # Total active cycles for level _0_0_3_1
           ramulator.busy_cycles_0_0_3_1             9460118                                      # (All-bank refresh only. busy cycles only include refresh time in rank level) The sum of cycles that the DRAM part is active or under refresh for level _0_0_3_1
      ramulator.serving_requests_0_0_3_1            10067001                                      # The sum of read and write requests that are served in this DRAM element per memory cycle for level _0_0_3_1
ramulator.average_serving_requests_0_0_3_1            0.214004                                      # The average of read and write requests that are served in this DRAM element per memory cycle for level _0_0_3_1
         ramulator.active_cycles_0_0_3_2            10708573                                      # Total active cycles for level _0_0_3_2
           ramulator.busy_cycles_0_0_3_2            10708573                                      # (All-bank refresh only. busy cycles only include refresh time in rank level) The sum of cycles that the DRAM part is active or under refresh for level _0_0_3_2
      ramulator.serving_requests_0_0_3_2            11412089                                      # The sum of read and write requests that are served in this DRAM element per memory cycle for level _0_0_3_2
ramulator.average_serving_requests_0_0_3_2            0.242598                                      # The average of read and write requests that are served in this DRAM element per memory cycle for level _0_0_3_2
         ramulator.active_cycles_0_0_3_3             8941528                                      # Total active cycles for level _0_0_3_3
           ramulator.busy_cycles_0_0_3_3             8941528                                      # (All-bank refresh only. busy cycles only include refresh time in rank level) The sum of cycles that the DRAM part is active or under refresh for level _0_0_3_3
      ramulator.serving_requests_0_0_3_3             9426702                                      # The sum of read and write requests that are served in this DRAM element per memory cycle for level _0_0_3_3
ramulator.average_serving_requests_0_0_3_3            0.200393                                      # The average of read and write requests that are served in this DRAM element per memory cycle for level _0_0_3_3
      ramulator.read_transaction_bytes_0           132595008                                      # The total byte of read transaction per channel
     ramulator.write_transaction_bytes_0            28802368                                      # The total byte of write transaction per channel
       ramulator.row_hits_channel_0_core              441132                                      # Number of row hits per channel per core
     ramulator.row_misses_channel_0_core               99477                                      # Number of row misses per channel per core
  ramulator.row_conflicts_channel_0_core             1981225                                      # Number of row conflicts per channel per core
  ramulator.read_row_hits_channel_0_core              419003                                      # Number of row hits for read requests per channel per core
                                     [0]            419003.0                                      # 
ramulator.read_row_misses_channel_0_core               77731                                      # Number of row misses for read requests per channel per core
                                     [0]             77731.0                                      # 
ramulator.read_row_conflicts_channel_0_core             1575063                                      # Number of row conflicts for read requests per channel per core
                                     [0]           1575063.0                                      # 
 ramulator.write_row_hits_channel_0_core               22129                                      # Number of row hits for write requests per channel per core
                                     [0]             22129.0                                      # 
ramulator.write_row_misses_channel_0_core               21746                                      # Number of row misses for write requests per channel per core
                                     [0]             21746.0                                      # 
ramulator.write_row_conflicts_channel_0_core              406162                                      # Number of row conflicts for write requests per channel per core
                                     [0]            406162.0                                      # 
      ramulator.useless_activates_0_core                 496                                      # Number of useless activations. E.g, ACT -> PRE w/o RD or WR
            ramulator.read_latency_avg_0           71.928245                                      # The average memory latency cycles (in memory time domain) per request for all read requests in this channel
            ramulator.read_latency_sum_0           149039855                                      # The memory latency cycles (in memory time domain) sum for all read requests in this channel
        ramulator.req_queue_length_avg_0           17.471648                                      # Average of read and write queue length per memory cycle per channel.
        ramulator.req_queue_length_sum_0           821886716                                      # Sum of read and write queue length per memory cycle per channel.
   ramulator.read_req_queue_length_avg_0            2.600204                                      # Read queue length average per memory cycle per channel.
   ramulator.read_req_queue_length_sum_0           122316637                                      # Read queue length sum per memory cycle per channel.
  ramulator.write_req_queue_length_avg_0           14.871444                                      # Write queue length average per memory cycle per channel.
  ramulator.write_req_queue_length_sum_0           699570079                                      # Write queue length sum per memory cycle per channel.
              ramulator.record_read_hits                 0.0                                      # record read hit count for this core when it reaches request limit or to the end
                                     [0]                 0.0                                      # 
            ramulator.record_read_misses                 0.0                                      # record_read_miss count for this core when it reaches request limit or to the end
                                     [0]                 0.0                                      # 
         ramulator.record_read_conflicts                 0.0                                      # record read conflict count for this core when it reaches request limit or to the end
                                     [0]                 0.0                                      # 
             ramulator.record_write_hits                 0.0                                      # record write hit count for this core when it reaches request limit or to the end
                                     [0]                 0.0                                      # 
           ramulator.record_write_misses                 0.0                                      # record write miss count for this core when it reaches request limit or to the end
                                     [0]                 0.0                                      # 
        ramulator.record_write_conflicts                 0.0                                      # record write conflict for this core when it reaches request limit or to the end
                                     [0]                 0.0                                      # 
                 ramulator.dram_capacity          8589934592                                      # Number of bytes in simulated DRAM
                   ramulator.dram_cycles            47041167                                      # Number of DRAM cycles simulated
             ramulator.incoming_requests             2522117                                      # Number of incoming requests to DRAM
                 ramulator.read_requests             2072063                                      # Number of incoming read requests to DRAM per core
                                     [0]           2072063.0                                      # 
                ramulator.write_requests              450054                                      # Number of incoming write requests to DRAM per core
                                     [0]            450054.0                                      # 
       ramulator.ramulator_active_cycles            44974842                                      # The total number of cycles that the DRAM part is active (serving R/W)
 ramulator.incoming_requests_per_channel           2522117.0                                      # Number of incoming requests to each DRAM channel
                                     [0]           2522117.0                                      # 
ramulator.incoming_read_reqs_per_channel           2072063.0                                      # Number of incoming read requests to each DRAM channel
                                     [0]           2072063.0                                      # 
     ramulator.physical_page_replacement                   0                                      # The number of times that physical page replacement happens.
             ramulator.maximum_bandwidth         19200000000                                      # The theoretical maximum bandwidth (Bps)
          ramulator.in_queue_req_num_sum           821886716                                      # Sum of read/write queue length
     ramulator.in_queue_read_req_num_sum           122316637                                      # Sum of read queue length
    ramulator.in_queue_write_req_num_sum           699570079                                      # Sum of write queue length
          ramulator.in_queue_req_num_avg           17.471648                                      # Average of read/write queue length per memory cycle
     ramulator.in_queue_read_req_num_avg            2.600204                                      # Average of read queue length per memory cycle
    ramulator.in_queue_write_req_num_avg           14.871444                                      # Average of write queue length per memory cycle
          ramulator.record_read_requests                 0.0                                      # record read requests for this core when it reaches request limit or to the end
                                     [0]                 0.0                                      # 
         ramulator.record_write_requests                 0.0                                      # record write requests for this core when it reaches request limit or to the end
                                     [0]                 0.0                                      # 
