/* -*- Mode: c -*- */
####################################################################################################
Core 0
####################################################################################################
Cumulative:        Cycles: 9791478               Instructions: 30000000              IPC: 3.06389

ST_OP_INV                                            0        0.000%                0        0.000%
ST_OP_NOP                                       106574        0.278%           106574        0.278%
ST_OP_CF                                       3463865        9.029%          3463865        9.029%
ST_OP_MOV                                      3033449        7.907%          3033449        7.907%
ST_OP_CMOV                                       58529        0.153%            58529        0.153%
ST_OP_LDA                                      1003121        2.615%          1003121        2.615%
ST_OP_IMEM                                    17704129       46.149%         17704129       46.149%
ST_OP_IADD                                     7095691       18.496%          7095691       18.496%
ST_OP_IMUL                                          75        0.000%               75        0.000%
ST_OP_IDIV                                           6        0.000%                6        0.000%
ST_OP_ICMP                                     1803231        4.700%          1803231        4.700%
ST_OP_LOGIC                                    1733017        4.517%          1733017        4.517%
ST_OP_SHIFT                                    2361374        6.155%          2361374        6.155%
ST_OP_FMEM                                           0        0.000%                0        0.000%
ST_OP_FCVT                                           0        0.000%                0        0.000%
ST_OP_FADD                                           0        0.000%                0        0.000%
ST_OP_FMUL                                           0        0.000%                0        0.000%
ST_OP_FMA                                            0        0.000%                0        0.000%
ST_OP_FDIV                                           0        0.000%                0        0.000%
ST_OP_FCMP                                           0        0.000%                0        0.000%
ST_OP_FCMOV                                          0        0.000%                0        0.000%
ST_OP_GATHER                                         0        0.000%                0        0.000%
ST_OP_SCATTER                                        0        0.000%                0        0.000%
ST_OP_PIPELINED_FAST                                 0        0.000%                0        0.000%
ST_OP_PIPELINED_MEDIUM                               0        0.000%                0        0.000%
ST_OP_PIPELINED_SLOW                                 0        0.000%                0        0.000%
ST_OP_NOTPIPELINED_MEDIUM                            0        0.000%                0        0.000%
ST_OP_NOTPIPELINED_SLOW                              0        0.000%                0        0.000%
ST_OP_NOTPIPELINED_VERY_SLOW                         0        0.000%                0        0.000%
                                              38363061      100.000%         38363061      100.000%
                                                  6.33         2.54              6.33         2.54

ST_NOT_CF                                     34899196       90.971%         34899196       90.971%
ST_CF_BR                                        477547        1.245%           477547        1.245%
ST_CF_CBR                                      2611439        6.807%          2611439        6.807%
ST_CF_CALL                                      187439        0.489%           187439        0.489%
ST_CF_IBR                                            0        0.000%                0        0.000%
ST_CF_ICALL                                          0        0.000%                0        0.000%
ST_CF_ICO                                            0        0.000%                0        0.000%
ST_CF_RET                                       187440        0.489%           187440        0.489%
ST_CF_SYS                                            0        0.000%                0        0.000%
                                              38363061      100.000%         38363061      100.000%
                                                  0.20         0.70              0.20         0.70

ST_BAR_NONE                                   38363061      100.000%         38363061      100.000%
ST_BAR_FETCH                                         0        0.000%                0        0.000%
ST_BAR_ISSUE                                         0        0.000%                0        0.000%
ST_BAR_BOTH                                          0        0.000%                0        0.000%
                                              38363061      100.000%         38363061      100.000%
                                                  0.00         0.00              0.00         0.00

ST_NOT_MEM                                    20658932       53.851%         20658932       53.851%
ST_MEM_LD                                     13095164       34.135%         13095164       34.135%
ST_MEM_ST                                      4608965       12.014%          4608965       12.014%
ST_MEM_PF                                            0        0.000%                0        0.000%
ST_MEM_WH                                            0        0.000%                0        0.000%
ST_MEM_EVICT                                         0        0.000%                0        0.000%
                                              38363061      100.000%         38363061      100.000%
                                                  0.58         0.55              0.58         0.55

ST_NOT_MEM_OFFPATH                             2716741       60.830%          2716741       60.830%
ST_MEM_LD_OFFPATH                              1141527       25.560%          1141527       25.560%
ST_MEM_ST_OFFPATH                               607875       13.611%           607875       13.611%
ST_MEM_PF_OFFPATH                                    0        0.000%                0        0.000%
ST_MEM_WH_OFFPATH                                    0        0.000%                0        0.000%
ST_MEM_EVIC_OFFPATHT                                 0        0.000%                0        0.000%
                                               4466143      100.000%          4466143      100.000%
                                                  0.53         0.59              0.53         0.59

ST_OP_ONPATH                                  38363061                       38363061              

ST_OP_OFFPATH                                  4466143                        4466143              

ST_FAKE_OP_OFFPATH                               13971        0.313%            13971        0.313%
ST_NOT_FAKE_OP_OFFPATH                         4452172       99.687%          4452172       99.687%
                                               4466143      100.000%          4466143      100.000%
                                                  1.00         1.00              1.00         1.00

ST_FAKE_REASON_NOT_FAKE                        4452172       99.687%          4452172       99.687%
ST_FAKE_REASON_REDIRECT_TO_NOT_INSTRUMENTED          2586        0.058%             2586        0.058%
ST_FAKE_REASON_RETURN_TO_NOT_INSTRUMENTED           876        0.020%              876        0.020%
ST_FAKE_REASON_NONRET_CF_TO_NOT_INSTRUMENTED         10326        0.231%            10326        0.231%
ST_FAKE_REASON_NOT_TAKEN_TO_NOT_INSTRUMENTED             0        0.000%                0        0.000%
ST_FAKE_REASON_WRONG_PATH_STORE_TO_NEW_REGION           183        0.004%              183        0.004%
                                               4466143      100.000%          4466143      100.000%
                                                  0.01         0.15              0.01         0.15

ST_INST_ONPATH                                30000198                       30000198              

ST_INST_OFFPATH                                3787403                        3787403              

STATIC_PIN_NOP                                       0                              0              

DYNAMIC_PIN_REP_GREATER_256                          0                              0              



