/* -*- Mode: c -*- */
####################################################################################################
Core 0
####################################################################################################
Cumulative:        Cycles: 9163684               Instructions: 30000004              IPC: 3.27379

EXECUTION_TIME                           2863651250000                  2863651250000              

NODE_CYCLE                                     9163684                        9163684              

NODE_INST_COUNT                               30000004                       30000004              

NODE_UOP_COUNT                                32911289                       32911289              

FULL_WINDOW_STALL                              2029421       22.146%          2029421       22.146%

FULL_WINDOW_MEM_OP                             1182445       73.306%          1182445       73.306%
FULL_WINDOW_FP_OP                               422776       26.210%           422776       26.210%
FULL_WINDOW_OTHER_OP                              7816        0.485%             7816        0.485%
                                               1613037      100.000%          1613037      100.000%
                                                  0.27         0.39              0.27         0.39

RET_BLOCKED_DC_MISS                            1699084       18.541%          1699084       18.541%

RET_BLOCKED_L1_MISS                             966699       10.549%           966699       10.549%

RET_BLOCKED_L1_MISS_BW_PREF                      17457        0.191%            17457        0.191%

RET_BLOCKED_L1_ACCESS                           732482        7.993%           732482        7.993%

RET_BLOCKED_MEM_STALL                           979891       10.693%           979891       10.693%

RET_BLOCKED_OFFCHIP_DEMAND                           0        0.000%                0        0.000%

OP_ISSUED                                     34960233                       34960233              

OP_RETIRED                                    32911289                       32911289              

REPLAY_SIGNALED                                      0                              0              

REPLAY_COUNTED                                       0                              0              

OFF_CRITICAL_PATH                                    0         -nan%                0         -nan%
ON_CRITICAL_PATH                                     0         -nan%                0         -nan%
                                                     0         -nan%                0         -nan%
                                                  -nan         -nan              -nan         -nan

LD_NO_DEPENDENTS                                 34316        0.443%            34316        0.443%
LD_DEPENDENTS                                  7704283       99.557%          7704283       99.557%
                                               7738599      100.000%          7738599      100.000%
                                                  1.00         0.99              1.00         0.99

LD_EXEC_CYCLES_0                                     0        0.000%                0        0.000%
LD_EXEC_CYCLES_1                                     0        0.000%                0        0.000%
LD_EXEC_CYCLES_2                                     0        0.000%                0        0.000%
LD_EXEC_CYCLES_3                               4011370       73.930%          4011370       73.930%
LD_EXEC_CYCLES_4                               1414536       26.070%          1414536       26.070%
                                               5425906      100.000%          5425906      100.000%
                                                  3.26         1.72              3.26         1.72

FU_BUSY_0                                      7863261                        7863261              

FU_BUSY_1                                      7355603                        7355603              

FU_BUSY_2                                      6367911                        6367911              

FU_BUSY_3                                      5122585                        5122585              

FU_BUSY_4                                      3797424                        3797424              

FU_BUSY_5                                      2862218                        2862218              

FU_BUSY_6                                      2073836                        2073836              

FU_BUSY_7                                      1525705                        1525705              

FU_BUSY_8                                            0                              0              

FU_BUSY_9                                            0                              0              

FU_BUSY_10                                           0                              0              

FU_BUSY_11                                           0                              0              

FU_BUSY_12                                           0                              0              

FU_BUSY_13                                           0                              0              

FU_BUSY_14                                           0                              0              

FU_BUSY_15                                           0                              0              

FU_BUSY_16                                           0                              0              

FU_BUSY_17                                           0                              0              

FU_BUSY_18                                           0                              0              

FU_BUSY_19                                           0                              0              

FU_BUSY_20                                           0                              0              

FU_BUSY_21                                           0                              0              

FU_BUSY_22                                           0                              0              

FU_BUSY_23                                           0                              0              

FU_BUSY_24                                           0                              0              

FU_BUSY_25                                           0                              0              

FU_BUSY_26                                           0                              0              

FU_BUSY_27                                           0                              0              

FU_BUSY_28                                           0                              0              

FU_BUSY_29                                           0                              0              

FU_BUSY_30                                           0                              0              

FU_BUSY_31                                           0                              0              

OP_WAIT_0                                     23819327                       23819327              

OP_WAIT_1                                      7300822                        7300822              

OP_WAIT_2                                      1156772                        1156772              

OP_WAIT_3                                       331671                         331671              

OP_WAIT_4                                       115201                         115201              

OP_WAIT_5                                        70874                          70874              

OP_WAIT_6                                        22836                          22836              

OP_WAIT_7                                        12829                          12829              

OP_WAIT_8                                        11138                          11138              

OP_WAIT_9                                         6540                           6540              

OP_WAIT_10                                        9779                           9779              

OP_WAIT_11                                        6409                           6409              

OP_WAIT_12                                        3417                           3417              

OP_WAIT_13                                        3216                           3216              

OP_WAIT_14                                        3069                           3069              

OP_WAIT_15                                        2640                           2640              

OP_WAIT_16                                        1990                           1990              

OP_WAIT_17                                        2499                           2499              

OP_WAIT_18                                        4302                           4302              

OP_WAIT_19                                        2406                           2406              

OP_WAIT_20                                        1487                           1487              

OP_WAIT_21                                        1085                           1085              

OP_WAIT_22                                         671                            671              

OP_WAIT_23                                         649                            649              

OP_WAIT_24                                         614                            614              

OP_WAIT_25                                         523                            523              

OP_WAIT_26                                         501                            501              

OP_WAIT_27                                         602                            602              

OP_WAIT_28                                         516                            516              

OP_WAIT_29                                         557                            557              

OP_WAIT_30                                         543                            543              

OP_WAIT_31                                       15804                          15804              

ROW_SIZE_0                                     2756084                        2756084              

ROW_SIZE_1                                      621985                         621985              

ROW_SIZE_2                                      188668                         188668              

ROW_SIZE_3                                       92116                          92116              

ROW_SIZE_4                                      152103                         152103              

ROW_SIZE_5                                       83380                          83380              

ROW_SIZE_6                                     5101718                        5101718              

ROW_SIZE_7                                           0                              0              

ROW_SIZE_8                                           0                              0              

ROW_SIZE_9                                           0                              0              

ROW_SIZE_10                                          0                              0              

ROW_SIZE_11                                          0                              0              

ROW_SIZE_12                                          0                              0              

ROW_SIZE_13                                          0                              0              

ROW_SIZE_14                                          0                              0              

ROW_SIZE_15                                          0                              0              

ROW_SIZE_16                                          0                              0              

ROW_SIZE_17                                          0                              0              

ROW_SIZE_18                                          0                              0              

ROW_SIZE_19                                          0                              0              

ROW_SIZE_20                                          0                              0              

ROW_SIZE_21                                          0                              0              

ROW_SIZE_22                                          0                              0              

ROW_SIZE_23                                          0                              0              

ROW_SIZE_24                                          0                              0              

ROW_SIZE_25                                          0                              0              

ROW_SIZE_26                                          0                              0              

ROW_SIZE_27                                          0                              0              

ROW_SIZE_28                                          0                              0              

ROW_SIZE_29                                          0                              0              

ROW_SIZE_30                                          0                              0              

ROW_SIZE_31                                          0                              0              

RET_OP_EXEC_COUNT_0                                  0        0.000%                0        0.000%
RET_OP_EXEC_COUNT_1                           32911289      100.000%         32911289      100.000%
RET_OP_EXEC_COUNT_2                                  0        0.000%                0        0.000%
RET_OP_EXEC_COUNT_3                                  0        0.000%                0        0.000%
RET_OP_EXEC_COUNT_4                                  0        0.000%                0        0.000%
RET_OP_EXEC_COUNT_5                                  0        0.000%                0        0.000%
RET_OP_EXEC_COUNT_6                                  0        0.000%                0        0.000%
RET_OP_EXEC_COUNT_7                                  0        0.000%                0        0.000%
RET_OP_EXEC_COUNT_8                                  0        0.000%                0        0.000%
RET_OP_EXEC_COUNT_9                                  0        0.000%                0        0.000%
RET_OP_EXEC_COUNT_10                                 0        0.000%                0        0.000%
RET_OP_EXEC_COUNT_11                                 0        0.000%                0        0.000%
RET_OP_EXEC_COUNT_12                                 0        0.000%                0        0.000%
RET_OP_EXEC_COUNT_13                                 0        0.000%                0        0.000%
RET_OP_EXEC_COUNT_14                                 0        0.000%                0        0.000%
RET_OP_EXEC_COUNT_15                                 0        0.000%                0        0.000%
RET_OP_EXEC_COUNT_16                                 0        0.000%                0        0.000%
RET_OP_EXEC_COUNT_17                                 0        0.000%                0        0.000%
RET_OP_EXEC_COUNT_18                                 0        0.000%                0        0.000%
RET_OP_EXEC_COUNT_19                                 0        0.000%                0        0.000%
RET_OP_EXEC_COUNT_20                                 0        0.000%                0        0.000%
RET_OP_EXEC_COUNT_21                                 0        0.000%                0        0.000%
RET_OP_EXEC_COUNT_22                                 0        0.000%                0        0.000%
RET_OP_EXEC_COUNT_23                                 0        0.000%                0        0.000%
RET_OP_EXEC_COUNT_24                                 0        0.000%                0        0.000%
RET_OP_EXEC_COUNT_25                                 0        0.000%                0        0.000%
RET_OP_EXEC_COUNT_26                                 0        0.000%                0        0.000%
RET_OP_EXEC_COUNT_27                                 0        0.000%                0        0.000%
RET_OP_EXEC_COUNT_28                                 0        0.000%                0        0.000%
RET_OP_EXEC_COUNT_29                                 0        0.000%                0        0.000%
RET_OP_EXEC_COUNT_30                                 0        0.000%                0        0.000%
RET_OP_EXEC_COUNT_31                                 0        0.000%                0        0.000%
RET_OP_EXEC_COUNT_32                                 0        0.000%                0        0.000%
                                              32911289      100.000%         32911289      100.000%
                                                  1.00         0.00              1.00         0.00

RET_STALL_LENGTH_0                            32906866       99.987%         32906866       99.987%
RET_STALL_LENGTH_100                              4169        0.013%             4169        0.013%
RET_STALL_LENGTH_200                               100        0.000%              100        0.000%
RET_STALL_LENGTH_300                                18        0.000%               18        0.000%
RET_STALL_LENGTH_400                                 6        0.000%                6        0.000%
RET_STALL_LENGTH_500                                 6        0.000%                6        0.000%
RET_STALL_LENGTH_600                                15        0.000%               15        0.000%
RET_STALL_LENGTH_700                                 4        0.000%                4        0.000%
RET_STALL_LENGTH_800                                 6        0.000%                6        0.000%
RET_STALL_LENGTH_900                                 8        0.000%                8        0.000%
RET_STALL_LENGTH_1000                               12        0.000%               12        0.000%
RET_STALL_LENGTH_1100                               25        0.000%               25        0.000%
RET_STALL_LENGTH_1200                               47        0.000%               47        0.000%
RET_STALL_LENGTH_1300                                4        0.000%                4        0.000%
RET_STALL_LENGTH_1400                                2        0.000%                2        0.000%
RET_STALL_LENGTH_1500                                0        0.000%                0        0.000%
RET_STALL_LENGTH_1600                                1        0.000%                1        0.000%
RET_STALL_LENGTH_1700                                0        0.000%                0        0.000%
RET_STALL_LENGTH_1800                                0        0.000%                0        0.000%
RET_STALL_LENGTH_1900                                0        0.000%                0        0.000%
RET_STALL_LENGTH_2000                                0        0.000%                0        0.000%
RET_STALL_LENGTH_2100                                0        0.000%                0        0.000%
RET_STALL_LENGTH_2200                                0        0.000%                0        0.000%
RET_STALL_LENGTH_2300                                0        0.000%                0        0.000%
RET_STALL_LENGTH_2400                                0        0.000%                0        0.000%
RET_STALL_LENGTH_2500                                0        0.000%                0        0.000%
RET_STALL_LENGTH_2600                                0        0.000%                0        0.000%
RET_STALL_LENGTH_2700                                0        0.000%                0        0.000%
RET_STALL_LENGTH_2800                                0        0.000%                0        0.000%
RET_STALL_LENGTH_2900                                0        0.000%                0        0.000%
RET_STALL_LENGTH_3000                                0        0.000%                0        0.000%
RET_STALL_LENGTH_3100                                0        0.000%                0        0.000%
RET_STALL_LENGTH_3200                                0        0.000%                0        0.000%
RET_STALL_LENGTH_3300                                0        0.000%                0        0.000%
RET_STALL_LENGTH_3400                                0        0.000%                0        0.000%
RET_STALL_LENGTH_3500                                0        0.000%                0        0.000%
RET_STALL_LENGTH_3600                                0        0.000%                0        0.000%
RET_STALL_LENGTH_3700                                0        0.000%                0        0.000%
RET_STALL_LENGTH_3800                                0        0.000%                0        0.000%
RET_STALL_LENGTH_3900                                0        0.000%                0        0.000%
RET_STALL_LENGTH_4000                                0        0.000%                0        0.000%
RET_STALL_LENGTH_4100                                0        0.000%                0        0.000%
RET_STALL_LENGTH_4200                                0        0.000%                0        0.000%
RET_STALL_LENGTH_4300                                0        0.000%                0        0.000%
RET_STALL_LENGTH_4400                                0        0.000%                0        0.000%
RET_STALL_LENGTH_4500                                0        0.000%                0        0.000%
RET_STALL_LENGTH_4600                                0        0.000%                0        0.000%
RET_STALL_LENGTH_4700                                0        0.000%                0        0.000%
RET_STALL_LENGTH_4800                                0        0.000%                0        0.000%
RET_STALL_LENGTH_4900                                0        0.000%                0        0.000%
RET_STALL_LENGTH_5000                                0        0.000%                0        0.000%
                                              32911289      100.000%         32911289      100.000%
                                                  0.00         0.02              0.00         0.02

MEM_BLOCK_LENGTH_0                                 961       92.761%              961       92.761%
MEM_BLOCK_LENGTH_100                                29        2.799%               29        2.799%
MEM_BLOCK_LENGTH_200                                13        1.255%               13        1.255%
MEM_BLOCK_LENGTH_300                                 0        0.000%                0        0.000%
MEM_BLOCK_LENGTH_400                                 5        0.483%                5        0.483%
MEM_BLOCK_LENGTH_500                                 7        0.676%                7        0.676%
MEM_BLOCK_LENGTH_600                                13        1.255%               13        1.255%
MEM_BLOCK_LENGTH_700                                 2        0.193%                2        0.193%
MEM_BLOCK_LENGTH_800                                 1        0.097%                1        0.097%
MEM_BLOCK_LENGTH_900                                 2        0.193%                2        0.193%
MEM_BLOCK_LENGTH_1000                                0        0.000%                0        0.000%
MEM_BLOCK_LENGTH_1100                                1        0.097%                1        0.097%
MEM_BLOCK_LENGTH_1200                                1        0.097%                1        0.097%
MEM_BLOCK_LENGTH_1300                                0        0.000%                0        0.000%
MEM_BLOCK_LENGTH_1400                                0        0.000%                0        0.000%
MEM_BLOCK_LENGTH_1500                                0        0.000%                0        0.000%
MEM_BLOCK_LENGTH_1600                                0        0.000%                0        0.000%
MEM_BLOCK_LENGTH_1700                                0        0.000%                0        0.000%
MEM_BLOCK_LENGTH_1800                                1        0.097%                1        0.097%
MEM_BLOCK_LENGTH_1900                                0        0.000%                0        0.000%
MEM_BLOCK_LENGTH_2000                                0        0.000%                0        0.000%
MEM_BLOCK_LENGTH_2100                                0        0.000%                0        0.000%
MEM_BLOCK_LENGTH_2200                                0        0.000%                0        0.000%
MEM_BLOCK_LENGTH_2300                                0        0.000%                0        0.000%
MEM_BLOCK_LENGTH_2400                                0        0.000%                0        0.000%
MEM_BLOCK_LENGTH_2500                                0        0.000%                0        0.000%
MEM_BLOCK_LENGTH_2600                                0        0.000%                0        0.000%
MEM_BLOCK_LENGTH_2700                                0        0.000%                0        0.000%
MEM_BLOCK_LENGTH_2800                                0        0.000%                0        0.000%
MEM_BLOCK_LENGTH_2900                                0        0.000%                0        0.000%
MEM_BLOCK_LENGTH_3000                                0        0.000%                0        0.000%
MEM_BLOCK_LENGTH_3100                                0        0.000%                0        0.000%
MEM_BLOCK_LENGTH_3200                                0        0.000%                0        0.000%
MEM_BLOCK_LENGTH_3300                                0        0.000%                0        0.000%
MEM_BLOCK_LENGTH_3400                                0        0.000%                0        0.000%
MEM_BLOCK_LENGTH_3500                                0        0.000%                0        0.000%
MEM_BLOCK_LENGTH_3600                                0        0.000%                0        0.000%
MEM_BLOCK_LENGTH_3700                                0        0.000%                0        0.000%
MEM_BLOCK_LENGTH_3800                                0        0.000%                0        0.000%
MEM_BLOCK_LENGTH_3900                                0        0.000%                0        0.000%
MEM_BLOCK_LENGTH_4000                                0        0.000%                0        0.000%
MEM_BLOCK_LENGTH_4100                                0        0.000%                0        0.000%
MEM_BLOCK_LENGTH_4200                                0        0.000%                0        0.000%
MEM_BLOCK_LENGTH_4300                                0        0.000%                0        0.000%
MEM_BLOCK_LENGTH_4400                                0        0.000%                0        0.000%
MEM_BLOCK_LENGTH_4500                                0        0.000%                0        0.000%
MEM_BLOCK_LENGTH_4600                                0        0.000%                0        0.000%
MEM_BLOCK_LENGTH_4700                                0        0.000%                0        0.000%
MEM_BLOCK_LENGTH_4800                                0        0.000%                0        0.000%
MEM_BLOCK_LENGTH_4900                                0        0.000%                0        0.000%
MEM_BLOCK_LENGTH_5000                                0        0.000%                0        0.000%
                                                  1036      100.000%             1036      100.000%
                                                  0.26         1.24              0.26         1.24

FUS_BUSY_ON_PATH                              35494043        3.8733         35494043        3.8733

FUS_BUSY_OFF_PATH                              1474500        0.1609          1474500        0.1609

FU_BUSY_MEM_STALL                              2599314        0.2837          2599314        0.2837

FUS_EMPTY                                     36340929        3.9658         36340929        3.9658

CHIP_UTILIZATION                                     0        0.0000                0        0.0000

CYCLES_UNDER_MEM_REQ                                 0                              0              

CYCLES_UNDER_NO_MEM_REQ                              0                              0              

CYCLES_UNDER_CRITICAL_MEM_REQ                        0                              0              

CYCLES_UNDER_NONCRITICAL_MEM_REQ                     0                              0              

CHIP_UTILIZATION_UNDER_MEM_REQ                       0          -nan                0          -nan

CHIP_UTILIZATION_UNDER_NO_MEM_REQ                    0          -nan                0          -nan

CHIP_UTILIZATION_UNDER_CRITICAL_MEM_REQ              0          -nan                0          -nan

CHIP_UTILIZATION_UNDER_NONCRITICAL_MEM_REQ             0          -nan                0          -nan

CYCLES_NOT_WAITING_FOR_OFF_CHIP                      0        0.0000                0        0.0000

FUS_BUSY_NOT_WAITING_FOR_OFF_CHIP                    0          -nan                0          -nan

CYCLES_WAITING_FOR_OFF_CHIP                          0        0.0000                0        0.0000

FUS_BUSY_WAITING_FOR_OFF_CHIP                        0          -nan                0          -nan

TOTAL_OFF_CHIP_DELAYS_LEFT                           0                              0              

WRONG_IO_SCHED                                       0                              0              

DVFS_CONFIG_SWITCH                                   0                              0              



