/* -*- Mode: c -*- */
####################################################################################################
Core 0
####################################################################################################
Cumulative:        Cycles: 9163684               Instructions: 30000004              IPC: 3.27379

DCACHE_PREF_HIT                                      0                              0              

IFETCH_WB_FIRST_SCHEDULE                             0         -nan%                0         -nan%
PREFETCH_LAST_SCHEDULE                               0         -nan%                0         -nan%
DEMAND_PASS_PREF_SCHEDULE                            0         -nan%                0         -nan%
DEMAND_PASS_LOW_OP_SCHEDULE                          0         -nan%                0         -nan%
DEMAND_LAST_SCHEDULE                                 0         -nan%                0         -nan%
                                                     0         -nan%                0         -nan%
                                                  -nan         -nan              -nan         -nan

SEND_MISS_REQ_QUEUE                              72030                          72030              

L1_DATA_EVICT                                    18037                          18037              

STREAM_BUFFER_REQ                                    0                              0              

PREF_SEND_TO_MEM_REQ                                 0         -nan%                0         -nan%
PREF_SEND_TO_MEM_REQ_FAIL                            0         -nan%                0         -nan%
                                                     0         -nan%                0         -nan%
                                                  -nan         -nan              -nan         -nan

HIT_TRAIN_STREAM                                 83313       80.664%            83313       80.664%
MISS_TRAIN_STREAM                                19971       19.336%            19971       19.336%
                                                103284      100.000%           103284      100.000%
                                                  0.19         0.36              0.19         0.36

STREAM_TRAIN_CREATE                               8364                           8364              

MEM_REQ_MISS_HWP_PREF_Q                              0         -nan%                0         -nan%
MEM_REQ_MISS_SW_PREF_Q                               0         -nan%                0         -nan%
MEM_REQ_MISS_IFETCH_Q                                0         -nan%                0         -nan%
MEM_REQ_MISS_DFETCH_Q                                0         -nan%                0         -nan%
MEM_REQ_MISS_DSTORE_Q                                0         -nan%                0         -nan%
MEM_REQ_MISS_DPRF_Q                                  0         -nan%                0         -nan%
MEM_REQ_MISS_WB_Q                                    0         -nan%                0         -nan%
                                                     0         -nan%                0         -nan%
                                                  -nan         -nan              -nan         -nan

PREF_HIT_BY_DEMAND_IFETCH                            0         -nan%                0         -nan%
PREF_HIT_BY_DEMAND_DFETCH                            0         -nan%                0         -nan%
PREF_HIT_BY_DEMAND_DSTORE                            0         -nan%                0         -nan%
PREF_HIT_BY_DEMAND_IPREF                             0         -nan%                0         -nan%
PREF_HIT_BY_DEMAND_DPRF                              0         -nan%                0         -nan%
PREF_HIT_BY_DEMAND_WB                                0         -nan%                0         -nan%
PREF_HIT_BY_PREF                                     0         -nan%                0         -nan%
                                                     0         -nan%                0         -nan%
                                                  -nan         -nan              -nan         -nan

PREF_HIT_DEMAND_IFETCH                               0         -nan%                0         -nan%
PREF_HIT_DEMAND_DFETCH                               0         -nan%                0         -nan%
PREF_HIT_DEMAND_DSTORE                               0         -nan%                0         -nan%
PREF_HIT_DEMAND_IPREF                                0         -nan%                0         -nan%
PREF_HIT_DEMAND_DPRF                                 0         -nan%                0         -nan%
PREF_HIT_DEMAND_WB                                   0         -nan%                0         -nan%
                                                     0         -nan%                0         -nan%
                                                  -nan         -nan              -nan         -nan

PREF_L1_FILL                                         0         -nan%                0         -nan%
DEMAND_L1_FILL                                       0         -nan%                0         -nan%
                                                     0         -nan%                0         -nan%
                                                  -nan         -nan              -nan         -nan

TOUCH_L1_REPLACE                                     0        0.000%                0        0.000%
NO_TOUCH_L1_REPLACE                              18037      100.000%            18037      100.000%
                                                 18037      100.000%            18037      100.000%
                                                  1.00         1.00              1.00         1.00

PREF_REQ_QUE_FULL                                    0                              0              

STREAM_REQ_QUEUE_HIT_BY_DEMAND                       0                              0              

L2HIT_STREAM_PREF_REQ_QUE_FULL                       0                              0              

L2HIT_HIT_TRAIN_STREAM                               0         -nan%                0         -nan%
L2HIT_MISS_TRAIN_STREAM                              0         -nan%                0         -nan%
                                                     0         -nan%                0         -nan%
                                                  -nan         -nan              -nan         -nan

L2HIT_STREAM_TRAIN_CREATE                            0                              0              

L2HIT_STREAM_BUFFER_REQ                              0                              0              

L2HIT_STREAM_PREF_DCACHE_HIT                         0         -nan%                0         -nan%
L2HIT_STREAM_PREF_DCACHE_INSERT                      0         -nan%                0         -nan%
L2HIT_STREAM_L2_MISS                                 0         -nan%                0         -nan%
                                                     0         -nan%                0         -nan%
                                                  -nan         -nan              -nan         -nan

L2HIT_STREAM_DCACHE_PORT_FULL                        0                              0              

L2HIT_STREAM_PREF_L1_PORT_FULL                       0                              0              

L2HIT_TRAIN_HIT_DEMAND                               0         -nan%                0         -nan%
L2HIT_TRAIN_MISS_REQ                                 0         -nan%                0         -nan%
                                                     0         -nan%                0         -nan%
                                                  -nan         -nan              -nan         -nan

L2HIT_TRAIN_FILTER_MISS                              0         -nan%                0         -nan%
L2HIT_TRAIN_FILTER_HIT                               0         -nan%                0         -nan%
                                                     0         -nan%                0         -nan%
                                                  -nan         -nan              -nan         -nan

L2HIT_PREF_REQ_DCACHE_HIT                            0         -nan%                0         -nan%
L2HIT_PREF_REQ_DCACHE_MISS                           0         -nan%                0         -nan%
                                                     0         -nan%                0         -nan%
                                                  -nan         -nan              -nan         -nan

L2HIT_L2SEND_Q_FULL                                  0         -nan%                0         -nan%
L2HIT_L2SEND_Q_ENTER                                 0         -nan%                0         -nan%
                                                     0         -nan%                0         -nan%
                                                  -nan         -nan              -nan         -nan

L2HIT_MEM_REQ                                        0                              0              

REMOVE_REDUNDANT_STREAM_STAT                         0                              0              

REPLACE_OLD_STREAM                                8348                           8348              

REQ_SEND_QUEUE_STALL                                 0                              0              

STREAM_ENTER_RA                                      0                              0              

CORE_STREAM_LENGTH_0                               110        6.064%              110        6.064%
CORE_STREAM_LENGTH_10                              953       52.536%              953       52.536%
CORE_STREAM_LENGTH_20                              406       22.381%              406       22.381%
CORE_STREAM_LENGTH_30                              111        6.119%              111        6.119%
CORE_STREAM_LENGTH_40                               59        3.252%               59        3.252%
CORE_STREAM_LENGTH_50                               43        2.370%               43        2.370%
CORE_STREAM_LENGTH_60                               21        1.158%               21        1.158%
CORE_STREAM_LENGTH_70                               20        1.103%               20        1.103%
CORE_STREAM_LENGTH_80                               10        0.551%               10        0.551%
CORE_STREAM_LENGTH_90                                0        0.000%                0        0.000%
CORE_STREAM_LENGTH_100_P                            81        4.465%               81        4.465%
                                                  1814      100.000%             1814      100.000%
                                                  2.04         2.15              2.04         2.15

CORE_CUM_STREAM_LENGTH_0                           891        0.779%              891        0.779%
CORE_CUM_STREAM_LENGTH_10                        13620       11.903%            13620       11.903%
CORE_CUM_STREAM_LENGTH_20                         9419        8.231%             9419        8.231%
CORE_CUM_STREAM_LENGTH_30                         3729        3.259%             3729        3.259%
CORE_CUM_STREAM_LENGTH_40                         2654        2.319%             2654        2.319%
CORE_CUM_STREAM_LENGTH_50                         2302        2.012%             2302        2.012%
CORE_CUM_STREAM_LENGTH_60                         1379        1.205%             1379        1.205%
CORE_CUM_STREAM_LENGTH_70                         1466        1.281%             1466        1.281%
CORE_CUM_STREAM_LENGTH_80                          843        0.737%              843        0.737%
CORE_CUM_STREAM_LENGTH_90                            0        0.000%                0        0.000%
CORE_CUM_STREAM_LENGTH_100_P                     78124       68.274%            78124       68.274%
                                                114427      100.000%           114427      100.000%
                                                  7.62         7.25              7.62         7.25

CORE_STREAM_TRAIN_HITS_0                          1217       67.089%             1217       67.089%
CORE_STREAM_TRAIN_HITS_10                          364       20.066%              364       20.066%
CORE_STREAM_TRAIN_HITS_20                           82        4.520%               82        4.520%
CORE_STREAM_TRAIN_HITS_30                           43        2.370%               43        2.370%
CORE_STREAM_TRAIN_HITS_40                            6        0.331%                6        0.331%
CORE_STREAM_TRAIN_HITS_50                           16        0.882%               16        0.882%
CORE_STREAM_TRAIN_HITS_60                            8        0.441%                8        0.441%
CORE_STREAM_TRAIN_HITS_70                            2        0.110%                2        0.110%
CORE_STREAM_TRAIN_HITS_80                            5        0.276%                5        0.276%
CORE_STREAM_TRAIN_HITS_90                            0        0.000%                0        0.000%
CORE_STREAM_TRAIN_HITS_100_P                        71        3.914%               71        3.914%
                                                  1814      100.000%             1814      100.000%
                                                  0.87         1.99              0.87         1.99

CORE_CUM_STREAM_TRAIN_HITS_0                      7836        8.652%             7836        8.652%
CORE_CUM_STREAM_TRAIN_HITS_10                     4708        5.198%             4708        5.198%
CORE_CUM_STREAM_TRAIN_HITS_20                     1980        2.186%             1980        2.186%
CORE_CUM_STREAM_TRAIN_HITS_30                     1438        1.588%             1438        1.588%
CORE_CUM_STREAM_TRAIN_HITS_40                      256        0.283%              256        0.283%
CORE_CUM_STREAM_TRAIN_HITS_50                      853        0.942%              853        0.942%
CORE_CUM_STREAM_TRAIN_HITS_60                      518        0.572%              518        0.572%
CORE_CUM_STREAM_TRAIN_HITS_70                      148        0.163%              148        0.163%
CORE_CUM_STREAM_TRAIN_HITS_80                      436        0.481%              436        0.481%
CORE_CUM_STREAM_TRAIN_HITS_90                        0        0.000%                0        0.000%
CORE_CUM_STREAM_TRAIN_HITS_100_P                 72396       79.935%            72396       79.935%
                                                 90569      100.000%            90569      100.000%
                                                  8.28         7.84              8.28         7.84

CORE_STREAM_TRAIN_CREATE                          8364                           8364              



