/* -*- Mode: c -*- */
####################################################################################################
Core 0
####################################################################################################
Cumulative:        Cycles: 19106458              Instructions: 30000000              IPC: 1.57015

ST_OP_INV                                            0        0.000%                0        0.000%
ST_OP_NOP                                        21992        0.064%            21992        0.064%
ST_OP_CF                                       5277048       15.387%          5277048       15.387%
ST_OP_MOV                                      2803670        8.175%          2803670        8.175%
ST_OP_CMOV                                      158585        0.462%           158585        0.462%
ST_OP_LDA                                      4517178       13.171%          4517178       13.171%
ST_OP_IMEM                                    12659248       36.912%         12659248       36.912%
ST_OP_IADD                                     4204355       12.259%          4204355       12.259%
ST_OP_IMUL                                           0        0.000%                0        0.000%
ST_OP_IDIV                                           0        0.000%                0        0.000%
ST_OP_ICMP                                     4027019       11.742%          4027019       11.742%
ST_OP_LOGIC                                     488564        1.425%           488564        1.425%
ST_OP_SHIFT                                     137663        0.401%           137663        0.401%
ST_OP_FMEM                                           0        0.000%                0        0.000%
ST_OP_FCVT                                           0        0.000%                0        0.000%
ST_OP_FADD                                           0        0.000%                0        0.000%
ST_OP_FMUL                                           0        0.000%                0        0.000%
ST_OP_FMA                                            0        0.000%                0        0.000%
ST_OP_FDIV                                           0        0.000%                0        0.000%
ST_OP_FCMP                                           0        0.000%                0        0.000%
ST_OP_FCMOV                                          0        0.000%                0        0.000%
ST_OP_GATHER                                         0        0.000%                0        0.000%
ST_OP_SCATTER                                        0        0.000%                0        0.000%
ST_OP_PIPELINED_FAST                                 0        0.000%                0        0.000%
ST_OP_PIPELINED_MEDIUM                               0        0.000%                0        0.000%
ST_OP_PIPELINED_SLOW                                 0        0.000%                0        0.000%
ST_OP_NOTPIPELINED_MEDIUM                            0        0.000%                0        0.000%
ST_OP_NOTPIPELINED_SLOW                              0        0.000%                0        0.000%
ST_OP_NOTPIPELINED_VERY_SLOW                         0        0.000%                0        0.000%
                                              34295322      100.000%         34295322      100.000%
                                                  5.68         2.40              5.68         2.40

ST_NOT_CF                                     29018274       84.613%         29018274       84.613%
ST_CF_BR                                        316253        0.922%           316253        0.922%
ST_CF_CBR                                      4505449       13.137%          4505449       13.137%
ST_CF_CALL                                      227673        0.664%           227673        0.664%
ST_CF_IBR                                            0        0.000%                0        0.000%
ST_CF_ICALL                                          0        0.000%                0        0.000%
ST_CF_ICO                                            0        0.000%                0        0.000%
ST_CF_RET                                       227673        0.664%           227673        0.664%
ST_CF_SYS                                            0        0.000%                0        0.000%
                                              34295322      100.000%         34295322      100.000%
                                                  0.34         0.84              0.34         0.84

ST_BAR_NONE                                   34295322      100.000%         34295322      100.000%
ST_BAR_FETCH                                         0        0.000%                0        0.000%
ST_BAR_ISSUE                                         0        0.000%                0        0.000%
ST_BAR_BOTH                                          0        0.000%                0        0.000%
                                              34295322      100.000%         34295322      100.000%
                                                  0.00         0.00              0.00         0.00

ST_NOT_MEM                                    21636074       63.088%         21636074       63.088%
ST_MEM_LD                                     10341199       30.153%         10341199       30.153%
ST_MEM_ST                                      2318049        6.759%          2318049        6.759%
ST_MEM_PF                                            0        0.000%                0        0.000%
ST_MEM_WH                                            0        0.000%                0        0.000%
ST_MEM_EVICT                                         0        0.000%                0        0.000%
                                              34295322      100.000%         34295322      100.000%
                                                  0.44         0.51              0.44         0.51

ST_NOT_MEM_OFFPATH                            34376887       63.422%         34376887       63.422%
ST_MEM_LD_OFFPATH                             16969859       31.308%         16969859       31.308%
ST_MEM_ST_OFFPATH                              2856863        5.271%          2856863        5.271%
ST_MEM_PF_OFFPATH                                    0        0.000%                0        0.000%
ST_MEM_WH_OFFPATH                                    0        0.000%                0        0.000%
ST_MEM_EVIC_OFFPATHT                                 0        0.000%                0        0.000%
                                              54203609      100.000%         54203609      100.000%
                                                  0.42         0.49              0.42         0.49

ST_OP_ONPATH                                  34295322                       34295322              

ST_OP_OFFPATH                                 54203609                       54203609              

ST_FAKE_OP_OFFPATH                                9408        0.017%             9408        0.017%
ST_NOT_FAKE_OP_OFFPATH                        54194201       99.983%         54194201       99.983%
                                              54203609      100.000%         54203609      100.000%
                                                  1.00         1.00              1.00         1.00

ST_FAKE_REASON_NOT_FAKE                       54194201       99.983%         54194201       99.983%
ST_FAKE_REASON_REDIRECT_TO_NOT_INSTRUMENTED           366        0.001%              366        0.001%
ST_FAKE_REASON_RETURN_TO_NOT_INSTRUMENTED             0        0.000%                0        0.000%
ST_FAKE_REASON_NONRET_CF_TO_NOT_INSTRUMENTED          1845        0.003%             1845        0.003%
ST_FAKE_REASON_NOT_TAKEN_TO_NOT_INSTRUMENTED             0        0.000%                0        0.000%
ST_FAKE_REASON_WRONG_PATH_STORE_TO_NEW_REGION          7197        0.013%             7197        0.013%
                                              54203609      100.000%         54203609      100.000%
                                                  0.00         0.06              0.00         0.06

ST_INST_ONPATH                                30000005                       30000005              

ST_INST_OFFPATH                               46829782                       46829782              

STATIC_PIN_NOP                                       0                              0              

DYNAMIC_PIN_REP_GREATER_256                          0                              0              



