/* -*- Mode: c -*- */
####################################################################################################
Core 0
####################################################################################################
Cumulative:        Cycles: 7401998               Instructions: 30000004              IPC: 4.05296

ST_OP_INV                                            0        0.000%                0        0.000%
ST_OP_NOP                                         3423        0.010%             3423        0.010%
ST_OP_CF                                       1441368        4.057%          1441368        4.057%
ST_OP_MOV                                        37388        0.105%            37388        0.105%
ST_OP_CMOV                                     4086810       11.504%          4086810       11.504%
ST_OP_LDA                                       473567        1.333%           473567        1.333%
ST_OP_IMEM                                    17531531       49.349%         17531531       49.349%
ST_OP_IADD                                     6431573       18.104%          6431573       18.104%
ST_OP_IMUL                                           5        0.000%                5        0.000%
ST_OP_IDIV                                           0        0.000%                0        0.000%
ST_OP_ICMP                                     5486582       15.444%          5486582       15.444%
ST_OP_LOGIC                                      23111        0.065%            23111        0.065%
ST_OP_SHIFT                                        952        0.003%              952        0.003%
ST_OP_FMEM                                        3363        0.009%             3363        0.009%
ST_OP_FCVT                                         149        0.000%              149        0.000%
ST_OP_FADD                                         536        0.002%              536        0.002%
ST_OP_FMUL                                         436        0.001%              436        0.001%
ST_OP_FMA                                            0        0.000%                0        0.000%
ST_OP_FDIV                                          19        0.000%               19        0.000%
ST_OP_FCMP                                         178        0.001%              178        0.001%
ST_OP_FCMOV                                          0        0.000%                0        0.000%
ST_OP_GATHER                                         0        0.000%                0        0.000%
ST_OP_SCATTER                                        0        0.000%                0        0.000%
ST_OP_PIPELINED_FAST                              2174        0.006%             2174        0.006%
ST_OP_PIPELINED_MEDIUM                               0        0.000%                0        0.000%
ST_OP_PIPELINED_SLOW                                 0        0.000%                0        0.000%
ST_OP_NOTPIPELINED_MEDIUM                          121        0.000%              121        0.000%
ST_OP_NOTPIPELINED_SLOW                           2037        0.006%             2037        0.006%
ST_OP_NOTPIPELINED_VERY_SLOW                         0        0.000%                0        0.000%
                                              35525323      100.000%         35525323      100.000%
                                                  6.40         1.92              6.40         1.92

ST_NOT_CF                                     34083955       95.943%         34083955       95.943%
ST_CF_BR                                          3736        0.011%             3736        0.011%
ST_CF_CBR                                      1420877        4.000%          1420877        4.000%
ST_CF_CALL                                        6176        0.017%             6176        0.017%
ST_CF_IBR                                         4317        0.012%             4317        0.012%
ST_CF_ICALL                                         43        0.000%               43        0.000%
ST_CF_ICO                                            0        0.000%                0        0.000%
ST_CF_RET                                         6219        0.018%             6219        0.018%
ST_CF_SYS                                            0        0.000%                0        0.000%
                                              35525323      100.000%         35525323      100.000%
                                                  0.08         0.40              0.08         0.40

ST_BAR_NONE                                   35525323      100.000%         35525323      100.000%
ST_BAR_FETCH                                         0        0.000%                0        0.000%
ST_BAR_ISSUE                                         0        0.000%                0        0.000%
ST_BAR_BOTH                                          0        0.000%                0        0.000%
                                              35525323      100.000%         35525323      100.000%
                                                  0.00         0.00              0.00         0.00

ST_NOT_MEM                                    17990429       50.641%         17990429       50.641%
ST_MEM_LD                                     12929472       36.395%         12929472       36.395%
ST_MEM_ST                                      4605422       12.964%          4605422       12.964%
ST_MEM_PF                                            0        0.000%                0        0.000%
ST_MEM_WH                                            0        0.000%                0        0.000%
ST_MEM_EVICT                                         0        0.000%                0        0.000%
                                              35525323      100.000%         35525323      100.000%
                                                  0.62         0.55              0.62         0.55

ST_NOT_MEM_OFFPATH                              176870       58.401%           176870       58.401%
ST_MEM_LD_OFFPATH                                96144       31.746%            96144       31.746%
ST_MEM_ST_OFFPATH                                29840        9.853%            29840        9.853%
ST_MEM_PF_OFFPATH                                    0        0.000%                0        0.000%
ST_MEM_WH_OFFPATH                                    0        0.000%                0        0.000%
ST_MEM_EVIC_OFFPATHT                                 0        0.000%                0        0.000%
                                                302854      100.000%           302854      100.000%
                                                  0.51         0.54              0.51         0.54

ST_OP_ONPATH                                  35525323                       35525323              

ST_OP_OFFPATH                                   302854                         302854              

ST_FAKE_OP_OFFPATH                               27179        8.974%            27179        8.974%
ST_NOT_FAKE_OP_OFFPATH                          275675       91.026%           275675       91.026%
                                                302854      100.000%           302854      100.000%
                                                  0.91         0.87              0.91         0.87

ST_FAKE_REASON_NOT_FAKE                         275675       91.026%           275675       91.026%
ST_FAKE_REASON_REDIRECT_TO_NOT_INSTRUMENTED          1836        0.606%             1836        0.606%
ST_FAKE_REASON_RETURN_TO_NOT_INSTRUMENTED          2160        0.713%             2160        0.713%
ST_FAKE_REASON_NONRET_CF_TO_NOT_INSTRUMENTED         23183        7.655%            23183        7.655%
ST_FAKE_REASON_NOT_TAKEN_TO_NOT_INSTRUMENTED             0        0.000%                0        0.000%
ST_FAKE_REASON_WRONG_PATH_STORE_TO_NEW_REGION             0        0.000%                0        0.000%
                                                302854      100.000%           302854      100.000%
                                                  0.25         0.78              0.25         0.78

ST_INST_ONPATH                                30000233                       30000233              

ST_INST_OFFPATH                                 263360                         263360              

STATIC_PIN_NOP                                       0                              0              

DYNAMIC_PIN_REP_GREATER_256                          0                              0              



