/* -*- Mode: c -*- */
####################################################################################################
Core 0
####################################################################################################
Cumulative:        Cycles: 7401998               Instructions: 30000004              IPC: 4.05296

DCACHE_PREF_HIT                                      0                              0              

IFETCH_WB_FIRST_SCHEDULE                             0         -nan%                0         -nan%
PREFETCH_LAST_SCHEDULE                               0         -nan%                0         -nan%
DEMAND_PASS_PREF_SCHEDULE                            0         -nan%                0         -nan%
DEMAND_PASS_LOW_OP_SCHEDULE                          0         -nan%                0         -nan%
DEMAND_LAST_SCHEDULE                                 0         -nan%                0         -nan%
                                                     0         -nan%                0         -nan%
                                                  -nan         -nan              -nan         -nan

SEND_MISS_REQ_QUEUE                              77791                          77791              

L1_DATA_EVICT                                    61513                          61513              

STREAM_BUFFER_REQ                                    0                              0              

PREF_SEND_TO_MEM_REQ                                 0         -nan%                0         -nan%
PREF_SEND_TO_MEM_REQ_FAIL                            0         -nan%                0         -nan%
                                                     0         -nan%                0         -nan%
                                                  -nan         -nan              -nan         -nan

HIT_TRAIN_STREAM                                 95312       97.795%            95312       97.795%
MISS_TRAIN_STREAM                                 2149        2.205%             2149        2.205%
                                                 97461      100.000%            97461      100.000%
                                                  0.02         0.15              0.02         0.15

STREAM_TRAIN_CREATE                               1116                           1116              

MEM_REQ_MISS_HWP_PREF_Q                              0         -nan%                0         -nan%
MEM_REQ_MISS_SW_PREF_Q                               0         -nan%                0         -nan%
MEM_REQ_MISS_IFETCH_Q                                0         -nan%                0         -nan%
MEM_REQ_MISS_DFETCH_Q                                0         -nan%                0         -nan%
MEM_REQ_MISS_DSTORE_Q                                0         -nan%                0         -nan%
MEM_REQ_MISS_DPRF_Q                                  0         -nan%                0         -nan%
MEM_REQ_MISS_WB_Q                                    0         -nan%                0         -nan%
                                                     0         -nan%                0         -nan%
                                                  -nan         -nan              -nan         -nan

PREF_HIT_BY_DEMAND_IFETCH                            0         -nan%                0         -nan%
PREF_HIT_BY_DEMAND_DFETCH                            0         -nan%                0         -nan%
PREF_HIT_BY_DEMAND_DSTORE                            0         -nan%                0         -nan%
PREF_HIT_BY_DEMAND_IPREF                             0         -nan%                0         -nan%
PREF_HIT_BY_DEMAND_DPRF                              0         -nan%                0         -nan%
PREF_HIT_BY_DEMAND_WB                                0         -nan%                0         -nan%
PREF_HIT_BY_PREF                                     0         -nan%                0         -nan%
                                                     0         -nan%                0         -nan%
                                                  -nan         -nan              -nan         -nan

PREF_HIT_DEMAND_IFETCH                               0         -nan%                0         -nan%
PREF_HIT_DEMAND_DFETCH                               0         -nan%                0         -nan%
PREF_HIT_DEMAND_DSTORE                               0         -nan%                0         -nan%
PREF_HIT_DEMAND_IPREF                                0         -nan%                0         -nan%
PREF_HIT_DEMAND_DPRF                                 0         -nan%                0         -nan%
PREF_HIT_DEMAND_WB                                   0         -nan%                0         -nan%
                                                     0         -nan%                0         -nan%
                                                  -nan         -nan              -nan         -nan

PREF_L1_FILL                                         0         -nan%                0         -nan%
DEMAND_L1_FILL                                       0         -nan%                0         -nan%
                                                     0         -nan%                0         -nan%
                                                  -nan         -nan              -nan         -nan

TOUCH_L1_REPLACE                                     0        0.000%                0        0.000%
NO_TOUCH_L1_REPLACE                              61513      100.000%            61513      100.000%
                                                 61513      100.000%            61513      100.000%
                                                  1.00         1.00              1.00         1.00

PREF_REQ_QUE_FULL                                    0                              0              

STREAM_REQ_QUEUE_HIT_BY_DEMAND                       0                              0              

L2HIT_STREAM_PREF_REQ_QUE_FULL                       0                              0              

L2HIT_HIT_TRAIN_STREAM                               0         -nan%                0         -nan%
L2HIT_MISS_TRAIN_STREAM                              0         -nan%                0         -nan%
                                                     0         -nan%                0         -nan%
                                                  -nan         -nan              -nan         -nan

L2HIT_STREAM_TRAIN_CREATE                            0                              0              

L2HIT_STREAM_BUFFER_REQ                              0                              0              

L2HIT_STREAM_PREF_DCACHE_HIT                         0         -nan%                0         -nan%
L2HIT_STREAM_PREF_DCACHE_INSERT                      0         -nan%                0         -nan%
L2HIT_STREAM_L2_MISS                                 0         -nan%                0         -nan%
                                                     0         -nan%                0         -nan%
                                                  -nan         -nan              -nan         -nan

L2HIT_STREAM_DCACHE_PORT_FULL                        0                              0              

L2HIT_STREAM_PREF_L1_PORT_FULL                       0                              0              

L2HIT_TRAIN_HIT_DEMAND                               0         -nan%                0         -nan%
L2HIT_TRAIN_MISS_REQ                                 0         -nan%                0         -nan%
                                                     0         -nan%                0         -nan%
                                                  -nan         -nan              -nan         -nan

L2HIT_TRAIN_FILTER_MISS                              0         -nan%                0         -nan%
L2HIT_TRAIN_FILTER_HIT                               0         -nan%                0         -nan%
                                                     0         -nan%                0         -nan%
                                                  -nan         -nan              -nan         -nan

L2HIT_PREF_REQ_DCACHE_HIT                            0         -nan%                0         -nan%
L2HIT_PREF_REQ_DCACHE_MISS                           0         -nan%                0         -nan%
                                                     0         -nan%                0         -nan%
                                                  -nan         -nan              -nan         -nan

L2HIT_L2SEND_Q_FULL                                  0         -nan%                0         -nan%
L2HIT_L2SEND_Q_ENTER                                 0         -nan%                0         -nan%
                                                     0         -nan%                0         -nan%
                                                  -nan         -nan              -nan         -nan

L2HIT_MEM_REQ                                        0                              0              

REMOVE_REDUNDANT_STREAM_STAT                         0                              0              

REPLACE_OLD_STREAM                                1100                           1100              

REQ_SEND_QUEUE_STALL                                 0                              0              

STREAM_ENTER_RA                                      0                              0              

CORE_STREAM_LENGTH_0                                15        6.276%               15        6.276%
CORE_STREAM_LENGTH_10                               53       22.176%               53       22.176%
CORE_STREAM_LENGTH_20                               29       12.134%               29       12.134%
CORE_STREAM_LENGTH_30                               48       20.084%               48       20.084%
CORE_STREAM_LENGTH_40                                9        3.766%                9        3.766%
CORE_STREAM_LENGTH_50                               22        9.205%               22        9.205%
CORE_STREAM_LENGTH_60                                9        3.766%                9        3.766%
CORE_STREAM_LENGTH_70                                9        3.766%                9        3.766%
CORE_STREAM_LENGTH_80                                1        0.418%                1        0.418%
CORE_STREAM_LENGTH_90                                7        2.929%                7        2.929%
CORE_STREAM_LENGTH_100_P                            37       15.481%               37       15.481%
                                                   239      100.000%              239      100.000%
                                                  4.01         3.49              4.01         3.49

CORE_CUM_STREAM_LENGTH_0                           115        0.118%              115        0.118%
CORE_CUM_STREAM_LENGTH_10                          739        0.761%              739        0.761%
CORE_CUM_STREAM_LENGTH_20                          679        0.699%              679        0.699%
CORE_CUM_STREAM_LENGTH_30                         1690        1.739%             1690        1.739%
CORE_CUM_STREAM_LENGTH_40                          412        0.424%              412        0.424%
CORE_CUM_STREAM_LENGTH_50                         1183        1.217%             1183        1.217%
CORE_CUM_STREAM_LENGTH_60                          571        0.588%              571        0.588%
CORE_CUM_STREAM_LENGTH_70                          651        0.670%              651        0.670%
CORE_CUM_STREAM_LENGTH_80                           86        0.089%               86        0.089%
CORE_CUM_STREAM_LENGTH_90                          639        0.658%              639        0.658%
CORE_CUM_STREAM_LENGTH_100_P                     90402       93.038%            90402       93.038%
                                                 97167      100.000%            97167      100.000%
                                                  9.60         9.39              9.60         9.39

CORE_STREAM_TRAIN_HITS_0                            70       29.289%               70       29.289%
CORE_STREAM_TRAIN_HITS_10                           46       19.247%               46       19.247%
CORE_STREAM_TRAIN_HITS_20                           21        8.787%               21        8.787%
CORE_STREAM_TRAIN_HITS_30                           24       10.042%               24       10.042%
CORE_STREAM_TRAIN_HITS_40                            7        2.929%                7        2.929%
CORE_STREAM_TRAIN_HITS_50                            7        2.929%                7        2.929%
CORE_STREAM_TRAIN_HITS_60                            8        3.347%                8        3.347%
CORE_STREAM_TRAIN_HITS_70                            4        1.674%                4        1.674%
CORE_STREAM_TRAIN_HITS_80                            4        1.674%                4        1.674%
CORE_STREAM_TRAIN_HITS_90                            1        0.418%                1        0.418%
CORE_STREAM_TRAIN_HITS_100_P                        47       19.665%               47       19.665%
                                                   239      100.000%              239      100.000%
                                                  3.39         3.63              3.39         3.63

CORE_CUM_STREAM_TRAIN_HITS_0                       474        0.492%              474        0.492%
CORE_CUM_STREAM_TRAIN_HITS_10                      670        0.696%              670        0.696%
CORE_CUM_STREAM_TRAIN_HITS_20                      438        0.455%              438        0.455%
CORE_CUM_STREAM_TRAIN_HITS_30                      846        0.879%              846        0.879%
CORE_CUM_STREAM_TRAIN_HITS_40                      302        0.314%              302        0.314%
CORE_CUM_STREAM_TRAIN_HITS_50                      390        0.405%              390        0.405%
CORE_CUM_STREAM_TRAIN_HITS_60                      515        0.535%              515        0.535%
CORE_CUM_STREAM_TRAIN_HITS_70                      299        0.311%              299        0.311%
CORE_CUM_STREAM_TRAIN_HITS_80                      328        0.341%              328        0.341%
CORE_CUM_STREAM_TRAIN_HITS_90                       93        0.097%               93        0.097%
CORE_CUM_STREAM_TRAIN_HITS_100_P                 91913       95.476%            91913       95.476%
                                                 96268      100.000%            96268      100.000%
                                                  9.71         9.57              9.71         9.57

CORE_STREAM_TRAIN_CREATE                          1116                           1116              



