/* -*- Mode: c -*- */
####################################################################################################
Core 0
####################################################################################################
Cumulative:        Cycles: 73911519              Instructions: 30000002              IPC: 0.40589

EXECUTION_TIME                           23097349687500                  23097349687500              

NODE_CYCLE                                    73911519                       73911519              

NODE_INST_COUNT                               30000002                       30000002              

NODE_UOP_COUNT                                34209612                       34209612              

FULL_WINDOW_STALL                             37490213       50.723%         37490213       50.723%

FULL_WINDOW_MEM_OP                            35373829       99.980%         35373829       99.980%
FULL_WINDOW_FP_OP                                    0        0.000%                0        0.000%
FULL_WINDOW_OTHER_OP                              6953        0.020%             6953        0.020%
                                              35380782      100.000%         35380782      100.000%
                                                  0.00         0.03              0.00         0.03

RET_BLOCKED_DC_MISS                           56287122       76.155%         56287122       76.155%

RET_BLOCKED_L1_MISS                           43858449       59.339%         43858449       59.339%

RET_BLOCKED_L1_MISS_BW_PREF                       7756        0.010%             7756        0.010%

RET_BLOCKED_L1_ACCESS                         12428676       16.816%         12428676       16.816%

RET_BLOCKED_MEM_STALL                         43860298       59.342%         43860298       59.342%

RET_BLOCKED_OFFCHIP_DEMAND                           0        0.000%                0        0.000%

OP_ISSUED                                    140841070                      140841070              

OP_RETIRED                                    34209612                       34209612              

REPLAY_SIGNALED                                      0                              0              

REPLAY_COUNTED                                       0                              0              

OFF_CRITICAL_PATH                                    0         -nan%                0         -nan%
ON_CRITICAL_PATH                                     0         -nan%                0         -nan%
                                                     0         -nan%                0         -nan%
                                                  -nan         -nan              -nan         -nan

LD_NO_DEPENDENTS                                  3924        0.032%             3924        0.032%
LD_DEPENDENTS                                 12352293       99.968%         12352293       99.968%
                                              12356217      100.000%         12356217      100.000%
                                                  1.00         1.00              1.00         1.00

LD_EXEC_CYCLES_0                                     0        0.000%                0        0.000%
LD_EXEC_CYCLES_1                                     0        0.000%                0        0.000%
LD_EXEC_CYCLES_2                                     0        0.000%                0        0.000%
LD_EXEC_CYCLES_3                               4179837       68.143%          4179837       68.143%
LD_EXEC_CYCLES_4                               1954097       31.857%          1954097       31.857%
                                               6133934      100.000%          6133934      100.000%
                                                  3.32         1.93              3.32         1.93

FU_BUSY_0                                     29975089                       29975089              

FU_BUSY_1                                     20264688                       20264688              

FU_BUSY_2                                     15369716                       15369716              

FU_BUSY_3                                     12313313                       12313313              

FU_BUSY_4                                      8665193                        8665193              

FU_BUSY_5                                      4542697                        4542697              

FU_BUSY_6                                      2767218                        2767218              

FU_BUSY_7                                      1300387                        1300387              

FU_BUSY_8                                            0                              0              

FU_BUSY_9                                            0                              0              

FU_BUSY_10                                           0                              0              

FU_BUSY_11                                           0                              0              

FU_BUSY_12                                           0                              0              

FU_BUSY_13                                           0                              0              

FU_BUSY_14                                           0                              0              

FU_BUSY_15                                           0                              0              

FU_BUSY_16                                           0                              0              

FU_BUSY_17                                           0                              0              

FU_BUSY_18                                           0                              0              

FU_BUSY_19                                           0                              0              

FU_BUSY_20                                           0                              0              

FU_BUSY_21                                           0                              0              

FU_BUSY_22                                           0                              0              

FU_BUSY_23                                           0                              0              

FU_BUSY_24                                           0                              0              

FU_BUSY_25                                           0                              0              

FU_BUSY_26                                           0                              0              

FU_BUSY_27                                           0                              0              

FU_BUSY_28                                           0                              0              

FU_BUSY_29                                           0                              0              

FU_BUSY_30                                           0                              0              

FU_BUSY_31                                           0                              0              

OP_WAIT_0                                     30027669                       30027669              

OP_WAIT_1                                      3377793                        3377793              

OP_WAIT_2                                       450205                         450205              

OP_WAIT_3                                       234090                         234090              

OP_WAIT_4                                         7091                           7091              

OP_WAIT_5                                         3957                           3957              

OP_WAIT_6                                         2985                           2985              

OP_WAIT_7                                         2400                           2400              

OP_WAIT_8                                         1968                           1968              

OP_WAIT_9                                         3027                           3027              

OP_WAIT_10                                        4473                           4473              

OP_WAIT_11                                        1879                           1879              

OP_WAIT_12                                        1320                           1320              

OP_WAIT_13                                         945                            945              

OP_WAIT_14                                         760                            760              

OP_WAIT_15                                        1135                           1135              

OP_WAIT_16                                         629                            629              

OP_WAIT_17                                         760                            760              

OP_WAIT_18                                         897                            897              

OP_WAIT_19                                         788                            788              

OP_WAIT_20                                        1362                           1362              

OP_WAIT_21                                        2255                           2255              

OP_WAIT_22                                         721                            721              

OP_WAIT_23                                         306                            306              

OP_WAIT_24                                         182                            182              

OP_WAIT_25                                         516                            516              

OP_WAIT_26                                         590                            590              

OP_WAIT_27                                         694                            694              

OP_WAIT_28                                         590                            590              

OP_WAIT_29                                         404                            404              

OP_WAIT_30                                         176                            176              

OP_WAIT_31                                       77045                          77045              

ROW_SIZE_0                                    56847348                       56847348              

ROW_SIZE_1                                     6590708                        6590708              

ROW_SIZE_2                                      299376                         299376              

ROW_SIZE_3                                     1757069                        1757069              

ROW_SIZE_4                                      149989                         149989              

ROW_SIZE_5                                      132573                         132573              

ROW_SIZE_6                                     3414354                        3414354              

ROW_SIZE_7                                           0                              0              

ROW_SIZE_8                                           0                              0              

ROW_SIZE_9                                           0                              0              

ROW_SIZE_10                                          0                              0              

ROW_SIZE_11                                          0                              0              

ROW_SIZE_12                                          0                              0              

ROW_SIZE_13                                          0                              0              

ROW_SIZE_14                                          0                              0              

ROW_SIZE_15                                          0                              0              

ROW_SIZE_16                                          0                              0              

ROW_SIZE_17                                          0                              0              

ROW_SIZE_18                                          0                              0              

ROW_SIZE_19                                          0                              0              

ROW_SIZE_20                                          0                              0              

ROW_SIZE_21                                          0                              0              

ROW_SIZE_22                                          0                              0              

ROW_SIZE_23                                          0                              0              

ROW_SIZE_24                                          0                              0              

ROW_SIZE_25                                          0                              0              

ROW_SIZE_26                                          0                              0              

ROW_SIZE_27                                          0                              0              

ROW_SIZE_28                                          0                              0              

ROW_SIZE_29                                          0                              0              

ROW_SIZE_30                                          0                              0              

ROW_SIZE_31                                          0                              0              

RET_OP_EXEC_COUNT_0                                  0        0.000%                0        0.000%
RET_OP_EXEC_COUNT_1                           34209612      100.000%         34209612      100.000%
RET_OP_EXEC_COUNT_2                                  0        0.000%                0        0.000%
RET_OP_EXEC_COUNT_3                                  0        0.000%                0        0.000%
RET_OP_EXEC_COUNT_4                                  0        0.000%                0        0.000%
RET_OP_EXEC_COUNT_5                                  0        0.000%                0        0.000%
RET_OP_EXEC_COUNT_6                                  0        0.000%                0        0.000%
RET_OP_EXEC_COUNT_7                                  0        0.000%                0        0.000%
RET_OP_EXEC_COUNT_8                                  0        0.000%                0        0.000%
RET_OP_EXEC_COUNT_9                                  0        0.000%                0        0.000%
RET_OP_EXEC_COUNT_10                                 0        0.000%                0        0.000%
RET_OP_EXEC_COUNT_11                                 0        0.000%                0        0.000%
RET_OP_EXEC_COUNT_12                                 0        0.000%                0        0.000%
RET_OP_EXEC_COUNT_13                                 0        0.000%                0        0.000%
RET_OP_EXEC_COUNT_14                                 0        0.000%                0        0.000%
RET_OP_EXEC_COUNT_15                                 0        0.000%                0        0.000%
RET_OP_EXEC_COUNT_16                                 0        0.000%                0        0.000%
RET_OP_EXEC_COUNT_17                                 0        0.000%                0        0.000%
RET_OP_EXEC_COUNT_18                                 0        0.000%                0        0.000%
RET_OP_EXEC_COUNT_19                                 0        0.000%                0        0.000%
RET_OP_EXEC_COUNT_20                                 0        0.000%                0        0.000%
RET_OP_EXEC_COUNT_21                                 0        0.000%                0        0.000%
RET_OP_EXEC_COUNT_22                                 0        0.000%                0        0.000%
RET_OP_EXEC_COUNT_23                                 0        0.000%                0        0.000%
RET_OP_EXEC_COUNT_24                                 0        0.000%                0        0.000%
RET_OP_EXEC_COUNT_25                                 0        0.000%                0        0.000%
RET_OP_EXEC_COUNT_26                                 0        0.000%                0        0.000%
RET_OP_EXEC_COUNT_27                                 0        0.000%                0        0.000%
RET_OP_EXEC_COUNT_28                                 0        0.000%                0        0.000%
RET_OP_EXEC_COUNT_29                                 0        0.000%                0        0.000%
RET_OP_EXEC_COUNT_30                                 0        0.000%                0        0.000%
RET_OP_EXEC_COUNT_31                                 0        0.000%                0        0.000%
RET_OP_EXEC_COUNT_32                                 0        0.000%                0        0.000%
                                              34209612      100.000%         34209612      100.000%
                                                  1.00         0.00              1.00         0.00

RET_STALL_LENGTH_0                            34006767       99.407%         34006767       99.407%
RET_STALL_LENGTH_100                            181559        0.531%           181559        0.531%
RET_STALL_LENGTH_200                             12722        0.037%            12722        0.037%
RET_STALL_LENGTH_300                              3254        0.010%             3254        0.010%
RET_STALL_LENGTH_400                              1539        0.004%             1539        0.004%
RET_STALL_LENGTH_500                               651        0.002%              651        0.002%
RET_STALL_LENGTH_600                               150        0.000%              150        0.000%
RET_STALL_LENGTH_700                                29        0.000%               29        0.000%
RET_STALL_LENGTH_800                                14        0.000%               14        0.000%
RET_STALL_LENGTH_900                                 5        0.000%                5        0.000%
RET_STALL_LENGTH_1000                               16        0.000%               16        0.000%
RET_STALL_LENGTH_1100                              280        0.001%              280        0.001%
RET_STALL_LENGTH_1200                             1807        0.005%             1807        0.005%
RET_STALL_LENGTH_1300                              530        0.002%              530        0.002%
RET_STALL_LENGTH_1400                              173        0.001%              173        0.001%
RET_STALL_LENGTH_1500                               66        0.000%               66        0.000%
RET_STALL_LENGTH_1600                               26        0.000%               26        0.000%
RET_STALL_LENGTH_1700                               18        0.000%               18        0.000%
RET_STALL_LENGTH_1800                                3        0.000%                3        0.000%
RET_STALL_LENGTH_1900                                3        0.000%                3        0.000%
RET_STALL_LENGTH_2000                                0        0.000%                0        0.000%
RET_STALL_LENGTH_2100                                0        0.000%                0        0.000%
RET_STALL_LENGTH_2200                                0        0.000%                0        0.000%
RET_STALL_LENGTH_2300                                0        0.000%                0        0.000%
RET_STALL_LENGTH_2400                                0        0.000%                0        0.000%
RET_STALL_LENGTH_2500                                0        0.000%                0        0.000%
RET_STALL_LENGTH_2600                                0        0.000%                0        0.000%
RET_STALL_LENGTH_2700                                0        0.000%                0        0.000%
RET_STALL_LENGTH_2800                                0        0.000%                0        0.000%
RET_STALL_LENGTH_2900                                0        0.000%                0        0.000%
RET_STALL_LENGTH_3000                                0        0.000%                0        0.000%
RET_STALL_LENGTH_3100                                0        0.000%                0        0.000%
RET_STALL_LENGTH_3200                                0        0.000%                0        0.000%
RET_STALL_LENGTH_3300                                0        0.000%                0        0.000%
RET_STALL_LENGTH_3400                                0        0.000%                0        0.000%
RET_STALL_LENGTH_3500                                0        0.000%                0        0.000%
RET_STALL_LENGTH_3600                                0        0.000%                0        0.000%
RET_STALL_LENGTH_3700                                0        0.000%                0        0.000%
RET_STALL_LENGTH_3800                                0        0.000%                0        0.000%
RET_STALL_LENGTH_3900                                0        0.000%                0        0.000%
RET_STALL_LENGTH_4000                                0        0.000%                0        0.000%
RET_STALL_LENGTH_4100                                0        0.000%                0        0.000%
RET_STALL_LENGTH_4200                                0        0.000%                0        0.000%
RET_STALL_LENGTH_4300                                0        0.000%                0        0.000%
RET_STALL_LENGTH_4400                                0        0.000%                0        0.000%
RET_STALL_LENGTH_4500                                0        0.000%                0        0.000%
RET_STALL_LENGTH_4600                                0        0.000%                0        0.000%
RET_STALL_LENGTH_4700                                0        0.000%                0        0.000%
RET_STALL_LENGTH_4800                                0        0.000%                0        0.000%
RET_STALL_LENGTH_4900                                0        0.000%                0        0.000%
RET_STALL_LENGTH_5000                                0        0.000%                0        0.000%
                                              34209612      100.000%         34209612      100.000%
                                                  0.01         0.15              0.01         0.15

MEM_BLOCK_LENGTH_0                                5080       94.371%             5080       94.371%
MEM_BLOCK_LENGTH_100                                16        0.297%               16        0.297%
MEM_BLOCK_LENGTH_200                                 5        0.093%                5        0.093%
MEM_BLOCK_LENGTH_300                                75        1.393%               75        1.393%
MEM_BLOCK_LENGTH_400                                33        0.613%               33        0.613%
MEM_BLOCK_LENGTH_500                                 2        0.037%                2        0.037%
MEM_BLOCK_LENGTH_600                                 0        0.000%                0        0.000%
MEM_BLOCK_LENGTH_700                                 0        0.000%                0        0.000%
MEM_BLOCK_LENGTH_800                                 0        0.000%                0        0.000%
MEM_BLOCK_LENGTH_900                                 0        0.000%                0        0.000%
MEM_BLOCK_LENGTH_1000                                7        0.130%                7        0.130%
MEM_BLOCK_LENGTH_1100                              127        2.359%              127        2.359%
MEM_BLOCK_LENGTH_1200                               37        0.687%               37        0.687%
MEM_BLOCK_LENGTH_1300                                0        0.000%                0        0.000%
MEM_BLOCK_LENGTH_1400                                0        0.000%                0        0.000%
MEM_BLOCK_LENGTH_1500                                0        0.000%                0        0.000%
MEM_BLOCK_LENGTH_1600                                1        0.019%                1        0.019%
MEM_BLOCK_LENGTH_1700                                0        0.000%                0        0.000%
MEM_BLOCK_LENGTH_1800                                0        0.000%                0        0.000%
MEM_BLOCK_LENGTH_1900                                0        0.000%                0        0.000%
MEM_BLOCK_LENGTH_2000                                0        0.000%                0        0.000%
MEM_BLOCK_LENGTH_2100                                0        0.000%                0        0.000%
MEM_BLOCK_LENGTH_2200                                0        0.000%                0        0.000%
MEM_BLOCK_LENGTH_2300                                0        0.000%                0        0.000%
MEM_BLOCK_LENGTH_2400                                0        0.000%                0        0.000%
MEM_BLOCK_LENGTH_2500                                0        0.000%                0        0.000%
MEM_BLOCK_LENGTH_2600                                0        0.000%                0        0.000%
MEM_BLOCK_LENGTH_2700                                0        0.000%                0        0.000%
MEM_BLOCK_LENGTH_2800                                0        0.000%                0        0.000%
MEM_BLOCK_LENGTH_2900                                0        0.000%                0        0.000%
MEM_BLOCK_LENGTH_3000                                0        0.000%                0        0.000%
MEM_BLOCK_LENGTH_3100                                0        0.000%                0        0.000%
MEM_BLOCK_LENGTH_3200                                0        0.000%                0        0.000%
MEM_BLOCK_LENGTH_3300                                0        0.000%                0        0.000%
MEM_BLOCK_LENGTH_3400                                0        0.000%                0        0.000%
MEM_BLOCK_LENGTH_3500                                0        0.000%                0        0.000%
MEM_BLOCK_LENGTH_3600                                0        0.000%                0        0.000%
MEM_BLOCK_LENGTH_3700                                0        0.000%                0        0.000%
MEM_BLOCK_LENGTH_3800                                0        0.000%                0        0.000%
MEM_BLOCK_LENGTH_3900                                0        0.000%                0        0.000%
MEM_BLOCK_LENGTH_4000                                0        0.000%                0        0.000%
MEM_BLOCK_LENGTH_4100                                0        0.000%                0        0.000%
MEM_BLOCK_LENGTH_4200                                0        0.000%                0        0.000%
MEM_BLOCK_LENGTH_4300                                0        0.000%                0        0.000%
MEM_BLOCK_LENGTH_4400                                0        0.000%                0        0.000%
MEM_BLOCK_LENGTH_4500                                0        0.000%                0        0.000%
MEM_BLOCK_LENGTH_4600                                0        0.000%                0        0.000%
MEM_BLOCK_LENGTH_4700                                0        0.000%                0        0.000%
MEM_BLOCK_LENGTH_4800                                0        0.000%                0        0.000%
MEM_BLOCK_LENGTH_4900                                0        0.000%                0        0.000%
MEM_BLOCK_LENGTH_5000                                0        0.000%                0        0.000%
                                                  5383      100.000%             5383      100.000%
                                                  0.43         1.98              0.43         1.98

FUS_BUSY_ON_PATH                              36094317        0.4883         36094317        0.4883

FUS_BUSY_OFF_PATH                             59103984        0.7997         59103984        0.7997

FU_BUSY_MEM_STALL                              7795324        0.1055          7795324        0.1055

FUS_EMPTY                                    496093851        6.7120        496093851        6.7120

CHIP_UTILIZATION                                     0        0.0000                0        0.0000

CYCLES_UNDER_MEM_REQ                                 0                              0              

CYCLES_UNDER_NO_MEM_REQ                              0                              0              

CYCLES_UNDER_CRITICAL_MEM_REQ                        0                              0              

CYCLES_UNDER_NONCRITICAL_MEM_REQ                     0                              0              

CHIP_UTILIZATION_UNDER_MEM_REQ                       0          -nan                0          -nan

CHIP_UTILIZATION_UNDER_NO_MEM_REQ                    0          -nan                0          -nan

CHIP_UTILIZATION_UNDER_CRITICAL_MEM_REQ              0          -nan                0          -nan

CHIP_UTILIZATION_UNDER_NONCRITICAL_MEM_REQ             0          -nan                0          -nan

CYCLES_NOT_WAITING_FOR_OFF_CHIP                      0        0.0000                0        0.0000

FUS_BUSY_NOT_WAITING_FOR_OFF_CHIP                    0          -nan                0          -nan

CYCLES_WAITING_FOR_OFF_CHIP                          0        0.0000                0        0.0000

FUS_BUSY_WAITING_FOR_OFF_CHIP                        0          -nan                0          -nan

TOTAL_OFF_CHIP_DELAYS_LEFT                           0                              0              

WRONG_IO_SCHED                                       0                              0              

DVFS_CONFIG_SWITCH                                   0                              0              



