               ramulator.active_cycles_0            27180761                                      # Total active cycles for level _0
                 ramulator.busy_cycles_0            27180761                                      # (All-bank refresh only. busy cycles only include refresh time in rank level) The sum of cycles that the DRAM part is active or under refresh for level _0
            ramulator.serving_requests_0           149543834                                      # The sum of read and write requests that are served in this DRAM element per memory cycle for level _0
    ramulator.average_serving_requests_0            5.395416                                      # The average of read and write requests that are served in this DRAM element per memory cycle for level _0
             ramulator.active_cycles_0_0            27180761                                      # Total active cycles for level _0_0
               ramulator.busy_cycles_0_0            27311381                                      # (All-bank refresh only. busy cycles only include refresh time in rank level) The sum of cycles that the DRAM part is active or under refresh for level _0_0
          ramulator.serving_requests_0_0           149543834                                      # The sum of read and write requests that are served in this DRAM element per memory cycle for level _0_0
  ramulator.average_serving_requests_0_0            5.395416                                      # The average of read and write requests that are served in this DRAM element per memory cycle for level _0_0
           ramulator.active_cycles_0_0_0            20773669                                      # Total active cycles for level _0_0_0
             ramulator.busy_cycles_0_0_0            20773669                                      # (All-bank refresh only. busy cycles only include refresh time in rank level) The sum of cycles that the DRAM part is active or under refresh for level _0_0_0
        ramulator.serving_requests_0_0_0            36528202                                      # The sum of read and write requests that are served in this DRAM element per memory cycle for level _0_0_0
ramulator.average_serving_requests_0_0_0            1.317907                                      # The average of read and write requests that are served in this DRAM element per memory cycle for level _0_0_0
         ramulator.active_cycles_0_0_0_0             8203901                                      # Total active cycles for level _0_0_0_0
           ramulator.busy_cycles_0_0_0_0             8203901                                      # (All-bank refresh only. busy cycles only include refresh time in rank level) The sum of cycles that the DRAM part is active or under refresh for level _0_0_0_0
      ramulator.serving_requests_0_0_0_0             8495910                                      # The sum of read and write requests that are served in this DRAM element per memory cycle for level _0_0_0_0
ramulator.average_serving_requests_0_0_0_0            0.306525                                      # The average of read and write requests that are served in this DRAM element per memory cycle for level _0_0_0_0
         ramulator.active_cycles_0_0_0_1             8601296                                      # Total active cycles for level _0_0_0_1
           ramulator.busy_cycles_0_0_0_1             8601296                                      # (All-bank refresh only. busy cycles only include refresh time in rank level) The sum of cycles that the DRAM part is active or under refresh for level _0_0_0_1
      ramulator.serving_requests_0_0_0_1             8977703                                      # The sum of read and write requests that are served in this DRAM element per memory cycle for level _0_0_0_1
ramulator.average_serving_requests_0_0_0_1            0.323908                                      # The average of read and write requests that are served in this DRAM element per memory cycle for level _0_0_0_1
         ramulator.active_cycles_0_0_0_2             9627218                                      # Total active cycles for level _0_0_0_2
           ramulator.busy_cycles_0_0_0_2             9627218                                      # (All-bank refresh only. busy cycles only include refresh time in rank level) The sum of cycles that the DRAM part is active or under refresh for level _0_0_0_2
      ramulator.serving_requests_0_0_0_2            10346560                                      # The sum of read and write requests that are served in this DRAM element per memory cycle for level _0_0_0_2
ramulator.average_serving_requests_0_0_0_2            0.373295                                      # The average of read and write requests that are served in this DRAM element per memory cycle for level _0_0_0_2
         ramulator.active_cycles_0_0_0_3             8358242                                      # Total active cycles for level _0_0_0_3
           ramulator.busy_cycles_0_0_0_3             8358242                                      # (All-bank refresh only. busy cycles only include refresh time in rank level) The sum of cycles that the DRAM part is active or under refresh for level _0_0_0_3
      ramulator.serving_requests_0_0_0_3             8708029                                      # The sum of read and write requests that are served in this DRAM element per memory cycle for level _0_0_0_3
ramulator.average_serving_requests_0_0_0_3            0.314178                                      # The average of read and write requests that are served in this DRAM element per memory cycle for level _0_0_0_3
           ramulator.active_cycles_0_0_1            21445967                                      # Total active cycles for level _0_0_1
             ramulator.busy_cycles_0_0_1            21445967                                      # (All-bank refresh only. busy cycles only include refresh time in rank level) The sum of cycles that the DRAM part is active or under refresh for level _0_0_1
        ramulator.serving_requests_0_0_1            39376777                                      # The sum of read and write requests that are served in this DRAM element per memory cycle for level _0_0_1
ramulator.average_serving_requests_0_0_1            1.420681                                      # The average of read and write requests that are served in this DRAM element per memory cycle for level _0_0_1
         ramulator.active_cycles_0_0_1_0             8893768                                      # Total active cycles for level _0_0_1_0
           ramulator.busy_cycles_0_0_1_0             8893768                                      # (All-bank refresh only. busy cycles only include refresh time in rank level) The sum of cycles that the DRAM part is active or under refresh for level _0_0_1_0
      ramulator.serving_requests_0_0_1_0             9396569                                      # The sum of read and write requests that are served in this DRAM element per memory cycle for level _0_0_1_0
ramulator.average_serving_requests_0_0_1_0            0.339020                                      # The average of read and write requests that are served in this DRAM element per memory cycle for level _0_0_1_0
         ramulator.active_cycles_0_0_1_1             9646985                                      # Total active cycles for level _0_0_1_1
           ramulator.busy_cycles_0_0_1_1             9646985                                      # (All-bank refresh only. busy cycles only include refresh time in rank level) The sum of cycles that the DRAM part is active or under refresh for level _0_0_1_1
      ramulator.serving_requests_0_0_1_1            10337807                                      # The sum of read and write requests that are served in this DRAM element per memory cycle for level _0_0_1_1
ramulator.average_serving_requests_0_0_1_1            0.372979                                      # The average of read and write requests that are served in this DRAM element per memory cycle for level _0_0_1_1
         ramulator.active_cycles_0_0_1_2             9063039                                      # Total active cycles for level _0_0_1_2
           ramulator.busy_cycles_0_0_1_2             9063039                                      # (All-bank refresh only. busy cycles only include refresh time in rank level) The sum of cycles that the DRAM part is active or under refresh for level _0_0_1_2
      ramulator.serving_requests_0_0_1_2             9529505                                      # The sum of read and write requests that are served in this DRAM element per memory cycle for level _0_0_1_2
ramulator.average_serving_requests_0_0_1_2            0.343817                                      # The average of read and write requests that are served in this DRAM element per memory cycle for level _0_0_1_2
         ramulator.active_cycles_0_0_1_3             9476729                                      # Total active cycles for level _0_0_1_3
           ramulator.busy_cycles_0_0_1_3             9476729                                      # (All-bank refresh only. busy cycles only include refresh time in rank level) The sum of cycles that the DRAM part is active or under refresh for level _0_0_1_3
      ramulator.serving_requests_0_0_1_3            10112896                                      # The sum of read and write requests that are served in this DRAM element per memory cycle for level _0_0_1_3
ramulator.average_serving_requests_0_0_1_3            0.364865                                      # The average of read and write requests that are served in this DRAM element per memory cycle for level _0_0_1_3
           ramulator.active_cycles_0_0_2            20858750                                      # Total active cycles for level _0_0_2
             ramulator.busy_cycles_0_0_2            20858750                                      # (All-bank refresh only. busy cycles only include refresh time in rank level) The sum of cycles that the DRAM part is active or under refresh for level _0_0_2
        ramulator.serving_requests_0_0_2            37113257                                      # The sum of read and write requests that are served in this DRAM element per memory cycle for level _0_0_2
ramulator.average_serving_requests_0_0_2            1.339015                                      # The average of read and write requests that are served in this DRAM element per memory cycle for level _0_0_2
         ramulator.active_cycles_0_0_2_0             9423940                                      # Total active cycles for level _0_0_2_0
           ramulator.busy_cycles_0_0_2_0             9423940                                      # (All-bank refresh only. busy cycles only include refresh time in rank level) The sum of cycles that the DRAM part is active or under refresh for level _0_0_2_0
      ramulator.serving_requests_0_0_2_0            10060195                                      # The sum of read and write requests that are served in this DRAM element per memory cycle for level _0_0_2_0
ramulator.average_serving_requests_0_0_2_0            0.362963                                      # The average of read and write requests that are served in this DRAM element per memory cycle for level _0_0_2_0
         ramulator.active_cycles_0_0_2_1             8441082                                      # Total active cycles for level _0_0_2_1
           ramulator.busy_cycles_0_0_2_1             8441082                                      # (All-bank refresh only. busy cycles only include refresh time in rank level) The sum of cycles that the DRAM part is active or under refresh for level _0_0_2_1
      ramulator.serving_requests_0_0_2_1             8820344                                      # The sum of read and write requests that are served in this DRAM element per memory cycle for level _0_0_2_1
ramulator.average_serving_requests_0_0_2_1            0.318231                                      # The average of read and write requests that are served in this DRAM element per memory cycle for level _0_0_2_1
         ramulator.active_cycles_0_0_2_2             8399448                                      # Total active cycles for level _0_0_2_2
           ramulator.busy_cycles_0_0_2_2             8399448                                      # (All-bank refresh only. busy cycles only include refresh time in rank level) The sum of cycles that the DRAM part is active or under refresh for level _0_0_2_2
      ramulator.serving_requests_0_0_2_2             8636309                                      # The sum of read and write requests that are served in this DRAM element per memory cycle for level _0_0_2_2
ramulator.average_serving_requests_0_0_2_2            0.311591                                      # The average of read and write requests that are served in this DRAM element per memory cycle for level _0_0_2_2
         ramulator.active_cycles_0_0_2_3             9011740                                      # Total active cycles for level _0_0_2_3
           ramulator.busy_cycles_0_0_2_3             9011740                                      # (All-bank refresh only. busy cycles only include refresh time in rank level) The sum of cycles that the DRAM part is active or under refresh for level _0_0_2_3
      ramulator.serving_requests_0_0_2_3             9596409                                      # The sum of read and write requests that are served in this DRAM element per memory cycle for level _0_0_2_3
ramulator.average_serving_requests_0_0_2_3            0.346230                                      # The average of read and write requests that are served in this DRAM element per memory cycle for level _0_0_2_3
           ramulator.active_cycles_0_0_3            20768335                                      # Total active cycles for level _0_0_3
             ramulator.busy_cycles_0_0_3            20768335                                      # (All-bank refresh only. busy cycles only include refresh time in rank level) The sum of cycles that the DRAM part is active or under refresh for level _0_0_3
        ramulator.serving_requests_0_0_3            36525590                                      # The sum of read and write requests that are served in this DRAM element per memory cycle for level _0_0_3
ramulator.average_serving_requests_0_0_3            1.317813                                      # The average of read and write requests that are served in this DRAM element per memory cycle for level _0_0_3
         ramulator.active_cycles_0_0_3_0             8427526                                      # Total active cycles for level _0_0_3_0
           ramulator.busy_cycles_0_0_3_0             8427526                                      # (All-bank refresh only. busy cycles only include refresh time in rank level) The sum of cycles that the DRAM part is active or under refresh for level _0_0_3_0
      ramulator.serving_requests_0_0_3_0             8707713                                      # The sum of read and write requests that are served in this DRAM element per memory cycle for level _0_0_3_0
ramulator.average_serving_requests_0_0_3_0            0.314167                                      # The average of read and write requests that are served in this DRAM element per memory cycle for level _0_0_3_0
         ramulator.active_cycles_0_0_3_1             9341427                                      # Total active cycles for level _0_0_3_1
           ramulator.busy_cycles_0_0_3_1             9341427                                      # (All-bank refresh only. busy cycles only include refresh time in rank level) The sum of cycles that the DRAM part is active or under refresh for level _0_0_3_1
      ramulator.serving_requests_0_0_3_1             9929801                                      # The sum of read and write requests that are served in this DRAM element per memory cycle for level _0_0_3_1
ramulator.average_serving_requests_0_0_3_1            0.358259                                      # The average of read and write requests that are served in this DRAM element per memory cycle for level _0_0_3_1
         ramulator.active_cycles_0_0_3_2             8881180                                      # Total active cycles for level _0_0_3_2
           ramulator.busy_cycles_0_0_3_2             8881180                                      # (All-bank refresh only. busy cycles only include refresh time in rank level) The sum of cycles that the DRAM part is active or under refresh for level _0_0_3_2
      ramulator.serving_requests_0_0_3_2             9311595                                      # The sum of read and write requests that are served in this DRAM element per memory cycle for level _0_0_3_2
ramulator.average_serving_requests_0_0_3_2            0.335955                                      # The average of read and write requests that are served in this DRAM element per memory cycle for level _0_0_3_2
         ramulator.active_cycles_0_0_3_3             8194924                                      # Total active cycles for level _0_0_3_3
           ramulator.busy_cycles_0_0_3_3             8194924                                      # (All-bank refresh only. busy cycles only include refresh time in rank level) The sum of cycles that the DRAM part is active or under refresh for level _0_0_3_3
      ramulator.serving_requests_0_0_3_3             8576481                                      # The sum of read and write requests that are served in this DRAM element per memory cycle for level _0_0_3_3
ramulator.average_serving_requests_0_0_3_3            0.309432                                      # The average of read and write requests that are served in this DRAM element per memory cycle for level _0_0_3_3
      ramulator.read_transaction_bytes_0           140025024                                      # The total byte of read transaction per channel
     ramulator.write_transaction_bytes_0             1802752                                      # The total byte of write transaction per channel
       ramulator.row_hits_channel_0_core               64619                                      # Number of row hits per channel per core
     ramulator.row_misses_channel_0_core               45120                                      # Number of row misses per channel per core
  ramulator.row_conflicts_channel_0_core             2106320                                      # Number of row conflicts per channel per core
  ramulator.read_row_hits_channel_0_core               63618                                      # Number of row hits for read requests per channel per core
                                     [0]             63618.0                                      # 
ramulator.read_row_misses_channel_0_core               43361                                      # Number of row misses for read requests per channel per core
                                     [0]             43361.0                                      # 
ramulator.read_row_conflicts_channel_0_core             2080912                                      # Number of row conflicts for read requests per channel per core
                                     [0]           2080912.0                                      # 
 ramulator.write_row_hits_channel_0_core                1001                                      # Number of row hits for write requests per channel per core
                                     [0]              1001.0                                      # 
ramulator.write_row_misses_channel_0_core                1759                                      # Number of row misses for write requests per channel per core
                                     [0]              1759.0                                      # 
ramulator.write_row_conflicts_channel_0_core               25408                                      # Number of row conflicts for write requests per channel per core
                                     [0]             25408.0                                      # 
      ramulator.useless_activates_0_core                  57                                      # Number of useless activations. E.g, ACT -> PRE w/o RD or WR
            ramulator.read_latency_avg_0           76.795938                                      # The average memory latency cycles (in memory time domain) per request for all read requests in this channel
            ramulator.read_latency_sum_0           168027745                                      # The memory latency cycles (in memory time domain) sum for all read requests in this channel
        ramulator.req_queue_length_avg_0           20.144168                                      # Average of read and write queue length per memory cycle per channel.
        ramulator.req_queue_length_sum_0           558332486                                      # Sum of read and write queue length per memory cycle per channel.
   ramulator.read_req_queue_length_avg_0            4.834259                                      # Read queue length average per memory cycle per channel.
   ramulator.read_req_queue_length_sum_0           133990337                                      # Read queue length sum per memory cycle per channel.
  ramulator.write_req_queue_length_avg_0           15.309909                                      # Write queue length average per memory cycle per channel.
  ramulator.write_req_queue_length_sum_0           424342149                                      # Write queue length sum per memory cycle per channel.
              ramulator.record_read_hits                 0.0                                      # record read hit count for this core when it reaches request limit or to the end
                                     [0]                 0.0                                      # 
            ramulator.record_read_misses                 0.0                                      # record_read_miss count for this core when it reaches request limit or to the end
                                     [0]                 0.0                                      # 
         ramulator.record_read_conflicts                 0.0                                      # record read conflict count for this core when it reaches request limit or to the end
                                     [0]                 0.0                                      # 
             ramulator.record_write_hits                 0.0                                      # record write hit count for this core when it reaches request limit or to the end
                                     [0]                 0.0                                      # 
           ramulator.record_write_misses                 0.0                                      # record write miss count for this core when it reaches request limit or to the end
                                     [0]                 0.0                                      # 
        ramulator.record_write_conflicts                 0.0                                      # record write conflict for this core when it reaches request limit or to the end
                                     [0]                 0.0                                      # 
                 ramulator.dram_capacity          8589934592                                      # Number of bytes in simulated DRAM
                   ramulator.dram_cycles            27716830                                      # Number of DRAM cycles simulated
             ramulator.incoming_requests             2216169                                      # Number of incoming requests to DRAM
                 ramulator.read_requests             2187977                                      # Number of incoming read requests to DRAM per core
                                     [0]           2187977.0                                      # 
                ramulator.write_requests               28192                                      # Number of incoming write requests to DRAM per core
                                     [0]             28192.0                                      # 
       ramulator.ramulator_active_cycles            27180763                                      # The total number of cycles that the DRAM part is active (serving R/W)
 ramulator.incoming_requests_per_channel           2216169.0                                      # Number of incoming requests to each DRAM channel
                                     [0]           2216169.0                                      # 
ramulator.incoming_read_reqs_per_channel           2187977.0                                      # Number of incoming read requests to each DRAM channel
                                     [0]           2187977.0                                      # 
     ramulator.physical_page_replacement                   0                                      # The number of times that physical page replacement happens.
             ramulator.maximum_bandwidth         19200000000                                      # The theoretical maximum bandwidth (Bps)
          ramulator.in_queue_req_num_sum           558332486                                      # Sum of read/write queue length
     ramulator.in_queue_read_req_num_sum           133990337                                      # Sum of read queue length
    ramulator.in_queue_write_req_num_sum           424342149                                      # Sum of write queue length
          ramulator.in_queue_req_num_avg           20.144168                                      # Average of read/write queue length per memory cycle
     ramulator.in_queue_read_req_num_avg            4.834259                                      # Average of read queue length per memory cycle
    ramulator.in_queue_write_req_num_avg           15.309909                                      # Average of write queue length per memory cycle
          ramulator.record_read_requests                 0.0                                      # record read requests for this core when it reaches request limit or to the end
                                     [0]                 0.0                                      # 
         ramulator.record_write_requests                 0.0                                      # record write requests for this core when it reaches request limit or to the end
                                     [0]                 0.0                                      # 
