/* -*- Mode: c -*- */
####################################################################################################
Core 0
####################################################################################################
Cumulative:        Cycles: 14675213              Instructions: 30000002              IPC: 2.04426

ST_OP_INV                                            0        0.000%                0        0.000%
ST_OP_NOP                                        81781        0.248%            81781        0.248%
ST_OP_CF                                       2929835        8.872%          2929835        8.872%
ST_OP_MOV                                      3032268        9.182%          3032268        9.182%
ST_OP_CMOV                                      127612        0.386%           127612        0.386%
ST_OP_LDA                                       466340        1.412%           466340        1.412%
ST_OP_IMEM                                     2884651        8.735%          2884651        8.735%
ST_OP_IADD                                     2678805        8.112%          2678805        8.112%
ST_OP_IMUL                                        4652        0.014%             4652        0.014%
ST_OP_IDIV                                          32        0.000%               32        0.000%
ST_OP_ICMP                                     2211737        6.698%          2211737        6.698%
ST_OP_LOGIC                                     798858        2.419%           798858        2.419%
ST_OP_SHIFT                                      25718        0.078%            25718        0.078%
ST_OP_FMEM                                     5676840       17.191%          5676840       17.191%
ST_OP_FCVT                                     4021264       12.177%          4021264       12.177%
ST_OP_FADD                                     3948758       11.958%          3948758       11.958%
ST_OP_FMUL                                     4011691       12.148%          4011691       12.148%
ST_OP_FMA                                            0        0.000%                0        0.000%
ST_OP_FDIV                                        6942        0.021%             6942        0.021%
ST_OP_FCMP                                      111808        0.339%           111808        0.339%
ST_OP_FCMOV                                          0        0.000%                0        0.000%
ST_OP_GATHER                                         0        0.000%                0        0.000%
ST_OP_SCATTER                                        0        0.000%                0        0.000%
ST_OP_PIPELINED_FAST                               717        0.002%              717        0.002%
ST_OP_PIPELINED_MEDIUM                               0        0.000%                0        0.000%
ST_OP_PIPELINED_SLOW                                 0        0.000%                0        0.000%
ST_OP_NOTPIPELINED_MEDIUM                         2793        0.008%             2793        0.008%
ST_OP_NOTPIPELINED_SLOW                              0        0.000%                0        0.000%
ST_OP_NOTPIPELINED_VERY_SLOW                         0        0.000%                0        0.000%
                                              33023102      100.000%         33023102      100.000%
                                                 10.33         4.91             10.33         4.91

ST_NOT_CF                                     30093267       91.128%         30093267       91.128%
ST_CF_BR                                         63660        0.193%            63660        0.193%
ST_CF_CBR                                      2750285        8.328%          2750285        8.328%
ST_CF_CALL                                       55877        0.169%            55877        0.169%
ST_CF_IBR                                         3309        0.010%             3309        0.010%
ST_CF_ICALL                                        412        0.001%              412        0.001%
ST_CF_ICO                                            0        0.000%                0        0.000%
ST_CF_RET                                        56291        0.170%            56291        0.170%
ST_CF_SYS                                            1        0.000%                1        0.000%
                                              33023102      100.000%         33023102      100.000%
                                                  0.19         0.61              0.19         0.61

ST_BAR_NONE                                   33023101      100.000%         33023101      100.000%
ST_BAR_FETCH                                         1        0.000%                1        0.000%
ST_BAR_ISSUE                                         0        0.000%                0        0.000%
ST_BAR_BOTH                                          0        0.000%                0        0.000%
                                              33023102      100.000%         33023102      100.000%
                                                  0.00         0.00              0.00         0.00

ST_NOT_MEM                                    24461611       74.074%         24461611       74.074%
ST_MEM_LD                                      7844567       23.755%          7844567       23.755%
ST_MEM_ST                                       716924        2.171%           716924        2.171%
ST_MEM_PF                                            0        0.000%                0        0.000%
ST_MEM_WH                                            0        0.000%                0        0.000%
ST_MEM_EVICT                                         0        0.000%                0        0.000%
                                              33023102      100.000%         33023102      100.000%
                                                  0.28         0.43              0.28         0.43

ST_NOT_MEM_OFFPATH                             4201558       69.610%          4201558       69.610%
ST_MEM_LD_OFFPATH                              1563457       25.903%          1563457       25.903%
ST_MEM_ST_OFFPATH                               270881        4.488%           270881        4.488%
ST_MEM_PF_OFFPATH                                    0        0.000%                0        0.000%
ST_MEM_WH_OFFPATH                                    0        0.000%                0        0.000%
ST_MEM_EVIC_OFFPATHT                                 0        0.000%                0        0.000%
                                               6035896      100.000%          6035896      100.000%
                                                  0.35         0.48              0.35         0.48

ST_OP_ONPATH                                  33023102                       33023102              

ST_OP_OFFPATH                                  6035896                        6035896              

ST_FAKE_OP_OFFPATH                              110428        1.830%           110428        1.830%
ST_NOT_FAKE_OP_OFFPATH                         5925468       98.170%          5925468       98.170%
                                               6035896      100.000%          6035896      100.000%
                                                  0.98         0.97              0.98         0.97

ST_FAKE_REASON_NOT_FAKE                        5925468       98.170%          5925468       98.170%
ST_FAKE_REASON_REDIRECT_TO_NOT_INSTRUMENTED          8136        0.135%             8136        0.135%
ST_FAKE_REASON_RETURN_TO_NOT_INSTRUMENTED          7632        0.126%             7632        0.126%
ST_FAKE_REASON_NONRET_CF_TO_NOT_INSTRUMENTED         94088        1.559%            94088        1.559%
ST_FAKE_REASON_NOT_TAKEN_TO_NOT_INSTRUMENTED            60        0.001%               60        0.001%
ST_FAKE_REASON_WRONG_PATH_STORE_TO_NEW_REGION           512        0.008%              512        0.008%
                                               6035896      100.000%          6035896      100.000%
                                                  0.05         0.38              0.05         0.38

ST_INST_ONPATH                                30000064                       30000064              

ST_INST_OFFPATH                                5357882                        5357882              

STATIC_PIN_NOP                                       0                              0              

DYNAMIC_PIN_REP_GREATER_256                          0                              0              



