               ramulator.active_cycles_0             4853278                                      # Total active cycles for level _0
                 ramulator.busy_cycles_0             4853278                                      # (All-bank refresh only. busy cycles only include refresh time in rank level) The sum of cycles that the DRAM part is active or under refresh for level _0
            ramulator.serving_requests_0            15058733                                      # The sum of read and write requests that are served in this DRAM element per memory cycle for level _0
    ramulator.average_serving_requests_0            2.736356                                      # The average of read and write requests that are served in this DRAM element per memory cycle for level _0
             ramulator.active_cycles_0_0             4853278                                      # Total active cycles for level _0_0
               ramulator.busy_cycles_0_0             4979698                                      # (All-bank refresh only. busy cycles only include refresh time in rank level) The sum of cycles that the DRAM part is active or under refresh for level _0_0
          ramulator.serving_requests_0_0            15058733                                      # The sum of read and write requests that are served in this DRAM element per memory cycle for level _0_0
  ramulator.average_serving_requests_0_0            2.736356                                      # The average of read and write requests that are served in this DRAM element per memory cycle for level _0_0
           ramulator.active_cycles_0_0_0             2205054                                      # Total active cycles for level _0_0_0
             ramulator.busy_cycles_0_0_0             2205054                                      # (All-bank refresh only. busy cycles only include refresh time in rank level) The sum of cycles that the DRAM part is active or under refresh for level _0_0_0
        ramulator.serving_requests_0_0_0             3628404                                      # The sum of read and write requests that are served in this DRAM element per memory cycle for level _0_0_0
ramulator.average_serving_requests_0_0_0            0.659325                                      # The average of read and write requests that are served in this DRAM element per memory cycle for level _0_0_0
         ramulator.active_cycles_0_0_0_0              643879                                      # Total active cycles for level _0_0_0_0
           ramulator.busy_cycles_0_0_0_0              643879                                      # (All-bank refresh only. busy cycles only include refresh time in rank level) The sum of cycles that the DRAM part is active or under refresh for level _0_0_0_0
      ramulator.serving_requests_0_0_0_0              895360                                      # The sum of read and write requests that are served in this DRAM element per memory cycle for level _0_0_0_0
ramulator.average_serving_requests_0_0_0_0            0.162698                                      # The average of read and write requests that are served in this DRAM element per memory cycle for level _0_0_0_0
         ramulator.active_cycles_0_0_0_1              687616                                      # Total active cycles for level _0_0_0_1
           ramulator.busy_cycles_0_0_0_1              687616                                      # (All-bank refresh only. busy cycles only include refresh time in rank level) The sum of cycles that the DRAM part is active or under refresh for level _0_0_0_1
      ramulator.serving_requests_0_0_0_1              896589                                      # The sum of read and write requests that are served in this DRAM element per memory cycle for level _0_0_0_1
ramulator.average_serving_requests_0_0_0_1            0.162921                                      # The average of read and write requests that are served in this DRAM element per memory cycle for level _0_0_0_1
         ramulator.active_cycles_0_0_0_2              740155                                      # Total active cycles for level _0_0_0_2
           ramulator.busy_cycles_0_0_0_2              740155                                      # (All-bank refresh only. busy cycles only include refresh time in rank level) The sum of cycles that the DRAM part is active or under refresh for level _0_0_0_2
      ramulator.serving_requests_0_0_0_2             1002563                                      # The sum of read and write requests that are served in this DRAM element per memory cycle for level _0_0_0_2
ramulator.average_serving_requests_0_0_0_2            0.182178                                      # The average of read and write requests that are served in this DRAM element per memory cycle for level _0_0_0_2
         ramulator.active_cycles_0_0_0_3              620660                                      # Total active cycles for level _0_0_0_3
           ramulator.busy_cycles_0_0_0_3              620660                                      # (All-bank refresh only. busy cycles only include refresh time in rank level) The sum of cycles that the DRAM part is active or under refresh for level _0_0_0_3
      ramulator.serving_requests_0_0_0_3              833892                                      # The sum of read and write requests that are served in this DRAM element per memory cycle for level _0_0_0_3
ramulator.average_serving_requests_0_0_0_3            0.151528                                      # The average of read and write requests that are served in this DRAM element per memory cycle for level _0_0_0_3
           ramulator.active_cycles_0_0_1             2270831                                      # Total active cycles for level _0_0_1
             ramulator.busy_cycles_0_0_1             2270831                                      # (All-bank refresh only. busy cycles only include refresh time in rank level) The sum of cycles that the DRAM part is active or under refresh for level _0_0_1
        ramulator.serving_requests_0_0_1             3637178                                      # The sum of read and write requests that are served in this DRAM element per memory cycle for level _0_0_1
ramulator.average_serving_requests_0_0_1            0.660920                                      # The average of read and write requests that are served in this DRAM element per memory cycle for level _0_0_1
         ramulator.active_cycles_0_0_1_0              665318                                      # Total active cycles for level _0_0_1_0
           ramulator.busy_cycles_0_0_1_0              665318                                      # (All-bank refresh only. busy cycles only include refresh time in rank level) The sum of cycles that the DRAM part is active or under refresh for level _0_0_1_0
      ramulator.serving_requests_0_0_1_0              925802                                      # The sum of read and write requests that are served in this DRAM element per memory cycle for level _0_0_1_0
ramulator.average_serving_requests_0_0_1_0            0.168230                                      # The average of read and write requests that are served in this DRAM element per memory cycle for level _0_0_1_0
         ramulator.active_cycles_0_0_1_1              690154                                      # Total active cycles for level _0_0_1_1
           ramulator.busy_cycles_0_0_1_1              690154                                      # (All-bank refresh only. busy cycles only include refresh time in rank level) The sum of cycles that the DRAM part is active or under refresh for level _0_0_1_1
      ramulator.serving_requests_0_0_1_1              899447                                      # The sum of read and write requests that are served in this DRAM element per memory cycle for level _0_0_1_1
ramulator.average_serving_requests_0_0_1_1            0.163441                                      # The average of read and write requests that are served in this DRAM element per memory cycle for level _0_0_1_1
         ramulator.active_cycles_0_0_1_2              685292                                      # Total active cycles for level _0_0_1_2
           ramulator.busy_cycles_0_0_1_2              685292                                      # (All-bank refresh only. busy cycles only include refresh time in rank level) The sum of cycles that the DRAM part is active or under refresh for level _0_0_1_2
      ramulator.serving_requests_0_0_1_2              898916                                      # The sum of read and write requests that are served in this DRAM element per memory cycle for level _0_0_1_2
ramulator.average_serving_requests_0_0_1_2            0.163344                                      # The average of read and write requests that are served in this DRAM element per memory cycle for level _0_0_1_2
         ramulator.active_cycles_0_0_1_3              676944                                      # Total active cycles for level _0_0_1_3
           ramulator.busy_cycles_0_0_1_3              676944                                      # (All-bank refresh only. busy cycles only include refresh time in rank level) The sum of cycles that the DRAM part is active or under refresh for level _0_0_1_3
      ramulator.serving_requests_0_0_1_3              913013                                      # The sum of read and write requests that are served in this DRAM element per memory cycle for level _0_0_1_3
ramulator.average_serving_requests_0_0_1_3            0.165906                                      # The average of read and write requests that are served in this DRAM element per memory cycle for level _0_0_1_3
           ramulator.active_cycles_0_0_2             2615665                                      # Total active cycles for level _0_0_2
             ramulator.busy_cycles_0_0_2             2615665                                      # (All-bank refresh only. busy cycles only include refresh time in rank level) The sum of cycles that the DRAM part is active or under refresh for level _0_0_2
        ramulator.serving_requests_0_0_2             4397357                                      # The sum of read and write requests that are served in this DRAM element per memory cycle for level _0_0_2
ramulator.average_serving_requests_0_0_2            0.799054                                      # The average of read and write requests that are served in this DRAM element per memory cycle for level _0_0_2
         ramulator.active_cycles_0_0_2_0              942297                                      # Total active cycles for level _0_0_2_0
           ramulator.busy_cycles_0_0_2_0              942297                                      # (All-bank refresh only. busy cycles only include refresh time in rank level) The sum of cycles that the DRAM part is active or under refresh for level _0_0_2_0
      ramulator.serving_requests_0_0_2_0             1239294                                      # The sum of read and write requests that are served in this DRAM element per memory cycle for level _0_0_2_0
ramulator.average_serving_requests_0_0_2_0            0.225195                                      # The average of read and write requests that are served in this DRAM element per memory cycle for level _0_0_2_0
         ramulator.active_cycles_0_0_2_1              840394                                      # Total active cycles for level _0_0_2_1
           ramulator.busy_cycles_0_0_2_1              840394                                      # (All-bank refresh only. busy cycles only include refresh time in rank level) The sum of cycles that the DRAM part is active or under refresh for level _0_0_2_1
      ramulator.serving_requests_0_0_2_1             1140629                                      # The sum of read and write requests that are served in this DRAM element per memory cycle for level _0_0_2_1
ramulator.average_serving_requests_0_0_2_1            0.207266                                      # The average of read and write requests that are served in this DRAM element per memory cycle for level _0_0_2_1
         ramulator.active_cycles_0_0_2_2              732809                                      # Total active cycles for level _0_0_2_2
           ramulator.busy_cycles_0_0_2_2              732809                                      # (All-bank refresh only. busy cycles only include refresh time in rank level) The sum of cycles that the DRAM part is active or under refresh for level _0_0_2_2
      ramulator.serving_requests_0_0_2_2             1011150                                      # The sum of read and write requests that are served in this DRAM element per memory cycle for level _0_0_2_2
ramulator.average_serving_requests_0_0_2_2            0.183738                                      # The average of read and write requests that are served in this DRAM element per memory cycle for level _0_0_2_2
         ramulator.active_cycles_0_0_2_3              752124                                      # Total active cycles for level _0_0_2_3
           ramulator.busy_cycles_0_0_2_3              752124                                      # (All-bank refresh only. busy cycles only include refresh time in rank level) The sum of cycles that the DRAM part is active or under refresh for level _0_0_2_3
      ramulator.serving_requests_0_0_2_3             1006284                                      # The sum of read and write requests that are served in this DRAM element per memory cycle for level _0_0_2_3
ramulator.average_serving_requests_0_0_2_3            0.182854                                      # The average of read and write requests that are served in this DRAM element per memory cycle for level _0_0_2_3
           ramulator.active_cycles_0_0_3             2105715                                      # Total active cycles for level _0_0_3
             ramulator.busy_cycles_0_0_3             2105715                                      # (All-bank refresh only. busy cycles only include refresh time in rank level) The sum of cycles that the DRAM part is active or under refresh for level _0_0_3
        ramulator.serving_requests_0_0_3             3395794                                      # The sum of read and write requests that are served in this DRAM element per memory cycle for level _0_0_3
ramulator.average_serving_requests_0_0_3            0.617057                                      # The average of read and write requests that are served in this DRAM element per memory cycle for level _0_0_3
         ramulator.active_cycles_0_0_3_0              819847                                      # Total active cycles for level _0_0_3_0
           ramulator.busy_cycles_0_0_3_0              819847                                      # (All-bank refresh only. busy cycles only include refresh time in rank level) The sum of cycles that the DRAM part is active or under refresh for level _0_0_3_0
      ramulator.serving_requests_0_0_3_0             1092733                                      # The sum of read and write requests that are served in this DRAM element per memory cycle for level _0_0_3_0
ramulator.average_serving_requests_0_0_3_0            0.198563                                      # The average of read and write requests that are served in this DRAM element per memory cycle for level _0_0_3_0
         ramulator.active_cycles_0_0_3_1              600068                                      # Total active cycles for level _0_0_3_1
           ramulator.busy_cycles_0_0_3_1              600068                                      # (All-bank refresh only. busy cycles only include refresh time in rank level) The sum of cycles that the DRAM part is active or under refresh for level _0_0_3_1
      ramulator.serving_requests_0_0_3_1              851640                                      # The sum of read and write requests that are served in this DRAM element per memory cycle for level _0_0_3_1
ramulator.average_serving_requests_0_0_3_1            0.154753                                      # The average of read and write requests that are served in this DRAM element per memory cycle for level _0_0_3_1
         ramulator.active_cycles_0_0_3_2              547522                                      # Total active cycles for level _0_0_3_2
           ramulator.busy_cycles_0_0_3_2              547522                                      # (All-bank refresh only. busy cycles only include refresh time in rank level) The sum of cycles that the DRAM part is active or under refresh for level _0_0_3_2
      ramulator.serving_requests_0_0_3_2              729060                                      # The sum of read and write requests that are served in this DRAM element per memory cycle for level _0_0_3_2
ramulator.average_serving_requests_0_0_3_2            0.132479                                      # The average of read and write requests that are served in this DRAM element per memory cycle for level _0_0_3_2
         ramulator.active_cycles_0_0_3_3              522323                                      # Total active cycles for level _0_0_3_3
           ramulator.busy_cycles_0_0_3_3              522323                                      # (All-bank refresh only. busy cycles only include refresh time in rank level) The sum of cycles that the DRAM part is active or under refresh for level _0_0_3_3
      ramulator.serving_requests_0_0_3_3              722361                                      # The sum of read and write requests that are served in this DRAM element per memory cycle for level _0_0_3_3
ramulator.average_serving_requests_0_0_3_3            0.131262                                      # The average of read and write requests that are served in this DRAM element per memory cycle for level _0_0_3_3
      ramulator.read_transaction_bytes_0            31315328                                      # The total byte of read transaction per channel
     ramulator.write_transaction_bytes_0             1899136                                      # The total byte of write transaction per channel
       ramulator.row_hits_channel_0_core              441033                                      # Number of row hits per channel per core
     ramulator.row_misses_channel_0_core               10853                                      # Number of row misses per channel per core
  ramulator.row_conflicts_channel_0_core               67090                                      # Number of row conflicts per channel per core
  ramulator.read_row_hits_channel_0_core              422902                                      # Number of row hits for read requests per channel per core
                                     [0]            422902.0                                      # 
ramulator.read_row_misses_channel_0_core                8982                                      # Number of row misses for read requests per channel per core
                                     [0]              8982.0                                      # 
ramulator.read_row_conflicts_channel_0_core               57418                                      # Number of row conflicts for read requests per channel per core
                                     [0]             57418.0                                      # 
 ramulator.write_row_hits_channel_0_core               18131                                      # Number of row hits for write requests per channel per core
                                     [0]             18131.0                                      # 
ramulator.write_row_misses_channel_0_core                1871                                      # Number of row misses for write requests per channel per core
                                     [0]              1871.0                                      # 
ramulator.write_row_conflicts_channel_0_core                9672                                      # Number of row conflicts for write requests per channel per core
                                     [0]              9672.0                                      # 
      ramulator.useless_activates_0_core                  58                                      # Number of useless activations. E.g, ACT -> PRE w/o RD or WR
            ramulator.read_latency_avg_0           74.346587                                      # The average memory latency cycles (in memory time domain) per request for all read requests in this channel
            ramulator.read_latency_sum_0            36389383                                      # The memory latency cycles (in memory time domain) sum for all read requests in this channel
        ramulator.req_queue_length_avg_0           20.942621                                      # Average of read and write queue length per memory cycle per channel.
        ramulator.req_queue_length_sum_0           115251580                                      # Sum of read and write queue length per memory cycle per channel.
   ramulator.read_req_queue_length_avg_0            6.411866                                      # Read queue length average per memory cycle per channel.
   ramulator.read_req_queue_length_sum_0            35285826                                      # Read queue length sum per memory cycle per channel.
  ramulator.write_req_queue_length_avg_0           14.530755                                      # Write queue length average per memory cycle per channel.
  ramulator.write_req_queue_length_sum_0            79965754                                      # Write queue length sum per memory cycle per channel.
              ramulator.record_read_hits                 0.0                                      # record read hit count for this core when it reaches request limit or to the end
                                     [0]                 0.0                                      # 
            ramulator.record_read_misses                 0.0                                      # record_read_miss count for this core when it reaches request limit or to the end
                                     [0]                 0.0                                      # 
         ramulator.record_read_conflicts                 0.0                                      # record read conflict count for this core when it reaches request limit or to the end
                                     [0]                 0.0                                      # 
             ramulator.record_write_hits                 0.0                                      # record write hit count for this core when it reaches request limit or to the end
                                     [0]                 0.0                                      # 
           ramulator.record_write_misses                 0.0                                      # record write miss count for this core when it reaches request limit or to the end
                                     [0]                 0.0                                      # 
        ramulator.record_write_conflicts                 0.0                                      # record write conflict for this core when it reaches request limit or to the end
                                     [0]                 0.0                                      # 
                 ramulator.dram_capacity          8589934592                                      # Number of bytes in simulated DRAM
                   ramulator.dram_cycles             5503207                                      # Number of DRAM cycles simulated
             ramulator.incoming_requests              519154                                      # Number of incoming requests to DRAM
                 ramulator.read_requests              489456                                      # Number of incoming read requests to DRAM per core
                                     [0]            489456.0                                      # 
                ramulator.write_requests               29698                                      # Number of incoming write requests to DRAM per core
                                     [0]             29698.0                                      # 
       ramulator.ramulator_active_cycles             4853278                                      # The total number of cycles that the DRAM part is active (serving R/W)
 ramulator.incoming_requests_per_channel            519154.0                                      # Number of incoming requests to each DRAM channel
                                     [0]            519154.0                                      # 
ramulator.incoming_read_reqs_per_channel            489456.0                                      # Number of incoming read requests to each DRAM channel
                                     [0]            489456.0                                      # 
     ramulator.physical_page_replacement                   0                                      # The number of times that physical page replacement happens.
             ramulator.maximum_bandwidth         19200000000                                      # The theoretical maximum bandwidth (Bps)
          ramulator.in_queue_req_num_sum           115251580                                      # Sum of read/write queue length
     ramulator.in_queue_read_req_num_sum            35285826                                      # Sum of read queue length
    ramulator.in_queue_write_req_num_sum            79965754                                      # Sum of write queue length
          ramulator.in_queue_req_num_avg           20.942621                                      # Average of read/write queue length per memory cycle
     ramulator.in_queue_read_req_num_avg            6.411866                                      # Average of read queue length per memory cycle
    ramulator.in_queue_write_req_num_avg           14.530755                                      # Average of write queue length per memory cycle
          ramulator.record_read_requests                 0.0                                      # record read requests for this core when it reaches request limit or to the end
                                     [0]                 0.0                                      # 
         ramulator.record_write_requests                 0.0                                      # record write requests for this core when it reaches request limit or to the end
                                     [0]                 0.0                                      # 
