/* -*- Mode: c -*- */
####################################################################################################
Core 0
####################################################################################################
Cumulative:        Cycles: 13171188              Instructions: 30000004              IPC: 2.27770

EXECUTION_TIME                           4115996250000                  4115996250000              

NODE_CYCLE                                    13171188                       13171188              

NODE_INST_COUNT                               30000004                       30000004              

NODE_UOP_COUNT                                33023033                       33023033              

FULL_WINDOW_STALL                              5110872       38.803%          5110872       38.803%

FULL_WINDOW_MEM_OP                             4101036       89.144%          4101036       89.144%
FULL_WINDOW_FP_OP                               480379       10.442%           480379       10.442%
FULL_WINDOW_OTHER_OP                             19060        0.414%            19060        0.414%
                                               4600475      100.000%          4600475      100.000%
                                                  0.11         0.31              0.11         0.31

RET_BLOCKED_DC_MISS                            4853707       36.851%          4853707       36.851%

RET_BLOCKED_L1_MISS                            4008418       30.433%          4008418       30.433%

RET_BLOCKED_L1_MISS_BW_PREF                     148978        1.131%           148978        1.131%

RET_BLOCKED_L1_ACCESS                           845500        6.419%           845500        6.419%

RET_BLOCKED_MEM_STALL                          4064524       30.859%          4064524       30.859%

RET_BLOCKED_OFFCHIP_DEMAND                           0        0.000%                0        0.000%

OP_ISSUED                                     36905175                       36905175              

OP_RETIRED                                    33023033                       33023033              

REPLAY_SIGNALED                                      0                              0              

REPLAY_COUNTED                                       0                              0              

OFF_CRITICAL_PATH                                    0         -nan%                0         -nan%
ON_CRITICAL_PATH                                     0         -nan%                0         -nan%
                                                     0         -nan%                0         -nan%
                                                  -nan         -nan              -nan         -nan

LD_NO_DEPENDENTS                                 54275        0.692%            54275        0.692%
LD_DEPENDENTS                                  7790275       99.308%          7790275       99.308%
                                               7844550      100.000%          7844550      100.000%
                                                  0.99         0.99              0.99         0.99

LD_EXEC_CYCLES_0                                     0        0.000%                0        0.000%
LD_EXEC_CYCLES_1                                     0        0.000%                0        0.000%
LD_EXEC_CYCLES_2                                     0        0.000%                0        0.000%
LD_EXEC_CYCLES_3                               4133237       75.172%          4133237       75.172%
LD_EXEC_CYCLES_4                               1365146       24.828%          1365146       24.828%
                                               5498383      100.000%          5498383      100.000%
                                                  3.25         1.68              3.25         1.68

FU_BUSY_0                                      8875411                        8875411              

FU_BUSY_1                                      7982487                        7982487              

FU_BUSY_2                                      6772792                        6772792              

FU_BUSY_3                                      5368128                        5368128              

FU_BUSY_4                                      3914522                        3914522              

FU_BUSY_5                                      2839308                        2839308              

FU_BUSY_6                                      2077343                        2077343              

FU_BUSY_7                                      1521751                        1521751              

FU_BUSY_8                                            0                              0              

FU_BUSY_9                                            0                              0              

FU_BUSY_10                                           0                              0              

FU_BUSY_11                                           0                              0              

FU_BUSY_12                                           0                              0              

FU_BUSY_13                                           0                              0              

FU_BUSY_14                                           0                              0              

FU_BUSY_15                                           0                              0              

FU_BUSY_16                                           0                              0              

FU_BUSY_17                                           0                              0              

FU_BUSY_18                                           0                              0              

FU_BUSY_19                                           0                              0              

FU_BUSY_20                                           0                              0              

FU_BUSY_21                                           0                              0              

FU_BUSY_22                                           0                              0              

FU_BUSY_23                                           0                              0              

FU_BUSY_24                                           0                              0              

FU_BUSY_25                                           0                              0              

FU_BUSY_26                                           0                              0              

FU_BUSY_27                                           0                              0              

FU_BUSY_28                                           0                              0              

FU_BUSY_29                                           0                              0              

FU_BUSY_30                                           0                              0              

FU_BUSY_31                                           0                              0              

OP_WAIT_0                                     23509435                       23509435              

OP_WAIT_1                                      7799822                        7799822              

OP_WAIT_2                                      1021177                        1021177              

OP_WAIT_3                                       311654                         311654              

OP_WAIT_4                                       101420                         101420              

OP_WAIT_5                                        62038                          62038              

OP_WAIT_6                                        26614                          26614              

OP_WAIT_7                                        16111                          16111              

OP_WAIT_8                                        14716                          14716              

OP_WAIT_9                                        10667                          10667              

OP_WAIT_10                                        9963                           9963              

OP_WAIT_11                                        7599                           7599              

OP_WAIT_12                                        7462                           7462              

OP_WAIT_13                                        7649                           7649              

OP_WAIT_14                                        7470                           7470              

OP_WAIT_15                                        6928                           6928              

OP_WAIT_16                                        4333                           4333              

OP_WAIT_17                                        3756                           3756              

OP_WAIT_18                                        3778                           3778              

OP_WAIT_19                                        2898                           2898              

OP_WAIT_20                                        2825                           2825              

OP_WAIT_21                                        2101                           2101              

OP_WAIT_22                                        1738                           1738              

OP_WAIT_23                                        1969                           1969              

OP_WAIT_24                                        1768                           1768              

OP_WAIT_25                                        1568                           1568              

OP_WAIT_26                                        2517                           2517              

OP_WAIT_27                                        2423                           2423              

OP_WAIT_28                                        1981                           1981              

OP_WAIT_29                                        1757                           1757              

OP_WAIT_30                                        2341                           2341              

OP_WAIT_31                                       64555                          64555              

ROW_SIZE_0                                     6213254                        6213254              

ROW_SIZE_1                                     1033302                        1033302              

ROW_SIZE_2                                      225396                         225396              

ROW_SIZE_3                                      112165                         112165              

ROW_SIZE_4                                      150498                         150498              

ROW_SIZE_5                                      128008                         128008              

ROW_SIZE_6                                     4993402                        4993402              

ROW_SIZE_7                                           0                              0              

ROW_SIZE_8                                           0                              0              

ROW_SIZE_9                                           0                              0              

ROW_SIZE_10                                          0                              0              

ROW_SIZE_11                                          0                              0              

ROW_SIZE_12                                          0                              0              

ROW_SIZE_13                                          0                              0              

ROW_SIZE_14                                          0                              0              

ROW_SIZE_15                                          0                              0              

ROW_SIZE_16                                          0                              0              

ROW_SIZE_17                                          0                              0              

ROW_SIZE_18                                          0                              0              

ROW_SIZE_19                                          0                              0              

ROW_SIZE_20                                          0                              0              

ROW_SIZE_21                                          0                              0              

ROW_SIZE_22                                          0                              0              

ROW_SIZE_23                                          0                              0              

ROW_SIZE_24                                          0                              0              

ROW_SIZE_25                                          0                              0              

ROW_SIZE_26                                          0                              0              

ROW_SIZE_27                                          0                              0              

ROW_SIZE_28                                          0                              0              

ROW_SIZE_29                                          0                              0              

ROW_SIZE_30                                          0                              0              

ROW_SIZE_31                                          0                              0              

RET_OP_EXEC_COUNT_0                                  0        0.000%                0        0.000%
RET_OP_EXEC_COUNT_1                           33023033      100.000%         33023033      100.000%
RET_OP_EXEC_COUNT_2                                  0        0.000%                0        0.000%
RET_OP_EXEC_COUNT_3                                  0        0.000%                0        0.000%
RET_OP_EXEC_COUNT_4                                  0        0.000%                0        0.000%
RET_OP_EXEC_COUNT_5                                  0        0.000%                0        0.000%
RET_OP_EXEC_COUNT_6                                  0        0.000%                0        0.000%
RET_OP_EXEC_COUNT_7                                  0        0.000%                0        0.000%
RET_OP_EXEC_COUNT_8                                  0        0.000%                0        0.000%
RET_OP_EXEC_COUNT_9                                  0        0.000%                0        0.000%
RET_OP_EXEC_COUNT_10                                 0        0.000%                0        0.000%
RET_OP_EXEC_COUNT_11                                 0        0.000%                0        0.000%
RET_OP_EXEC_COUNT_12                                 0        0.000%                0        0.000%
RET_OP_EXEC_COUNT_13                                 0        0.000%                0        0.000%
RET_OP_EXEC_COUNT_14                                 0        0.000%                0        0.000%
RET_OP_EXEC_COUNT_15                                 0        0.000%                0        0.000%
RET_OP_EXEC_COUNT_16                                 0        0.000%                0        0.000%
RET_OP_EXEC_COUNT_17                                 0        0.000%                0        0.000%
RET_OP_EXEC_COUNT_18                                 0        0.000%                0        0.000%
RET_OP_EXEC_COUNT_19                                 0        0.000%                0        0.000%
RET_OP_EXEC_COUNT_20                                 0        0.000%                0        0.000%
RET_OP_EXEC_COUNT_21                                 0        0.000%                0        0.000%
RET_OP_EXEC_COUNT_22                                 0        0.000%                0        0.000%
RET_OP_EXEC_COUNT_23                                 0        0.000%                0        0.000%
RET_OP_EXEC_COUNT_24                                 0        0.000%                0        0.000%
RET_OP_EXEC_COUNT_25                                 0        0.000%                0        0.000%
RET_OP_EXEC_COUNT_26                                 0        0.000%                0        0.000%
RET_OP_EXEC_COUNT_27                                 0        0.000%                0        0.000%
RET_OP_EXEC_COUNT_28                                 0        0.000%                0        0.000%
RET_OP_EXEC_COUNT_29                                 0        0.000%                0        0.000%
RET_OP_EXEC_COUNT_30                                 0        0.000%                0        0.000%
RET_OP_EXEC_COUNT_31                                 0        0.000%                0        0.000%
RET_OP_EXEC_COUNT_32                                 0        0.000%                0        0.000%
                                              33023033      100.000%         33023033      100.000%
                                                  1.00         0.00              1.00         0.00

RET_STALL_LENGTH_0                            33005941       99.948%         33005941       99.948%
RET_STALL_LENGTH_100                             15557        0.047%            15557        0.047%
RET_STALL_LENGTH_200                               624        0.002%              624        0.002%
RET_STALL_LENGTH_300                               264        0.001%              264        0.001%
RET_STALL_LENGTH_400                               155        0.000%              155        0.000%
RET_STALL_LENGTH_500                                79        0.000%               79        0.000%
RET_STALL_LENGTH_600                                36        0.000%               36        0.000%
RET_STALL_LENGTH_700                                18        0.000%               18        0.000%
RET_STALL_LENGTH_800                                24        0.000%               24        0.000%
RET_STALL_LENGTH_900                                24        0.000%               24        0.000%
RET_STALL_LENGTH_1000                               22        0.000%               22        0.000%
RET_STALL_LENGTH_1100                               91        0.000%               91        0.000%
RET_STALL_LENGTH_1200                              154        0.000%              154        0.000%
RET_STALL_LENGTH_1300                               24        0.000%               24        0.000%
RET_STALL_LENGTH_1400                               10        0.000%               10        0.000%
RET_STALL_LENGTH_1500                                3        0.000%                3        0.000%
RET_STALL_LENGTH_1600                                2        0.000%                2        0.000%
RET_STALL_LENGTH_1700                                3        0.000%                3        0.000%
RET_STALL_LENGTH_1800                                1        0.000%                1        0.000%
RET_STALL_LENGTH_1900                                0        0.000%                0        0.000%
RET_STALL_LENGTH_2000                                0        0.000%                0        0.000%
RET_STALL_LENGTH_2100                                0        0.000%                0        0.000%
RET_STALL_LENGTH_2200                                0        0.000%                0        0.000%
RET_STALL_LENGTH_2300                                1        0.000%                1        0.000%
RET_STALL_LENGTH_2400                                0        0.000%                0        0.000%
RET_STALL_LENGTH_2500                                0        0.000%                0        0.000%
RET_STALL_LENGTH_2600                                0        0.000%                0        0.000%
RET_STALL_LENGTH_2700                                0        0.000%                0        0.000%
RET_STALL_LENGTH_2800                                0        0.000%                0        0.000%
RET_STALL_LENGTH_2900                                0        0.000%                0        0.000%
RET_STALL_LENGTH_3000                                0        0.000%                0        0.000%
RET_STALL_LENGTH_3100                                0        0.000%                0        0.000%
RET_STALL_LENGTH_3200                                0        0.000%                0        0.000%
RET_STALL_LENGTH_3300                                0        0.000%                0        0.000%
RET_STALL_LENGTH_3400                                0        0.000%                0        0.000%
RET_STALL_LENGTH_3500                                0        0.000%                0        0.000%
RET_STALL_LENGTH_3600                                0        0.000%                0        0.000%
RET_STALL_LENGTH_3700                                0        0.000%                0        0.000%
RET_STALL_LENGTH_3800                                0        0.000%                0        0.000%
RET_STALL_LENGTH_3900                                0        0.000%                0        0.000%
RET_STALL_LENGTH_4000                                0        0.000%                0        0.000%
RET_STALL_LENGTH_4100                                0        0.000%                0        0.000%
RET_STALL_LENGTH_4200                                0        0.000%                0        0.000%
RET_STALL_LENGTH_4300                                0        0.000%                0        0.000%
RET_STALL_LENGTH_4400                                0        0.000%                0        0.000%
RET_STALL_LENGTH_4500                                0        0.000%                0        0.000%
RET_STALL_LENGTH_4600                                0        0.000%                0        0.000%
RET_STALL_LENGTH_4700                                0        0.000%                0        0.000%
RET_STALL_LENGTH_4800                                0        0.000%                0        0.000%
RET_STALL_LENGTH_4900                                0        0.000%                0        0.000%
RET_STALL_LENGTH_5000                                0        0.000%                0        0.000%
                                              33023033      100.000%         33023033      100.000%
                                                  0.00         0.05              0.00         0.05

MEM_BLOCK_LENGTH_0                                2132       85.178%             2132       85.178%
MEM_BLOCK_LENGTH_100                               180        7.191%              180        7.191%
MEM_BLOCK_LENGTH_200                                56        2.237%               56        2.237%
MEM_BLOCK_LENGTH_300                                34        1.358%               34        1.358%
MEM_BLOCK_LENGTH_400                                13        0.519%               13        0.519%
MEM_BLOCK_LENGTH_500                                45        1.798%               45        1.798%
MEM_BLOCK_LENGTH_600                                13        0.519%               13        0.519%
MEM_BLOCK_LENGTH_700                                 7        0.280%                7        0.280%
MEM_BLOCK_LENGTH_800                                 4        0.160%                4        0.160%
MEM_BLOCK_LENGTH_900                                 6        0.240%                6        0.240%
MEM_BLOCK_LENGTH_1000                                3        0.120%                3        0.120%
MEM_BLOCK_LENGTH_1100                                1        0.040%                1        0.040%
MEM_BLOCK_LENGTH_1200                                1        0.040%                1        0.040%
MEM_BLOCK_LENGTH_1300                                3        0.120%                3        0.120%
MEM_BLOCK_LENGTH_1400                                0        0.000%                0        0.000%
MEM_BLOCK_LENGTH_1500                                0        0.000%                0        0.000%
MEM_BLOCK_LENGTH_1600                                1        0.040%                1        0.040%
MEM_BLOCK_LENGTH_1700                                1        0.040%                1        0.040%
MEM_BLOCK_LENGTH_1800                                0        0.000%                0        0.000%
MEM_BLOCK_LENGTH_1900                                0        0.000%                0        0.000%
MEM_BLOCK_LENGTH_2000                                0        0.000%                0        0.000%
MEM_BLOCK_LENGTH_2100                                0        0.000%                0        0.000%
MEM_BLOCK_LENGTH_2200                                0        0.000%                0        0.000%
MEM_BLOCK_LENGTH_2300                                0        0.000%                0        0.000%
MEM_BLOCK_LENGTH_2400                                0        0.000%                0        0.000%
MEM_BLOCK_LENGTH_2500                                1        0.040%                1        0.040%
MEM_BLOCK_LENGTH_2600                                0        0.000%                0        0.000%
MEM_BLOCK_LENGTH_2700                                0        0.000%                0        0.000%
MEM_BLOCK_LENGTH_2800                                0        0.000%                0        0.000%
MEM_BLOCK_LENGTH_2900                                1        0.040%                1        0.040%
MEM_BLOCK_LENGTH_3000                                0        0.000%                0        0.000%
MEM_BLOCK_LENGTH_3100                                0        0.000%                0        0.000%
MEM_BLOCK_LENGTH_3200                                0        0.000%                0        0.000%
MEM_BLOCK_LENGTH_3300                                0        0.000%                0        0.000%
MEM_BLOCK_LENGTH_3400                                0        0.000%                0        0.000%
MEM_BLOCK_LENGTH_3500                                0        0.000%                0        0.000%
MEM_BLOCK_LENGTH_3600                                0        0.000%                0        0.000%
MEM_BLOCK_LENGTH_3700                                0        0.000%                0        0.000%
MEM_BLOCK_LENGTH_3800                                0        0.000%                0        0.000%
MEM_BLOCK_LENGTH_3900                                0        0.000%                0        0.000%
MEM_BLOCK_LENGTH_4000                                0        0.000%                0        0.000%
MEM_BLOCK_LENGTH_4100                                0        0.000%                0        0.000%
MEM_BLOCK_LENGTH_4200                                0        0.000%                0        0.000%
MEM_BLOCK_LENGTH_4300                                0        0.000%                0        0.000%
MEM_BLOCK_LENGTH_4400                                0        0.000%                0        0.000%
MEM_BLOCK_LENGTH_4500                                0        0.000%                0        0.000%
MEM_BLOCK_LENGTH_4600                                0        0.000%                0        0.000%
MEM_BLOCK_LENGTH_4700                                0        0.000%                0        0.000%
MEM_BLOCK_LENGTH_4800                                0        0.000%                0        0.000%
MEM_BLOCK_LENGTH_4900                                0        0.000%                0        0.000%
MEM_BLOCK_LENGTH_5000                                1        0.040%                1        0.040%
                                                  2503      100.000%             2503      100.000%
                                                  0.44         1.82              0.44         1.82

FUS_BUSY_ON_PATH                              36473779        2.7692         36473779        2.7692

FUS_BUSY_OFF_PATH                              2877963        0.2185          2877963        0.2185

FU_BUSY_MEM_STALL                              3532556        0.2682          3532556        0.2682

FUS_EMPTY                                     66017762        5.0123         66017762        5.0123

CHIP_UTILIZATION                                     0        0.0000                0        0.0000

CYCLES_UNDER_MEM_REQ                                 0                              0              

CYCLES_UNDER_NO_MEM_REQ                              0                              0              

CYCLES_UNDER_CRITICAL_MEM_REQ                        0                              0              

CYCLES_UNDER_NONCRITICAL_MEM_REQ                     0                              0              

CHIP_UTILIZATION_UNDER_MEM_REQ                       0          -nan                0          -nan

CHIP_UTILIZATION_UNDER_NO_MEM_REQ                    0          -nan                0          -nan

CHIP_UTILIZATION_UNDER_CRITICAL_MEM_REQ              0          -nan                0          -nan

CHIP_UTILIZATION_UNDER_NONCRITICAL_MEM_REQ             0          -nan                0          -nan

CYCLES_NOT_WAITING_FOR_OFF_CHIP                      0        0.0000                0        0.0000

FUS_BUSY_NOT_WAITING_FOR_OFF_CHIP                    0          -nan                0          -nan

CYCLES_WAITING_FOR_OFF_CHIP                          0        0.0000                0        0.0000

FUS_BUSY_WAITING_FOR_OFF_CHIP                        0          -nan                0          -nan

TOTAL_OFF_CHIP_DELAYS_LEFT                           0                              0              

WRONG_IO_SCHED                                       0                              0              

DVFS_CONFIG_SWITCH                                   0                              0              



