               ramulator.active_cycles_0            26166601                                      # Total active cycles for level _0
                 ramulator.busy_cycles_0            26166601                                      # (All-bank refresh only. busy cycles only include refresh time in rank level) The sum of cycles that the DRAM part is active or under refresh for level _0
            ramulator.serving_requests_0            97818629                                      # The sum of read and write requests that are served in this DRAM element per memory cycle for level _0
    ramulator.average_serving_requests_0            3.473960                                      # The average of read and write requests that are served in this DRAM element per memory cycle for level _0
             ramulator.active_cycles_0_0            26166601                                      # Total active cycles for level _0_0
               ramulator.busy_cycles_0_0            26373241                                      # (All-bank refresh only. busy cycles only include refresh time in rank level) The sum of cycles that the DRAM part is active or under refresh for level _0_0
          ramulator.serving_requests_0_0            97818629                                      # The sum of read and write requests that are served in this DRAM element per memory cycle for level _0_0
  ramulator.average_serving_requests_0_0            3.473960                                      # The average of read and write requests that are served in this DRAM element per memory cycle for level _0_0
           ramulator.active_cycles_0_0_0            16037143                                      # Total active cycles for level _0_0_0
             ramulator.busy_cycles_0_0_0            16037143                                      # (All-bank refresh only. busy cycles only include refresh time in rank level) The sum of cycles that the DRAM part is active or under refresh for level _0_0_0
        ramulator.serving_requests_0_0_0            24317911                                      # The sum of read and write requests that are served in this DRAM element per memory cycle for level _0_0_0
ramulator.average_serving_requests_0_0_0            0.863634                                      # The average of read and write requests that are served in this DRAM element per memory cycle for level _0_0_0
         ramulator.active_cycles_0_0_0_0             5782944                                      # Total active cycles for level _0_0_0_0
           ramulator.busy_cycles_0_0_0_0             5782944                                      # (All-bank refresh only. busy cycles only include refresh time in rank level) The sum of cycles that the DRAM part is active or under refresh for level _0_0_0_0
      ramulator.serving_requests_0_0_0_0             6090043                                      # The sum of read and write requests that are served in this DRAM element per memory cycle for level _0_0_0_0
ramulator.average_serving_requests_0_0_0_0            0.216284                                      # The average of read and write requests that are served in this DRAM element per memory cycle for level _0_0_0_0
         ramulator.active_cycles_0_0_0_1             6049466                                      # Total active cycles for level _0_0_0_1
           ramulator.busy_cycles_0_0_0_1             6049466                                      # (All-bank refresh only. busy cycles only include refresh time in rank level) The sum of cycles that the DRAM part is active or under refresh for level _0_0_0_1
      ramulator.serving_requests_0_0_0_1             6414052                                      # The sum of read and write requests that are served in this DRAM element per memory cycle for level _0_0_0_1
ramulator.average_serving_requests_0_0_0_1            0.227791                                      # The average of read and write requests that are served in this DRAM element per memory cycle for level _0_0_0_1
         ramulator.active_cycles_0_0_0_2             6044308                                      # Total active cycles for level _0_0_0_2
           ramulator.busy_cycles_0_0_0_2             6044308                                      # (All-bank refresh only. busy cycles only include refresh time in rank level) The sum of cycles that the DRAM part is active or under refresh for level _0_0_0_2
      ramulator.serving_requests_0_0_0_2             6420441                                      # The sum of read and write requests that are served in this DRAM element per memory cycle for level _0_0_0_2
ramulator.average_serving_requests_0_0_0_2            0.228017                                      # The average of read and write requests that are served in this DRAM element per memory cycle for level _0_0_0_2
         ramulator.active_cycles_0_0_0_3             5163098                                      # Total active cycles for level _0_0_0_3
           ramulator.busy_cycles_0_0_0_3             5163098                                      # (All-bank refresh only. busy cycles only include refresh time in rank level) The sum of cycles that the DRAM part is active or under refresh for level _0_0_0_3
      ramulator.serving_requests_0_0_0_3             5393375                                      # The sum of read and write requests that are served in this DRAM element per memory cycle for level _0_0_0_3
ramulator.average_serving_requests_0_0_0_3            0.191542                                      # The average of read and write requests that are served in this DRAM element per memory cycle for level _0_0_0_3
           ramulator.active_cycles_0_0_1            16205097                                      # Total active cycles for level _0_0_1
             ramulator.busy_cycles_0_0_1            16205097                                      # (All-bank refresh only. busy cycles only include refresh time in rank level) The sum of cycles that the DRAM part is active or under refresh for level _0_0_1
        ramulator.serving_requests_0_0_1            25180564                                      # The sum of read and write requests that are served in this DRAM element per memory cycle for level _0_0_1
ramulator.average_serving_requests_0_0_1            0.894270                                      # The average of read and write requests that are served in this DRAM element per memory cycle for level _0_0_1
         ramulator.active_cycles_0_0_1_0             5730017                                      # Total active cycles for level _0_0_1_0
           ramulator.busy_cycles_0_0_1_0             5730017                                      # (All-bank refresh only. busy cycles only include refresh time in rank level) The sum of cycles that the DRAM part is active or under refresh for level _0_0_1_0
      ramulator.serving_requests_0_0_1_0             6023046                                      # The sum of read and write requests that are served in this DRAM element per memory cycle for level _0_0_1_0
ramulator.average_serving_requests_0_0_1_0            0.213904                                      # The average of read and write requests that are served in this DRAM element per memory cycle for level _0_0_1_0
         ramulator.active_cycles_0_0_1_1             6371151                                      # Total active cycles for level _0_0_1_1
           ramulator.busy_cycles_0_0_1_1             6371151                                      # (All-bank refresh only. busy cycles only include refresh time in rank level) The sum of cycles that the DRAM part is active or under refresh for level _0_0_1_1
      ramulator.serving_requests_0_0_1_1             6751126                                      # The sum of read and write requests that are served in this DRAM element per memory cycle for level _0_0_1_1
ramulator.average_serving_requests_0_0_1_1            0.239762                                      # The average of read and write requests that are served in this DRAM element per memory cycle for level _0_0_1_1
         ramulator.active_cycles_0_0_1_2             5593875                                      # Total active cycles for level _0_0_1_2
           ramulator.busy_cycles_0_0_1_2             5593875                                      # (All-bank refresh only. busy cycles only include refresh time in rank level) The sum of cycles that the DRAM part is active or under refresh for level _0_0_1_2
      ramulator.serving_requests_0_0_1_2             5866947                                      # The sum of read and write requests that are served in this DRAM element per memory cycle for level _0_0_1_2
ramulator.average_serving_requests_0_0_1_2            0.208361                                      # The average of read and write requests that are served in this DRAM element per memory cycle for level _0_0_1_2
         ramulator.active_cycles_0_0_1_3             6154872                                      # Total active cycles for level _0_0_1_3
           ramulator.busy_cycles_0_0_1_3             6154872                                      # (All-bank refresh only. busy cycles only include refresh time in rank level) The sum of cycles that the DRAM part is active or under refresh for level _0_0_1_3
      ramulator.serving_requests_0_0_1_3             6539445                                      # The sum of read and write requests that are served in this DRAM element per memory cycle for level _0_0_1_3
ramulator.average_serving_requests_0_0_1_3            0.232244                                      # The average of read and write requests that are served in this DRAM element per memory cycle for level _0_0_1_3
           ramulator.active_cycles_0_0_2            16270797                                      # Total active cycles for level _0_0_2
             ramulator.busy_cycles_0_0_2            16270797                                      # (All-bank refresh only. busy cycles only include refresh time in rank level) The sum of cycles that the DRAM part is active or under refresh for level _0_0_2
        ramulator.serving_requests_0_0_2            25194342                                      # The sum of read and write requests that are served in this DRAM element per memory cycle for level _0_0_2
ramulator.average_serving_requests_0_0_2            0.894759                                      # The average of read and write requests that are served in this DRAM element per memory cycle for level _0_0_2
         ramulator.active_cycles_0_0_2_0             6602749                                      # Total active cycles for level _0_0_2_0
           ramulator.busy_cycles_0_0_2_0             6602749                                      # (All-bank refresh only. busy cycles only include refresh time in rank level) The sum of cycles that the DRAM part is active or under refresh for level _0_0_2_0
      ramulator.serving_requests_0_0_2_0             7032035                                      # The sum of read and write requests that are served in this DRAM element per memory cycle for level _0_0_2_0
ramulator.average_serving_requests_0_0_2_0            0.249738                                      # The average of read and write requests that are served in this DRAM element per memory cycle for level _0_0_2_0
         ramulator.active_cycles_0_0_2_1             4790672                                      # Total active cycles for level _0_0_2_1
           ramulator.busy_cycles_0_0_2_1             4790672                                      # (All-bank refresh only. busy cycles only include refresh time in rank level) The sum of cycles that the DRAM part is active or under refresh for level _0_0_2_1
      ramulator.serving_requests_0_0_2_1             4982013                                      # The sum of read and write requests that are served in this DRAM element per memory cycle for level _0_0_2_1
ramulator.average_serving_requests_0_0_2_1            0.176933                                      # The average of read and write requests that are served in this DRAM element per memory cycle for level _0_0_2_1
         ramulator.active_cycles_0_0_2_2             6360196                                      # Total active cycles for level _0_0_2_2
           ramulator.busy_cycles_0_0_2_2             6360196                                      # (All-bank refresh only. busy cycles only include refresh time in rank level) The sum of cycles that the DRAM part is active or under refresh for level _0_0_2_2
      ramulator.serving_requests_0_0_2_2             6767820                                      # The sum of read and write requests that are served in this DRAM element per memory cycle for level _0_0_2_2
ramulator.average_serving_requests_0_0_2_2            0.240354                                      # The average of read and write requests that are served in this DRAM element per memory cycle for level _0_0_2_2
         ramulator.active_cycles_0_0_2_3             6041824                                      # Total active cycles for level _0_0_2_3
           ramulator.busy_cycles_0_0_2_3             6041824                                      # (All-bank refresh only. busy cycles only include refresh time in rank level) The sum of cycles that the DRAM part is active or under refresh for level _0_0_2_3
      ramulator.serving_requests_0_0_2_3             6412474                                      # The sum of read and write requests that are served in this DRAM element per memory cycle for level _0_0_2_3
ramulator.average_serving_requests_0_0_2_3            0.227735                                      # The average of read and write requests that are served in this DRAM element per memory cycle for level _0_0_2_3
           ramulator.active_cycles_0_0_3            15378908                                      # Total active cycles for level _0_0_3
             ramulator.busy_cycles_0_0_3            15378908                                      # (All-bank refresh only. busy cycles only include refresh time in rank level) The sum of cycles that the DRAM part is active or under refresh for level _0_0_3
        ramulator.serving_requests_0_0_3            23124140                                      # The sum of read and write requests that are served in this DRAM element per memory cycle for level _0_0_3
ramulator.average_serving_requests_0_0_3            0.821238                                      # The average of read and write requests that are served in this DRAM element per memory cycle for level _0_0_3
         ramulator.active_cycles_0_0_3_0             5594230                                      # Total active cycles for level _0_0_3_0
           ramulator.busy_cycles_0_0_3_0             5594230                                      # (All-bank refresh only. busy cycles only include refresh time in rank level) The sum of cycles that the DRAM part is active or under refresh for level _0_0_3_0
      ramulator.serving_requests_0_0_3_0             5879638                                      # The sum of read and write requests that are served in this DRAM element per memory cycle for level _0_0_3_0
ramulator.average_serving_requests_0_0_3_0            0.208811                                      # The average of read and write requests that are served in this DRAM element per memory cycle for level _0_0_3_0
         ramulator.active_cycles_0_0_3_1             5591867                                      # Total active cycles for level _0_0_3_1
           ramulator.busy_cycles_0_0_3_1             5591867                                      # (All-bank refresh only. busy cycles only include refresh time in rank level) The sum of cycles that the DRAM part is active or under refresh for level _0_0_3_1
      ramulator.serving_requests_0_0_3_1             5873377                                      # The sum of read and write requests that are served in this DRAM element per memory cycle for level _0_0_3_1
ramulator.average_serving_requests_0_0_3_1            0.208589                                      # The average of read and write requests that are served in this DRAM element per memory cycle for level _0_0_3_1
         ramulator.active_cycles_0_0_3_2             5679209                                      # Total active cycles for level _0_0_3_2
           ramulator.busy_cycles_0_0_3_2             5679209                                      # (All-bank refresh only. busy cycles only include refresh time in rank level) The sum of cycles that the DRAM part is active or under refresh for level _0_0_3_2
      ramulator.serving_requests_0_0_3_2             5946526                                      # The sum of read and write requests that are served in this DRAM element per memory cycle for level _0_0_3_2
ramulator.average_serving_requests_0_0_3_2            0.211187                                      # The average of read and write requests that are served in this DRAM element per memory cycle for level _0_0_3_2
         ramulator.active_cycles_0_0_3_3             5209642                                      # Total active cycles for level _0_0_3_3
           ramulator.busy_cycles_0_0_3_3             5209642                                      # (All-bank refresh only. busy cycles only include refresh time in rank level) The sum of cycles that the DRAM part is active or under refresh for level _0_0_3_3
      ramulator.serving_requests_0_0_3_3             5424598                                      # The sum of read and write requests that are served in this DRAM element per memory cycle for level _0_0_3_3
ramulator.average_serving_requests_0_0_3_3            0.192651                                      # The average of read and write requests that are served in this DRAM element per memory cycle for level _0_0_3_3
      ramulator.read_transaction_bytes_0            85921536                                      # The total byte of read transaction per channel
     ramulator.write_transaction_bytes_0             2172544                                      # The total byte of write transaction per channel
       ramulator.row_hits_channel_0_core              161901                                      # Number of row hits per channel per core
     ramulator.row_misses_channel_0_core               48265                                      # Number of row misses per channel per core
  ramulator.row_conflicts_channel_0_core             1166304                                      # Number of row conflicts per channel per core
  ramulator.read_row_hits_channel_0_core              160185                                      # Number of row hits for read requests per channel per core
                                     [0]            160185.0                                      # 
ramulator.read_row_misses_channel_0_core               46373                                      # Number of row misses for read requests per channel per core
                                     [0]             46373.0                                      # 
ramulator.read_row_conflicts_channel_0_core             1135966                                      # Number of row conflicts for read requests per channel per core
                                     [0]           1135966.0                                      # 
 ramulator.write_row_hits_channel_0_core                1716                                      # Number of row hits for write requests per channel per core
                                     [0]              1716.0                                      # 
ramulator.write_row_misses_channel_0_core                1892                                      # Number of row misses for write requests per channel per core
                                     [0]              1892.0                                      # 
ramulator.write_row_conflicts_channel_0_core               30338                                      # Number of row conflicts for write requests per channel per core
                                     [0]             30338.0                                      # 
      ramulator.useless_activates_0_core                  73                                      # Number of useless activations. E.g, ACT -> PRE w/o RD or WR
            ramulator.read_latency_avg_0           66.674167                                      # The average memory latency cycles (in memory time domain) per request for all read requests in this channel
            ramulator.read_latency_sum_0            89520471                                      # The memory latency cycles (in memory time domain) sum for all read requests in this channel
        ramulator.req_queue_length_avg_0           17.580647                                      # Average of read and write queue length per memory cycle per channel.
        ramulator.req_queue_length_sum_0           495030116                                      # Sum of read and write queue length per memory cycle per channel.
   ramulator.read_req_queue_length_avg_0            2.504990                                      # Read queue length average per memory cycle per channel.
   ramulator.read_req_queue_length_sum_0            70534689                                      # Read queue length sum per memory cycle per channel.
  ramulator.write_req_queue_length_avg_0           15.075657                                      # Write queue length average per memory cycle per channel.
  ramulator.write_req_queue_length_sum_0           424495427                                      # Write queue length sum per memory cycle per channel.
              ramulator.record_read_hits                 0.0                                      # record read hit count for this core when it reaches request limit or to the end
                                     [0]                 0.0                                      # 
            ramulator.record_read_misses                 0.0                                      # record_read_miss count for this core when it reaches request limit or to the end
                                     [0]                 0.0                                      # 
         ramulator.record_read_conflicts                 0.0                                      # record read conflict count for this core when it reaches request limit or to the end
                                     [0]                 0.0                                      # 
             ramulator.record_write_hits                 0.0                                      # record write hit count for this core when it reaches request limit or to the end
                                     [0]                 0.0                                      # 
           ramulator.record_write_misses                 0.0                                      # record write miss count for this core when it reaches request limit or to the end
                                     [0]                 0.0                                      # 
        ramulator.record_write_conflicts                 0.0                                      # record write conflict for this core when it reaches request limit or to the end
                                     [0]                 0.0                                      # 
                 ramulator.dram_capacity          8589934592                                      # Number of bytes in simulated DRAM
                   ramulator.dram_cycles            28157673                                      # Number of DRAM cycles simulated
             ramulator.incoming_requests             1376619                                      # Number of incoming requests to DRAM
                 ramulator.read_requests             1342656                                      # Number of incoming read requests to DRAM per core
                                     [0]           1342656.0                                      # 
                ramulator.write_requests               33963                                      # Number of incoming write requests to DRAM per core
                                     [0]             33963.0                                      # 
       ramulator.ramulator_active_cycles            26166603                                      # The total number of cycles that the DRAM part is active (serving R/W)
 ramulator.incoming_requests_per_channel           1376619.0                                      # Number of incoming requests to each DRAM channel
                                     [0]           1376619.0                                      # 
ramulator.incoming_read_reqs_per_channel           1342656.0                                      # Number of incoming read requests to each DRAM channel
                                     [0]           1342656.0                                      # 
     ramulator.physical_page_replacement                   0                                      # The number of times that physical page replacement happens.
             ramulator.maximum_bandwidth         19200000000                                      # The theoretical maximum bandwidth (Bps)
          ramulator.in_queue_req_num_sum           495030116                                      # Sum of read/write queue length
     ramulator.in_queue_read_req_num_sum            70534689                                      # Sum of read queue length
    ramulator.in_queue_write_req_num_sum           424495427                                      # Sum of write queue length
          ramulator.in_queue_req_num_avg           17.580647                                      # Average of read/write queue length per memory cycle
     ramulator.in_queue_read_req_num_avg            2.504990                                      # Average of read queue length per memory cycle
    ramulator.in_queue_write_req_num_avg           15.075657                                      # Average of write queue length per memory cycle
          ramulator.record_read_requests                 0.0                                      # record read requests for this core when it reaches request limit or to the end
                                     [0]                 0.0                                      # 
         ramulator.record_write_requests                 0.0                                      # record write requests for this core when it reaches request limit or to the end
                                     [0]                 0.0                                      # 
