               ramulator.active_cycles_0             5607491                                      # Total active cycles for level _0
                 ramulator.busy_cycles_0             5607491                                      # (All-bank refresh only. busy cycles only include refresh time in rank level) The sum of cycles that the DRAM part is active or under refresh for level _0
            ramulator.serving_requests_0            18158511                                      # The sum of read and write requests that are served in this DRAM element per memory cycle for level _0
    ramulator.average_serving_requests_0            2.921379                                      # The average of read and write requests that are served in this DRAM element per memory cycle for level _0
             ramulator.active_cycles_0_0             5607491                                      # Total active cycles for level _0_0
               ramulator.busy_cycles_0_0             5719211                                      # (All-bank refresh only. busy cycles only include refresh time in rank level) The sum of cycles that the DRAM part is active or under refresh for level _0_0
          ramulator.serving_requests_0_0            18158511                                      # The sum of read and write requests that are served in this DRAM element per memory cycle for level _0_0
  ramulator.average_serving_requests_0_0            2.921379                                      # The average of read and write requests that are served in this DRAM element per memory cycle for level _0_0
           ramulator.active_cycles_0_0_0             2631626                                      # Total active cycles for level _0_0_0
             ramulator.busy_cycles_0_0_0             2631626                                      # (All-bank refresh only. busy cycles only include refresh time in rank level) The sum of cycles that the DRAM part is active or under refresh for level _0_0_0
        ramulator.serving_requests_0_0_0             4316474                                      # The sum of read and write requests that are served in this DRAM element per memory cycle for level _0_0_0
ramulator.average_serving_requests_0_0_0            0.694443                                      # The average of read and write requests that are served in this DRAM element per memory cycle for level _0_0_0
         ramulator.active_cycles_0_0_0_0              797015                                      # Total active cycles for level _0_0_0_0
           ramulator.busy_cycles_0_0_0_0              797015                                      # (All-bank refresh only. busy cycles only include refresh time in rank level) The sum of cycles that the DRAM part is active or under refresh for level _0_0_0_0
      ramulator.serving_requests_0_0_0_0             1093259                                      # The sum of read and write requests that are served in this DRAM element per memory cycle for level _0_0_0_0
ramulator.average_serving_requests_0_0_0_0            0.175886                                      # The average of read and write requests that are served in this DRAM element per memory cycle for level _0_0_0_0
         ramulator.active_cycles_0_0_0_1              720878                                      # Total active cycles for level _0_0_0_1
           ramulator.busy_cycles_0_0_0_1              720878                                      # (All-bank refresh only. busy cycles only include refresh time in rank level) The sum of cycles that the DRAM part is active or under refresh for level _0_0_0_1
      ramulator.serving_requests_0_0_0_1              952523                                      # The sum of read and write requests that are served in this DRAM element per memory cycle for level _0_0_0_1
ramulator.average_serving_requests_0_0_0_1            0.153244                                      # The average of read and write requests that are served in this DRAM element per memory cycle for level _0_0_0_1
         ramulator.active_cycles_0_0_0_2              981085                                      # Total active cycles for level _0_0_0_2
           ramulator.busy_cycles_0_0_0_2              981085                                      # (All-bank refresh only. busy cycles only include refresh time in rank level) The sum of cycles that the DRAM part is active or under refresh for level _0_0_0_2
      ramulator.serving_requests_0_0_0_2             1292764                                      # The sum of read and write requests that are served in this DRAM element per memory cycle for level _0_0_0_2
ramulator.average_serving_requests_0_0_0_2            0.207983                                      # The average of read and write requests that are served in this DRAM element per memory cycle for level _0_0_0_2
         ramulator.active_cycles_0_0_0_3              731211                                      # Total active cycles for level _0_0_0_3
           ramulator.busy_cycles_0_0_0_3              731211                                      # (All-bank refresh only. busy cycles only include refresh time in rank level) The sum of cycles that the DRAM part is active or under refresh for level _0_0_0_3
      ramulator.serving_requests_0_0_0_3              977928                                      # The sum of read and write requests that are served in this DRAM element per memory cycle for level _0_0_0_3
ramulator.average_serving_requests_0_0_0_3            0.157331                                      # The average of read and write requests that are served in this DRAM element per memory cycle for level _0_0_0_3
           ramulator.active_cycles_0_0_1             2787114                                      # Total active cycles for level _0_0_1
             ramulator.busy_cycles_0_0_1             2787114                                      # (All-bank refresh only. busy cycles only include refresh time in rank level) The sum of cycles that the DRAM part is active or under refresh for level _0_0_1
        ramulator.serving_requests_0_0_1             4600396                                      # The sum of read and write requests that are served in this DRAM element per memory cycle for level _0_0_1
ramulator.average_serving_requests_0_0_1            0.740121                                      # The average of read and write requests that are served in this DRAM element per memory cycle for level _0_0_1
         ramulator.active_cycles_0_0_1_0              897023                                      # Total active cycles for level _0_0_1_0
           ramulator.busy_cycles_0_0_1_0              897023                                      # (All-bank refresh only. busy cycles only include refresh time in rank level) The sum of cycles that the DRAM part is active or under refresh for level _0_0_1_0
      ramulator.serving_requests_0_0_1_0             1194988                                      # The sum of read and write requests that are served in this DRAM element per memory cycle for level _0_0_1_0
ramulator.average_serving_requests_0_0_1_0            0.192252                                      # The average of read and write requests that are served in this DRAM element per memory cycle for level _0_0_1_0
         ramulator.active_cycles_0_0_1_1              947282                                      # Total active cycles for level _0_0_1_1
           ramulator.busy_cycles_0_0_1_1              947282                                      # (All-bank refresh only. busy cycles only include refresh time in rank level) The sum of cycles that the DRAM part is active or under refresh for level _0_0_1_1
      ramulator.serving_requests_0_0_1_1             1208635                                      # The sum of read and write requests that are served in this DRAM element per memory cycle for level _0_0_1_1
ramulator.average_serving_requests_0_0_1_1            0.194448                                      # The average of read and write requests that are served in this DRAM element per memory cycle for level _0_0_1_1
         ramulator.active_cycles_0_0_1_2              756658                                      # Total active cycles for level _0_0_1_2
           ramulator.busy_cycles_0_0_1_2              756658                                      # (All-bank refresh only. busy cycles only include refresh time in rank level) The sum of cycles that the DRAM part is active or under refresh for level _0_0_1_2
      ramulator.serving_requests_0_0_1_2              994424                                      # The sum of read and write requests that are served in this DRAM element per memory cycle for level _0_0_1_2
ramulator.average_serving_requests_0_0_1_2            0.159985                                      # The average of read and write requests that are served in this DRAM element per memory cycle for level _0_0_1_2
         ramulator.active_cycles_0_0_1_3              921100                                      # Total active cycles for level _0_0_1_3
           ramulator.busy_cycles_0_0_1_3              921100                                      # (All-bank refresh only. busy cycles only include refresh time in rank level) The sum of cycles that the DRAM part is active or under refresh for level _0_0_1_3
      ramulator.serving_requests_0_0_1_3             1202349                                      # The sum of read and write requests that are served in this DRAM element per memory cycle for level _0_0_1_3
ramulator.average_serving_requests_0_0_1_3            0.193436                                      # The average of read and write requests that are served in this DRAM element per memory cycle for level _0_0_1_3
           ramulator.active_cycles_0_0_2             3057333                                      # Total active cycles for level _0_0_2
             ramulator.busy_cycles_0_0_2             3057333                                      # (All-bank refresh only. busy cycles only include refresh time in rank level) The sum of cycles that the DRAM part is active or under refresh for level _0_0_2
        ramulator.serving_requests_0_0_2             5073182                                      # The sum of read and write requests that are served in this DRAM element per memory cycle for level _0_0_2
ramulator.average_serving_requests_0_0_2            0.816184                                      # The average of read and write requests that are served in this DRAM element per memory cycle for level _0_0_2
         ramulator.active_cycles_0_0_2_0             1054515                                      # Total active cycles for level _0_0_2_0
           ramulator.busy_cycles_0_0_2_0             1054515                                      # (All-bank refresh only. busy cycles only include refresh time in rank level) The sum of cycles that the DRAM part is active or under refresh for level _0_0_2_0
      ramulator.serving_requests_0_0_2_0             1354071                                      # The sum of read and write requests that are served in this DRAM element per memory cycle for level _0_0_2_0
ramulator.average_serving_requests_0_0_2_0            0.217846                                      # The average of read and write requests that are served in this DRAM element per memory cycle for level _0_0_2_0
         ramulator.active_cycles_0_0_2_1             1057734                                      # Total active cycles for level _0_0_2_1
           ramulator.busy_cycles_0_0_2_1             1057734                                      # (All-bank refresh only. busy cycles only include refresh time in rank level) The sum of cycles that the DRAM part is active or under refresh for level _0_0_2_1
      ramulator.serving_requests_0_0_2_1             1384320                                      # The sum of read and write requests that are served in this DRAM element per memory cycle for level _0_0_2_1
ramulator.average_serving_requests_0_0_2_1            0.222712                                      # The average of read and write requests that are served in this DRAM element per memory cycle for level _0_0_2_1
         ramulator.active_cycles_0_0_2_2              893718                                      # Total active cycles for level _0_0_2_2
           ramulator.busy_cycles_0_0_2_2              893718                                      # (All-bank refresh only. busy cycles only include refresh time in rank level) The sum of cycles that the DRAM part is active or under refresh for level _0_0_2_2
      ramulator.serving_requests_0_0_2_2             1205564                                      # The sum of read and write requests that are served in this DRAM element per memory cycle for level _0_0_2_2
ramulator.average_serving_requests_0_0_2_2            0.193954                                      # The average of read and write requests that are served in this DRAM element per memory cycle for level _0_0_2_2
         ramulator.active_cycles_0_0_2_3              846421                                      # Total active cycles for level _0_0_2_3
           ramulator.busy_cycles_0_0_2_3              846421                                      # (All-bank refresh only. busy cycles only include refresh time in rank level) The sum of cycles that the DRAM part is active or under refresh for level _0_0_2_3
      ramulator.serving_requests_0_0_2_3             1129227                                      # The sum of read and write requests that are served in this DRAM element per memory cycle for level _0_0_2_3
ramulator.average_serving_requests_0_0_2_3            0.181672                                      # The average of read and write requests that are served in this DRAM element per memory cycle for level _0_0_2_3
           ramulator.active_cycles_0_0_3             2529597                                      # Total active cycles for level _0_0_3
             ramulator.busy_cycles_0_0_3             2529597                                      # (All-bank refresh only. busy cycles only include refresh time in rank level) The sum of cycles that the DRAM part is active or under refresh for level _0_0_3
        ramulator.serving_requests_0_0_3             4168459                                      # The sum of read and write requests that are served in this DRAM element per memory cycle for level _0_0_3
ramulator.average_serving_requests_0_0_3            0.670630                                      # The average of read and write requests that are served in this DRAM element per memory cycle for level _0_0_3
         ramulator.active_cycles_0_0_3_0             1067830                                      # Total active cycles for level _0_0_3_0
           ramulator.busy_cycles_0_0_3_0             1067830                                      # (All-bank refresh only. busy cycles only include refresh time in rank level) The sum of cycles that the DRAM part is active or under refresh for level _0_0_3_0
      ramulator.serving_requests_0_0_3_0             1386748                                      # The sum of read and write requests that are served in this DRAM element per memory cycle for level _0_0_3_0
ramulator.average_serving_requests_0_0_3_0            0.223103                                      # The average of read and write requests that are served in this DRAM element per memory cycle for level _0_0_3_0
         ramulator.active_cycles_0_0_3_1              742949                                      # Total active cycles for level _0_0_3_1
           ramulator.busy_cycles_0_0_3_1              742949                                      # (All-bank refresh only. busy cycles only include refresh time in rank level) The sum of cycles that the DRAM part is active or under refresh for level _0_0_3_1
      ramulator.serving_requests_0_0_3_1             1019943                                      # The sum of read and write requests that are served in this DRAM element per memory cycle for level _0_0_3_1
ramulator.average_serving_requests_0_0_3_1            0.164091                                      # The average of read and write requests that are served in this DRAM element per memory cycle for level _0_0_3_1
         ramulator.active_cycles_0_0_3_2              597057                                      # Total active cycles for level _0_0_3_2
           ramulator.busy_cycles_0_0_3_2              597057                                      # (All-bank refresh only. busy cycles only include refresh time in rank level) The sum of cycles that the DRAM part is active or under refresh for level _0_0_3_2
      ramulator.serving_requests_0_0_3_2              821744                                      # The sum of read and write requests that are served in this DRAM element per memory cycle for level _0_0_3_2
ramulator.average_serving_requests_0_0_3_2            0.132204                                      # The average of read and write requests that are served in this DRAM element per memory cycle for level _0_0_3_2
         ramulator.active_cycles_0_0_3_3              697248                                      # Total active cycles for level _0_0_3_3
           ramulator.busy_cycles_0_0_3_3              697248                                      # (All-bank refresh only. busy cycles only include refresh time in rank level) The sum of cycles that the DRAM part is active or under refresh for level _0_0_3_3
      ramulator.serving_requests_0_0_3_3              940024                                      # The sum of read and write requests that are served in this DRAM element per memory cycle for level _0_0_3_3
ramulator.average_serving_requests_0_0_3_3            0.151233                                      # The average of read and write requests that are served in this DRAM element per memory cycle for level _0_0_3_3
      ramulator.read_transaction_bytes_0            35560000                                      # The total byte of read transaction per channel
     ramulator.write_transaction_bytes_0             1583232                                      # The total byte of write transaction per channel
       ramulator.row_hits_channel_0_core              486309                                      # Number of row hits per channel per core
     ramulator.row_misses_channel_0_core               12394                                      # Number of row misses per channel per core
  ramulator.row_conflicts_channel_0_core               81660                                      # Number of row conflicts per channel per core
  ramulator.read_row_hits_channel_0_core              475676                                      # Number of row hits for read requests per channel per core
                                     [0]            475676.0                                      # 
ramulator.read_row_misses_channel_0_core               10320                                      # Number of row misses for read requests per channel per core
                                     [0]             10320.0                                      # 
ramulator.read_row_conflicts_channel_0_core               69629                                      # Number of row conflicts for read requests per channel per core
                                     [0]             69629.0                                      # 
 ramulator.write_row_hits_channel_0_core               10633                                      # Number of row hits for write requests per channel per core
                                     [0]             10633.0                                      # 
ramulator.write_row_misses_channel_0_core                2074                                      # Number of row misses for write requests per channel per core
                                     [0]              2074.0                                      # 
ramulator.write_row_conflicts_channel_0_core               12031                                      # Number of row conflicts for write requests per channel per core
                                     [0]             12031.0                                      # 
      ramulator.useless_activates_0_core                  36                                      # Number of useless activations. E.g, ACT -> PRE w/o RD or WR
            ramulator.read_latency_avg_0           67.954216                                      # The average memory latency cycles (in memory time domain) per request for all read requests in this channel
            ramulator.read_latency_sum_0            37772351                                      # The memory latency cycles (in memory time domain) sum for all read requests in this channel
        ramulator.req_queue_length_avg_0           20.383568                                      # Average of read and write queue length per memory cycle per channel.
        ramulator.req_queue_length_sum_0           126698793                                      # Sum of read and write queue length per memory cycle per channel.
   ramulator.read_req_queue_length_avg_0            5.863379                                      # Read queue length average per memory cycle per channel.
   ramulator.read_req_queue_length_sum_0            36445191                                      # Read queue length sum per memory cycle per channel.
  ramulator.write_req_queue_length_avg_0           14.520189                                      # Write queue length average per memory cycle per channel.
  ramulator.write_req_queue_length_sum_0            90253602                                      # Write queue length sum per memory cycle per channel.
              ramulator.record_read_hits                 0.0                                      # record read hit count for this core when it reaches request limit or to the end
                                     [0]                 0.0                                      # 
            ramulator.record_read_misses                 0.0                                      # record_read_miss count for this core when it reaches request limit or to the end
                                     [0]                 0.0                                      # 
         ramulator.record_read_conflicts                 0.0                                      # record read conflict count for this core when it reaches request limit or to the end
                                     [0]                 0.0                                      # 
             ramulator.record_write_hits                 0.0                                      # record write hit count for this core when it reaches request limit or to the end
                                     [0]                 0.0                                      # 
           ramulator.record_write_misses                 0.0                                      # record write miss count for this core when it reaches request limit or to the end
                                     [0]                 0.0                                      # 
        ramulator.record_write_conflicts                 0.0                                      # record write conflict for this core when it reaches request limit or to the end
                                     [0]                 0.0                                      # 
                 ramulator.dram_capacity          8589934592                                      # Number of bytes in simulated DRAM
                   ramulator.dram_cycles             6215732                                      # Number of DRAM cycles simulated
             ramulator.incoming_requests              580613                                      # Number of incoming requests to DRAM
                 ramulator.read_requests              555850                                      # Number of incoming read requests to DRAM per core
                                     [0]            555850.0                                      # 
                ramulator.write_requests               24763                                      # Number of incoming write requests to DRAM per core
                                     [0]             24763.0                                      # 
       ramulator.ramulator_active_cycles             5607491                                      # The total number of cycles that the DRAM part is active (serving R/W)
 ramulator.incoming_requests_per_channel            580613.0                                      # Number of incoming requests to each DRAM channel
                                     [0]            580613.0                                      # 
ramulator.incoming_read_reqs_per_channel            555850.0                                      # Number of incoming read requests to each DRAM channel
                                     [0]            555850.0                                      # 
     ramulator.physical_page_replacement                   0                                      # The number of times that physical page replacement happens.
             ramulator.maximum_bandwidth         19200000000                                      # The theoretical maximum bandwidth (Bps)
          ramulator.in_queue_req_num_sum           126698793                                      # Sum of read/write queue length
     ramulator.in_queue_read_req_num_sum            36445191                                      # Sum of read queue length
    ramulator.in_queue_write_req_num_sum            90253602                                      # Sum of write queue length
          ramulator.in_queue_req_num_avg           20.383568                                      # Average of read/write queue length per memory cycle
     ramulator.in_queue_read_req_num_avg            5.863379                                      # Average of read queue length per memory cycle
    ramulator.in_queue_write_req_num_avg           14.520189                                      # Average of write queue length per memory cycle
          ramulator.record_read_requests                 0.0                                      # record read requests for this core when it reaches request limit or to the end
                                     [0]                 0.0                                      # 
         ramulator.record_write_requests                 0.0                                      # record write requests for this core when it reaches request limit or to the end
                                     [0]                 0.0                                      # 
