/* -*- Mode: c -*- */
####################################################################################################
Core 0
####################################################################################################
Cumulative:        Cycles: 11640260              Instructions: 30000005              IPC: 2.57726

EXECUTION_TIME                           3637581250000                  3637581250000              

NODE_CYCLE                                    11640260                       11640260              

NODE_INST_COUNT                               30000005                       30000005              

NODE_UOP_COUNT                                32996256                       32996256              

FULL_WINDOW_STALL                              3173829       27.266%          3173829       27.266%

FULL_WINDOW_MEM_OP                             2442307       87.276%          2442307       87.276%
FULL_WINDOW_FP_OP                               351533       12.562%           351533       12.562%
FULL_WINDOW_OTHER_OP                              4532        0.162%             4532        0.162%
                                               2798372      100.000%          2798372      100.000%
                                                  0.13         0.32              0.13         0.32

RET_BLOCKED_DC_MISS                            3059647       26.285%          3059647       26.285%

RET_BLOCKED_L1_MISS                            2347862       20.170%          2347862       20.170%

RET_BLOCKED_L1_MISS_BW_PREF                      41401        0.356%            41401        0.356%

RET_BLOCKED_L1_ACCESS                           711806        6.115%           711806        6.115%

RET_BLOCKED_MEM_STALL                          2351637       20.203%          2351637       20.203%

RET_BLOCKED_OFFCHIP_DEMAND                           0        0.000%                0        0.000%

OP_ISSUED                                     37672477                       37672477              

OP_RETIRED                                    32996256                       32996256              

REPLAY_SIGNALED                                      0                              0              

REPLAY_COUNTED                                       0                              0              

OFF_CRITICAL_PATH                                    0         -nan%                0         -nan%
ON_CRITICAL_PATH                                     0         -nan%                0         -nan%
                                                     0         -nan%                0         -nan%
                                                  -nan         -nan              -nan         -nan

LD_NO_DEPENDENTS                                 41495        0.525%            41495        0.525%
LD_DEPENDENTS                                  7860374       99.475%          7860374       99.475%
                                               7901869      100.000%          7901869      100.000%
                                                  0.99         0.99              0.99         0.99

LD_EXEC_CYCLES_0                                     0        0.000%                0        0.000%
LD_EXEC_CYCLES_1                                     0        0.000%                0        0.000%
LD_EXEC_CYCLES_2                                     0        0.000%                0        0.000%
LD_EXEC_CYCLES_3                               4211463       73.396%          4211463       73.396%
LD_EXEC_CYCLES_4                               1526542       26.604%          1526542       26.604%
                                               5738005      100.000%          5738005      100.000%
                                                  3.27         1.74              3.27         1.74

FU_BUSY_0                                      8872000                        8872000              

FU_BUSY_1                                      8062587                        8062587              

FU_BUSY_2                                      6867000                        6867000              

FU_BUSY_3                                      5341338                        5341338              

FU_BUSY_4                                      3712957                        3712957              

FU_BUSY_5                                      2470463                        2470463              

FU_BUSY_6                                      1775885                        1775885              

FU_BUSY_7                                      1261339                        1261339              

FU_BUSY_8                                            0                              0              

FU_BUSY_9                                            0                              0              

FU_BUSY_10                                           0                              0              

FU_BUSY_11                                           0                              0              

FU_BUSY_12                                           0                              0              

FU_BUSY_13                                           0                              0              

FU_BUSY_14                                           0                              0              

FU_BUSY_15                                           0                              0              

FU_BUSY_16                                           0                              0              

FU_BUSY_17                                           0                              0              

FU_BUSY_18                                           0                              0              

FU_BUSY_19                                           0                              0              

FU_BUSY_20                                           0                              0              

FU_BUSY_21                                           0                              0              

FU_BUSY_22                                           0                              0              

FU_BUSY_23                                           0                              0              

FU_BUSY_24                                           0                              0              

FU_BUSY_25                                           0                              0              

FU_BUSY_26                                           0                              0              

FU_BUSY_27                                           0                              0              

FU_BUSY_28                                           0                              0              

FU_BUSY_29                                           0                              0              

FU_BUSY_30                                           0                              0              

FU_BUSY_31                                           0                              0              

OP_WAIT_0                                     23268628                       23268628              

OP_WAIT_1                                      8351893                        8351893              

OP_WAIT_2                                       840622                         840622              

OP_WAIT_3                                       303786                         303786              

OP_WAIT_4                                        74074                          74074              

OP_WAIT_5                                        47239                          47239              

OP_WAIT_6                                        19238                          19238              

OP_WAIT_7                                        11032                          11032              

OP_WAIT_8                                         8532                           8532              

OP_WAIT_9                                         5096                           5096              

OP_WAIT_10                                        6400                           6400              

OP_WAIT_11                                        3012                           3012              

OP_WAIT_12                                        3206                           3206              

OP_WAIT_13                                        2416                           2416              

OP_WAIT_14                                        2030                           2030              

OP_WAIT_15                                        1858                           1858              

OP_WAIT_16                                        1425                           1425              

OP_WAIT_17                                        1412                           1412              

OP_WAIT_18                                        1704                           1704              

OP_WAIT_19                                        1184                           1184              

OP_WAIT_20                                        1269                           1269              

OP_WAIT_21                                         867                            867              

OP_WAIT_22                                         874                            874              

OP_WAIT_23                                         870                            870              

OP_WAIT_24                                        1145                           1145              

OP_WAIT_25                                         749                            749              

OP_WAIT_26                                        1764                           1764              

OP_WAIT_27                                        1429                           1429              

OP_WAIT_28                                         839                            839              

OP_WAIT_29                                         480                            480              

OP_WAIT_30                                         348                            348              

OP_WAIT_31                                       30835                          30835              

ROW_SIZE_0                                     4349584                        4349584              

ROW_SIZE_1                                     1460228                        1460228              

ROW_SIZE_2                                      215593                         215593              

ROW_SIZE_3                                       93352                          93352              

ROW_SIZE_4                                      134920                         134920              

ROW_SIZE_5                                      111362                         111362              

ROW_SIZE_6                                     4954716                        4954716              

ROW_SIZE_7                                           0                              0              

ROW_SIZE_8                                           0                              0              

ROW_SIZE_9                                           0                              0              

ROW_SIZE_10                                          0                              0              

ROW_SIZE_11                                          0                              0              

ROW_SIZE_12                                          0                              0              

ROW_SIZE_13                                          0                              0              

ROW_SIZE_14                                          0                              0              

ROW_SIZE_15                                          0                              0              

ROW_SIZE_16                                          0                              0              

ROW_SIZE_17                                          0                              0              

ROW_SIZE_18                                          0                              0              

ROW_SIZE_19                                          0                              0              

ROW_SIZE_20                                          0                              0              

ROW_SIZE_21                                          0                              0              

ROW_SIZE_22                                          0                              0              

ROW_SIZE_23                                          0                              0              

ROW_SIZE_24                                          0                              0              

ROW_SIZE_25                                          0                              0              

ROW_SIZE_26                                          0                              0              

ROW_SIZE_27                                          0                              0              

ROW_SIZE_28                                          0                              0              

ROW_SIZE_29                                          0                              0              

ROW_SIZE_30                                          0                              0              

ROW_SIZE_31                                          0                              0              

RET_OP_EXEC_COUNT_0                                  0        0.000%                0        0.000%
RET_OP_EXEC_COUNT_1                           32996256      100.000%         32996256      100.000%
RET_OP_EXEC_COUNT_2                                  0        0.000%                0        0.000%
RET_OP_EXEC_COUNT_3                                  0        0.000%                0        0.000%
RET_OP_EXEC_COUNT_4                                  0        0.000%                0        0.000%
RET_OP_EXEC_COUNT_5                                  0        0.000%                0        0.000%
RET_OP_EXEC_COUNT_6                                  0        0.000%                0        0.000%
RET_OP_EXEC_COUNT_7                                  0        0.000%                0        0.000%
RET_OP_EXEC_COUNT_8                                  0        0.000%                0        0.000%
RET_OP_EXEC_COUNT_9                                  0        0.000%                0        0.000%
RET_OP_EXEC_COUNT_10                                 0        0.000%                0        0.000%
RET_OP_EXEC_COUNT_11                                 0        0.000%                0        0.000%
RET_OP_EXEC_COUNT_12                                 0        0.000%                0        0.000%
RET_OP_EXEC_COUNT_13                                 0        0.000%                0        0.000%
RET_OP_EXEC_COUNT_14                                 0        0.000%                0        0.000%
RET_OP_EXEC_COUNT_15                                 0        0.000%                0        0.000%
RET_OP_EXEC_COUNT_16                                 0        0.000%                0        0.000%
RET_OP_EXEC_COUNT_17                                 0        0.000%                0        0.000%
RET_OP_EXEC_COUNT_18                                 0        0.000%                0        0.000%
RET_OP_EXEC_COUNT_19                                 0        0.000%                0        0.000%
RET_OP_EXEC_COUNT_20                                 0        0.000%                0        0.000%
RET_OP_EXEC_COUNT_21                                 0        0.000%                0        0.000%
RET_OP_EXEC_COUNT_22                                 0        0.000%                0        0.000%
RET_OP_EXEC_COUNT_23                                 0        0.000%                0        0.000%
RET_OP_EXEC_COUNT_24                                 0        0.000%                0        0.000%
RET_OP_EXEC_COUNT_25                                 0        0.000%                0        0.000%
RET_OP_EXEC_COUNT_26                                 0        0.000%                0        0.000%
RET_OP_EXEC_COUNT_27                                 0        0.000%                0        0.000%
RET_OP_EXEC_COUNT_28                                 0        0.000%                0        0.000%
RET_OP_EXEC_COUNT_29                                 0        0.000%                0        0.000%
RET_OP_EXEC_COUNT_30                                 0        0.000%                0        0.000%
RET_OP_EXEC_COUNT_31                                 0        0.000%                0        0.000%
RET_OP_EXEC_COUNT_32                                 0        0.000%                0        0.000%
                                              32996256      100.000%         32996256      100.000%
                                                  1.00         0.00              1.00         0.00

RET_STALL_LENGTH_0                            32986426       99.970%         32986426       99.970%
RET_STALL_LENGTH_100                              8989        0.027%             8989        0.027%
RET_STALL_LENGTH_200                               427        0.001%              427        0.001%
RET_STALL_LENGTH_300                                83        0.000%               83        0.000%
RET_STALL_LENGTH_400                                21        0.000%               21        0.000%
RET_STALL_LENGTH_500                                21        0.000%               21        0.000%
RET_STALL_LENGTH_600                                20        0.000%               20        0.000%
RET_STALL_LENGTH_700                                16        0.000%               16        0.000%
RET_STALL_LENGTH_800                                20        0.000%               20        0.000%
RET_STALL_LENGTH_900                                30        0.000%               30        0.000%
RET_STALL_LENGTH_1000                               25        0.000%               25        0.000%
RET_STALL_LENGTH_1100                               62        0.000%               62        0.000%
RET_STALL_LENGTH_1200                               88        0.000%               88        0.000%
RET_STALL_LENGTH_1300                               23        0.000%               23        0.000%
RET_STALL_LENGTH_1400                                3        0.000%                3        0.000%
RET_STALL_LENGTH_1500                                1        0.000%                1        0.000%
RET_STALL_LENGTH_1600                                1        0.000%                1        0.000%
RET_STALL_LENGTH_1700                                0        0.000%                0        0.000%
RET_STALL_LENGTH_1800                                0        0.000%                0        0.000%
RET_STALL_LENGTH_1900                                0        0.000%                0        0.000%
RET_STALL_LENGTH_2000                                0        0.000%                0        0.000%
RET_STALL_LENGTH_2100                                0        0.000%                0        0.000%
RET_STALL_LENGTH_2200                                0        0.000%                0        0.000%
RET_STALL_LENGTH_2300                                0        0.000%                0        0.000%
RET_STALL_LENGTH_2400                                0        0.000%                0        0.000%
RET_STALL_LENGTH_2500                                0        0.000%                0        0.000%
RET_STALL_LENGTH_2600                                0        0.000%                0        0.000%
RET_STALL_LENGTH_2700                                0        0.000%                0        0.000%
RET_STALL_LENGTH_2800                                0        0.000%                0        0.000%
RET_STALL_LENGTH_2900                                0        0.000%                0        0.000%
RET_STALL_LENGTH_3000                                0        0.000%                0        0.000%
RET_STALL_LENGTH_3100                                0        0.000%                0        0.000%
RET_STALL_LENGTH_3200                                0        0.000%                0        0.000%
RET_STALL_LENGTH_3300                                0        0.000%                0        0.000%
RET_STALL_LENGTH_3400                                0        0.000%                0        0.000%
RET_STALL_LENGTH_3500                                0        0.000%                0        0.000%
RET_STALL_LENGTH_3600                                0        0.000%                0        0.000%
RET_STALL_LENGTH_3700                                0        0.000%                0        0.000%
RET_STALL_LENGTH_3800                                0        0.000%                0        0.000%
RET_STALL_LENGTH_3900                                0        0.000%                0        0.000%
RET_STALL_LENGTH_4000                                0        0.000%                0        0.000%
RET_STALL_LENGTH_4100                                0        0.000%                0        0.000%
RET_STALL_LENGTH_4200                                0        0.000%                0        0.000%
RET_STALL_LENGTH_4300                                0        0.000%                0        0.000%
RET_STALL_LENGTH_4400                                0        0.000%                0        0.000%
RET_STALL_LENGTH_4500                                0        0.000%                0        0.000%
RET_STALL_LENGTH_4600                                0        0.000%                0        0.000%
RET_STALL_LENGTH_4700                                0        0.000%                0        0.000%
RET_STALL_LENGTH_4800                                0        0.000%                0        0.000%
RET_STALL_LENGTH_4900                                0        0.000%                0        0.000%
RET_STALL_LENGTH_5000                                0        0.000%                0        0.000%
                                              32996256      100.000%         32996256      100.000%
                                                  0.00         0.04              0.00         0.04

MEM_BLOCK_LENGTH_0                                 358       89.277%              358       89.277%
MEM_BLOCK_LENGTH_100                                10        2.494%               10        2.494%
MEM_BLOCK_LENGTH_200                                 2        0.499%                2        0.499%
MEM_BLOCK_LENGTH_300                                 3        0.748%                3        0.748%
MEM_BLOCK_LENGTH_400                                 1        0.249%                1        0.249%
MEM_BLOCK_LENGTH_500                                 5        1.247%                5        1.247%
MEM_BLOCK_LENGTH_600                                10        2.494%               10        2.494%
MEM_BLOCK_LENGTH_700                                 5        1.247%                5        1.247%
MEM_BLOCK_LENGTH_800                                 5        1.247%                5        1.247%
MEM_BLOCK_LENGTH_900                                 2        0.499%                2        0.499%
MEM_BLOCK_LENGTH_1000                                0        0.000%                0        0.000%
MEM_BLOCK_LENGTH_1100                                0        0.000%                0        0.000%
MEM_BLOCK_LENGTH_1200                                0        0.000%                0        0.000%
MEM_BLOCK_LENGTH_1300                                0        0.000%                0        0.000%
MEM_BLOCK_LENGTH_1400                                0        0.000%                0        0.000%
MEM_BLOCK_LENGTH_1500                                0        0.000%                0        0.000%
MEM_BLOCK_LENGTH_1600                                0        0.000%                0        0.000%
MEM_BLOCK_LENGTH_1700                                0        0.000%                0        0.000%
MEM_BLOCK_LENGTH_1800                                0        0.000%                0        0.000%
MEM_BLOCK_LENGTH_1900                                0        0.000%                0        0.000%
MEM_BLOCK_LENGTH_2000                                0        0.000%                0        0.000%
MEM_BLOCK_LENGTH_2100                                0        0.000%                0        0.000%
MEM_BLOCK_LENGTH_2200                                0        0.000%                0        0.000%
MEM_BLOCK_LENGTH_2300                                0        0.000%                0        0.000%
MEM_BLOCK_LENGTH_2400                                0        0.000%                0        0.000%
MEM_BLOCK_LENGTH_2500                                0        0.000%                0        0.000%
MEM_BLOCK_LENGTH_2600                                0        0.000%                0        0.000%
MEM_BLOCK_LENGTH_2700                                0        0.000%                0        0.000%
MEM_BLOCK_LENGTH_2800                                0        0.000%                0        0.000%
MEM_BLOCK_LENGTH_2900                                0        0.000%                0        0.000%
MEM_BLOCK_LENGTH_3000                                0        0.000%                0        0.000%
MEM_BLOCK_LENGTH_3100                                0        0.000%                0        0.000%
MEM_BLOCK_LENGTH_3200                                0        0.000%                0        0.000%
MEM_BLOCK_LENGTH_3300                                0        0.000%                0        0.000%
MEM_BLOCK_LENGTH_3400                                0        0.000%                0        0.000%
MEM_BLOCK_LENGTH_3500                                0        0.000%                0        0.000%
MEM_BLOCK_LENGTH_3600                                0        0.000%                0        0.000%
MEM_BLOCK_LENGTH_3700                                0        0.000%                0        0.000%
MEM_BLOCK_LENGTH_3800                                0        0.000%                0        0.000%
MEM_BLOCK_LENGTH_3900                                0        0.000%                0        0.000%
MEM_BLOCK_LENGTH_4000                                0        0.000%                0        0.000%
MEM_BLOCK_LENGTH_4100                                0        0.000%                0        0.000%
MEM_BLOCK_LENGTH_4200                                0        0.000%                0        0.000%
MEM_BLOCK_LENGTH_4300                                0        0.000%                0        0.000%
MEM_BLOCK_LENGTH_4400                                0        0.000%                0        0.000%
MEM_BLOCK_LENGTH_4500                                0        0.000%                0        0.000%
MEM_BLOCK_LENGTH_4600                                0        0.000%                0        0.000%
MEM_BLOCK_LENGTH_4700                                0        0.000%                0        0.000%
MEM_BLOCK_LENGTH_4800                                0        0.000%                0        0.000%
MEM_BLOCK_LENGTH_4900                                0        0.000%                0        0.000%
MEM_BLOCK_LENGTH_5000                                0        0.000%                0        0.000%
                                                   401      100.000%              401      100.000%
                                                  0.51         1.64              0.51         1.64

FUS_BUSY_ON_PATH                              34670308        2.9785         34670308        2.9785

FUS_BUSY_OFF_PATH                              3693261        0.3173          3693261        0.3173

FU_BUSY_MEM_STALL                              1784953        0.1533          1784953        0.1533

FUS_EMPTY                                     54758511        4.7042         54758511        4.7042

CHIP_UTILIZATION                                     0        0.0000                0        0.0000

CYCLES_UNDER_MEM_REQ                                 0                              0              

CYCLES_UNDER_NO_MEM_REQ                              0                              0              

CYCLES_UNDER_CRITICAL_MEM_REQ                        0                              0              

CYCLES_UNDER_NONCRITICAL_MEM_REQ                     0                              0              

CHIP_UTILIZATION_UNDER_MEM_REQ                       0          -nan                0          -nan

CHIP_UTILIZATION_UNDER_NO_MEM_REQ                    0          -nan                0          -nan

CHIP_UTILIZATION_UNDER_CRITICAL_MEM_REQ              0          -nan                0          -nan

CHIP_UTILIZATION_UNDER_NONCRITICAL_MEM_REQ             0          -nan                0          -nan

CYCLES_NOT_WAITING_FOR_OFF_CHIP                      0        0.0000                0        0.0000

FUS_BUSY_NOT_WAITING_FOR_OFF_CHIP                    0          -nan                0          -nan

CYCLES_WAITING_FOR_OFF_CHIP                          0        0.0000                0        0.0000

FUS_BUSY_WAITING_FOR_OFF_CHIP                        0          -nan                0          -nan

TOTAL_OFF_CHIP_DELAYS_LEFT                           0                              0              

WRONG_IO_SCHED                                       0                              0              

DVFS_CONFIG_SWITCH                                   0                              0              



