/* -*- Mode: c -*- */
####################################################################################################
Core 0
####################################################################################################
Cumulative:        Cycles: 11663038              Instructions: 30000002              IPC: 2.57223

EXECUTION_TIME                           3644699375000                  3644699375000              

NODE_CYCLE                                    11663038                       11663038              

NODE_INST_COUNT                               30000002                       30000002              

NODE_UOP_COUNT                                33023030                       33023030              

FULL_WINDOW_STALL                              3621879       31.054%          3621879       31.054%

FULL_WINDOW_MEM_OP                             2682735       85.231%          2682735       85.231%
FULL_WINDOW_FP_OP                               445518       14.154%           445518       14.154%
FULL_WINDOW_OTHER_OP                             19346        0.615%            19346        0.615%
                                               3147599      100.000%          3147599      100.000%
                                                  0.15         0.35              0.15         0.35

RET_BLOCKED_DC_MISS                            3350126       28.724%          3350126       28.724%

RET_BLOCKED_L1_MISS                            2481286       21.275%          2481286       21.275%

RET_BLOCKED_L1_MISS_BW_PREF                      36602        0.314%            36602        0.314%

RET_BLOCKED_L1_ACCESS                           869120        7.452%           869120        7.452%

RET_BLOCKED_MEM_STALL                          2526198       21.660%          2526198       21.660%

RET_BLOCKED_OFFCHIP_DEMAND                           0        0.000%                0        0.000%

OP_ISSUED                                     36836930                       36836930              

OP_RETIRED                                    33023030                       33023030              

REPLAY_SIGNALED                                      0                              0              

REPLAY_COUNTED                                       0                              0              

OFF_CRITICAL_PATH                                    0         -nan%                0         -nan%
ON_CRITICAL_PATH                                     0         -nan%                0         -nan%
                                                     0         -nan%                0         -nan%
                                                  -nan         -nan              -nan         -nan

LD_NO_DEPENDENTS                                 54828        0.699%            54828        0.699%
LD_DEPENDENTS                                  7789721       99.301%          7789721       99.301%
                                               7844549      100.000%          7844549      100.000%
                                                  0.99         0.99              0.99         0.99

LD_EXEC_CYCLES_0                                     0        0.000%                0        0.000%
LD_EXEC_CYCLES_1                                     0        0.000%                0        0.000%
LD_EXEC_CYCLES_2                                     0        0.000%                0        0.000%
LD_EXEC_CYCLES_3                               4139314       74.981%          4139314       74.981%
LD_EXEC_CYCLES_4                               1381148       25.019%          1381148       25.019%
                                               5520462      100.000%          5520462      100.000%
                                                  3.25         1.68              3.25         1.68

FU_BUSY_0                                      8723234                        8723234              

FU_BUSY_1                                      7934887                        7934887              

FU_BUSY_2                                      6777575                        6777575              

FU_BUSY_3                                      5386590                        5386590              

FU_BUSY_4                                      3930233                        3930233              

FU_BUSY_5                                      2847086                        2847086              

FU_BUSY_6                                      2085951                        2085951              

FU_BUSY_7                                      1539320                        1539320              

FU_BUSY_8                                            0                              0              

FU_BUSY_9                                            0                              0              

FU_BUSY_10                                           0                              0              

FU_BUSY_11                                           0                              0              

FU_BUSY_12                                           0                              0              

FU_BUSY_13                                           0                              0              

FU_BUSY_14                                           0                              0              

FU_BUSY_15                                           0                              0              

FU_BUSY_16                                           0                              0              

FU_BUSY_17                                           0                              0              

FU_BUSY_18                                           0                              0              

FU_BUSY_19                                           0                              0              

FU_BUSY_20                                           0                              0              

FU_BUSY_21                                           0                              0              

FU_BUSY_22                                           0                              0              

FU_BUSY_23                                           0                              0              

FU_BUSY_24                                           0                              0              

FU_BUSY_25                                           0                              0              

FU_BUSY_26                                           0                              0              

FU_BUSY_27                                           0                              0              

FU_BUSY_28                                           0                              0              

FU_BUSY_29                                           0                              0              

FU_BUSY_30                                           0                              0              

FU_BUSY_31                                           0                              0              

OP_WAIT_0                                     23521865                       23521865              

OP_WAIT_1                                      7786099                        7786099              

OP_WAIT_2                                      1034257                        1034257              

OP_WAIT_3                                       315591                         315591              

OP_WAIT_4                                       104196                         104196              

OP_WAIT_5                                        63792                          63792              

OP_WAIT_6                                        25836                          25836              

OP_WAIT_7                                        15751                          15751              

OP_WAIT_8                                        13709                          13709              

OP_WAIT_9                                        10175                          10175              

OP_WAIT_10                                       10427                          10427              

OP_WAIT_11                                        7291                           7291              

OP_WAIT_12                                        6831                           6831              

OP_WAIT_13                                        7102                           7102              

OP_WAIT_14                                        7385                           7385              

OP_WAIT_15                                        6498                           6498              

OP_WAIT_16                                        4216                           4216              

OP_WAIT_17                                        4167                           4167              

OP_WAIT_18                                        4352                           4352              

OP_WAIT_19                                        3294                           3294              

OP_WAIT_20                                        2478                           2478              

OP_WAIT_21                                        1944                           1944              

OP_WAIT_22                                        1653                           1653              

OP_WAIT_23                                        1515                           1515              

OP_WAIT_24                                        1567                           1567              

OP_WAIT_25                                        1362                           1362              

OP_WAIT_26                                        2524                           2524              

OP_WAIT_27                                        2223                           2223              

OP_WAIT_28                                        1876                           1876              

OP_WAIT_29                                        1785                           1785              

OP_WAIT_30                                        2045                           2045              

OP_WAIT_31                                       49224                          49224              

ROW_SIZE_0                                     4694678                        4694678              

ROW_SIZE_1                                     1046073                        1046073              

ROW_SIZE_2                                      228145                         228145              

ROW_SIZE_3                                      112325                         112325              

ROW_SIZE_4                                      150592                         150592              

ROW_SIZE_5                                      125728                         125728              

ROW_SIZE_6                                     4992114                        4992114              

ROW_SIZE_7                                           0                              0              

ROW_SIZE_8                                           0                              0              

ROW_SIZE_9                                           0                              0              

ROW_SIZE_10                                          0                              0              

ROW_SIZE_11                                          0                              0              

ROW_SIZE_12                                          0                              0              

ROW_SIZE_13                                          0                              0              

ROW_SIZE_14                                          0                              0              

ROW_SIZE_15                                          0                              0              

ROW_SIZE_16                                          0                              0              

ROW_SIZE_17                                          0                              0              

ROW_SIZE_18                                          0                              0              

ROW_SIZE_19                                          0                              0              

ROW_SIZE_20                                          0                              0              

ROW_SIZE_21                                          0                              0              

ROW_SIZE_22                                          0                              0              

ROW_SIZE_23                                          0                              0              

ROW_SIZE_24                                          0                              0              

ROW_SIZE_25                                          0                              0              

ROW_SIZE_26                                          0                              0              

ROW_SIZE_27                                          0                              0              

ROW_SIZE_28                                          0                              0              

ROW_SIZE_29                                          0                              0              

ROW_SIZE_30                                          0                              0              

ROW_SIZE_31                                          0                              0              

RET_OP_EXEC_COUNT_0                                  0        0.000%                0        0.000%
RET_OP_EXEC_COUNT_1                           33023030      100.000%         33023030      100.000%
RET_OP_EXEC_COUNT_2                                  0        0.000%                0        0.000%
RET_OP_EXEC_COUNT_3                                  0        0.000%                0        0.000%
RET_OP_EXEC_COUNT_4                                  0        0.000%                0        0.000%
RET_OP_EXEC_COUNT_5                                  0        0.000%                0        0.000%
RET_OP_EXEC_COUNT_6                                  0        0.000%                0        0.000%
RET_OP_EXEC_COUNT_7                                  0        0.000%                0        0.000%
RET_OP_EXEC_COUNT_8                                  0        0.000%                0        0.000%
RET_OP_EXEC_COUNT_9                                  0        0.000%                0        0.000%
RET_OP_EXEC_COUNT_10                                 0        0.000%                0        0.000%
RET_OP_EXEC_COUNT_11                                 0        0.000%                0        0.000%
RET_OP_EXEC_COUNT_12                                 0        0.000%                0        0.000%
RET_OP_EXEC_COUNT_13                                 0        0.000%                0        0.000%
RET_OP_EXEC_COUNT_14                                 0        0.000%                0        0.000%
RET_OP_EXEC_COUNT_15                                 0        0.000%                0        0.000%
RET_OP_EXEC_COUNT_16                                 0        0.000%                0        0.000%
RET_OP_EXEC_COUNT_17                                 0        0.000%                0        0.000%
RET_OP_EXEC_COUNT_18                                 0        0.000%                0        0.000%
RET_OP_EXEC_COUNT_19                                 0        0.000%                0        0.000%
RET_OP_EXEC_COUNT_20                                 0        0.000%                0        0.000%
RET_OP_EXEC_COUNT_21                                 0        0.000%                0        0.000%
RET_OP_EXEC_COUNT_22                                 0        0.000%                0        0.000%
RET_OP_EXEC_COUNT_23                                 0        0.000%                0        0.000%
RET_OP_EXEC_COUNT_24                                 0        0.000%                0        0.000%
RET_OP_EXEC_COUNT_25                                 0        0.000%                0        0.000%
RET_OP_EXEC_COUNT_26                                 0        0.000%                0        0.000%
RET_OP_EXEC_COUNT_27                                 0        0.000%                0        0.000%
RET_OP_EXEC_COUNT_28                                 0        0.000%                0        0.000%
RET_OP_EXEC_COUNT_29                                 0        0.000%                0        0.000%
RET_OP_EXEC_COUNT_30                                 0        0.000%                0        0.000%
RET_OP_EXEC_COUNT_31                                 0        0.000%                0        0.000%
RET_OP_EXEC_COUNT_32                                 0        0.000%                0        0.000%
                                              33023030      100.000%         33023030      100.000%
                                                  1.00         0.00              1.00         0.00

RET_STALL_LENGTH_0                            33012394       99.968%         33012394       99.968%
RET_STALL_LENGTH_100                              9938        0.030%             9938        0.030%
RET_STALL_LENGTH_200                               358        0.001%              358        0.001%
RET_STALL_LENGTH_300                                72        0.000%               72        0.000%
RET_STALL_LENGTH_400                                 6        0.000%                6        0.000%
RET_STALL_LENGTH_500                                 9        0.000%                9        0.000%
RET_STALL_LENGTH_600                                16        0.000%               16        0.000%
RET_STALL_LENGTH_700                                 5        0.000%                5        0.000%
RET_STALL_LENGTH_800                                14        0.000%               14        0.000%
RET_STALL_LENGTH_900                                18        0.000%               18        0.000%
RET_STALL_LENGTH_1000                               18        0.000%               18        0.000%
RET_STALL_LENGTH_1100                               72        0.000%               72        0.000%
RET_STALL_LENGTH_1200                               83        0.000%               83        0.000%
RET_STALL_LENGTH_1300                               20        0.000%               20        0.000%
RET_STALL_LENGTH_1400                                6        0.000%                6        0.000%
RET_STALL_LENGTH_1500                                0        0.000%                0        0.000%
RET_STALL_LENGTH_1600                                1        0.000%                1        0.000%
RET_STALL_LENGTH_1700                                0        0.000%                0        0.000%
RET_STALL_LENGTH_1800                                0        0.000%                0        0.000%
RET_STALL_LENGTH_1900                                0        0.000%                0        0.000%
RET_STALL_LENGTH_2000                                0        0.000%                0        0.000%
RET_STALL_LENGTH_2100                                0        0.000%                0        0.000%
RET_STALL_LENGTH_2200                                0        0.000%                0        0.000%
RET_STALL_LENGTH_2300                                0        0.000%                0        0.000%
RET_STALL_LENGTH_2400                                0        0.000%                0        0.000%
RET_STALL_LENGTH_2500                                0        0.000%                0        0.000%
RET_STALL_LENGTH_2600                                0        0.000%                0        0.000%
RET_STALL_LENGTH_2700                                0        0.000%                0        0.000%
RET_STALL_LENGTH_2800                                0        0.000%                0        0.000%
RET_STALL_LENGTH_2900                                0        0.000%                0        0.000%
RET_STALL_LENGTH_3000                                0        0.000%                0        0.000%
RET_STALL_LENGTH_3100                                0        0.000%                0        0.000%
RET_STALL_LENGTH_3200                                0        0.000%                0        0.000%
RET_STALL_LENGTH_3300                                0        0.000%                0        0.000%
RET_STALL_LENGTH_3400                                0        0.000%                0        0.000%
RET_STALL_LENGTH_3500                                0        0.000%                0        0.000%
RET_STALL_LENGTH_3600                                0        0.000%                0        0.000%
RET_STALL_LENGTH_3700                                0        0.000%                0        0.000%
RET_STALL_LENGTH_3800                                0        0.000%                0        0.000%
RET_STALL_LENGTH_3900                                0        0.000%                0        0.000%
RET_STALL_LENGTH_4000                                0        0.000%                0        0.000%
RET_STALL_LENGTH_4100                                0        0.000%                0        0.000%
RET_STALL_LENGTH_4200                                0        0.000%                0        0.000%
RET_STALL_LENGTH_4300                                0        0.000%                0        0.000%
RET_STALL_LENGTH_4400                                0        0.000%                0        0.000%
RET_STALL_LENGTH_4500                                0        0.000%                0        0.000%
RET_STALL_LENGTH_4600                                0        0.000%                0        0.000%
RET_STALL_LENGTH_4700                                0        0.000%                0        0.000%
RET_STALL_LENGTH_4800                                0        0.000%                0        0.000%
RET_STALL_LENGTH_4900                                0        0.000%                0        0.000%
RET_STALL_LENGTH_5000                                0        0.000%                0        0.000%
                                              33023030      100.000%         33023030      100.000%
                                                  0.00         0.04              0.00         0.04

MEM_BLOCK_LENGTH_0                                1927       83.025%             1927       83.025%
MEM_BLOCK_LENGTH_100                               206        8.875%              206        8.875%
MEM_BLOCK_LENGTH_200                                70        3.016%               70        3.016%
MEM_BLOCK_LENGTH_300                                27        1.163%               27        1.163%
MEM_BLOCK_LENGTH_400                                26        1.120%               26        1.120%
MEM_BLOCK_LENGTH_500                                33        1.422%               33        1.422%
MEM_BLOCK_LENGTH_600                                18        0.776%               18        0.776%
MEM_BLOCK_LENGTH_700                                 3        0.129%                3        0.129%
MEM_BLOCK_LENGTH_800                                 3        0.129%                3        0.129%
MEM_BLOCK_LENGTH_900                                 1        0.043%                1        0.043%
MEM_BLOCK_LENGTH_1000                                0        0.000%                0        0.000%
MEM_BLOCK_LENGTH_1100                                0        0.000%                0        0.000%
MEM_BLOCK_LENGTH_1200                                0        0.000%                0        0.000%
MEM_BLOCK_LENGTH_1300                                3        0.129%                3        0.129%
MEM_BLOCK_LENGTH_1400                                0        0.000%                0        0.000%
MEM_BLOCK_LENGTH_1500                                0        0.000%                0        0.000%
MEM_BLOCK_LENGTH_1600                                0        0.000%                0        0.000%
MEM_BLOCK_LENGTH_1700                                0        0.000%                0        0.000%
MEM_BLOCK_LENGTH_1800                                1        0.043%                1        0.043%
MEM_BLOCK_LENGTH_1900                                1        0.043%                1        0.043%
MEM_BLOCK_LENGTH_2000                                0        0.000%                0        0.000%
MEM_BLOCK_LENGTH_2100                                0        0.000%                0        0.000%
MEM_BLOCK_LENGTH_2200                                1        0.043%                1        0.043%
MEM_BLOCK_LENGTH_2300                                0        0.000%                0        0.000%
MEM_BLOCK_LENGTH_2400                                0        0.000%                0        0.000%
MEM_BLOCK_LENGTH_2500                                0        0.000%                0        0.000%
MEM_BLOCK_LENGTH_2600                                0        0.000%                0        0.000%
MEM_BLOCK_LENGTH_2700                                0        0.000%                0        0.000%
MEM_BLOCK_LENGTH_2800                                0        0.000%                0        0.000%
MEM_BLOCK_LENGTH_2900                                0        0.000%                0        0.000%
MEM_BLOCK_LENGTH_3000                                0        0.000%                0        0.000%
MEM_BLOCK_LENGTH_3100                                0        0.000%                0        0.000%
MEM_BLOCK_LENGTH_3200                                0        0.000%                0        0.000%
MEM_BLOCK_LENGTH_3300                                0        0.000%                0        0.000%
MEM_BLOCK_LENGTH_3400                                0        0.000%                0        0.000%
MEM_BLOCK_LENGTH_3500                                0        0.000%                0        0.000%
MEM_BLOCK_LENGTH_3600                                0        0.000%                0        0.000%
MEM_BLOCK_LENGTH_3700                                0        0.000%                0        0.000%
MEM_BLOCK_LENGTH_3800                                0        0.000%                0        0.000%
MEM_BLOCK_LENGTH_3900                                0        0.000%                0        0.000%
MEM_BLOCK_LENGTH_4000                                0        0.000%                0        0.000%
MEM_BLOCK_LENGTH_4100                                0        0.000%                0        0.000%
MEM_BLOCK_LENGTH_4200                                0        0.000%                0        0.000%
MEM_BLOCK_LENGTH_4300                                0        0.000%                0        0.000%
MEM_BLOCK_LENGTH_4400                                0        0.000%                0        0.000%
MEM_BLOCK_LENGTH_4500                                0        0.000%                0        0.000%
MEM_BLOCK_LENGTH_4600                                0        0.000%                0        0.000%
MEM_BLOCK_LENGTH_4700                                0        0.000%                0        0.000%
MEM_BLOCK_LENGTH_4800                                0        0.000%                0        0.000%
MEM_BLOCK_LENGTH_4900                                0        0.000%                0        0.000%
MEM_BLOCK_LENGTH_5000                                1        0.043%                1        0.043%
                                                  2321      100.000%             2321      100.000%
                                                  0.43         1.66              0.43         1.66

FUS_BUSY_ON_PATH                              36408933        3.1217         36408933        3.1217

FUS_BUSY_OFF_PATH                              2815943        0.2414          2815943        0.2414

FU_BUSY_MEM_STALL                              3464550        0.2971          3464550        0.2971

FUS_EMPTY                                     54079428        4.6368         54079428        4.6368

CHIP_UTILIZATION                                     0        0.0000                0        0.0000

CYCLES_UNDER_MEM_REQ                                 0                              0              

CYCLES_UNDER_NO_MEM_REQ                              0                              0              

CYCLES_UNDER_CRITICAL_MEM_REQ                        0                              0              

CYCLES_UNDER_NONCRITICAL_MEM_REQ                     0                              0              

CHIP_UTILIZATION_UNDER_MEM_REQ                       0          -nan                0          -nan

CHIP_UTILIZATION_UNDER_NO_MEM_REQ                    0          -nan                0          -nan

CHIP_UTILIZATION_UNDER_CRITICAL_MEM_REQ              0          -nan                0          -nan

CHIP_UTILIZATION_UNDER_NONCRITICAL_MEM_REQ             0          -nan                0          -nan

CYCLES_NOT_WAITING_FOR_OFF_CHIP                      0        0.0000                0        0.0000

FUS_BUSY_NOT_WAITING_FOR_OFF_CHIP                    0          -nan                0          -nan

CYCLES_WAITING_FOR_OFF_CHIP                          0        0.0000                0        0.0000

FUS_BUSY_WAITING_FOR_OFF_CHIP                        0          -nan                0          -nan

TOTAL_OFF_CHIP_DELAYS_LEFT                           0                              0              

WRONG_IO_SCHED                                       0                              0              

DVFS_CONFIG_SWITCH                                   0                              0              



