/* -*- Mode: c -*- */
####################################################################################################
Core 0
####################################################################################################
Cumulative:        Cycles: 29409776              Instructions: 30000000              IPC: 1.02007

EXECUTION_TIME                           9190555000000                  9190555000000              

NODE_CYCLE                                    29409776                       29409776              

NODE_INST_COUNT                               30000000                       30000000              

NODE_UOP_COUNT                                34103659                       34103659              

FULL_WINDOW_STALL                             16564097       56.322%         16564097       56.322%

FULL_WINDOW_MEM_OP                            15674771       99.986%         15674771       99.986%
FULL_WINDOW_FP_OP                                    0        0.000%                0        0.000%
FULL_WINDOW_OTHER_OP                              2234        0.014%             2234        0.014%
                                              15677005      100.000%         15677005      100.000%
                                                  0.00         0.02              0.00         0.02

RET_BLOCKED_DC_MISS                           16385365       55.714%         16385365       55.714%

RET_BLOCKED_L1_MISS                           12572970       42.751%         12572970       42.751%

RET_BLOCKED_L1_MISS_BW_PREF                      61323        0.209%            61323        0.209%

RET_BLOCKED_L1_ACCESS                          3812434       12.963%          3812434       12.963%

RET_BLOCKED_MEM_STALL                         12577154       42.765%         12577154       42.765%

RET_BLOCKED_OFFCHIP_DEMAND                           0        0.000%                0        0.000%

OP_ISSUED                                     50058026                       50058026              

OP_RETIRED                                    34103659                       34103659              

REPLAY_SIGNALED                                      0                              0              

REPLAY_COUNTED                                       0                              0              

OFF_CRITICAL_PATH                                    0         -nan%                0         -nan%
ON_CRITICAL_PATH                                     0         -nan%                0         -nan%
                                                     0         -nan%                0         -nan%
                                                  -nan         -nan              -nan         -nan

LD_NO_DEPENDENTS                                   820        0.011%              820        0.011%
LD_DEPENDENTS                                  7415044       99.989%          7415044       99.989%
                                               7415864      100.000%          7415864      100.000%
                                                  1.00         1.00              1.00         1.00

LD_EXEC_CYCLES_0                                     0        0.000%                0        0.000%
LD_EXEC_CYCLES_1                                     0        0.000%                0        0.000%
LD_EXEC_CYCLES_2                                     0        0.000%                0        0.000%
LD_EXEC_CYCLES_3                               5510988       86.004%          5510988       86.004%
LD_EXEC_CYCLES_4                                896813       13.996%           896813       13.996%
                                               6407801      100.000%          6407801      100.000%
                                                  3.14         1.22              3.14         1.22

FU_BUSY_0                                     12104686                       12104686              

FU_BUSY_1                                     10040709                       10040709              

FU_BUSY_2                                      7246661                        7246661              

FU_BUSY_3                                      5378261                        5378261              

FU_BUSY_4                                      3602915                        3602915              

FU_BUSY_5                                      2368619                        2368619              

FU_BUSY_6                                      1408113                        1408113              

FU_BUSY_7                                       854275                         854275              

FU_BUSY_8                                            0                              0              

FU_BUSY_9                                            0                              0              

FU_BUSY_10                                           0                              0              

FU_BUSY_11                                           0                              0              

FU_BUSY_12                                           0                              0              

FU_BUSY_13                                           0                              0              

FU_BUSY_14                                           0                              0              

FU_BUSY_15                                           0                              0              

FU_BUSY_16                                           0                              0              

FU_BUSY_17                                           0                              0              

FU_BUSY_18                                           0                              0              

FU_BUSY_19                                           0                              0              

FU_BUSY_20                                           0                              0              

FU_BUSY_21                                           0                              0              

FU_BUSY_22                                           0                              0              

FU_BUSY_23                                           0                              0              

FU_BUSY_24                                           0                              0              

FU_BUSY_25                                           0                              0              

FU_BUSY_26                                           0                              0              

FU_BUSY_27                                           0                              0              

FU_BUSY_28                                           0                              0              

FU_BUSY_29                                           0                              0              

FU_BUSY_30                                           0                              0              

FU_BUSY_31                                           0                              0              

OP_WAIT_0                                     23933179                       23933179              

OP_WAIT_1                                      7970816                        7970816              

OP_WAIT_2                                       656194                         656194              

OP_WAIT_3                                       203756                         203756              

OP_WAIT_4                                        83163                          83163              

OP_WAIT_5                                       202317                         202317              

OP_WAIT_6                                       410281                         410281              

OP_WAIT_7                                        21125                          21125              

OP_WAIT_8                                        12848                          12848              

OP_WAIT_9                                        12801                          12801              

OP_WAIT_10                                       13314                          13314              

OP_WAIT_11                                        7212                           7212              

OP_WAIT_12                                        9563                           9563              

OP_WAIT_13                                        3399                           3399              

OP_WAIT_14                                       82577                          82577              

OP_WAIT_15                                        4747                           4747              

OP_WAIT_16                                       78686                          78686              

OP_WAIT_17                                        1377                           1377              

OP_WAIT_18                                        3637                           3637              

OP_WAIT_19                                        2554                           2554              

OP_WAIT_20                                        6950                           6950              

OP_WAIT_21                                        6930                           6930              

OP_WAIT_22                                      152327                         152327              

OP_WAIT_23                                         993                            993              

OP_WAIT_24                                         586                            586              

OP_WAIT_25                                         239                            239              

OP_WAIT_26                                         248                            248              

OP_WAIT_27                                         294                            294              

OP_WAIT_28                                         340                            340              

OP_WAIT_29                                         496                            496              

OP_WAIT_30                                         330                            330              

OP_WAIT_31                                      220380                         220380              

ROW_SIZE_0                                    18939527                       18939527              

ROW_SIZE_1                                     2074735                        2074735              

ROW_SIZE_2                                      998259                         998259              

ROW_SIZE_3                                      834573                         834573              

ROW_SIZE_4                                      445199                         445199              

ROW_SIZE_5                                      212987                         212987              

ROW_SIZE_6                                     4113826                        4113826              

ROW_SIZE_7                                           0                              0              

ROW_SIZE_8                                           0                              0              

ROW_SIZE_9                                           0                              0              

ROW_SIZE_10                                          0                              0              

ROW_SIZE_11                                          0                              0              

ROW_SIZE_12                                          0                              0              

ROW_SIZE_13                                          0                              0              

ROW_SIZE_14                                          0                              0              

ROW_SIZE_15                                          0                              0              

ROW_SIZE_16                                          0                              0              

ROW_SIZE_17                                          0                              0              

ROW_SIZE_18                                          0                              0              

ROW_SIZE_19                                          0                              0              

ROW_SIZE_20                                          0                              0              

ROW_SIZE_21                                          0                              0              

ROW_SIZE_22                                          0                              0              

ROW_SIZE_23                                          0                              0              

ROW_SIZE_24                                          0                              0              

ROW_SIZE_25                                          0                              0              

ROW_SIZE_26                                          0                              0              

ROW_SIZE_27                                          0                              0              

ROW_SIZE_28                                          0                              0              

ROW_SIZE_29                                          0                              0              

ROW_SIZE_30                                          0                              0              

ROW_SIZE_31                                          0                              0              

RET_OP_EXEC_COUNT_0                                  0        0.000%                0        0.000%
RET_OP_EXEC_COUNT_1                           34103659      100.000%         34103659      100.000%
RET_OP_EXEC_COUNT_2                                  0        0.000%                0        0.000%
RET_OP_EXEC_COUNT_3                                  0        0.000%                0        0.000%
RET_OP_EXEC_COUNT_4                                  0        0.000%                0        0.000%
RET_OP_EXEC_COUNT_5                                  0        0.000%                0        0.000%
RET_OP_EXEC_COUNT_6                                  0        0.000%                0        0.000%
RET_OP_EXEC_COUNT_7                                  0        0.000%                0        0.000%
RET_OP_EXEC_COUNT_8                                  0        0.000%                0        0.000%
RET_OP_EXEC_COUNT_9                                  0        0.000%                0        0.000%
RET_OP_EXEC_COUNT_10                                 0        0.000%                0        0.000%
RET_OP_EXEC_COUNT_11                                 0        0.000%                0        0.000%
RET_OP_EXEC_COUNT_12                                 0        0.000%                0        0.000%
RET_OP_EXEC_COUNT_13                                 0        0.000%                0        0.000%
RET_OP_EXEC_COUNT_14                                 0        0.000%                0        0.000%
RET_OP_EXEC_COUNT_15                                 0        0.000%                0        0.000%
RET_OP_EXEC_COUNT_16                                 0        0.000%                0        0.000%
RET_OP_EXEC_COUNT_17                                 0        0.000%                0        0.000%
RET_OP_EXEC_COUNT_18                                 0        0.000%                0        0.000%
RET_OP_EXEC_COUNT_19                                 0        0.000%                0        0.000%
RET_OP_EXEC_COUNT_20                                 0        0.000%                0        0.000%
RET_OP_EXEC_COUNT_21                                 0        0.000%                0        0.000%
RET_OP_EXEC_COUNT_22                                 0        0.000%                0        0.000%
RET_OP_EXEC_COUNT_23                                 0        0.000%                0        0.000%
RET_OP_EXEC_COUNT_24                                 0        0.000%                0        0.000%
RET_OP_EXEC_COUNT_25                                 0        0.000%                0        0.000%
RET_OP_EXEC_COUNT_26                                 0        0.000%                0        0.000%
RET_OP_EXEC_COUNT_27                                 0        0.000%                0        0.000%
RET_OP_EXEC_COUNT_28                                 0        0.000%                0        0.000%
RET_OP_EXEC_COUNT_29                                 0        0.000%                0        0.000%
RET_OP_EXEC_COUNT_30                                 0        0.000%                0        0.000%
RET_OP_EXEC_COUNT_31                                 0        0.000%                0        0.000%
RET_OP_EXEC_COUNT_32                                 0        0.000%                0        0.000%
                                              34103659      100.000%         34103659      100.000%
                                                  1.00         0.00              1.00         0.00

RET_STALL_LENGTH_0                            34026589       99.774%         34026589       99.774%
RET_STALL_LENGTH_100                             74628        0.219%            74628        0.219%
RET_STALL_LENGTH_200                               290        0.001%              290        0.001%
RET_STALL_LENGTH_300                               361        0.001%              361        0.001%
RET_STALL_LENGTH_400                               508        0.001%              508        0.001%
RET_STALL_LENGTH_500                               393        0.001%              393        0.001%
RET_STALL_LENGTH_600                                83        0.000%               83        0.000%
RET_STALL_LENGTH_700                                26        0.000%               26        0.000%
RET_STALL_LENGTH_800                                14        0.000%               14        0.000%
RET_STALL_LENGTH_900                                25        0.000%               25        0.000%
RET_STALL_LENGTH_1000                               41        0.000%               41        0.000%
RET_STALL_LENGTH_1100                              120        0.000%              120        0.000%
RET_STALL_LENGTH_1200                              466        0.001%              466        0.001%
RET_STALL_LENGTH_1300                               77        0.000%               77        0.000%
RET_STALL_LENGTH_1400                                4        0.000%                4        0.000%
RET_STALL_LENGTH_1500                                7        0.000%                7        0.000%
RET_STALL_LENGTH_1600                               11        0.000%               11        0.000%
RET_STALL_LENGTH_1700                               11        0.000%               11        0.000%
RET_STALL_LENGTH_1800                                3        0.000%                3        0.000%
RET_STALL_LENGTH_1900                                1        0.000%                1        0.000%
RET_STALL_LENGTH_2000                                0        0.000%                0        0.000%
RET_STALL_LENGTH_2100                                1        0.000%                1        0.000%
RET_STALL_LENGTH_2200                                0        0.000%                0        0.000%
RET_STALL_LENGTH_2300                                0        0.000%                0        0.000%
RET_STALL_LENGTH_2400                                0        0.000%                0        0.000%
RET_STALL_LENGTH_2500                                0        0.000%                0        0.000%
RET_STALL_LENGTH_2600                                0        0.000%                0        0.000%
RET_STALL_LENGTH_2700                                0        0.000%                0        0.000%
RET_STALL_LENGTH_2800                                0        0.000%                0        0.000%
RET_STALL_LENGTH_2900                                0        0.000%                0        0.000%
RET_STALL_LENGTH_3000                                0        0.000%                0        0.000%
RET_STALL_LENGTH_3100                                0        0.000%                0        0.000%
RET_STALL_LENGTH_3200                                0        0.000%                0        0.000%
RET_STALL_LENGTH_3300                                0        0.000%                0        0.000%
RET_STALL_LENGTH_3400                                0        0.000%                0        0.000%
RET_STALL_LENGTH_3500                                0        0.000%                0        0.000%
RET_STALL_LENGTH_3600                                0        0.000%                0        0.000%
RET_STALL_LENGTH_3700                                0        0.000%                0        0.000%
RET_STALL_LENGTH_3800                                0        0.000%                0        0.000%
RET_STALL_LENGTH_3900                                0        0.000%                0        0.000%
RET_STALL_LENGTH_4000                                0        0.000%                0        0.000%
RET_STALL_LENGTH_4100                                0        0.000%                0        0.000%
RET_STALL_LENGTH_4200                                0        0.000%                0        0.000%
RET_STALL_LENGTH_4300                                0        0.000%                0        0.000%
RET_STALL_LENGTH_4400                                0        0.000%                0        0.000%
RET_STALL_LENGTH_4500                                0        0.000%                0        0.000%
RET_STALL_LENGTH_4600                                0        0.000%                0        0.000%
RET_STALL_LENGTH_4700                                0        0.000%                0        0.000%
RET_STALL_LENGTH_4800                                0        0.000%                0        0.000%
RET_STALL_LENGTH_4900                                0        0.000%                0        0.000%
RET_STALL_LENGTH_5000                                0        0.000%                0        0.000%
                                              34103659      100.000%         34103659      100.000%
                                                  0.00         0.08              0.00         0.08

MEM_BLOCK_LENGTH_0                                 691       97.187%              691       97.187%
MEM_BLOCK_LENGTH_100                                 4        0.563%                4        0.563%
MEM_BLOCK_LENGTH_200                                 4        0.563%                4        0.563%
MEM_BLOCK_LENGTH_300                                 1        0.141%                1        0.141%
MEM_BLOCK_LENGTH_400                                 7        0.985%                7        0.985%
MEM_BLOCK_LENGTH_500                                 2        0.281%                2        0.281%
MEM_BLOCK_LENGTH_600                                 1        0.141%                1        0.141%
MEM_BLOCK_LENGTH_700                                 1        0.141%                1        0.141%
MEM_BLOCK_LENGTH_800                                 0        0.000%                0        0.000%
MEM_BLOCK_LENGTH_900                                 0        0.000%                0        0.000%
MEM_BLOCK_LENGTH_1000                                0        0.000%                0        0.000%
MEM_BLOCK_LENGTH_1100                                0        0.000%                0        0.000%
MEM_BLOCK_LENGTH_1200                                0        0.000%                0        0.000%
MEM_BLOCK_LENGTH_1300                                0        0.000%                0        0.000%
MEM_BLOCK_LENGTH_1400                                0        0.000%                0        0.000%
MEM_BLOCK_LENGTH_1500                                0        0.000%                0        0.000%
MEM_BLOCK_LENGTH_1600                                0        0.000%                0        0.000%
MEM_BLOCK_LENGTH_1700                                0        0.000%                0        0.000%
MEM_BLOCK_LENGTH_1800                                0        0.000%                0        0.000%
MEM_BLOCK_LENGTH_1900                                0        0.000%                0        0.000%
MEM_BLOCK_LENGTH_2000                                0        0.000%                0        0.000%
MEM_BLOCK_LENGTH_2100                                0        0.000%                0        0.000%
MEM_BLOCK_LENGTH_2200                                0        0.000%                0        0.000%
MEM_BLOCK_LENGTH_2300                                0        0.000%                0        0.000%
MEM_BLOCK_LENGTH_2400                                0        0.000%                0        0.000%
MEM_BLOCK_LENGTH_2500                                0        0.000%                0        0.000%
MEM_BLOCK_LENGTH_2600                                0        0.000%                0        0.000%
MEM_BLOCK_LENGTH_2700                                0        0.000%                0        0.000%
MEM_BLOCK_LENGTH_2800                                0        0.000%                0        0.000%
MEM_BLOCK_LENGTH_2900                                0        0.000%                0        0.000%
MEM_BLOCK_LENGTH_3000                                0        0.000%                0        0.000%
MEM_BLOCK_LENGTH_3100                                0        0.000%                0        0.000%
MEM_BLOCK_LENGTH_3200                                0        0.000%                0        0.000%
MEM_BLOCK_LENGTH_3300                                0        0.000%                0        0.000%
MEM_BLOCK_LENGTH_3400                                0        0.000%                0        0.000%
MEM_BLOCK_LENGTH_3500                                0        0.000%                0        0.000%
MEM_BLOCK_LENGTH_3600                                0        0.000%                0        0.000%
MEM_BLOCK_LENGTH_3700                                0        0.000%                0        0.000%
MEM_BLOCK_LENGTH_3800                                0        0.000%                0        0.000%
MEM_BLOCK_LENGTH_3900                                0        0.000%                0        0.000%
MEM_BLOCK_LENGTH_4000                                0        0.000%                0        0.000%
MEM_BLOCK_LENGTH_4100                                0        0.000%                0        0.000%
MEM_BLOCK_LENGTH_4200                                0        0.000%                0        0.000%
MEM_BLOCK_LENGTH_4300                                0        0.000%                0        0.000%
MEM_BLOCK_LENGTH_4400                                0        0.000%                0        0.000%
MEM_BLOCK_LENGTH_4500                                0        0.000%                0        0.000%
MEM_BLOCK_LENGTH_4600                                0        0.000%                0        0.000%
MEM_BLOCK_LENGTH_4700                                0        0.000%                0        0.000%
MEM_BLOCK_LENGTH_4800                                0        0.000%                0        0.000%
MEM_BLOCK_LENGTH_4900                                0        0.000%                0        0.000%
MEM_BLOCK_LENGTH_5000                                0        0.000%                0        0.000%
                                                   711      100.000%              711      100.000%
                                                  0.09         0.61              0.09         0.61

FUS_BUSY_ON_PATH                              35407373        1.2039         35407373        1.2039

FUS_BUSY_OFF_PATH                              7596866        0.2583          7596866        0.2583

FU_BUSY_MEM_STALL                              1506642        0.0512          1506642        0.0512

FUS_EMPTY                                    192273969        6.5378        192273969        6.5378

CHIP_UTILIZATION                                     0        0.0000                0        0.0000

CYCLES_UNDER_MEM_REQ                                 0                              0              

CYCLES_UNDER_NO_MEM_REQ                              0                              0              

CYCLES_UNDER_CRITICAL_MEM_REQ                        0                              0              

CYCLES_UNDER_NONCRITICAL_MEM_REQ                     0                              0              

CHIP_UTILIZATION_UNDER_MEM_REQ                       0          -nan                0          -nan

CHIP_UTILIZATION_UNDER_NO_MEM_REQ                    0          -nan                0          -nan

CHIP_UTILIZATION_UNDER_CRITICAL_MEM_REQ              0          -nan                0          -nan

CHIP_UTILIZATION_UNDER_NONCRITICAL_MEM_REQ             0          -nan                0          -nan

CYCLES_NOT_WAITING_FOR_OFF_CHIP                      0        0.0000                0        0.0000

FUS_BUSY_NOT_WAITING_FOR_OFF_CHIP                    0          -nan                0          -nan

CYCLES_WAITING_FOR_OFF_CHIP                          0        0.0000                0        0.0000

FUS_BUSY_WAITING_FOR_OFF_CHIP                        0          -nan                0          -nan

TOTAL_OFF_CHIP_DELAYS_LEFT                           0                              0              

WRONG_IO_SCHED                                       0                              0              

DVFS_CONFIG_SWITCH                                   0                              0              



