               ramulator.active_cycles_0            11786518                                      # Total active cycles for level _0
                 ramulator.busy_cycles_0            11786518                                      # (All-bank refresh only. busy cycles only include refresh time in rank level) The sum of cycles that the DRAM part is active or under refresh for level _0
            ramulator.serving_requests_0            40530475                                      # The sum of read and write requests that are served in this DRAM element per memory cycle for level _0
    ramulator.average_serving_requests_0            2.946453                                      # The average of read and write requests that are served in this DRAM element per memory cycle for level _0
             ramulator.active_cycles_0_0            11786518                                      # Total active cycles for level _0_0
               ramulator.busy_cycles_0_0            12155698                                      # (All-bank refresh only. busy cycles only include refresh time in rank level) The sum of cycles that the DRAM part is active or under refresh for level _0_0
          ramulator.serving_requests_0_0            40530475                                      # The sum of read and write requests that are served in this DRAM element per memory cycle for level _0_0
  ramulator.average_serving_requests_0_0            2.946453                                      # The average of read and write requests that are served in this DRAM element per memory cycle for level _0_0
           ramulator.active_cycles_0_0_0             5162700                                      # Total active cycles for level _0_0_0
             ramulator.busy_cycles_0_0_0             5162700                                      # (All-bank refresh only. busy cycles only include refresh time in rank level) The sum of cycles that the DRAM part is active or under refresh for level _0_0_0
        ramulator.serving_requests_0_0_0             9985287                                      # The sum of read and write requests that are served in this DRAM element per memory cycle for level _0_0_0
ramulator.average_serving_requests_0_0_0            0.725903                                      # The average of read and write requests that are served in this DRAM element per memory cycle for level _0_0_0
         ramulator.active_cycles_0_0_0_0             1675144                                      # Total active cycles for level _0_0_0_0
           ramulator.busy_cycles_0_0_0_0             1675144                                      # (All-bank refresh only. busy cycles only include refresh time in rank level) The sum of cycles that the DRAM part is active or under refresh for level _0_0_0_0
      ramulator.serving_requests_0_0_0_0             2775994                                      # The sum of read and write requests that are served in this DRAM element per memory cycle for level _0_0_0_0
ramulator.average_serving_requests_0_0_0_0            0.201807                                      # The average of read and write requests that are served in this DRAM element per memory cycle for level _0_0_0_0
         ramulator.active_cycles_0_0_0_1             1775646                                      # Total active cycles for level _0_0_0_1
           ramulator.busy_cycles_0_0_0_1             1775646                                      # (All-bank refresh only. busy cycles only include refresh time in rank level) The sum of cycles that the DRAM part is active or under refresh for level _0_0_0_1
      ramulator.serving_requests_0_0_0_1             2872249                                      # The sum of read and write requests that are served in this DRAM element per memory cycle for level _0_0_0_1
ramulator.average_serving_requests_0_0_0_1            0.208805                                      # The average of read and write requests that are served in this DRAM element per memory cycle for level _0_0_0_1
         ramulator.active_cycles_0_0_0_2             1203986                                      # Total active cycles for level _0_0_0_2
           ramulator.busy_cycles_0_0_0_2             1203986                                      # (All-bank refresh only. busy cycles only include refresh time in rank level) The sum of cycles that the DRAM part is active or under refresh for level _0_0_0_2
      ramulator.serving_requests_0_0_0_2             2082173                                      # The sum of read and write requests that are served in this DRAM element per memory cycle for level _0_0_0_2
ramulator.average_serving_requests_0_0_0_2            0.151368                                      # The average of read and write requests that are served in this DRAM element per memory cycle for level _0_0_0_2
         ramulator.active_cycles_0_0_0_3             1341922                                      # Total active cycles for level _0_0_0_3
           ramulator.busy_cycles_0_0_0_3             1341922                                      # (All-bank refresh only. busy cycles only include refresh time in rank level) The sum of cycles that the DRAM part is active or under refresh for level _0_0_0_3
      ramulator.serving_requests_0_0_0_3             2254871                                      # The sum of read and write requests that are served in this DRAM element per memory cycle for level _0_0_0_3
ramulator.average_serving_requests_0_0_0_3            0.163923                                      # The average of read and write requests that are served in this DRAM element per memory cycle for level _0_0_0_3
           ramulator.active_cycles_0_0_1             5389171                                      # Total active cycles for level _0_0_1
             ramulator.busy_cycles_0_0_1             5389171                                      # (All-bank refresh only. busy cycles only include refresh time in rank level) The sum of cycles that the DRAM part is active or under refresh for level _0_0_1
        ramulator.serving_requests_0_0_1            10214857                                      # The sum of read and write requests that are served in this DRAM element per memory cycle for level _0_0_1
ramulator.average_serving_requests_0_0_1            0.742592                                      # The average of read and write requests that are served in this DRAM element per memory cycle for level _0_0_1
         ramulator.active_cycles_0_0_1_0             1517058                                      # Total active cycles for level _0_0_1_0
           ramulator.busy_cycles_0_0_1_0             1517058                                      # (All-bank refresh only. busy cycles only include refresh time in rank level) The sum of cycles that the DRAM part is active or under refresh for level _0_0_1_0
      ramulator.serving_requests_0_0_1_0             2526552                                      # The sum of read and write requests that are served in this DRAM element per memory cycle for level _0_0_1_0
ramulator.average_serving_requests_0_0_1_0            0.183673                                      # The average of read and write requests that are served in this DRAM element per memory cycle for level _0_0_1_0
         ramulator.active_cycles_0_0_1_1             1624539                                      # Total active cycles for level _0_0_1_1
           ramulator.busy_cycles_0_0_1_1             1624539                                      # (All-bank refresh only. busy cycles only include refresh time in rank level) The sum of cycles that the DRAM part is active or under refresh for level _0_0_1_1
      ramulator.serving_requests_0_0_1_1             2643534                                      # The sum of read and write requests that are served in this DRAM element per memory cycle for level _0_0_1_1
ramulator.average_serving_requests_0_0_1_1            0.192178                                      # The average of read and write requests that are served in this DRAM element per memory cycle for level _0_0_1_1
         ramulator.active_cycles_0_0_1_2             1509353                                      # Total active cycles for level _0_0_1_2
           ramulator.busy_cycles_0_0_1_2             1509353                                      # (All-bank refresh only. busy cycles only include refresh time in rank level) The sum of cycles that the DRAM part is active or under refresh for level _0_0_1_2
      ramulator.serving_requests_0_0_1_2             2435409                                      # The sum of read and write requests that are served in this DRAM element per memory cycle for level _0_0_1_2
ramulator.average_serving_requests_0_0_1_2            0.177047                                      # The average of read and write requests that are served in this DRAM element per memory cycle for level _0_0_1_2
         ramulator.active_cycles_0_0_1_3             1543494                                      # Total active cycles for level _0_0_1_3
           ramulator.busy_cycles_0_0_1_3             1543494                                      # (All-bank refresh only. busy cycles only include refresh time in rank level) The sum of cycles that the DRAM part is active or under refresh for level _0_0_1_3
      ramulator.serving_requests_0_0_1_3             2609362                                      # The sum of read and write requests that are served in this DRAM element per memory cycle for level _0_0_1_3
ramulator.average_serving_requests_0_0_1_3            0.189693                                      # The average of read and write requests that are served in this DRAM element per memory cycle for level _0_0_1_3
           ramulator.active_cycles_0_0_2             4998132                                      # Total active cycles for level _0_0_2
             ramulator.busy_cycles_0_0_2             4998132                                      # (All-bank refresh only. busy cycles only include refresh time in rank level) The sum of cycles that the DRAM part is active or under refresh for level _0_0_2
        ramulator.serving_requests_0_0_2             9610034                                      # The sum of read and write requests that are served in this DRAM element per memory cycle for level _0_0_2
ramulator.average_serving_requests_0_0_2            0.698623                                      # The average of read and write requests that are served in this DRAM element per memory cycle for level _0_0_2
         ramulator.active_cycles_0_0_2_0             1473492                                      # Total active cycles for level _0_0_2_0
           ramulator.busy_cycles_0_0_2_0             1473492                                      # (All-bank refresh only. busy cycles only include refresh time in rank level) The sum of cycles that the DRAM part is active or under refresh for level _0_0_2_0
      ramulator.serving_requests_0_0_2_0             2451810                                      # The sum of read and write requests that are served in this DRAM element per memory cycle for level _0_0_2_0
ramulator.average_serving_requests_0_0_2_0            0.178240                                      # The average of read and write requests that are served in this DRAM element per memory cycle for level _0_0_2_0
         ramulator.active_cycles_0_0_2_1             1477406                                      # Total active cycles for level _0_0_2_1
           ramulator.busy_cycles_0_0_2_1             1477406                                      # (All-bank refresh only. busy cycles only include refresh time in rank level) The sum of cycles that the DRAM part is active or under refresh for level _0_0_2_1
      ramulator.serving_requests_0_0_2_1             2449829                                      # The sum of read and write requests that are served in this DRAM element per memory cycle for level _0_0_2_1
ramulator.average_serving_requests_0_0_2_1            0.178096                                      # The average of read and write requests that are served in this DRAM element per memory cycle for level _0_0_2_1
         ramulator.active_cycles_0_0_2_2             1618514                                      # Total active cycles for level _0_0_2_2
           ramulator.busy_cycles_0_0_2_2             1618514                                      # (All-bank refresh only. busy cycles only include refresh time in rank level) The sum of cycles that the DRAM part is active or under refresh for level _0_0_2_2
      ramulator.serving_requests_0_0_2_2             2682603                                      # The sum of read and write requests that are served in this DRAM element per memory cycle for level _0_0_2_2
ramulator.average_serving_requests_0_0_2_2            0.195018                                      # The average of read and write requests that are served in this DRAM element per memory cycle for level _0_0_2_2
         ramulator.active_cycles_0_0_2_3             1153665                                      # Total active cycles for level _0_0_2_3
           ramulator.busy_cycles_0_0_2_3             1153665                                      # (All-bank refresh only. busy cycles only include refresh time in rank level) The sum of cycles that the DRAM part is active or under refresh for level _0_0_2_3
      ramulator.serving_requests_0_0_2_3             2025768                                      # The sum of read and write requests that are served in this DRAM element per memory cycle for level _0_0_2_3
ramulator.average_serving_requests_0_0_2_3            0.147268                                      # The average of read and write requests that are served in this DRAM element per memory cycle for level _0_0_2_3
           ramulator.active_cycles_0_0_3             5678931                                      # Total active cycles for level _0_0_3
             ramulator.busy_cycles_0_0_3             5678931                                      # (All-bank refresh only. busy cycles only include refresh time in rank level) The sum of cycles that the DRAM part is active or under refresh for level _0_0_3
        ramulator.serving_requests_0_0_3            10720294                                      # The sum of read and write requests that are served in this DRAM element per memory cycle for level _0_0_3
ramulator.average_serving_requests_0_0_3            0.779336                                      # The average of read and write requests that are served in this DRAM element per memory cycle for level _0_0_3
         ramulator.active_cycles_0_0_3_0             2063262                                      # Total active cycles for level _0_0_3_0
           ramulator.busy_cycles_0_0_3_0             2063262                                      # (All-bank refresh only. busy cycles only include refresh time in rank level) The sum of cycles that the DRAM part is active or under refresh for level _0_0_3_0
      ramulator.serving_requests_0_0_3_0             2972823                                      # The sum of read and write requests that are served in this DRAM element per memory cycle for level _0_0_3_0
ramulator.average_serving_requests_0_0_3_0            0.216116                                      # The average of read and write requests that are served in this DRAM element per memory cycle for level _0_0_3_0
         ramulator.active_cycles_0_0_3_1             1384882                                      # Total active cycles for level _0_0_3_1
           ramulator.busy_cycles_0_0_3_1             1384882                                      # (All-bank refresh only. busy cycles only include refresh time in rank level) The sum of cycles that the DRAM part is active or under refresh for level _0_0_3_1
      ramulator.serving_requests_0_0_3_1             2362223                                      # The sum of read and write requests that are served in this DRAM element per memory cycle for level _0_0_3_1
ramulator.average_serving_requests_0_0_3_1            0.171727                                      # The average of read and write requests that are served in this DRAM element per memory cycle for level _0_0_3_1
         ramulator.active_cycles_0_0_3_2             1582467                                      # Total active cycles for level _0_0_3_2
           ramulator.busy_cycles_0_0_3_2             1582467                                      # (All-bank refresh only. busy cycles only include refresh time in rank level) The sum of cycles that the DRAM part is active or under refresh for level _0_0_3_2
      ramulator.serving_requests_0_0_3_2             2639172                                      # The sum of read and write requests that are served in this DRAM element per memory cycle for level _0_0_3_2
ramulator.average_serving_requests_0_0_3_2            0.191860                                      # The average of read and write requests that are served in this DRAM element per memory cycle for level _0_0_3_2
         ramulator.active_cycles_0_0_3_3             1723824                                      # Total active cycles for level _0_0_3_3
           ramulator.busy_cycles_0_0_3_3             1723824                                      # (All-bank refresh only. busy cycles only include refresh time in rank level) The sum of cycles that the DRAM part is active or under refresh for level _0_0_3_3
      ramulator.serving_requests_0_0_3_3             2746076                                      # The sum of read and write requests that are served in this DRAM element per memory cycle for level _0_0_3_3
ramulator.average_serving_requests_0_0_3_3            0.199632                                      # The average of read and write requests that are served in this DRAM element per memory cycle for level _0_0_3_3
      ramulator.read_transaction_bytes_0           103484416                                      # The total byte of read transaction per channel
     ramulator.write_transaction_bytes_0             2660864                                      # The total byte of write transaction per channel
       ramulator.row_hits_channel_0_core             1575984                                      # Number of row hits per channel per core
     ramulator.row_misses_channel_0_core               22762                                      # Number of row misses per channel per core
  ramulator.row_conflicts_channel_0_core               59774                                      # Number of row conflicts per channel per core
  ramulator.read_row_hits_channel_0_core             1553794                                      # Number of row hits for read requests per channel per core
                                     [0]           1553794.0                                      # 
ramulator.read_row_misses_channel_0_core               18186                                      # Number of row misses for read requests per channel per core
                                     [0]             18186.0                                      # 
ramulator.read_row_conflicts_channel_0_core               44964                                      # Number of row conflicts for read requests per channel per core
                                     [0]             44964.0                                      # 
 ramulator.write_row_hits_channel_0_core               22190                                      # Number of row hits for write requests per channel per core
                                     [0]             22190.0                                      # 
ramulator.write_row_misses_channel_0_core                4576                                      # Number of row misses for write requests per channel per core
                                     [0]              4576.0                                      # 
ramulator.write_row_conflicts_channel_0_core               14810                                      # Number of row conflicts for write requests per channel per core
                                     [0]             14810.0                                      # 
      ramulator.useless_activates_0_core                  58                                      # Number of useless activations. E.g, ACT -> PRE w/o RD or WR
            ramulator.read_latency_avg_0           82.189311                                      # The average memory latency cycles (in memory time domain) per request for all read requests in this channel
            ramulator.read_latency_sum_0           132909978                                      # The memory latency cycles (in memory time domain) sum for all read requests in this channel
        ramulator.req_queue_length_avg_0           24.650601                                      # Average of read and write queue length per memory cycle per channel.
        ramulator.req_queue_length_sum_0           339085897                                      # Sum of read and write queue length per memory cycle per channel.
   ramulator.read_req_queue_length_avg_0            9.585125                                      # Read queue length average per memory cycle per channel.
   ramulator.read_req_queue_length_sum_0           131849965                                      # Read queue length sum per memory cycle per channel.
  ramulator.write_req_queue_length_avg_0           15.065475                                      # Write queue length average per memory cycle per channel.
  ramulator.write_req_queue_length_sum_0           207235932                                      # Write queue length sum per memory cycle per channel.
              ramulator.record_read_hits                 0.0                                      # record read hit count for this core when it reaches request limit or to the end
                                     [0]                 0.0                                      # 
            ramulator.record_read_misses                 0.0                                      # record_read_miss count for this core when it reaches request limit or to the end
                                     [0]                 0.0                                      # 
         ramulator.record_read_conflicts                 0.0                                      # record read conflict count for this core when it reaches request limit or to the end
                                     [0]                 0.0                                      # 
             ramulator.record_write_hits                 0.0                                      # record write hit count for this core when it reaches request limit or to the end
                                     [0]                 0.0                                      # 
           ramulator.record_write_misses                 0.0                                      # record write miss count for this core when it reaches request limit or to the end
                                     [0]                 0.0                                      # 
        ramulator.record_write_conflicts                 0.0                                      # record write conflict for this core when it reaches request limit or to the end
                                     [0]                 0.0                                      # 
                 ramulator.dram_capacity          8589934592                                      # Number of bytes in simulated DRAM
                   ramulator.dram_cycles            13755685                                      # Number of DRAM cycles simulated
             ramulator.incoming_requests             1658705                                      # Number of incoming requests to DRAM
                 ramulator.read_requests             1617120                                      # Number of incoming read requests to DRAM per core
                                     [0]           1617120.0                                      # 
                ramulator.write_requests               41585                                      # Number of incoming write requests to DRAM per core
                                     [0]             41585.0                                      # 
       ramulator.ramulator_active_cycles            11786519                                      # The total number of cycles that the DRAM part is active (serving R/W)
 ramulator.incoming_requests_per_channel           1658705.0                                      # Number of incoming requests to each DRAM channel
                                     [0]           1658705.0                                      # 
ramulator.incoming_read_reqs_per_channel           1617120.0                                      # Number of incoming read requests to each DRAM channel
                                     [0]           1617120.0                                      # 
     ramulator.physical_page_replacement                   0                                      # The number of times that physical page replacement happens.
             ramulator.maximum_bandwidth         19200000000                                      # The theoretical maximum bandwidth (Bps)
          ramulator.in_queue_req_num_sum           339085897                                      # Sum of read/write queue length
     ramulator.in_queue_read_req_num_sum           131849965                                      # Sum of read queue length
    ramulator.in_queue_write_req_num_sum           207235932                                      # Sum of write queue length
          ramulator.in_queue_req_num_avg           24.650601                                      # Average of read/write queue length per memory cycle
     ramulator.in_queue_read_req_num_avg            9.585125                                      # Average of read queue length per memory cycle
    ramulator.in_queue_write_req_num_avg           15.065475                                      # Average of write queue length per memory cycle
          ramulator.record_read_requests                 0.0                                      # record read requests for this core when it reaches request limit or to the end
                                     [0]                 0.0                                      # 
         ramulator.record_write_requests                 0.0                                      # record write requests for this core when it reaches request limit or to the end
                                     [0]                 0.0                                      # 
