/* -*- Mode: c -*- */
####################################################################################################
Core 0
####################################################################################################
Cumulative:        Cycles: 36681814              Instructions: 30000000              IPC: 0.81784

DCACHE_PREF_HIT                                      0                              0              

IFETCH_WB_FIRST_SCHEDULE                             0         -nan%                0         -nan%
PREFETCH_LAST_SCHEDULE                               0         -nan%                0         -nan%
DEMAND_PASS_PREF_SCHEDULE                            0         -nan%                0         -nan%
DEMAND_PASS_LOW_OP_SCHEDULE                          0         -nan%                0         -nan%
DEMAND_LAST_SCHEDULE                                 0         -nan%                0         -nan%
                                                     0         -nan%                0         -nan%
                                                  -nan         -nan              -nan         -nan

SEND_MISS_REQ_QUEUE                            1974484                        1974484              

L1_DATA_EVICT                                  1962187                        1962187              

STREAM_BUFFER_REQ                                    0                              0              

PREF_SEND_TO_MEM_REQ                                 0         -nan%                0         -nan%
PREF_SEND_TO_MEM_REQ_FAIL                            0         -nan%                0         -nan%
                                                     0         -nan%                0         -nan%
                                                  -nan         -nan              -nan         -nan

HIT_TRAIN_STREAM                                999903       90.368%           999903       90.368%
MISS_TRAIN_STREAM                               106573        9.632%           106573        9.632%
                                               1106476      100.000%          1106476      100.000%
                                                  0.10         0.28              0.10         0.28

STREAM_TRAIN_CREATE                              27522                          27522              

MEM_REQ_MISS_HWP_PREF_Q                              0         -nan%                0         -nan%
MEM_REQ_MISS_SW_PREF_Q                               0         -nan%                0         -nan%
MEM_REQ_MISS_IFETCH_Q                                0         -nan%                0         -nan%
MEM_REQ_MISS_DFETCH_Q                                0         -nan%                0         -nan%
MEM_REQ_MISS_DSTORE_Q                                0         -nan%                0         -nan%
MEM_REQ_MISS_DPRF_Q                                  0         -nan%                0         -nan%
MEM_REQ_MISS_WB_Q                                    0         -nan%                0         -nan%
                                                     0         -nan%                0         -nan%
                                                  -nan         -nan              -nan         -nan

PREF_HIT_BY_DEMAND_IFETCH                            0         -nan%                0         -nan%
PREF_HIT_BY_DEMAND_DFETCH                            0         -nan%                0         -nan%
PREF_HIT_BY_DEMAND_DSTORE                            0         -nan%                0         -nan%
PREF_HIT_BY_DEMAND_IPREF                             0         -nan%                0         -nan%
PREF_HIT_BY_DEMAND_DPRF                              0         -nan%                0         -nan%
PREF_HIT_BY_DEMAND_WB                                0         -nan%                0         -nan%
PREF_HIT_BY_PREF                                     0         -nan%                0         -nan%
                                                     0         -nan%                0         -nan%
                                                  -nan         -nan              -nan         -nan

PREF_HIT_DEMAND_IFETCH                               0         -nan%                0         -nan%
PREF_HIT_DEMAND_DFETCH                               0         -nan%                0         -nan%
PREF_HIT_DEMAND_DSTORE                               0         -nan%                0         -nan%
PREF_HIT_DEMAND_IPREF                                0         -nan%                0         -nan%
PREF_HIT_DEMAND_DPRF                                 0         -nan%                0         -nan%
PREF_HIT_DEMAND_WB                                   0         -nan%                0         -nan%
                                                     0         -nan%                0         -nan%
                                                  -nan         -nan              -nan         -nan

PREF_L1_FILL                                         0         -nan%                0         -nan%
DEMAND_L1_FILL                                       0         -nan%                0         -nan%
                                                     0         -nan%                0         -nan%
                                                  -nan         -nan              -nan         -nan

TOUCH_L1_REPLACE                                     0        0.000%                0        0.000%
NO_TOUCH_L1_REPLACE                            1962187      100.000%          1962187      100.000%
                                               1962187      100.000%          1962187      100.000%
                                                  1.00         1.00              1.00         1.00

PREF_REQ_QUE_FULL                                    0                              0              

STREAM_REQ_QUEUE_HIT_BY_DEMAND                       0                              0              

L2HIT_STREAM_PREF_REQ_QUE_FULL                       0                              0              

L2HIT_HIT_TRAIN_STREAM                               0         -nan%                0         -nan%
L2HIT_MISS_TRAIN_STREAM                              0         -nan%                0         -nan%
                                                     0         -nan%                0         -nan%
                                                  -nan         -nan              -nan         -nan

L2HIT_STREAM_TRAIN_CREATE                            0                              0              

L2HIT_STREAM_BUFFER_REQ                              0                              0              

L2HIT_STREAM_PREF_DCACHE_HIT                         0         -nan%                0         -nan%
L2HIT_STREAM_PREF_DCACHE_INSERT                      0         -nan%                0         -nan%
L2HIT_STREAM_L2_MISS                                 0         -nan%                0         -nan%
                                                     0         -nan%                0         -nan%
                                                  -nan         -nan              -nan         -nan

L2HIT_STREAM_DCACHE_PORT_FULL                        0                              0              

L2HIT_STREAM_PREF_L1_PORT_FULL                       0                              0              

L2HIT_TRAIN_HIT_DEMAND                               0         -nan%                0         -nan%
L2HIT_TRAIN_MISS_REQ                                 0         -nan%                0         -nan%
                                                     0         -nan%                0         -nan%
                                                  -nan         -nan              -nan         -nan

L2HIT_TRAIN_FILTER_MISS                              0         -nan%                0         -nan%
L2HIT_TRAIN_FILTER_HIT                               0         -nan%                0         -nan%
                                                     0         -nan%                0         -nan%
                                                  -nan         -nan              -nan         -nan

L2HIT_PREF_REQ_DCACHE_HIT                            0         -nan%                0         -nan%
L2HIT_PREF_REQ_DCACHE_MISS                           0         -nan%                0         -nan%
                                                     0         -nan%                0         -nan%
                                                  -nan         -nan              -nan         -nan

L2HIT_L2SEND_Q_FULL                                  0         -nan%                0         -nan%
L2HIT_L2SEND_Q_ENTER                                 0         -nan%                0         -nan%
                                                     0         -nan%                0         -nan%
                                                  -nan         -nan              -nan         -nan

L2HIT_MEM_REQ                                        0                              0              

REMOVE_REDUNDANT_STREAM_STAT                         0                              0              

REPLACE_OLD_STREAM                               27506                          27506              

REQ_SEND_QUEUE_STALL                                 0                              0              

STREAM_ENTER_RA                                      0                              0              

CORE_STREAM_LENGTH_0                               258        1.042%              258        1.042%
CORE_STREAM_LENGTH_10                            23428       94.624%            23428       94.624%
CORE_STREAM_LENGTH_20                              575        2.322%              575        2.322%
CORE_STREAM_LENGTH_30                              124        0.501%              124        0.501%
CORE_STREAM_LENGTH_40                               58        0.234%               58        0.234%
CORE_STREAM_LENGTH_50                               29        0.117%               29        0.117%
CORE_STREAM_LENGTH_60                               20        0.081%               20        0.081%
CORE_STREAM_LENGTH_70                               27        0.109%               27        0.109%
CORE_STREAM_LENGTH_80                                9        0.036%                9        0.036%
CORE_STREAM_LENGTH_90                               11        0.044%               11        0.044%
CORE_STREAM_LENGTH_100_P                           220        0.889%              220        0.889%
                                                 24759      100.000%            24759      100.000%
                                                  1.13         0.95              1.13         0.95

CORE_CUM_STREAM_LENGTH_0                          1845        0.110%             1845        0.110%
CORE_CUM_STREAM_LENGTH_10                       260239       15.473%           260239       15.473%
CORE_CUM_STREAM_LENGTH_20                        12534        0.745%            12534        0.745%
CORE_CUM_STREAM_LENGTH_30                         4202        0.250%             4202        0.250%
CORE_CUM_STREAM_LENGTH_40                         2582        0.154%             2582        0.154%
CORE_CUM_STREAM_LENGTH_50                         1564        0.093%             1564        0.093%
CORE_CUM_STREAM_LENGTH_60                         1255        0.075%             1255        0.075%
CORE_CUM_STREAM_LENGTH_70                         2010        0.120%             2010        0.120%
CORE_CUM_STREAM_LENGTH_80                          772        0.046%              772        0.046%
CORE_CUM_STREAM_LENGTH_90                         1047        0.062%             1047        0.062%
CORE_CUM_STREAM_LENGTH_100_P                   1393836       82.873%          1393836       82.873%
                                               1681886      100.000%          1681886      100.000%
                                                  8.50         8.42              8.50         8.42

CORE_STREAM_TRAIN_HITS_0                         24035       97.076%            24035       97.076%
CORE_STREAM_TRAIN_HITS_10                          310        1.252%              310        1.252%
CORE_STREAM_TRAIN_HITS_20                           93        0.376%               93        0.376%
CORE_STREAM_TRAIN_HITS_30                           52        0.210%               52        0.210%
CORE_STREAM_TRAIN_HITS_40                           19        0.077%               19        0.077%
CORE_STREAM_TRAIN_HITS_50                           23        0.093%               23        0.093%
CORE_STREAM_TRAIN_HITS_60                           24        0.097%               24        0.097%
CORE_STREAM_TRAIN_HITS_70                            9        0.036%                9        0.036%
CORE_STREAM_TRAIN_HITS_80                            9        0.036%                9        0.036%
CORE_STREAM_TRAIN_HITS_90                           10        0.040%               10        0.040%
CORE_STREAM_TRAIN_HITS_100_P                       175        0.707%              175        0.707%
                                                 24759      100.000%            24759      100.000%
                                                  0.12         0.93              0.12         0.93

CORE_CUM_STREAM_TRAIN_HITS_0                    144273       13.128%           144273       13.128%
CORE_CUM_STREAM_TRAIN_HITS_10                     4225        0.384%             4225        0.384%
CORE_CUM_STREAM_TRAIN_HITS_20                     2207        0.201%             2207        0.201%
CORE_CUM_STREAM_TRAIN_HITS_30                     1772        0.161%             1772        0.161%
CORE_CUM_STREAM_TRAIN_HITS_40                      821        0.075%              821        0.075%
CORE_CUM_STREAM_TRAIN_HITS_50                     1236        0.112%             1236        0.112%
CORE_CUM_STREAM_TRAIN_HITS_60                     1538        0.140%             1538        0.140%
CORE_CUM_STREAM_TRAIN_HITS_70                      669        0.061%              669        0.061%
CORE_CUM_STREAM_TRAIN_HITS_80                      752        0.068%              752        0.068%
CORE_CUM_STREAM_TRAIN_HITS_90                      953        0.087%              953        0.087%
CORE_CUM_STREAM_TRAIN_HITS_100_P                940493       85.582%           940493       85.582%
                                               1098939      100.000%          1098939      100.000%
                                                  8.61         8.09              8.61         8.09

CORE_STREAM_TRAIN_CREATE                         27522                          27522              



