/* -*- Mode: c -*- */
####################################################################################################
Core 0
####################################################################################################
Cumulative:        Cycles: 17177321              Instructions: 30000000              IPC: 1.74649

DCACHE_PREF_HIT                                      0                              0              

IFETCH_WB_FIRST_SCHEDULE                             0         -nan%                0         -nan%
PREFETCH_LAST_SCHEDULE                               0         -nan%                0         -nan%
DEMAND_PASS_PREF_SCHEDULE                            0         -nan%                0         -nan%
DEMAND_PASS_LOW_OP_SCHEDULE                          0         -nan%                0         -nan%
DEMAND_LAST_SCHEDULE                                 0         -nan%                0         -nan%
                                                     0         -nan%                0         -nan%
                                                  -nan         -nan              -nan         -nan

SEND_MISS_REQ_QUEUE                              45367                          45367              

L1_DATA_EVICT                                     6758                           6758              

STREAM_BUFFER_REQ                                    0                              0              

PREF_SEND_TO_MEM_REQ                                 0         -nan%                0         -nan%
PREF_SEND_TO_MEM_REQ_FAIL                            0         -nan%                0         -nan%
                                                     0         -nan%                0         -nan%
                                                  -nan         -nan              -nan         -nan

HIT_TRAIN_STREAM                                 55754       96.041%            55754       96.041%
MISS_TRAIN_STREAM                                 2298        3.959%             2298        3.959%
                                                 58052      100.000%            58052      100.000%
                                                  0.04         0.19              0.04         0.19

STREAM_TRAIN_CREATE                               1132                           1132              

MEM_REQ_MISS_HWP_PREF_Q                              0         -nan%                0         -nan%
MEM_REQ_MISS_SW_PREF_Q                               0         -nan%                0         -nan%
MEM_REQ_MISS_IFETCH_Q                                0         -nan%                0         -nan%
MEM_REQ_MISS_DFETCH_Q                                0         -nan%                0         -nan%
MEM_REQ_MISS_DSTORE_Q                                0         -nan%                0         -nan%
MEM_REQ_MISS_DPRF_Q                                  0         -nan%                0         -nan%
MEM_REQ_MISS_WB_Q                                    0         -nan%                0         -nan%
                                                     0         -nan%                0         -nan%
                                                  -nan         -nan              -nan         -nan

PREF_HIT_BY_DEMAND_IFETCH                            0         -nan%                0         -nan%
PREF_HIT_BY_DEMAND_DFETCH                            0         -nan%                0         -nan%
PREF_HIT_BY_DEMAND_DSTORE                            0         -nan%                0         -nan%
PREF_HIT_BY_DEMAND_IPREF                             0         -nan%                0         -nan%
PREF_HIT_BY_DEMAND_DPRF                              0         -nan%                0         -nan%
PREF_HIT_BY_DEMAND_WB                                0         -nan%                0         -nan%
PREF_HIT_BY_PREF                                     0         -nan%                0         -nan%
                                                     0         -nan%                0         -nan%
                                                  -nan         -nan              -nan         -nan

PREF_HIT_DEMAND_IFETCH                               0         -nan%                0         -nan%
PREF_HIT_DEMAND_DFETCH                               0         -nan%                0         -nan%
PREF_HIT_DEMAND_DSTORE                               0         -nan%                0         -nan%
PREF_HIT_DEMAND_IPREF                                0         -nan%                0         -nan%
PREF_HIT_DEMAND_DPRF                                 0         -nan%                0         -nan%
PREF_HIT_DEMAND_WB                                   0         -nan%                0         -nan%
                                                     0         -nan%                0         -nan%
                                                  -nan         -nan              -nan         -nan

PREF_L1_FILL                                         0         -nan%                0         -nan%
DEMAND_L1_FILL                                       0         -nan%                0         -nan%
                                                     0         -nan%                0         -nan%
                                                  -nan         -nan              -nan         -nan

TOUCH_L1_REPLACE                                     0        0.000%                0        0.000%
NO_TOUCH_L1_REPLACE                               6758      100.000%             6758      100.000%
                                                  6758      100.000%             6758      100.000%
                                                  1.00         1.00              1.00         1.00

PREF_REQ_QUE_FULL                                    0                              0              

STREAM_REQ_QUEUE_HIT_BY_DEMAND                       0                              0              

L2HIT_STREAM_PREF_REQ_QUE_FULL                       0                              0              

L2HIT_HIT_TRAIN_STREAM                               0         -nan%                0         -nan%
L2HIT_MISS_TRAIN_STREAM                              0         -nan%                0         -nan%
                                                     0         -nan%                0         -nan%
                                                  -nan         -nan              -nan         -nan

L2HIT_STREAM_TRAIN_CREATE                            0                              0              

L2HIT_STREAM_BUFFER_REQ                              0                              0              

L2HIT_STREAM_PREF_DCACHE_HIT                         0         -nan%                0         -nan%
L2HIT_STREAM_PREF_DCACHE_INSERT                      0         -nan%                0         -nan%
L2HIT_STREAM_L2_MISS                                 0         -nan%                0         -nan%
                                                     0         -nan%                0         -nan%
                                                  -nan         -nan              -nan         -nan

L2HIT_STREAM_DCACHE_PORT_FULL                        0                              0              

L2HIT_STREAM_PREF_L1_PORT_FULL                       0                              0              

L2HIT_TRAIN_HIT_DEMAND                               0         -nan%                0         -nan%
L2HIT_TRAIN_MISS_REQ                                 0         -nan%                0         -nan%
                                                     0         -nan%                0         -nan%
                                                  -nan         -nan              -nan         -nan

L2HIT_TRAIN_FILTER_MISS                              0         -nan%                0         -nan%
L2HIT_TRAIN_FILTER_HIT                               0         -nan%                0         -nan%
                                                     0         -nan%                0         -nan%
                                                  -nan         -nan              -nan         -nan

L2HIT_PREF_REQ_DCACHE_HIT                            0         -nan%                0         -nan%
L2HIT_PREF_REQ_DCACHE_MISS                           0         -nan%                0         -nan%
                                                     0         -nan%                0         -nan%
                                                  -nan         -nan              -nan         -nan

L2HIT_L2SEND_Q_FULL                                  0         -nan%                0         -nan%
L2HIT_L2SEND_Q_ENTER                                 0         -nan%                0         -nan%
                                                     0         -nan%                0         -nan%
                                                  -nan         -nan              -nan         -nan

L2HIT_MEM_REQ                                        0                              0              

REMOVE_REDUNDANT_STREAM_STAT                         0                              0              

REPLACE_OLD_STREAM                                1116                           1116              

REQ_SEND_QUEUE_STALL                                 0                              0              

STREAM_ENTER_RA                                      0                              0              

CORE_STREAM_LENGTH_0                                14        8.383%               14        8.383%
CORE_STREAM_LENGTH_10                               38       22.754%               38       22.754%
CORE_STREAM_LENGTH_20                               20       11.976%               20       11.976%
CORE_STREAM_LENGTH_30                               18       10.778%               18       10.778%
CORE_STREAM_LENGTH_40                                7        4.192%                7        4.192%
CORE_STREAM_LENGTH_50                               11        6.587%               11        6.587%
CORE_STREAM_LENGTH_60                                9        5.389%                9        5.389%
CORE_STREAM_LENGTH_70                                2        1.198%                2        1.198%
CORE_STREAM_LENGTH_80                                4        2.395%                4        2.395%
CORE_STREAM_LENGTH_90                                3        1.796%                3        1.796%
CORE_STREAM_LENGTH_100_P                            41       24.551%               41       24.551%
                                                   167      100.000%              167      100.000%
                                                  4.50         4.14              4.50         4.14

CORE_CUM_STREAM_LENGTH_0                           108        0.183%              108        0.183%
CORE_CUM_STREAM_LENGTH_10                          536        0.908%              536        0.908%
CORE_CUM_STREAM_LENGTH_20                          456        0.772%              456        0.772%
CORE_CUM_STREAM_LENGTH_30                          604        1.023%              604        1.023%
CORE_CUM_STREAM_LENGTH_40                          311        0.527%              311        0.527%
CORE_CUM_STREAM_LENGTH_50                          609        1.032%              609        1.032%
CORE_CUM_STREAM_LENGTH_60                          592        1.003%              592        1.003%
CORE_CUM_STREAM_LENGTH_70                          142        0.241%              142        0.241%
CORE_CUM_STREAM_LENGTH_80                          332        0.562%              332        0.562%
CORE_CUM_STREAM_LENGTH_90                          279        0.473%              279        0.473%
CORE_CUM_STREAM_LENGTH_100_P                     55065       93.277%            55065       93.277%
                                                 59034      100.000%            59034      100.000%
                                                  9.62         9.41              9.62         9.41

CORE_STREAM_TRAIN_HITS_0                            50       29.940%               50       29.940%
CORE_STREAM_TRAIN_HITS_10                           31       18.563%               31       18.563%
CORE_STREAM_TRAIN_HITS_20                           13        7.784%               13        7.784%
CORE_STREAM_TRAIN_HITS_30                           11        6.587%               11        6.587%
CORE_STREAM_TRAIN_HITS_40                            9        5.389%                9        5.389%
CORE_STREAM_TRAIN_HITS_50                            5        2.994%                5        2.994%
CORE_STREAM_TRAIN_HITS_60                            2        1.198%                2        1.198%
CORE_STREAM_TRAIN_HITS_70                            4        2.395%                4        2.395%
CORE_STREAM_TRAIN_HITS_80                            1        0.599%                1        0.599%
CORE_STREAM_TRAIN_HITS_90                            1        0.599%                1        0.599%
CORE_STREAM_TRAIN_HITS_100_P                        40       23.952%               40       23.952%
                                                   167      100.000%              167      100.000%
                                                  3.64         3.89              3.64         3.89

CORE_CUM_STREAM_TRAIN_HITS_0                       321        0.569%              321        0.569%
CORE_CUM_STREAM_TRAIN_HITS_10                      423        0.750%              423        0.750%
CORE_CUM_STREAM_TRAIN_HITS_20                      309        0.548%              309        0.548%
CORE_CUM_STREAM_TRAIN_HITS_30                      380        0.673%              380        0.673%
CORE_CUM_STREAM_TRAIN_HITS_40                      396        0.702%              396        0.702%
CORE_CUM_STREAM_TRAIN_HITS_50                      269        0.477%              269        0.477%
CORE_CUM_STREAM_TRAIN_HITS_60                      126        0.223%              126        0.223%
CORE_CUM_STREAM_TRAIN_HITS_70                      297        0.526%              297        0.526%
CORE_CUM_STREAM_TRAIN_HITS_80                       87        0.154%               87        0.154%
CORE_CUM_STREAM_TRAIN_HITS_90                       91        0.161%               91        0.161%
CORE_CUM_STREAM_TRAIN_HITS_100_P                 53723       95.216%            53723       95.216%
                                                 56422      100.000%            56422      100.000%
                                                  9.69         9.54              9.69         9.54

CORE_STREAM_TRAIN_CREATE                          1132                           1132              



