/* -*- Mode: c -*- */
####################################################################################################
Core 0
####################################################################################################
Cumulative:        Cycles: 123904455             Instructions: 30000004              IPC: 0.24212

EXECUTION_TIME                           38720142187500                  38720142187500              

NODE_CYCLE                                   123904455                      123904455              

NODE_INST_COUNT                               30000004                       30000004              

NODE_UOP_COUNT                                34584270                       34584270              

FULL_WINDOW_STALL                             99401497       80.224%         99401497       80.224%

FULL_WINDOW_MEM_OP                            96091857       99.991%         96091857       99.991%
FULL_WINDOW_FP_OP                                    0        0.000%                0        0.000%
FULL_WINDOW_OTHER_OP                              8814        0.009%             8814        0.009%
                                              96100671      100.000%         96100671      100.000%
                                                  0.00         0.02              0.00         0.02

RET_BLOCKED_DC_MISS                          108995300       87.967%        108995300       87.967%

RET_BLOCKED_L1_MISS                           97847345       78.970%         97847345       78.970%

RET_BLOCKED_L1_MISS_BW_PREF                      72019        0.058%            72019        0.058%

RET_BLOCKED_L1_ACCESS                         11147972        8.997%         11147972        8.997%

RET_BLOCKED_MEM_STALL                         97847434       78.970%         97847434       78.970%

RET_BLOCKED_OFFCHIP_DEMAND                           0        0.000%                0        0.000%

OP_ISSUED                                     88911669                       88911669              

OP_RETIRED                                    34584270                       34584270              

REPLAY_SIGNALED                                      0                              0              

REPLAY_COUNTED                                       0                              0              

OFF_CRITICAL_PATH                                    0         -nan%                0         -nan%
ON_CRITICAL_PATH                                     0         -nan%                0         -nan%
                                                     0         -nan%                0         -nan%
                                                  -nan         -nan              -nan         -nan

LD_NO_DEPENDENTS                                 27059        0.239%            27059        0.239%
LD_DEPENDENTS                                 11288516       99.761%         11288516       99.761%
                                              11315575      100.000%         11315575      100.000%
                                                  1.00         1.00              1.00         1.00

LD_EXEC_CYCLES_0                                     0        0.000%                0        0.000%
LD_EXEC_CYCLES_1                                     0        0.000%                0        0.000%
LD_EXEC_CYCLES_2                                     0        0.000%                0        0.000%
LD_EXEC_CYCLES_3                               4555740       82.798%          4555740       82.798%
LD_EXEC_CYCLES_4                                946491       17.202%           946491       17.202%
                                               5502231      100.000%          5502231      100.000%
                                                  3.17         1.37              3.17         1.37

FU_BUSY_0                                     17988406                       17988406              

FU_BUSY_1                                     12498321                       12498321              

FU_BUSY_2                                      9283391                        9283391              

FU_BUSY_3                                      7082429                        7082429              

FU_BUSY_4                                      4738679                        4738679              

FU_BUSY_5                                      3007396                        3007396              

FU_BUSY_6                                      1817147                        1817147              

FU_BUSY_7                                      1100032                        1100032              

FU_BUSY_8                                            0                              0              

FU_BUSY_9                                            0                              0              

FU_BUSY_10                                           0                              0              

FU_BUSY_11                                           0                              0              

FU_BUSY_12                                           0                              0              

FU_BUSY_13                                           0                              0              

FU_BUSY_14                                           0                              0              

FU_BUSY_15                                           0                              0              

FU_BUSY_16                                           0                              0              

FU_BUSY_17                                           0                              0              

FU_BUSY_18                                           0                              0              

FU_BUSY_19                                           0                              0              

FU_BUSY_20                                           0                              0              

FU_BUSY_21                                           0                              0              

FU_BUSY_22                                           0                              0              

FU_BUSY_23                                           0                              0              

FU_BUSY_24                                           0                              0              

FU_BUSY_25                                           0                              0              

FU_BUSY_26                                           0                              0              

FU_BUSY_27                                           0                              0              

FU_BUSY_28                                           0                              0              

FU_BUSY_29                                           0                              0              

FU_BUSY_30                                           0                              0              

FU_BUSY_31                                           0                              0              

OP_WAIT_0                                     28891715                       28891715              

OP_WAIT_1                                      4629393                        4629393              

OP_WAIT_2                                       376872                         376872              

OP_WAIT_3                                       101516                         101516              

OP_WAIT_4                                        23577                          23577              

OP_WAIT_5                                        15727                          15727              

OP_WAIT_6                                        11872                          11872              

OP_WAIT_7                                         8289                           8289              

OP_WAIT_8                                         6620                           6620              

OP_WAIT_9                                         6813                           6813              

OP_WAIT_10                                        8739                           8739              

OP_WAIT_11                                        6547                           6547              

OP_WAIT_12                                        2936                           2936              

OP_WAIT_13                                        1657                           1657              

OP_WAIT_14                                        1628                           1628              

OP_WAIT_15                                        1389                           1389              

OP_WAIT_16                                        1157                           1157              

OP_WAIT_17                                        1062                           1062              

OP_WAIT_18                                        1135                           1135              

OP_WAIT_19                                        1117                           1117              

OP_WAIT_20                                        1477                           1477              

OP_WAIT_21                                        1515                           1515              

OP_WAIT_22                                         696                            696              

OP_WAIT_23                                         787                            787              

OP_WAIT_24                                         469                            469              

OP_WAIT_25                                         643                            643              

OP_WAIT_26                                        1724                           1724              

OP_WAIT_27                                        2749                           2749              

OP_WAIT_28                                        2949                           2949              

OP_WAIT_29                                        1964                           1964              

OP_WAIT_30                                         777                            777              

OP_WAIT_31                                      468759                         468759              

ROW_SIZE_0                                   111095248                      111095248              

ROW_SIZE_1                                     4015726                        4015726              

ROW_SIZE_2                                      796133                         796133              

ROW_SIZE_3                                      836542                         836542              

ROW_SIZE_4                                      248326                         248326              

ROW_SIZE_5                                      492702                         492702              

ROW_SIZE_6                                     3834973                        3834973              

ROW_SIZE_7                                           0                              0              

ROW_SIZE_8                                           0                              0              

ROW_SIZE_9                                           0                              0              

ROW_SIZE_10                                          0                              0              

ROW_SIZE_11                                          0                              0              

ROW_SIZE_12                                          0                              0              

ROW_SIZE_13                                          0                              0              

ROW_SIZE_14                                          0                              0              

ROW_SIZE_15                                          0                              0              

ROW_SIZE_16                                          0                              0              

ROW_SIZE_17                                          0                              0              

ROW_SIZE_18                                          0                              0              

ROW_SIZE_19                                          0                              0              

ROW_SIZE_20                                          0                              0              

ROW_SIZE_21                                          0                              0              

ROW_SIZE_22                                          0                              0              

ROW_SIZE_23                                          0                              0              

ROW_SIZE_24                                          0                              0              

ROW_SIZE_25                                          0                              0              

ROW_SIZE_26                                          0                              0              

ROW_SIZE_27                                          0                              0              

ROW_SIZE_28                                          0                              0              

ROW_SIZE_29                                          0                              0              

ROW_SIZE_30                                          0                              0              

ROW_SIZE_31                                          0                              0              

RET_OP_EXEC_COUNT_0                                  0        0.000%                0        0.000%
RET_OP_EXEC_COUNT_1                           34584270      100.000%         34584270      100.000%
RET_OP_EXEC_COUNT_2                                  0        0.000%                0        0.000%
RET_OP_EXEC_COUNT_3                                  0        0.000%                0        0.000%
RET_OP_EXEC_COUNT_4                                  0        0.000%                0        0.000%
RET_OP_EXEC_COUNT_5                                  0        0.000%                0        0.000%
RET_OP_EXEC_COUNT_6                                  0        0.000%                0        0.000%
RET_OP_EXEC_COUNT_7                                  0        0.000%                0        0.000%
RET_OP_EXEC_COUNT_8                                  0        0.000%                0        0.000%
RET_OP_EXEC_COUNT_9                                  0        0.000%                0        0.000%
RET_OP_EXEC_COUNT_10                                 0        0.000%                0        0.000%
RET_OP_EXEC_COUNT_11                                 0        0.000%                0        0.000%
RET_OP_EXEC_COUNT_12                                 0        0.000%                0        0.000%
RET_OP_EXEC_COUNT_13                                 0        0.000%                0        0.000%
RET_OP_EXEC_COUNT_14                                 0        0.000%                0        0.000%
RET_OP_EXEC_COUNT_15                                 0        0.000%                0        0.000%
RET_OP_EXEC_COUNT_16                                 0        0.000%                0        0.000%
RET_OP_EXEC_COUNT_17                                 0        0.000%                0        0.000%
RET_OP_EXEC_COUNT_18                                 0        0.000%                0        0.000%
RET_OP_EXEC_COUNT_19                                 0        0.000%                0        0.000%
RET_OP_EXEC_COUNT_20                                 0        0.000%                0        0.000%
RET_OP_EXEC_COUNT_21                                 0        0.000%                0        0.000%
RET_OP_EXEC_COUNT_22                                 0        0.000%                0        0.000%
RET_OP_EXEC_COUNT_23                                 0        0.000%                0        0.000%
RET_OP_EXEC_COUNT_24                                 0        0.000%                0        0.000%
RET_OP_EXEC_COUNT_25                                 0        0.000%                0        0.000%
RET_OP_EXEC_COUNT_26                                 0        0.000%                0        0.000%
RET_OP_EXEC_COUNT_27                                 0        0.000%                0        0.000%
RET_OP_EXEC_COUNT_28                                 0        0.000%                0        0.000%
RET_OP_EXEC_COUNT_29                                 0        0.000%                0        0.000%
RET_OP_EXEC_COUNT_30                                 0        0.000%                0        0.000%
RET_OP_EXEC_COUNT_31                                 0        0.000%                0        0.000%
RET_OP_EXEC_COUNT_32                                 0        0.000%                0        0.000%
                                              34584270      100.000%         34584270      100.000%
                                                  1.00         0.00              1.00         0.00

RET_STALL_LENGTH_0                            34119378       98.656%         34119378       98.656%
RET_STALL_LENGTH_100                            415024        1.200%           415024        1.200%
RET_STALL_LENGTH_200                             20089        0.058%            20089        0.058%
RET_STALL_LENGTH_300                              3907        0.011%             3907        0.011%
RET_STALL_LENGTH_400                              5290        0.015%             5290        0.015%
RET_STALL_LENGTH_500                             11042        0.032%            11042        0.032%
RET_STALL_LENGTH_600                              3779        0.011%             3779        0.011%
RET_STALL_LENGTH_700                               899        0.003%              899        0.003%
RET_STALL_LENGTH_800                               179        0.001%              179        0.001%
RET_STALL_LENGTH_900                                61        0.000%               61        0.000%
RET_STALL_LENGTH_1000                               24        0.000%               24        0.000%
RET_STALL_LENGTH_1100                               64        0.000%               64        0.000%
RET_STALL_LENGTH_1200                             3057        0.009%             3057        0.009%
RET_STALL_LENGTH_1300                              632        0.002%              632        0.002%
RET_STALL_LENGTH_1400                              279        0.001%              279        0.001%
RET_STALL_LENGTH_1500                               49        0.000%               49        0.000%
RET_STALL_LENGTH_1600                               74        0.000%               74        0.000%
RET_STALL_LENGTH_1700                              232        0.001%              232        0.001%
RET_STALL_LENGTH_1800                              169        0.000%              169        0.000%
RET_STALL_LENGTH_1900                               32        0.000%               32        0.000%
RET_STALL_LENGTH_2000                                4        0.000%                4        0.000%
RET_STALL_LENGTH_2100                                5        0.000%                5        0.000%
RET_STALL_LENGTH_2200                                1        0.000%                1        0.000%
RET_STALL_LENGTH_2300                                0        0.000%                0        0.000%
RET_STALL_LENGTH_2400                                0        0.000%                0        0.000%
RET_STALL_LENGTH_2500                                0        0.000%                0        0.000%
RET_STALL_LENGTH_2600                                0        0.000%                0        0.000%
RET_STALL_LENGTH_2700                                0        0.000%                0        0.000%
RET_STALL_LENGTH_2800                                0        0.000%                0        0.000%
RET_STALL_LENGTH_2900                                0        0.000%                0        0.000%
RET_STALL_LENGTH_3000                                0        0.000%                0        0.000%
RET_STALL_LENGTH_3100                                0        0.000%                0        0.000%
RET_STALL_LENGTH_3200                                0        0.000%                0        0.000%
RET_STALL_LENGTH_3300                                0        0.000%                0        0.000%
RET_STALL_LENGTH_3400                                0        0.000%                0        0.000%
RET_STALL_LENGTH_3500                                0        0.000%                0        0.000%
RET_STALL_LENGTH_3600                                0        0.000%                0        0.000%
RET_STALL_LENGTH_3700                                0        0.000%                0        0.000%
RET_STALL_LENGTH_3800                                0        0.000%                0        0.000%
RET_STALL_LENGTH_3900                                0        0.000%                0        0.000%
RET_STALL_LENGTH_4000                                0        0.000%                0        0.000%
RET_STALL_LENGTH_4100                                0        0.000%                0        0.000%
RET_STALL_LENGTH_4200                                0        0.000%                0        0.000%
RET_STALL_LENGTH_4300                                0        0.000%                0        0.000%
RET_STALL_LENGTH_4400                                0        0.000%                0        0.000%
RET_STALL_LENGTH_4500                                0        0.000%                0        0.000%
RET_STALL_LENGTH_4600                                0        0.000%                0        0.000%
RET_STALL_LENGTH_4700                                0        0.000%                0        0.000%
RET_STALL_LENGTH_4800                                0        0.000%                0        0.000%
RET_STALL_LENGTH_4900                                0        0.000%                0        0.000%
RET_STALL_LENGTH_5000                                0        0.000%                0        0.000%
                                              34584270      100.000%         34584270      100.000%
                                                  0.02         0.23              0.02         0.23

MEM_BLOCK_LENGTH_0                                2036       95.677%             2036       95.677%
MEM_BLOCK_LENGTH_100                                11        0.517%               11        0.517%
MEM_BLOCK_LENGTH_200                                 1        0.047%                1        0.047%
MEM_BLOCK_LENGTH_300                                31        1.457%               31        1.457%
MEM_BLOCK_LENGTH_400                                22        1.034%               22        1.034%
MEM_BLOCK_LENGTH_500                                 4        0.188%                4        0.188%
MEM_BLOCK_LENGTH_600                                 0        0.000%                0        0.000%
MEM_BLOCK_LENGTH_700                                 0        0.000%                0        0.000%
MEM_BLOCK_LENGTH_800                                 0        0.000%                0        0.000%
MEM_BLOCK_LENGTH_900                                 0        0.000%                0        0.000%
MEM_BLOCK_LENGTH_1000                                0        0.000%                0        0.000%
MEM_BLOCK_LENGTH_1100                                7        0.329%                7        0.329%
MEM_BLOCK_LENGTH_1200                               14        0.658%               14        0.658%
MEM_BLOCK_LENGTH_1300                                1        0.047%                1        0.047%
MEM_BLOCK_LENGTH_1400                                0        0.000%                0        0.000%
MEM_BLOCK_LENGTH_1500                                0        0.000%                0        0.000%
MEM_BLOCK_LENGTH_1600                                1        0.047%                1        0.047%
MEM_BLOCK_LENGTH_1700                                0        0.000%                0        0.000%
MEM_BLOCK_LENGTH_1800                                0        0.000%                0        0.000%
MEM_BLOCK_LENGTH_1900                                0        0.000%                0        0.000%
MEM_BLOCK_LENGTH_2000                                0        0.000%                0        0.000%
MEM_BLOCK_LENGTH_2100                                0        0.000%                0        0.000%
MEM_BLOCK_LENGTH_2200                                0        0.000%                0        0.000%
MEM_BLOCK_LENGTH_2300                                0        0.000%                0        0.000%
MEM_BLOCK_LENGTH_2400                                0        0.000%                0        0.000%
MEM_BLOCK_LENGTH_2500                                0        0.000%                0        0.000%
MEM_BLOCK_LENGTH_2600                                0        0.000%                0        0.000%
MEM_BLOCK_LENGTH_2700                                0        0.000%                0        0.000%
MEM_BLOCK_LENGTH_2800                                0        0.000%                0        0.000%
MEM_BLOCK_LENGTH_2900                                0        0.000%                0        0.000%
MEM_BLOCK_LENGTH_3000                                0        0.000%                0        0.000%
MEM_BLOCK_LENGTH_3100                                0        0.000%                0        0.000%
MEM_BLOCK_LENGTH_3200                                0        0.000%                0        0.000%
MEM_BLOCK_LENGTH_3300                                0        0.000%                0        0.000%
MEM_BLOCK_LENGTH_3400                                0        0.000%                0        0.000%
MEM_BLOCK_LENGTH_3500                                0        0.000%                0        0.000%
MEM_BLOCK_LENGTH_3600                                0        0.000%                0        0.000%
MEM_BLOCK_LENGTH_3700                                0        0.000%                0        0.000%
MEM_BLOCK_LENGTH_3800                                0        0.000%                0        0.000%
MEM_BLOCK_LENGTH_3900                                0        0.000%                0        0.000%
MEM_BLOCK_LENGTH_4000                                0        0.000%                0        0.000%
MEM_BLOCK_LENGTH_4100                                0        0.000%                0        0.000%
MEM_BLOCK_LENGTH_4200                                0        0.000%                0        0.000%
MEM_BLOCK_LENGTH_4300                                0        0.000%                0        0.000%
MEM_BLOCK_LENGTH_4400                                0        0.000%                0        0.000%
MEM_BLOCK_LENGTH_4500                                0        0.000%                0        0.000%
MEM_BLOCK_LENGTH_4600                                0        0.000%                0        0.000%
MEM_BLOCK_LENGTH_4700                                0        0.000%                0        0.000%
MEM_BLOCK_LENGTH_4800                                0        0.000%                0        0.000%
MEM_BLOCK_LENGTH_4900                                0        0.000%                0        0.000%
MEM_BLOCK_LENGTH_5000                                0        0.000%                0        0.000%
                                                  2128      100.000%             2128      100.000%
                                                  0.23         1.34              0.23         1.34

FUS_BUSY_ON_PATH                              35848871        0.2893         35848871        0.2893

FUS_BUSY_OFF_PATH                             21666930        0.1749         21666930        0.1749

FU_BUSY_MEM_STALL                              2864252        0.0231          2864252        0.0231

FUS_EMPTY                                    933719839        7.5358        933719839        7.5358

CHIP_UTILIZATION                                     0        0.0000                0        0.0000

CYCLES_UNDER_MEM_REQ                                 0                              0              

CYCLES_UNDER_NO_MEM_REQ                              0                              0              

CYCLES_UNDER_CRITICAL_MEM_REQ                        0                              0              

CYCLES_UNDER_NONCRITICAL_MEM_REQ                     0                              0              

CHIP_UTILIZATION_UNDER_MEM_REQ                       0          -nan                0          -nan

CHIP_UTILIZATION_UNDER_NO_MEM_REQ                    0          -nan                0          -nan

CHIP_UTILIZATION_UNDER_CRITICAL_MEM_REQ              0          -nan                0          -nan

CHIP_UTILIZATION_UNDER_NONCRITICAL_MEM_REQ             0          -nan                0          -nan

CYCLES_NOT_WAITING_FOR_OFF_CHIP                      0        0.0000                0        0.0000

FUS_BUSY_NOT_WAITING_FOR_OFF_CHIP                    0          -nan                0          -nan

CYCLES_WAITING_FOR_OFF_CHIP                          0        0.0000                0        0.0000

FUS_BUSY_WAITING_FOR_OFF_CHIP                        0          -nan                0          -nan

TOTAL_OFF_CHIP_DELAYS_LEFT                           0                              0              

WRONG_IO_SCHED                                       0                              0              

DVFS_CONFIG_SWITCH                                   0                              0              



