/* -*- Mode: c -*- */
####################################################################################################
Core 0
####################################################################################################
Cumulative:        Cycles: 123904455             Instructions: 30000004              IPC: 0.24212

PREF_DL0REQ_QUEUE_HIT_BY_DEMAND                      0                              0              

PREF_UMLC_REQ_QUEUE_HIT_BY_DEMAND                    0                              0              

PREF_UL1REQ_QUEUE_HIT_BY_DEMAND                      0                              0              

PREF_DL0REQ_QUEUE_FULL                               0                              0              

PREF_UMLC_REQ_QUEUE_FULL                             0                              0              

PREF_UL1REQ_QUEUE_FULL                               0                              0              

PREF_DC_HIT_NOSEND                                   0                              0              

PREF_WBQDC_HIT_NOSEND                                0                              0              

PREF_MLCQ_STALL                                      0                              0              

PREF_L1Q_STALL                                       0                              0              

PREF_UMLC_REQ_SEND_QUEUE_STALL                       0                              0              

PREF_UL1REQ_SEND_QUEUE_STALL                       359                            359              

PREF_UMLC_REQ_QUEUE_SENTREQ                          0                              0              

PREF_UL1REQ_QUEUE_SENTREQ                        18714                          18714              

PREF_NEWREQ_MATCHED                                  8                              8              

PREF_UMLC_REQ_QUEUE_MATCHED_REQ                      0                              0              

PREF_UL1REQ_QUEUE_MATCHED_REQ                      803                            803              

PREF_DL0REQ_QUEUE_MATCHED_REQ                        0                              0              

L1_PREF_HIT                                      21984                          21984              

L1_PREF_UNIQUE_HIT                                2216                           2216              

L1_PREF_LATE                                         8                              8              

L1_LATE_PREF_CYCLES                                 87                             87              

L1_LATE_PREF_CYCLES_DIST_0                           8      100.000%                8      100.000%
L1_LATE_PREF_CYCLES_DIST_100                         0        0.000%                0        0.000%
L1_LATE_PREF_CYCLES_DIST_200                         0        0.000%                0        0.000%
L1_LATE_PREF_CYCLES_DIST_300                         0        0.000%                0        0.000%
L1_LATE_PREF_CYCLES_DIST_400                         0        0.000%                0        0.000%
L1_LATE_PREF_CYCLES_DIST_500                         0        0.000%                0        0.000%
L1_LATE_PREF_CYCLES_DIST_600                         0        0.000%                0        0.000%
L1_LATE_PREF_CYCLES_DIST_700                         0        0.000%                0        0.000%
L1_LATE_PREF_CYCLES_DIST_800                         0        0.000%                0        0.000%
L1_LATE_PREF_CYCLES_DIST_900                         0        0.000%                0        0.000%
L1_LATE_PREF_CYCLES_DIST_1000                        0        0.000%                0        0.000%
L1_LATE_PREF_CYCLES_DIST_1100                        0        0.000%                0        0.000%
L1_LATE_PREF_CYCLES_DIST_1200                        0        0.000%                0        0.000%
L1_LATE_PREF_CYCLES_DIST_1300                        0        0.000%                0        0.000%
L1_LATE_PREF_CYCLES_DIST_1400                        0        0.000%                0        0.000%
L1_LATE_PREF_CYCLES_DIST_1500                        0        0.000%                0        0.000%
L1_LATE_PREF_CYCLES_DIST_1600                        0        0.000%                0        0.000%
L1_LATE_PREF_CYCLES_DIST_1700                        0        0.000%                0        0.000%
L1_LATE_PREF_CYCLES_DIST_1800                        0        0.000%                0        0.000%
L1_LATE_PREF_CYCLES_DIST_1900                        0        0.000%                0        0.000%
L1_LATE_PREF_CYCLES_DIST_2000                        0        0.000%                0        0.000%
                                                     8      100.000%                8      100.000%
                                                  0.00         0.00              0.00         0.00

MLC_PREF_HIT                                         0                              0              

MLC_PREF_UNIQUE_HIT                                  0                              0              

MLC_PREF_LATE                                        0                              0              

PREF_HYBRID_SEL_0                                    0         -nan%                0         -nan%
PREF_HYBRID_SEL_1                                    0         -nan%                0         -nan%
PREF_HYBRID_SEL_2                                    0         -nan%                0         -nan%
PREF_HYBRID_SEL_3                                    0         -nan%                0         -nan%
PREF_HYBRID_SEL_4                                    0         -nan%                0         -nan%
PREF_HYBRID_SEL_5                                    0         -nan%                0         -nan%
PREF_HYBRID_SEL_6                                    0         -nan%                0         -nan%
                                                     0         -nan%                0         -nan%
                                                  -nan         -nan              -nan         -nan

PREF_DISTANCE_1                                    169       54.870%              169       54.870%
PREF_DISTANCE_2                                     39       12.662%               39       12.662%
PREF_DISTANCE_3                                     44       14.286%               44       14.286%
PREF_DISTANCE_4                                     33       10.714%               33       10.714%
PREF_DISTANCE_5                                     23        7.468%               23        7.468%
PREF_DISTANCE_6                                      0        0.000%                0        0.000%
PREF_DISTANCE_7                                      0        0.000%                0        0.000%
PREF_DISTANCE_8                                      0        0.000%                0        0.000%
PREF_DISTANCE_9                                      0        0.000%                0        0.000%
PREF_DISTANCE_10                                     0        0.000%                0        0.000%
                                                   308      100.000%              308      100.000%
                                                  1.03         1.10              1.03         1.10

PREF_REPL_MRU                                        0         -nan%                0         -nan%
PREF_REPL_MID                                        0         -nan%                0         -nan%
PREF_REPL_LOWQTR                                     0         -nan%                0         -nan%
PREF_REPL_LRU                                        0         -nan%                0         -nan%
                                                     0         -nan%                0         -nan%
                                                  -nan         -nan              -nan         -nan

PREF_REPL_MOVEDOWN                                   0         -nan%                0         -nan%
PREF_REPL_MOVEUP                                     0         -nan%                0         -nan%
                                                     0         -nan%                0         -nan%
                                                  -nan         -nan              -nan         -nan

PREF_COV_1                                           0         -nan%                0         -nan%
PREF_COV_2                                           0         -nan%                0         -nan%
PREF_COV_3                                           0         -nan%                0         -nan%
PREF_COV_4                                           0         -nan%                0         -nan%
PREF_COV_5                                           0         -nan%                0         -nan%
PREF_COV_6                                           0         -nan%                0         -nan%
PREF_COV_7                                           0         -nan%                0         -nan%
PREF_COV_8                                           0         -nan%                0         -nan%
PREF_COV_9                                           0         -nan%                0         -nan%
PREF_COV_10                                          0         -nan%                0         -nan%
                                                     0         -nan%                0         -nan%
                                                  -nan         -nan              -nan         -nan

PREF_POL_1                                           0        0.000%                0        0.000%
PREF_POL_2                                           0        0.000%                0        0.000%
PREF_POL_3                                           0        0.000%                0        0.000%
PREF_POL_4                                           0        0.000%                0        0.000%
PREF_POL_5                                           0        0.000%                0        0.000%
PREF_POL_6                                           0        0.000%                0        0.000%
PREF_POL_7                                           0        0.000%                0        0.000%
PREF_POL_8                                           0        0.000%                0        0.000%
PREF_POL_9                                           0        0.000%                0        0.000%
PREF_POL_10                                        308      100.000%              308      100.000%
                                                   308      100.000%              308      100.000%
                                                  9.00         9.01              9.00         9.01

PREF_ACC_1                                          84       27.273%               84       27.273%
PREF_ACC_2                                           0        0.000%                0        0.000%
PREF_ACC_3                                           0        0.000%                0        0.000%
PREF_ACC_4                                           0        0.000%                0        0.000%
PREF_ACC_5                                           0        0.000%                0        0.000%
PREF_ACC_6                                           0        0.000%                0        0.000%
PREF_ACC_7                                           6        1.948%                6        1.948%
PREF_ACC_8                                          83       26.948%               83       26.948%
PREF_ACC_9                                          77       25.000%               77       25.000%
PREF_ACC_10                                         58       18.831%               58       18.831%
                                                   308      100.000%              308      100.000%
                                                  5.70         3.16              5.70         3.16

PREF_TIMELY_1                                      308      100.000%              308      100.000%
PREF_TIMELY_2                                        0        0.000%                0        0.000%
PREF_TIMELY_3                                        0        0.000%                0        0.000%
PREF_TIMELY_4                                        0        0.000%                0        0.000%
PREF_TIMELY_5                                        0        0.000%                0        0.000%
PREF_TIMELY_6                                        0        0.000%                0        0.000%
PREF_TIMELY_7                                        0        0.000%                0        0.000%
PREF_TIMELY_8                                        0        0.000%                0        0.000%
PREF_TIMELY_9                                        0        0.000%                0        0.000%
PREF_TIMELY_10                                       0        0.000%                0        0.000%
                                                   308      100.000%              308      100.000%
                                                  0.00         0.00              0.00         0.00

PREF_UNUSED_EVICT                                11356                          11356              

PREF_REGION_SENT                                     0                              0              

PREF_REGION_USEFUL                                   0                              0              

PREF_REGION_EVICT                                    0                              0              

PREF_PFPOL                                           0                              0              

PREF_PHASE_NEWPHASE_DET                              0                              0              

PREF_PHASE_NEWPHASE_NOTVALID                         0                              0              

PREF_PHASE_SENTPREF                                  0                              0              

PREF_PHASE_OVERWRITE_PAGE                            0                              0              

PREF_UPDATE_COUNT                                  308                            308              

PREF_ACC1_HT_HP                                      0        0.000%                0        0.000%
PREF_ACC1_HT_LP                                      0        0.000%                0        0.000%
PREF_ACC1_LT_HP                                      0        0.000%                0        0.000%
PREF_ACC1_LT_LP                                     84       27.273%               84       27.273%
PREF_ACC2_HT_HP                                      0        0.000%                0        0.000%
PREF_ACC2_HT_LP                                      0        0.000%                0        0.000%
PREF_ACC2_LT_HP                                      0        0.000%                0        0.000%
PREF_ACC2_LT_LP                                      0        0.000%                0        0.000%
PREF_ACC3_HT_HP                                      0        0.000%                0        0.000%
PREF_ACC3_HT_LP                                      0        0.000%                0        0.000%
PREF_ACC3_LT_HP                                      0        0.000%                0        0.000%
PREF_ACC3_LT_LP                                      0        0.000%                0        0.000%
PREF_ACC4_HT_HP                                      0        0.000%                0        0.000%
PREF_ACC4_HT_LP                                      0        0.000%                0        0.000%
PREF_ACC4_LT_HP                                      0        0.000%                0        0.000%
PREF_ACC4_LT_LP                                    224       72.727%              224       72.727%
                                                   308      100.000%              308      100.000%
                                                 11.73        11.36             11.73        11.36



