               ramulator.active_cycles_0            44483355                                      # Total active cycles for level _0
                 ramulator.busy_cycles_0            44483355                                      # (All-bank refresh only. busy cycles only include refresh time in rank level) The sum of cycles that the DRAM part is active or under refresh for level _0
            ramulator.serving_requests_0           166010410                                      # The sum of read and write requests that are served in this DRAM element per memory cycle for level _0
    ramulator.average_serving_requests_0            3.572868                                      # The average of read and write requests that are served in this DRAM element per memory cycle for level _0
             ramulator.active_cycles_0_0            44483355                                      # Total active cycles for level _0_0
               ramulator.busy_cycles_0_0            44802555                                      # (All-bank refresh only. busy cycles only include refresh time in rank level) The sum of cycles that the DRAM part is active or under refresh for level _0_0
          ramulator.serving_requests_0_0           166010410                                      # The sum of read and write requests that are served in this DRAM element per memory cycle for level _0_0
  ramulator.average_serving_requests_0_0            3.572868                                      # The average of read and write requests that are served in this DRAM element per memory cycle for level _0_0
           ramulator.active_cycles_0_0_0            25524034                                      # Total active cycles for level _0_0_0
             ramulator.busy_cycles_0_0_0            25524034                                      # (All-bank refresh only. busy cycles only include refresh time in rank level) The sum of cycles that the DRAM part is active or under refresh for level _0_0_0
        ramulator.serving_requests_0_0_0            39623419                                      # The sum of read and write requests that are served in this DRAM element per memory cycle for level _0_0_0
ramulator.average_serving_requests_0_0_0            0.852773                                      # The average of read and write requests that are served in this DRAM element per memory cycle for level _0_0_0
         ramulator.active_cycles_0_0_0_0             8850954                                      # Total active cycles for level _0_0_0_0
           ramulator.busy_cycles_0_0_0_0             8850954                                      # (All-bank refresh only. busy cycles only include refresh time in rank level) The sum of cycles that the DRAM part is active or under refresh for level _0_0_0_0
      ramulator.serving_requests_0_0_0_0             9387487                                      # The sum of read and write requests that are served in this DRAM element per memory cycle for level _0_0_0_0
ramulator.average_serving_requests_0_0_0_0            0.202037                                      # The average of read and write requests that are served in this DRAM element per memory cycle for level _0_0_0_0
         ramulator.active_cycles_0_0_0_1            10033783                                      # Total active cycles for level _0_0_0_1
           ramulator.busy_cycles_0_0_0_1            10033783                                      # (All-bank refresh only. busy cycles only include refresh time in rank level) The sum of cycles that the DRAM part is active or under refresh for level _0_0_0_1
      ramulator.serving_requests_0_0_0_1            10696388                                      # The sum of read and write requests that are served in this DRAM element per memory cycle for level _0_0_0_1
ramulator.average_serving_requests_0_0_0_1            0.230207                                      # The average of read and write requests that are served in this DRAM element per memory cycle for level _0_0_0_1
         ramulator.active_cycles_0_0_0_2             9551995                                      # Total active cycles for level _0_0_0_2
           ramulator.busy_cycles_0_0_0_2             9551995                                      # (All-bank refresh only. busy cycles only include refresh time in rank level) The sum of cycles that the DRAM part is active or under refresh for level _0_0_0_2
      ramulator.serving_requests_0_0_0_2            10153835                                      # The sum of read and write requests that are served in this DRAM element per memory cycle for level _0_0_0_2
ramulator.average_serving_requests_0_0_0_2            0.218530                                      # The average of read and write requests that are served in this DRAM element per memory cycle for level _0_0_0_2
         ramulator.active_cycles_0_0_0_3             8865615                                      # Total active cycles for level _0_0_0_3
           ramulator.busy_cycles_0_0_0_3             8865615                                      # (All-bank refresh only. busy cycles only include refresh time in rank level) The sum of cycles that the DRAM part is active or under refresh for level _0_0_0_3
      ramulator.serving_requests_0_0_0_3             9385709                                      # The sum of read and write requests that are served in this DRAM element per memory cycle for level _0_0_0_3
ramulator.average_serving_requests_0_0_0_3            0.201999                                      # The average of read and write requests that are served in this DRAM element per memory cycle for level _0_0_0_3
           ramulator.active_cycles_0_0_1            27493141                                      # Total active cycles for level _0_0_1
             ramulator.busy_cycles_0_0_1            27493141                                      # (All-bank refresh only. busy cycles only include refresh time in rank level) The sum of cycles that the DRAM part is active or under refresh for level _0_0_1
        ramulator.serving_requests_0_0_1            44089773                                      # The sum of read and write requests that are served in this DRAM element per memory cycle for level _0_0_1
ramulator.average_serving_requests_0_0_1            0.948898                                      # The average of read and write requests that are served in this DRAM element per memory cycle for level _0_0_1
         ramulator.active_cycles_0_0_1_0            10003408                                      # Total active cycles for level _0_0_1_0
           ramulator.busy_cycles_0_0_1_0            10003408                                      # (All-bank refresh only. busy cycles only include refresh time in rank level) The sum of cycles that the DRAM part is active or under refresh for level _0_0_1_0
      ramulator.serving_requests_0_0_1_0            10602494                                      # The sum of read and write requests that are served in this DRAM element per memory cycle for level _0_0_1_0
ramulator.average_serving_requests_0_0_1_0            0.228186                                      # The average of read and write requests that are served in this DRAM element per memory cycle for level _0_0_1_0
         ramulator.active_cycles_0_0_1_1            10782406                                      # Total active cycles for level _0_0_1_1
           ramulator.busy_cycles_0_0_1_1            10782406                                      # (All-bank refresh only. busy cycles only include refresh time in rank level) The sum of cycles that the DRAM part is active or under refresh for level _0_0_1_1
      ramulator.serving_requests_0_0_1_1            11562802                                      # The sum of read and write requests that are served in this DRAM element per memory cycle for level _0_0_1_1
ramulator.average_serving_requests_0_0_1_1            0.248854                                      # The average of read and write requests that are served in this DRAM element per memory cycle for level _0_0_1_1
         ramulator.active_cycles_0_0_1_2             9129278                                      # Total active cycles for level _0_0_1_2
           ramulator.busy_cycles_0_0_1_2             9129278                                      # (All-bank refresh only. busy cycles only include refresh time in rank level) The sum of cycles that the DRAM part is active or under refresh for level _0_0_1_2
      ramulator.serving_requests_0_0_1_2             9669394                                      # The sum of read and write requests that are served in this DRAM element per memory cycle for level _0_0_1_2
ramulator.average_serving_requests_0_0_1_2            0.208104                                      # The average of read and write requests that are served in this DRAM element per memory cycle for level _0_0_1_2
         ramulator.active_cycles_0_0_1_3            11418677                                      # Total active cycles for level _0_0_1_3
           ramulator.busy_cycles_0_0_1_3            11418677                                      # (All-bank refresh only. busy cycles only include refresh time in rank level) The sum of cycles that the DRAM part is active or under refresh for level _0_0_1_3
      ramulator.serving_requests_0_0_1_3            12255083                                      # The sum of read and write requests that are served in this DRAM element per memory cycle for level _0_0_1_3
ramulator.average_serving_requests_0_0_1_3            0.263753                                      # The average of read and write requests that are served in this DRAM element per memory cycle for level _0_0_1_3
           ramulator.active_cycles_0_0_2            26226587                                      # Total active cycles for level _0_0_2
             ramulator.busy_cycles_0_0_2            26226587                                      # (All-bank refresh only. busy cycles only include refresh time in rank level) The sum of cycles that the DRAM part is active or under refresh for level _0_0_2
        ramulator.serving_requests_0_0_2            41178613                                      # The sum of read and write requests that are served in this DRAM element per memory cycle for level _0_0_2
ramulator.average_serving_requests_0_0_2            0.886244                                      # The average of read and write requests that are served in this DRAM element per memory cycle for level _0_0_2
         ramulator.active_cycles_0_0_2_0            11282115                                      # Total active cycles for level _0_0_2_0
           ramulator.busy_cycles_0_0_2_0            11282115                                      # (All-bank refresh only. busy cycles only include refresh time in rank level) The sum of cycles that the DRAM part is active or under refresh for level _0_0_2_0
      ramulator.serving_requests_0_0_2_0            12105680                                      # The sum of read and write requests that are served in this DRAM element per memory cycle for level _0_0_2_0
ramulator.average_serving_requests_0_0_2_0            0.260538                                      # The average of read and write requests that are served in this DRAM element per memory cycle for level _0_0_2_0
         ramulator.active_cycles_0_0_2_1             8043107                                      # Total active cycles for level _0_0_2_1
           ramulator.busy_cycles_0_0_2_1             8043107                                      # (All-bank refresh only. busy cycles only include refresh time in rank level) The sum of cycles that the DRAM part is active or under refresh for level _0_0_2_1
      ramulator.serving_requests_0_0_2_1             8468151                                      # The sum of read and write requests that are served in this DRAM element per memory cycle for level _0_0_2_1
ramulator.average_serving_requests_0_0_2_1            0.182251                                      # The average of read and write requests that are served in this DRAM element per memory cycle for level _0_0_2_1
         ramulator.active_cycles_0_0_2_2            10166416                                      # Total active cycles for level _0_0_2_2
           ramulator.busy_cycles_0_0_2_2            10166416                                      # (All-bank refresh only. busy cycles only include refresh time in rank level) The sum of cycles that the DRAM part is active or under refresh for level _0_0_2_2
      ramulator.serving_requests_0_0_2_2            10823402                                      # The sum of read and write requests that are served in this DRAM element per memory cycle for level _0_0_2_2
ramulator.average_serving_requests_0_0_2_2            0.232941                                      # The average of read and write requests that are served in this DRAM element per memory cycle for level _0_0_2_2
         ramulator.active_cycles_0_0_2_3             9233441                                      # Total active cycles for level _0_0_2_3
           ramulator.busy_cycles_0_0_2_3             9233441                                      # (All-bank refresh only. busy cycles only include refresh time in rank level) The sum of cycles that the DRAM part is active or under refresh for level _0_0_2_3
      ramulator.serving_requests_0_0_2_3             9781380                                      # The sum of read and write requests that are served in this DRAM element per memory cycle for level _0_0_2_3
ramulator.average_serving_requests_0_0_2_3            0.210514                                      # The average of read and write requests that are served in this DRAM element per memory cycle for level _0_0_2_3
           ramulator.active_cycles_0_0_3            26227833                                      # Total active cycles for level _0_0_3
             ramulator.busy_cycles_0_0_3            26227833                                      # (All-bank refresh only. busy cycles only include refresh time in rank level) The sum of cycles that the DRAM part is active or under refresh for level _0_0_3
        ramulator.serving_requests_0_0_3            41118590                                      # The sum of read and write requests that are served in this DRAM element per memory cycle for level _0_0_3
ramulator.average_serving_requests_0_0_3            0.884952                                      # The average of read and write requests that are served in this DRAM element per memory cycle for level _0_0_3
         ramulator.active_cycles_0_0_3_0            10059075                                      # Total active cycles for level _0_0_3_0
           ramulator.busy_cycles_0_0_3_0            10059075                                      # (All-bank refresh only. busy cycles only include refresh time in rank level) The sum of cycles that the DRAM part is active or under refresh for level _0_0_3_0
      ramulator.serving_requests_0_0_3_0            10704929                                      # The sum of read and write requests that are served in this DRAM element per memory cycle for level _0_0_3_0
ramulator.average_serving_requests_0_0_3_0            0.230391                                      # The average of read and write requests that are served in this DRAM element per memory cycle for level _0_0_3_0
         ramulator.active_cycles_0_0_3_1             9173046                                      # Total active cycles for level _0_0_3_1
           ramulator.busy_cycles_0_0_3_1             9173046                                      # (All-bank refresh only. busy cycles only include refresh time in rank level) The sum of cycles that the DRAM part is active or under refresh for level _0_0_3_1
      ramulator.serving_requests_0_0_3_1             9739507                                      # The sum of read and write requests that are served in this DRAM element per memory cycle for level _0_0_3_1
ramulator.average_serving_requests_0_0_3_1            0.209613                                      # The average of read and write requests that are served in this DRAM element per memory cycle for level _0_0_3_1
         ramulator.active_cycles_0_0_3_2            10574815                                      # Total active cycles for level _0_0_3_2
           ramulator.busy_cycles_0_0_3_2            10574815                                      # (All-bank refresh only. busy cycles only include refresh time in rank level) The sum of cycles that the DRAM part is active or under refresh for level _0_0_3_2
      ramulator.serving_requests_0_0_3_2            11276635                                      # The sum of read and write requests that are served in this DRAM element per memory cycle for level _0_0_3_2
ramulator.average_serving_requests_0_0_3_2            0.242695                                      # The average of read and write requests that are served in this DRAM element per memory cycle for level _0_0_3_2
         ramulator.active_cycles_0_0_3_3             8894713                                      # Total active cycles for level _0_0_3_3
           ramulator.busy_cycles_0_0_3_3             8894713                                      # (All-bank refresh only. busy cycles only include refresh time in rank level) The sum of cycles that the DRAM part is active or under refresh for level _0_0_3_3
      ramulator.serving_requests_0_0_3_3             9397517                                      # The sum of read and write requests that are served in this DRAM element per memory cycle for level _0_0_3_3
ramulator.average_serving_requests_0_0_3_3            0.202253                                      # The average of read and write requests that are served in this DRAM element per memory cycle for level _0_0_3_3
      ramulator.read_transaction_bytes_0           131694848                                      # The total byte of read transaction per channel
     ramulator.write_transaction_bytes_0            27963200                                      # The total byte of write transaction per channel
       ramulator.row_hits_channel_0_core              451271                                      # Number of row hits per channel per core
     ramulator.row_misses_channel_0_core               97870                                      # Number of row misses per channel per core
  ramulator.row_conflicts_channel_0_core             1945516                                      # Number of row conflicts per channel per core
  ramulator.read_row_hits_channel_0_core              425270                                      # Number of row hits for read requests per channel per core
                                     [0]            425270.0                                      # 
ramulator.read_row_misses_channel_0_core               76678                                      # Number of row misses for read requests per channel per core
                                     [0]             76678.0                                      # 
ramulator.read_row_conflicts_channel_0_core             1555784                                      # Number of row conflicts for read requests per channel per core
                                     [0]           1555784.0                                      # 
 ramulator.write_row_hits_channel_0_core               26001                                      # Number of row hits for write requests per channel per core
                                     [0]             26001.0                                      # 
ramulator.write_row_misses_channel_0_core               21192                                      # Number of row misses for write requests per channel per core
                                     [0]             21192.0                                      # 
ramulator.write_row_conflicts_channel_0_core              389732                                      # Number of row conflicts for write requests per channel per core
                                     [0]            389732.0                                      # 
      ramulator.useless_activates_0_core                 646                                      # Number of useless activations. E.g, ACT -> PRE w/o RD or WR
            ramulator.read_latency_avg_0           71.331600                                      # The average memory latency cycles (in memory time domain) per request for all read requests in this channel
            ramulator.read_latency_sum_0           146805140                                      # The memory latency cycles (in memory time domain) sum for all read requests in this channel
        ramulator.req_queue_length_avg_0           17.444095                                      # Average of read and write queue length per memory cycle per channel.
        ramulator.req_queue_length_sum_0           810525706                                      # Sum of read and write queue length per memory cycle per channel.
   ramulator.read_req_queue_length_avg_0            2.591354                                      # Read queue length average per memory cycle per channel.
   ramulator.read_req_queue_length_sum_0           120405162                                      # Read queue length sum per memory cycle per channel.
  ramulator.write_req_queue_length_avg_0           14.852741                                      # Write queue length average per memory cycle per channel.
  ramulator.write_req_queue_length_sum_0           690120544                                      # Write queue length sum per memory cycle per channel.
              ramulator.record_read_hits                 0.0                                      # record read hit count for this core when it reaches request limit or to the end
                                     [0]                 0.0                                      # 
            ramulator.record_read_misses                 0.0                                      # record_read_miss count for this core when it reaches request limit or to the end
                                     [0]                 0.0                                      # 
         ramulator.record_read_conflicts                 0.0                                      # record read conflict count for this core when it reaches request limit or to the end
                                     [0]                 0.0                                      # 
             ramulator.record_write_hits                 0.0                                      # record write hit count for this core when it reaches request limit or to the end
                                     [0]                 0.0                                      # 
           ramulator.record_write_misses                 0.0                                      # record write miss count for this core when it reaches request limit or to the end
                                     [0]                 0.0                                      # 
        ramulator.record_write_conflicts                 0.0                                      # record write conflict for this core when it reaches request limit or to the end
                                     [0]                 0.0                                      # 
                 ramulator.dram_capacity          8589934592                                      # Number of bytes in simulated DRAM
                   ramulator.dram_cycles            46464189                                      # Number of DRAM cycles simulated
             ramulator.incoming_requests             2494999                                      # Number of incoming requests to DRAM
                 ramulator.read_requests             2058066                                      # Number of incoming read requests to DRAM per core
                                     [0]           2058066.0                                      # 
                ramulator.write_requests              436933                                      # Number of incoming write requests to DRAM per core
                                     [0]            436933.0                                      # 
       ramulator.ramulator_active_cycles            44483355                                      # The total number of cycles that the DRAM part is active (serving R/W)
 ramulator.incoming_requests_per_channel           2494999.0                                      # Number of incoming requests to each DRAM channel
                                     [0]           2494999.0                                      # 
ramulator.incoming_read_reqs_per_channel           2058066.0                                      # Number of incoming read requests to each DRAM channel
                                     [0]           2058066.0                                      # 
     ramulator.physical_page_replacement                   0                                      # The number of times that physical page replacement happens.
             ramulator.maximum_bandwidth         19200000000                                      # The theoretical maximum bandwidth (Bps)
          ramulator.in_queue_req_num_sum           810525706                                      # Sum of read/write queue length
     ramulator.in_queue_read_req_num_sum           120405162                                      # Sum of read queue length
    ramulator.in_queue_write_req_num_sum           690120544                                      # Sum of write queue length
          ramulator.in_queue_req_num_avg           17.444095                                      # Average of read/write queue length per memory cycle
     ramulator.in_queue_read_req_num_avg            2.591354                                      # Average of read queue length per memory cycle
    ramulator.in_queue_write_req_num_avg           14.852741                                      # Average of write queue length per memory cycle
          ramulator.record_read_requests                 0.0                                      # record read requests for this core when it reaches request limit or to the end
                                     [0]                 0.0                                      # 
         ramulator.record_write_requests                 0.0                                      # record write requests for this core when it reaches request limit or to the end
                                     [0]                 0.0                                      # 
