               ramulator.active_cycles_0             8599313                                      # Total active cycles for level _0
                 ramulator.busy_cycles_0             8599313                                      # (All-bank refresh only. busy cycles only include refresh time in rank level) The sum of cycles that the DRAM part is active or under refresh for level _0
            ramulator.serving_requests_0            30113132                                      # The sum of read and write requests that are served in this DRAM element per memory cycle for level _0
    ramulator.average_serving_requests_0            2.831191                                      # The average of read and write requests that are served in this DRAM element per memory cycle for level _0
             ramulator.active_cycles_0_0             8599313                                      # Total active cycles for level _0_0
               ramulator.busy_cycles_0_0             8843753                                      # (All-bank refresh only. busy cycles only include refresh time in rank level) The sum of cycles that the DRAM part is active or under refresh for level _0_0
          ramulator.serving_requests_0_0            30113132                                      # The sum of read and write requests that are served in this DRAM element per memory cycle for level _0_0
  ramulator.average_serving_requests_0_0            2.831191                                      # The average of read and write requests that are served in this DRAM element per memory cycle for level _0_0
           ramulator.active_cycles_0_0_0             3705495                                      # Total active cycles for level _0_0_0
             ramulator.busy_cycles_0_0_0             3705495                                      # (All-bank refresh only. busy cycles only include refresh time in rank level) The sum of cycles that the DRAM part is active or under refresh for level _0_0_0
        ramulator.serving_requests_0_0_0             7301307                                      # The sum of read and write requests that are served in this DRAM element per memory cycle for level _0_0_0
ramulator.average_serving_requests_0_0_0            0.686458                                      # The average of read and write requests that are served in this DRAM element per memory cycle for level _0_0_0
         ramulator.active_cycles_0_0_0_0             1311408                                      # Total active cycles for level _0_0_0_0
           ramulator.busy_cycles_0_0_0_0             1311408                                      # (All-bank refresh only. busy cycles only include refresh time in rank level) The sum of cycles that the DRAM part is active or under refresh for level _0_0_0_0
      ramulator.serving_requests_0_0_0_0             2130859                                      # The sum of read and write requests that are served in this DRAM element per memory cycle for level _0_0_0_0
ramulator.average_serving_requests_0_0_0_0            0.200340                                      # The average of read and write requests that are served in this DRAM element per memory cycle for level _0_0_0_0
         ramulator.active_cycles_0_0_0_1             1204303                                      # Total active cycles for level _0_0_0_1
           ramulator.busy_cycles_0_0_0_1             1204303                                      # (All-bank refresh only. busy cycles only include refresh time in rank level) The sum of cycles that the DRAM part is active or under refresh for level _0_0_0_1
      ramulator.serving_requests_0_0_0_1             2054398                                      # The sum of read and write requests that are served in this DRAM element per memory cycle for level _0_0_0_1
ramulator.average_serving_requests_0_0_0_1            0.193151                                      # The average of read and write requests that are served in this DRAM element per memory cycle for level _0_0_0_1
         ramulator.active_cycles_0_0_0_2              872476                                      # Total active cycles for level _0_0_0_2
           ramulator.busy_cycles_0_0_0_2              872476                                      # (All-bank refresh only. busy cycles only include refresh time in rank level) The sum of cycles that the DRAM part is active or under refresh for level _0_0_0_2
      ramulator.serving_requests_0_0_0_2             1533995                                      # The sum of read and write requests that are served in this DRAM element per memory cycle for level _0_0_0_2
ramulator.average_serving_requests_0_0_0_2            0.144224                                      # The average of read and write requests that are served in this DRAM element per memory cycle for level _0_0_0_2
         ramulator.active_cycles_0_0_0_3              914628                                      # Total active cycles for level _0_0_0_3
           ramulator.busy_cycles_0_0_0_3              914628                                      # (All-bank refresh only. busy cycles only include refresh time in rank level) The sum of cycles that the DRAM part is active or under refresh for level _0_0_0_3
      ramulator.serving_requests_0_0_0_3             1582055                                      # The sum of read and write requests that are served in this DRAM element per memory cycle for level _0_0_0_3
ramulator.average_serving_requests_0_0_0_3            0.148742                                      # The average of read and write requests that are served in this DRAM element per memory cycle for level _0_0_0_3
           ramulator.active_cycles_0_0_1             3823481                                      # Total active cycles for level _0_0_1
             ramulator.busy_cycles_0_0_1             3823481                                      # (All-bank refresh only. busy cycles only include refresh time in rank level) The sum of cycles that the DRAM part is active or under refresh for level _0_0_1
        ramulator.serving_requests_0_0_1             7467535                                      # The sum of read and write requests that are served in this DRAM element per memory cycle for level _0_0_1
ramulator.average_serving_requests_0_0_1            0.702086                                      # The average of read and write requests that are served in this DRAM element per memory cycle for level _0_0_1
         ramulator.active_cycles_0_0_1_0             1275248                                      # Total active cycles for level _0_0_1_0
           ramulator.busy_cycles_0_0_1_0             1275248                                      # (All-bank refresh only. busy cycles only include refresh time in rank level) The sum of cycles that the DRAM part is active or under refresh for level _0_0_1_0
      ramulator.serving_requests_0_0_1_0             2041850                                      # The sum of read and write requests that are served in this DRAM element per memory cycle for level _0_0_1_0
ramulator.average_serving_requests_0_0_1_0            0.191972                                      # The average of read and write requests that are served in this DRAM element per memory cycle for level _0_0_1_0
         ramulator.active_cycles_0_0_1_1             1113964                                      # Total active cycles for level _0_0_1_1
           ramulator.busy_cycles_0_0_1_1             1113964                                      # (All-bank refresh only. busy cycles only include refresh time in rank level) The sum of cycles that the DRAM part is active or under refresh for level _0_0_1_1
      ramulator.serving_requests_0_0_1_1             1897850                                      # The sum of read and write requests that are served in this DRAM element per memory cycle for level _0_0_1_1
ramulator.average_serving_requests_0_0_1_1            0.178433                                      # The average of read and write requests that are served in this DRAM element per memory cycle for level _0_0_1_1
         ramulator.active_cycles_0_0_1_2             1014650                                      # Total active cycles for level _0_0_1_2
           ramulator.busy_cycles_0_0_1_2             1014650                                      # (All-bank refresh only. busy cycles only include refresh time in rank level) The sum of cycles that the DRAM part is active or under refresh for level _0_0_1_2
      ramulator.serving_requests_0_0_1_2             1705189                                      # The sum of read and write requests that are served in this DRAM element per memory cycle for level _0_0_1_2
ramulator.average_serving_requests_0_0_1_2            0.160319                                      # The average of read and write requests that are served in this DRAM element per memory cycle for level _0_0_1_2
         ramulator.active_cycles_0_0_1_3             1068353                                      # Total active cycles for level _0_0_1_3
           ramulator.busy_cycles_0_0_1_3             1068353                                      # (All-bank refresh only. busy cycles only include refresh time in rank level) The sum of cycles that the DRAM part is active or under refresh for level _0_0_1_3
      ramulator.serving_requests_0_0_1_3             1822646                                      # The sum of read and write requests that are served in this DRAM element per memory cycle for level _0_0_1_3
ramulator.average_serving_requests_0_0_1_3            0.171362                                      # The average of read and write requests that are served in this DRAM element per memory cycle for level _0_0_1_3
           ramulator.active_cycles_0_0_2             3758981                                      # Total active cycles for level _0_0_2
             ramulator.busy_cycles_0_0_2             3758981                                      # (All-bank refresh only. busy cycles only include refresh time in rank level) The sum of cycles that the DRAM part is active or under refresh for level _0_0_2
        ramulator.serving_requests_0_0_2             7491201                                      # The sum of read and write requests that are served in this DRAM element per memory cycle for level _0_0_2
ramulator.average_serving_requests_0_0_2            0.704311                                      # The average of read and write requests that are served in this DRAM element per memory cycle for level _0_0_2
         ramulator.active_cycles_0_0_2_0             1088036                                      # Total active cycles for level _0_0_2_0
           ramulator.busy_cycles_0_0_2_0             1088036                                      # (All-bank refresh only. busy cycles only include refresh time in rank level) The sum of cycles that the DRAM part is active or under refresh for level _0_0_2_0
      ramulator.serving_requests_0_0_2_0             1800788                                      # The sum of read and write requests that are served in this DRAM element per memory cycle for level _0_0_2_0
ramulator.average_serving_requests_0_0_2_0            0.169307                                      # The average of read and write requests that are served in this DRAM element per memory cycle for level _0_0_2_0
         ramulator.active_cycles_0_0_2_1             1216459                                      # Total active cycles for level _0_0_2_1
           ramulator.busy_cycles_0_0_2_1             1216459                                      # (All-bank refresh only. busy cycles only include refresh time in rank level) The sum of cycles that the DRAM part is active or under refresh for level _0_0_2_1
      ramulator.serving_requests_0_0_2_1             2021340                                      # The sum of read and write requests that are served in this DRAM element per memory cycle for level _0_0_2_1
ramulator.average_serving_requests_0_0_2_1            0.190043                                      # The average of read and write requests that are served in this DRAM element per memory cycle for level _0_0_2_1
         ramulator.active_cycles_0_0_2_2             1201263                                      # Total active cycles for level _0_0_2_2
           ramulator.busy_cycles_0_0_2_2             1201263                                      # (All-bank refresh only. busy cycles only include refresh time in rank level) The sum of cycles that the DRAM part is active or under refresh for level _0_0_2_2
      ramulator.serving_requests_0_0_2_2             2022454                                      # The sum of read and write requests that are served in this DRAM element per memory cycle for level _0_0_2_2
ramulator.average_serving_requests_0_0_2_2            0.190148                                      # The average of read and write requests that are served in this DRAM element per memory cycle for level _0_0_2_2
         ramulator.active_cycles_0_0_2_3              939587                                      # Total active cycles for level _0_0_2_3
           ramulator.busy_cycles_0_0_2_3              939587                                      # (All-bank refresh only. busy cycles only include refresh time in rank level) The sum of cycles that the DRAM part is active or under refresh for level _0_0_2_3
      ramulator.serving_requests_0_0_2_3             1646619                                      # The sum of read and write requests that are served in this DRAM element per memory cycle for level _0_0_2_3
ramulator.average_serving_requests_0_0_2_3            0.154813                                      # The average of read and write requests that are served in this DRAM element per memory cycle for level _0_0_2_3
           ramulator.active_cycles_0_0_3             4046459                                      # Total active cycles for level _0_0_3
             ramulator.busy_cycles_0_0_3             4046459                                      # (All-bank refresh only. busy cycles only include refresh time in rank level) The sum of cycles that the DRAM part is active or under refresh for level _0_0_3
        ramulator.serving_requests_0_0_3             7853089                                      # The sum of read and write requests that are served in this DRAM element per memory cycle for level _0_0_3
ramulator.average_serving_requests_0_0_3            0.738336                                      # The average of read and write requests that are served in this DRAM element per memory cycle for level _0_0_3
         ramulator.active_cycles_0_0_3_0             1221666                                      # Total active cycles for level _0_0_3_0
           ramulator.busy_cycles_0_0_3_0             1221666                                      # (All-bank refresh only. busy cycles only include refresh time in rank level) The sum of cycles that the DRAM part is active or under refresh for level _0_0_3_0
      ramulator.serving_requests_0_0_3_0             1877488                                      # The sum of read and write requests that are served in this DRAM element per memory cycle for level _0_0_3_0
ramulator.average_serving_requests_0_0_3_0            0.176519                                      # The average of read and write requests that are served in this DRAM element per memory cycle for level _0_0_3_0
         ramulator.active_cycles_0_0_3_1             1036746                                      # Total active cycles for level _0_0_3_1
           ramulator.busy_cycles_0_0_3_1             1036746                                      # (All-bank refresh only. busy cycles only include refresh time in rank level) The sum of cycles that the DRAM part is active or under refresh for level _0_0_3_1
      ramulator.serving_requests_0_0_3_1             1784689                                      # The sum of read and write requests that are served in this DRAM element per memory cycle for level _0_0_3_1
ramulator.average_serving_requests_0_0_3_1            0.167794                                      # The average of read and write requests that are served in this DRAM element per memory cycle for level _0_0_3_1
         ramulator.active_cycles_0_0_3_2             1043692                                      # Total active cycles for level _0_0_3_2
           ramulator.busy_cycles_0_0_3_2             1043692                                      # (All-bank refresh only. busy cycles only include refresh time in rank level) The sum of cycles that the DRAM part is active or under refresh for level _0_0_3_2
      ramulator.serving_requests_0_0_3_2             1847287                                      # The sum of read and write requests that are served in this DRAM element per memory cycle for level _0_0_3_2
ramulator.average_serving_requests_0_0_3_2            0.173679                                      # The average of read and write requests that are served in this DRAM element per memory cycle for level _0_0_3_2
         ramulator.active_cycles_0_0_3_3             1519656                                      # Total active cycles for level _0_0_3_3
           ramulator.busy_cycles_0_0_3_3             1519656                                      # (All-bank refresh only. busy cycles only include refresh time in rank level) The sum of cycles that the DRAM part is active or under refresh for level _0_0_3_3
      ramulator.serving_requests_0_0_3_3             2343625                                      # The sum of read and write requests that are served in this DRAM element per memory cycle for level _0_0_3_3
ramulator.average_serving_requests_0_0_3_3            0.220344                                      # The average of read and write requests that are served in this DRAM element per memory cycle for level _0_0_3_3
      ramulator.read_transaction_bytes_0            71764672                                      # The total byte of read transaction per channel
     ramulator.write_transaction_bytes_0             2584128                                      # The total byte of write transaction per channel
       ramulator.row_hits_channel_0_core             1088354                                      # Number of row hits per channel per core
     ramulator.row_misses_channel_0_core               18167                                      # Number of row misses per channel per core
  ramulator.row_conflicts_channel_0_core               55179                                      # Number of row conflicts per channel per core
  ramulator.read_row_hits_channel_0_core             1067980                                      # Number of row hits for read requests per channel per core
                                     [0]           1067980.0                                      # 
ramulator.read_row_misses_channel_0_core               13447                                      # Number of row misses for read requests per channel per core
                                     [0]             13447.0                                      # 
ramulator.read_row_conflicts_channel_0_core               39896                                      # Number of row conflicts for read requests per channel per core
                                     [0]             39896.0                                      # 
 ramulator.write_row_hits_channel_0_core               20374                                      # Number of row hits for write requests per channel per core
                                     [0]             20374.0                                      # 
ramulator.write_row_misses_channel_0_core                4720                                      # Number of row misses for write requests per channel per core
                                     [0]              4720.0                                      # 
ramulator.write_row_conflicts_channel_0_core               15283                                      # Number of row conflicts for write requests per channel per core
                                     [0]             15283.0                                      # 
      ramulator.useless_activates_0_core                  47                                      # Number of useless activations. E.g, ACT -> PRE w/o RD or WR
            ramulator.read_latency_avg_0           71.464615                                      # The average memory latency cycles (in memory time domain) per request for all read requests in this channel
            ramulator.read_latency_sum_0            80136846                                      # The memory latency cycles (in memory time domain) sum for all read requests in this channel
        ramulator.req_queue_length_avg_0           21.714750                                      # Average of read and write queue length per memory cycle per channel.
        ramulator.req_queue_length_sum_0           230962531                                      # Sum of read and write queue length per memory cycle per channel.
   ramulator.read_req_queue_length_avg_0            7.450034                                      # Read queue length average per memory cycle per channel.
   ramulator.read_req_queue_length_sum_0            79240084                                      # Read queue length sum per memory cycle per channel.
  ramulator.write_req_queue_length_avg_0           14.264716                                      # Write queue length average per memory cycle per channel.
  ramulator.write_req_queue_length_sum_0           151722447                                      # Write queue length sum per memory cycle per channel.
              ramulator.record_read_hits                 0.0                                      # record read hit count for this core when it reaches request limit or to the end
                                     [0]                 0.0                                      # 
            ramulator.record_read_misses                 0.0                                      # record_read_miss count for this core when it reaches request limit or to the end
                                     [0]                 0.0                                      # 
         ramulator.record_read_conflicts                 0.0                                      # record read conflict count for this core when it reaches request limit or to the end
                                     [0]                 0.0                                      # 
             ramulator.record_write_hits                 0.0                                      # record write hit count for this core when it reaches request limit or to the end
                                     [0]                 0.0                                      # 
           ramulator.record_write_misses                 0.0                                      # record write miss count for this core when it reaches request limit or to the end
                                     [0]                 0.0                                      # 
        ramulator.record_write_conflicts                 0.0                                      # record write conflict for this core when it reaches request limit or to the end
                                     [0]                 0.0                                      # 
                 ramulator.dram_capacity          8589934592                                      # Number of bytes in simulated DRAM
                   ramulator.dram_cycles            10636205                                      # Number of DRAM cycles simulated
             ramulator.incoming_requests             1161750                                      # Number of incoming requests to DRAM
                 ramulator.read_requests             1121350                                      # Number of incoming read requests to DRAM per core
                                     [0]           1121350.0                                      # 
                ramulator.write_requests               40400                                      # Number of incoming write requests to DRAM per core
                                     [0]             40400.0                                      # 
       ramulator.ramulator_active_cycles             8599315                                      # The total number of cycles that the DRAM part is active (serving R/W)
 ramulator.incoming_requests_per_channel           1161750.0                                      # Number of incoming requests to each DRAM channel
                                     [0]           1161750.0                                      # 
ramulator.incoming_read_reqs_per_channel           1121350.0                                      # Number of incoming read requests to each DRAM channel
                                     [0]           1121350.0                                      # 
     ramulator.physical_page_replacement                   0                                      # The number of times that physical page replacement happens.
             ramulator.maximum_bandwidth         19200000000                                      # The theoretical maximum bandwidth (Bps)
          ramulator.in_queue_req_num_sum           230962531                                      # Sum of read/write queue length
     ramulator.in_queue_read_req_num_sum            79240084                                      # Sum of read queue length
    ramulator.in_queue_write_req_num_sum           151722447                                      # Sum of write queue length
          ramulator.in_queue_req_num_avg           21.714750                                      # Average of read/write queue length per memory cycle
     ramulator.in_queue_read_req_num_avg            7.450034                                      # Average of read queue length per memory cycle
    ramulator.in_queue_write_req_num_avg           14.264716                                      # Average of write queue length per memory cycle
          ramulator.record_read_requests                 0.0                                      # record read requests for this core when it reaches request limit or to the end
                                     [0]                 0.0                                      # 
         ramulator.record_write_requests                 0.0                                      # record write requests for this core when it reaches request limit or to the end
                                     [0]                 0.0                                      # 
