/* -*- Mode: c -*- */
####################################################################################################
Core 0
####################################################################################################
Cumulative:        Cycles: 28363204              Instructions: 30000002              IPC: 1.05771

DCACHE_PREF_HIT                                      0                              0              

IFETCH_WB_FIRST_SCHEDULE                             0         -nan%                0         -nan%
PREFETCH_LAST_SCHEDULE                               0         -nan%                0         -nan%
DEMAND_PASS_PREF_SCHEDULE                            0         -nan%                0         -nan%
DEMAND_PASS_LOW_OP_SCHEDULE                          0         -nan%                0         -nan%
DEMAND_LAST_SCHEDULE                                 0         -nan%                0         -nan%
                                                     0         -nan%                0         -nan%
                                                  -nan         -nan              -nan         -nan

SEND_MISS_REQ_QUEUE                            1329713                        1329713              

L1_DATA_EVICT                                  1265382                        1265382              

STREAM_BUFFER_REQ                                    0                              0              

PREF_SEND_TO_MEM_REQ                                 0         -nan%                0         -nan%
PREF_SEND_TO_MEM_REQ_FAIL                            0         -nan%                0         -nan%
                                                     0         -nan%                0         -nan%
                                                  -nan         -nan              -nan         -nan

HIT_TRAIN_STREAM                               1088550       98.871%          1088550       98.871%
MISS_TRAIN_STREAM                                12434        1.129%            12434        1.129%
                                               1100984      100.000%          1100984      100.000%
                                                  0.01         0.11              0.01         0.11

STREAM_TRAIN_CREATE                               3762                           3762              

MEM_REQ_MISS_HWP_PREF_Q                              0         -nan%                0         -nan%
MEM_REQ_MISS_SW_PREF_Q                               0         -nan%                0         -nan%
MEM_REQ_MISS_IFETCH_Q                                0         -nan%                0         -nan%
MEM_REQ_MISS_DFETCH_Q                                0         -nan%                0         -nan%
MEM_REQ_MISS_DSTORE_Q                                0         -nan%                0         -nan%
MEM_REQ_MISS_DPRF_Q                                  0         -nan%                0         -nan%
MEM_REQ_MISS_WB_Q                                    0         -nan%                0         -nan%
                                                     0         -nan%                0         -nan%
                                                  -nan         -nan              -nan         -nan

PREF_HIT_BY_DEMAND_IFETCH                            0         -nan%                0         -nan%
PREF_HIT_BY_DEMAND_DFETCH                            0         -nan%                0         -nan%
PREF_HIT_BY_DEMAND_DSTORE                            0         -nan%                0         -nan%
PREF_HIT_BY_DEMAND_IPREF                             0         -nan%                0         -nan%
PREF_HIT_BY_DEMAND_DPRF                              0         -nan%                0         -nan%
PREF_HIT_BY_DEMAND_WB                                0         -nan%                0         -nan%
PREF_HIT_BY_PREF                                     0         -nan%                0         -nan%
                                                     0         -nan%                0         -nan%
                                                  -nan         -nan              -nan         -nan

PREF_HIT_DEMAND_IFETCH                               0         -nan%                0         -nan%
PREF_HIT_DEMAND_DFETCH                               0         -nan%                0         -nan%
PREF_HIT_DEMAND_DSTORE                               0         -nan%                0         -nan%
PREF_HIT_DEMAND_IPREF                                0         -nan%                0         -nan%
PREF_HIT_DEMAND_DPRF                                 0         -nan%                0         -nan%
PREF_HIT_DEMAND_WB                                   0         -nan%                0         -nan%
                                                     0         -nan%                0         -nan%
                                                  -nan         -nan              -nan         -nan

PREF_L1_FILL                                         0         -nan%                0         -nan%
DEMAND_L1_FILL                                       0         -nan%                0         -nan%
                                                     0         -nan%                0         -nan%
                                                  -nan         -nan              -nan         -nan

TOUCH_L1_REPLACE                                     0        0.000%                0        0.000%
NO_TOUCH_L1_REPLACE                            1265382      100.000%          1265382      100.000%
                                               1265382      100.000%          1265382      100.000%
                                                  1.00         1.00              1.00         1.00

PREF_REQ_QUE_FULL                                    0                              0              

STREAM_REQ_QUEUE_HIT_BY_DEMAND                       0                              0              

L2HIT_STREAM_PREF_REQ_QUE_FULL                       0                              0              

L2HIT_HIT_TRAIN_STREAM                               0         -nan%                0         -nan%
L2HIT_MISS_TRAIN_STREAM                              0         -nan%                0         -nan%
                                                     0         -nan%                0         -nan%
                                                  -nan         -nan              -nan         -nan

L2HIT_STREAM_TRAIN_CREATE                            0                              0              

L2HIT_STREAM_BUFFER_REQ                              0                              0              

L2HIT_STREAM_PREF_DCACHE_HIT                         0         -nan%                0         -nan%
L2HIT_STREAM_PREF_DCACHE_INSERT                      0         -nan%                0         -nan%
L2HIT_STREAM_L2_MISS                                 0         -nan%                0         -nan%
                                                     0         -nan%                0         -nan%
                                                  -nan         -nan              -nan         -nan

L2HIT_STREAM_DCACHE_PORT_FULL                        0                              0              

L2HIT_STREAM_PREF_L1_PORT_FULL                       0                              0              

L2HIT_TRAIN_HIT_DEMAND                               0         -nan%                0         -nan%
L2HIT_TRAIN_MISS_REQ                                 0         -nan%                0         -nan%
                                                     0         -nan%                0         -nan%
                                                  -nan         -nan              -nan         -nan

L2HIT_TRAIN_FILTER_MISS                              0         -nan%                0         -nan%
L2HIT_TRAIN_FILTER_HIT                               0         -nan%                0         -nan%
                                                     0         -nan%                0         -nan%
                                                  -nan         -nan              -nan         -nan

L2HIT_PREF_REQ_DCACHE_HIT                            0         -nan%                0         -nan%
L2HIT_PREF_REQ_DCACHE_MISS                           0         -nan%                0         -nan%
                                                     0         -nan%                0         -nan%
                                                  -nan         -nan              -nan         -nan

L2HIT_L2SEND_Q_FULL                                  0         -nan%                0         -nan%
L2HIT_L2SEND_Q_ENTER                                 0         -nan%                0         -nan%
                                                     0         -nan%                0         -nan%
                                                  -nan         -nan              -nan         -nan

L2HIT_MEM_REQ                                        0                              0              

REMOVE_REDUNDANT_STREAM_STAT                         0                              0              

REPLACE_OLD_STREAM                                3746                           3746              

REQ_SEND_QUEUE_STALL                                 0                              0              

STREAM_ENTER_RA                                      0                              0              

CORE_STREAM_LENGTH_0                               210       11.905%              210       11.905%
CORE_STREAM_LENGTH_10                              719       40.760%              719       40.760%
CORE_STREAM_LENGTH_20                              423       23.980%              423       23.980%
CORE_STREAM_LENGTH_30                               94        5.329%               94        5.329%
CORE_STREAM_LENGTH_40                               39        2.211%               39        2.211%
CORE_STREAM_LENGTH_50                               23        1.304%               23        1.304%
CORE_STREAM_LENGTH_60                               22        1.247%               22        1.247%
CORE_STREAM_LENGTH_70                               14        0.794%               14        0.794%
CORE_STREAM_LENGTH_80                                8        0.454%                8        0.454%
CORE_STREAM_LENGTH_90                               11        0.624%               11        0.624%
CORE_STREAM_LENGTH_100_P                           201       11.395%              201       11.395%
                                                  1764      100.000%             1764      100.000%
                                                  2.56         2.99              2.56         2.99

CORE_CUM_STREAM_LENGTH_0                          1537        0.094%             1537        0.094%
CORE_CUM_STREAM_LENGTH_10                        10137        0.622%            10137        0.622%
CORE_CUM_STREAM_LENGTH_20                         9408        0.578%             9408        0.578%
CORE_CUM_STREAM_LENGTH_30                         3165        0.194%             3165        0.194%
CORE_CUM_STREAM_LENGTH_40                         1752        0.108%             1752        0.108%
CORE_CUM_STREAM_LENGTH_50                         1238        0.076%             1238        0.076%
CORE_CUM_STREAM_LENGTH_60                         1393        0.086%             1393        0.086%
CORE_CUM_STREAM_LENGTH_70                         1044        0.064%             1044        0.064%
CORE_CUM_STREAM_LENGTH_80                          679        0.042%              679        0.042%
CORE_CUM_STREAM_LENGTH_90                         1036        0.064%             1036        0.064%
CORE_CUM_STREAM_LENGTH_100_P                   1597628       98.073%          1597628       98.073%
                                               1629017      100.000%          1629017      100.000%
                                                  9.86         9.81              9.86         9.81

CORE_STREAM_TRAIN_HITS_0                          1138       64.512%             1138       64.512%
CORE_STREAM_TRAIN_HITS_10                          272       15.420%              272       15.420%
CORE_STREAM_TRAIN_HITS_20                           72        4.082%               72        4.082%
CORE_STREAM_TRAIN_HITS_30                           37        2.098%               37        2.098%
CORE_STREAM_TRAIN_HITS_40                           15        0.850%               15        0.850%
CORE_STREAM_TRAIN_HITS_50                           25        1.417%               25        1.417%
CORE_STREAM_TRAIN_HITS_60                           14        0.794%               14        0.794%
CORE_STREAM_TRAIN_HITS_70                            7        0.397%                7        0.397%
CORE_STREAM_TRAIN_HITS_80                            9        0.510%                9        0.510%
CORE_STREAM_TRAIN_HITS_90                            9        0.510%                9        0.510%
CORE_STREAM_TRAIN_HITS_100_P                       166        9.410%              166        9.410%
                                                  1764      100.000%             1764      100.000%
                                                  1.51         2.85              1.51         2.85

CORE_CUM_STREAM_TRAIN_HITS_0                      6975        0.637%             6975        0.637%
CORE_CUM_STREAM_TRAIN_HITS_10                     3638        0.332%             3638        0.332%
CORE_CUM_STREAM_TRAIN_HITS_20                     1747        0.159%             1747        0.159%
CORE_CUM_STREAM_TRAIN_HITS_30                     1248        0.114%             1248        0.114%
CORE_CUM_STREAM_TRAIN_HITS_40                      665        0.061%              665        0.061%
CORE_CUM_STREAM_TRAIN_HITS_50                     1348        0.123%             1348        0.123%
CORE_CUM_STREAM_TRAIN_HITS_60                      910        0.083%              910        0.083%
CORE_CUM_STREAM_TRAIN_HITS_70                      509        0.046%              509        0.046%
CORE_CUM_STREAM_TRAIN_HITS_80                      767        0.070%              767        0.070%
CORE_CUM_STREAM_TRAIN_HITS_90                      849        0.077%              849        0.077%
CORE_CUM_STREAM_TRAIN_HITS_100_P               1076950       98.297%          1076950       98.297%
                                               1095606      100.000%          1095606      100.000%
                                                  9.87         9.81              9.87         9.81

CORE_STREAM_TRAIN_CREATE                          3762                           3762              



