/* -*- Mode: c -*- */
####################################################################################################
Core 0
####################################################################################################
Cumulative:        Cycles: 15315492              Instructions: 30000002              IPC: 1.95880

EXECUTION_TIME                           4786091250000                  4786091250000              

NODE_CYCLE                                    15315492                       15315492              

NODE_INST_COUNT                               30000002                       30000002              

NODE_UOP_COUNT                                33023030                       33023030              

FULL_WINDOW_STALL                              7233073       47.227%          7233073       47.227%

FULL_WINDOW_MEM_OP                             6042253       90.244%          6042253       90.244%
FULL_WINDOW_FP_OP                               517427        7.728%           517427        7.728%
FULL_WINDOW_OTHER_OP                            135792        2.028%           135792        2.028%
                                               6695472      100.000%          6695472      100.000%
                                                  0.12         0.36              0.12         0.36

RET_BLOCKED_DC_MISS                            6873300       44.878%          6873300       44.878%

RET_BLOCKED_L1_MISS                            6017040       39.287%          6017040       39.287%

RET_BLOCKED_L1_MISS_BW_PREF                     933745        6.097%           933745        6.097%

RET_BLOCKED_L1_ACCESS                           856543        5.593%           856543        5.593%

RET_BLOCKED_MEM_STALL                          6083029       39.718%          6083029       39.718%

RET_BLOCKED_OFFCHIP_DEMAND                           0        0.000%                0        0.000%

OP_ISSUED                                     36941143                       36941143              

OP_RETIRED                                    33023030                       33023030              

REPLAY_SIGNALED                                      0                              0              

REPLAY_COUNTED                                       0                              0              

OFF_CRITICAL_PATH                                    0         -nan%                0         -nan%
ON_CRITICAL_PATH                                     0         -nan%                0         -nan%
                                                     0         -nan%                0         -nan%
                                                  -nan         -nan              -nan         -nan

LD_NO_DEPENDENTS                                 53604        0.683%            53604        0.683%
LD_DEPENDENTS                                  7790945       99.317%          7790945       99.317%
                                               7844549      100.000%          7844549      100.000%
                                                  0.99         0.99              0.99         0.99

LD_EXEC_CYCLES_0                                     0        0.000%                0        0.000%
LD_EXEC_CYCLES_1                                     0        0.000%                0        0.000%
LD_EXEC_CYCLES_2                                     0        0.000%                0        0.000%
LD_EXEC_CYCLES_3                               4129999       75.686%          4129999       75.686%
LD_EXEC_CYCLES_4                               1326758       24.314%          1326758       24.314%
                                               5456757      100.000%          5456757      100.000%
                                                  3.24         1.66              3.24         1.66

FU_BUSY_0                                      9197123                        9197123              

FU_BUSY_1                                      8189606                        8189606              

FU_BUSY_2                                      6913747                        6913747              

FU_BUSY_3                                      5483012                        5483012              

FU_BUSY_4                                      4028121                        4028121              

FU_BUSY_5                                      2957995                        2957995              

FU_BUSY_6                                      2182135                        2182135              

FU_BUSY_7                                      1642122                        1642122              

FU_BUSY_8                                            0                              0              

FU_BUSY_9                                            0                              0              

FU_BUSY_10                                           0                              0              

FU_BUSY_11                                           0                              0              

FU_BUSY_12                                           0                              0              

FU_BUSY_13                                           0                              0              

FU_BUSY_14                                           0                              0              

FU_BUSY_15                                           0                              0              

FU_BUSY_16                                           0                              0              

FU_BUSY_17                                           0                              0              

FU_BUSY_18                                           0                              0              

FU_BUSY_19                                           0                              0              

FU_BUSY_20                                           0                              0              

FU_BUSY_21                                           0                              0              

FU_BUSY_22                                           0                              0              

FU_BUSY_23                                           0                              0              

FU_BUSY_24                                           0                              0              

FU_BUSY_25                                           0                              0              

FU_BUSY_26                                           0                              0              

FU_BUSY_27                                           0                              0              

FU_BUSY_28                                           0                              0              

FU_BUSY_29                                           0                              0              

FU_BUSY_30                                           0                              0              

FU_BUSY_31                                           0                              0              

OP_WAIT_0                                     23504809                       23504809              

OP_WAIT_1                                      7782151                        7782151              

OP_WAIT_2                                       993688                         993688              

OP_WAIT_3                                       308986                         308986              

OP_WAIT_4                                        90930                          90930              

OP_WAIT_5                                        59805                          59805              

OP_WAIT_6                                        26580                          26580              

OP_WAIT_7                                        16142                          16142              

OP_WAIT_8                                        15781                          15781              

OP_WAIT_9                                        11797                          11797              

OP_WAIT_10                                       10866                          10866              

OP_WAIT_11                                       10202                          10202              

OP_WAIT_12                                        8262                           8262              

OP_WAIT_13                                        8554                           8554              

OP_WAIT_14                                       11028                          11028              

OP_WAIT_15                                        9983                           9983              

OP_WAIT_16                                        7147                           7147              

OP_WAIT_17                                        8424                           8424              

OP_WAIT_18                                        3902                           3902              

OP_WAIT_19                                        3312                           3312              

OP_WAIT_20                                        2959                           2959              

OP_WAIT_21                                        2930                           2930              

OP_WAIT_22                                        2695                           2695              

OP_WAIT_23                                        1916                           1916              

OP_WAIT_24                                        1840                           1840              

OP_WAIT_25                                        1850                           1850              

OP_WAIT_26                                        3296                           3296              

OP_WAIT_27                                        2989                           2989              

OP_WAIT_28                                        2525                           2525              

OP_WAIT_29                                        2367                           2367              

OP_WAIT_30                                        2721                           2721              

OP_WAIT_31                                      102593                         102593              

ROW_SIZE_0                                     8384730                        8384730              

ROW_SIZE_1                                     1008436                        1008436              

ROW_SIZE_2                                      219897                         219897              

ROW_SIZE_3                                      115127                         115127              

ROW_SIZE_4                                      146586                         146586              

ROW_SIZE_5                                      126077                         126077              

ROW_SIZE_6                                     5002115                        5002115              

ROW_SIZE_7                                           0                              0              

ROW_SIZE_8                                           0                              0              

ROW_SIZE_9                                           0                              0              

ROW_SIZE_10                                          0                              0              

ROW_SIZE_11                                          0                              0              

ROW_SIZE_12                                          0                              0              

ROW_SIZE_13                                          0                              0              

ROW_SIZE_14                                          0                              0              

ROW_SIZE_15                                          0                              0              

ROW_SIZE_16                                          0                              0              

ROW_SIZE_17                                          0                              0              

ROW_SIZE_18                                          0                              0              

ROW_SIZE_19                                          0                              0              

ROW_SIZE_20                                          0                              0              

ROW_SIZE_21                                          0                              0              

ROW_SIZE_22                                          0                              0              

ROW_SIZE_23                                          0                              0              

ROW_SIZE_24                                          0                              0              

ROW_SIZE_25                                          0                              0              

ROW_SIZE_26                                          0                              0              

ROW_SIZE_27                                          0                              0              

ROW_SIZE_28                                          0                              0              

ROW_SIZE_29                                          0                              0              

ROW_SIZE_30                                          0                              0              

ROW_SIZE_31                                          0                              0              

RET_OP_EXEC_COUNT_0                                  0        0.000%                0        0.000%
RET_OP_EXEC_COUNT_1                           33023030      100.000%         33023030      100.000%
RET_OP_EXEC_COUNT_2                                  0        0.000%                0        0.000%
RET_OP_EXEC_COUNT_3                                  0        0.000%                0        0.000%
RET_OP_EXEC_COUNT_4                                  0        0.000%                0        0.000%
RET_OP_EXEC_COUNT_5                                  0        0.000%                0        0.000%
RET_OP_EXEC_COUNT_6                                  0        0.000%                0        0.000%
RET_OP_EXEC_COUNT_7                                  0        0.000%                0        0.000%
RET_OP_EXEC_COUNT_8                                  0        0.000%                0        0.000%
RET_OP_EXEC_COUNT_9                                  0        0.000%                0        0.000%
RET_OP_EXEC_COUNT_10                                 0        0.000%                0        0.000%
RET_OP_EXEC_COUNT_11                                 0        0.000%                0        0.000%
RET_OP_EXEC_COUNT_12                                 0        0.000%                0        0.000%
RET_OP_EXEC_COUNT_13                                 0        0.000%                0        0.000%
RET_OP_EXEC_COUNT_14                                 0        0.000%                0        0.000%
RET_OP_EXEC_COUNT_15                                 0        0.000%                0        0.000%
RET_OP_EXEC_COUNT_16                                 0        0.000%                0        0.000%
RET_OP_EXEC_COUNT_17                                 0        0.000%                0        0.000%
RET_OP_EXEC_COUNT_18                                 0        0.000%                0        0.000%
RET_OP_EXEC_COUNT_19                                 0        0.000%                0        0.000%
RET_OP_EXEC_COUNT_20                                 0        0.000%                0        0.000%
RET_OP_EXEC_COUNT_21                                 0        0.000%                0        0.000%
RET_OP_EXEC_COUNT_22                                 0        0.000%                0        0.000%
RET_OP_EXEC_COUNT_23                                 0        0.000%                0        0.000%
RET_OP_EXEC_COUNT_24                                 0        0.000%                0        0.000%
RET_OP_EXEC_COUNT_25                                 0        0.000%                0        0.000%
RET_OP_EXEC_COUNT_26                                 0        0.000%                0        0.000%
RET_OP_EXEC_COUNT_27                                 0        0.000%                0        0.000%
RET_OP_EXEC_COUNT_28                                 0        0.000%                0        0.000%
RET_OP_EXEC_COUNT_29                                 0        0.000%                0        0.000%
RET_OP_EXEC_COUNT_30                                 0        0.000%                0        0.000%
RET_OP_EXEC_COUNT_31                                 0        0.000%                0        0.000%
RET_OP_EXEC_COUNT_32                                 0        0.000%                0        0.000%
                                              33023030      100.000%         33023030      100.000%
                                                  1.00         0.00              1.00         0.00

RET_STALL_LENGTH_0                            32997952       99.924%         32997952       99.924%
RET_STALL_LENGTH_100                             21950        0.066%            21950        0.066%
RET_STALL_LENGTH_200                              1266        0.004%             1266        0.004%
RET_STALL_LENGTH_300                               588        0.002%              588        0.002%
RET_STALL_LENGTH_400                               402        0.001%              402        0.001%
RET_STALL_LENGTH_500                               219        0.001%              219        0.001%
RET_STALL_LENGTH_600                                72        0.000%               72        0.000%
RET_STALL_LENGTH_700                                38        0.000%               38        0.000%
RET_STALL_LENGTH_800                                34        0.000%               34        0.000%
RET_STALL_LENGTH_900                                34        0.000%               34        0.000%
RET_STALL_LENGTH_1000                               31        0.000%               31        0.000%
RET_STALL_LENGTH_1100                              123        0.000%              123        0.000%
RET_STALL_LENGTH_1200                              217        0.001%              217        0.001%
RET_STALL_LENGTH_1300                               61        0.000%               61        0.000%
RET_STALL_LENGTH_1400                               15        0.000%               15        0.000%
RET_STALL_LENGTH_1500                               11        0.000%               11        0.000%
RET_STALL_LENGTH_1600                                9        0.000%                9        0.000%
RET_STALL_LENGTH_1700                                5        0.000%                5        0.000%
RET_STALL_LENGTH_1800                                2        0.000%                2        0.000%
RET_STALL_LENGTH_1900                                1        0.000%                1        0.000%
RET_STALL_LENGTH_2000                                0        0.000%                0        0.000%
RET_STALL_LENGTH_2100                                0        0.000%                0        0.000%
RET_STALL_LENGTH_2200                                0        0.000%                0        0.000%
RET_STALL_LENGTH_2300                                0        0.000%                0        0.000%
RET_STALL_LENGTH_2400                                0        0.000%                0        0.000%
RET_STALL_LENGTH_2500                                0        0.000%                0        0.000%
RET_STALL_LENGTH_2600                                0        0.000%                0        0.000%
RET_STALL_LENGTH_2700                                0        0.000%                0        0.000%
RET_STALL_LENGTH_2800                                0        0.000%                0        0.000%
RET_STALL_LENGTH_2900                                0        0.000%                0        0.000%
RET_STALL_LENGTH_3000                                0        0.000%                0        0.000%
RET_STALL_LENGTH_3100                                0        0.000%                0        0.000%
RET_STALL_LENGTH_3200                                0        0.000%                0        0.000%
RET_STALL_LENGTH_3300                                0        0.000%                0        0.000%
RET_STALL_LENGTH_3400                                0        0.000%                0        0.000%
RET_STALL_LENGTH_3500                                0        0.000%                0        0.000%
RET_STALL_LENGTH_3600                                0        0.000%                0        0.000%
RET_STALL_LENGTH_3700                                0        0.000%                0        0.000%
RET_STALL_LENGTH_3800                                0        0.000%                0        0.000%
RET_STALL_LENGTH_3900                                0        0.000%                0        0.000%
RET_STALL_LENGTH_4000                                0        0.000%                0        0.000%
RET_STALL_LENGTH_4100                                0        0.000%                0        0.000%
RET_STALL_LENGTH_4200                                0        0.000%                0        0.000%
RET_STALL_LENGTH_4300                                0        0.000%                0        0.000%
RET_STALL_LENGTH_4400                                0        0.000%                0        0.000%
RET_STALL_LENGTH_4500                                0        0.000%                0        0.000%
RET_STALL_LENGTH_4600                                0        0.000%                0        0.000%
RET_STALL_LENGTH_4700                                0        0.000%                0        0.000%
RET_STALL_LENGTH_4800                                0        0.000%                0        0.000%
RET_STALL_LENGTH_4900                                0        0.000%                0        0.000%
RET_STALL_LENGTH_5000                                0        0.000%                0        0.000%
                                              33023030      100.000%         33023030      100.000%
                                                  0.00         0.06              0.00         0.06

MEM_BLOCK_LENGTH_0                                4485       90.260%             4485       90.260%
MEM_BLOCK_LENGTH_100                               188        3.783%              188        3.783%
MEM_BLOCK_LENGTH_200                                79        1.590%               79        1.590%
MEM_BLOCK_LENGTH_300                                48        0.966%               48        0.966%
MEM_BLOCK_LENGTH_400                                35        0.704%               35        0.704%
MEM_BLOCK_LENGTH_500                                29        0.584%               29        0.584%
MEM_BLOCK_LENGTH_600                                34        0.684%               34        0.684%
MEM_BLOCK_LENGTH_700                                19        0.382%               19        0.382%
MEM_BLOCK_LENGTH_800                                12        0.241%               12        0.241%
MEM_BLOCK_LENGTH_900                                 9        0.181%                9        0.181%
MEM_BLOCK_LENGTH_1000                                7        0.141%                7        0.141%
MEM_BLOCK_LENGTH_1100                                4        0.080%                4        0.080%
MEM_BLOCK_LENGTH_1200                                7        0.141%                7        0.141%
MEM_BLOCK_LENGTH_1300                                1        0.020%                1        0.020%
MEM_BLOCK_LENGTH_1400                                1        0.020%                1        0.020%
MEM_BLOCK_LENGTH_1500                                2        0.040%                2        0.040%
MEM_BLOCK_LENGTH_1600                                1        0.020%                1        0.020%
MEM_BLOCK_LENGTH_1700                                2        0.040%                2        0.040%
MEM_BLOCK_LENGTH_1800                                1        0.020%                1        0.020%
MEM_BLOCK_LENGTH_1900                                1        0.020%                1        0.020%
MEM_BLOCK_LENGTH_2000                                0        0.000%                0        0.000%
MEM_BLOCK_LENGTH_2100                                0        0.000%                0        0.000%
MEM_BLOCK_LENGTH_2200                                0        0.000%                0        0.000%
MEM_BLOCK_LENGTH_2300                                1        0.020%                1        0.020%
MEM_BLOCK_LENGTH_2400                                0        0.000%                0        0.000%
MEM_BLOCK_LENGTH_2500                                0        0.000%                0        0.000%
MEM_BLOCK_LENGTH_2600                                0        0.000%                0        0.000%
MEM_BLOCK_LENGTH_2700                                0        0.000%                0        0.000%
MEM_BLOCK_LENGTH_2800                                0        0.000%                0        0.000%
MEM_BLOCK_LENGTH_2900                                0        0.000%                0        0.000%
MEM_BLOCK_LENGTH_3000                                0        0.000%                0        0.000%
MEM_BLOCK_LENGTH_3100                                0        0.000%                0        0.000%
MEM_BLOCK_LENGTH_3200                                0        0.000%                0        0.000%
MEM_BLOCK_LENGTH_3300                                0        0.000%                0        0.000%
MEM_BLOCK_LENGTH_3400                                1        0.020%                1        0.020%
MEM_BLOCK_LENGTH_3500                                0        0.000%                0        0.000%
MEM_BLOCK_LENGTH_3600                                0        0.000%                0        0.000%
MEM_BLOCK_LENGTH_3700                                0        0.000%                0        0.000%
MEM_BLOCK_LENGTH_3800                                0        0.000%                0        0.000%
MEM_BLOCK_LENGTH_3900                                0        0.000%                0        0.000%
MEM_BLOCK_LENGTH_4000                                0        0.000%                0        0.000%
MEM_BLOCK_LENGTH_4100                                0        0.000%                0        0.000%
MEM_BLOCK_LENGTH_4200                                0        0.000%                0        0.000%
MEM_BLOCK_LENGTH_4300                                0        0.000%                0        0.000%
MEM_BLOCK_LENGTH_4400                                0        0.000%                0        0.000%
MEM_BLOCK_LENGTH_4500                                0        0.000%                0        0.000%
MEM_BLOCK_LENGTH_4600                                0        0.000%                0        0.000%
MEM_BLOCK_LENGTH_4700                                0        0.000%                0        0.000%
MEM_BLOCK_LENGTH_4800                                0        0.000%                0        0.000%
MEM_BLOCK_LENGTH_4900                                0        0.000%                0        0.000%
MEM_BLOCK_LENGTH_5000                                2        0.040%                2        0.040%
                                                  4969      100.000%             4969      100.000%
                                                  0.36         1.79              0.36         1.79

FUS_BUSY_ON_PATH                              37683341        2.4605         37683341        2.4605

FUS_BUSY_OFF_PATH                              2910520        0.1900          2910520        0.1900

FU_BUSY_MEM_STALL                              4745801        0.3099          4745801        0.3099

FUS_EMPTY                                     81930075        5.3495         81930075        5.3495

CHIP_UTILIZATION                                     0        0.0000                0        0.0000

CYCLES_UNDER_MEM_REQ                                 0                              0              

CYCLES_UNDER_NO_MEM_REQ                              0                              0              

CYCLES_UNDER_CRITICAL_MEM_REQ                        0                              0              

CYCLES_UNDER_NONCRITICAL_MEM_REQ                     0                              0              

CHIP_UTILIZATION_UNDER_MEM_REQ                       0          -nan                0          -nan

CHIP_UTILIZATION_UNDER_NO_MEM_REQ                    0          -nan                0          -nan

CHIP_UTILIZATION_UNDER_CRITICAL_MEM_REQ              0          -nan                0          -nan

CHIP_UTILIZATION_UNDER_NONCRITICAL_MEM_REQ             0          -nan                0          -nan

CYCLES_NOT_WAITING_FOR_OFF_CHIP                      0        0.0000                0        0.0000

FUS_BUSY_NOT_WAITING_FOR_OFF_CHIP                    0          -nan                0          -nan

CYCLES_WAITING_FOR_OFF_CHIP                          0        0.0000                0        0.0000

FUS_BUSY_WAITING_FOR_OFF_CHIP                        0          -nan                0          -nan

TOTAL_OFF_CHIP_DELAYS_LEFT                           0                              0              

WRONG_IO_SCHED                                       0                              0              

DVFS_CONFIG_SWITCH                                   0                              0              



