               ramulator.active_cycles_0             5089096                                      # Total active cycles for level _0
                 ramulator.busy_cycles_0             5089096                                      # (All-bank refresh only. busy cycles only include refresh time in rank level) The sum of cycles that the DRAM part is active or under refresh for level _0
            ramulator.serving_requests_0            15663422                                      # The sum of read and write requests that are served in this DRAM element per memory cycle for level _0
    ramulator.average_serving_requests_0            2.727246                                      # The average of read and write requests that are served in this DRAM element per memory cycle for level _0
             ramulator.active_cycles_0_0             5089096                                      # Total active cycles for level _0_0
               ramulator.busy_cycles_0_0             5210896                                      # (All-bank refresh only. busy cycles only include refresh time in rank level) The sum of cycles that the DRAM part is active or under refresh for level _0_0
          ramulator.serving_requests_0_0            15663422                                      # The sum of read and write requests that are served in this DRAM element per memory cycle for level _0_0
  ramulator.average_serving_requests_0_0            2.727246                                      # The average of read and write requests that are served in this DRAM element per memory cycle for level _0_0
           ramulator.active_cycles_0_0_0             2280598                                      # Total active cycles for level _0_0_0
             ramulator.busy_cycles_0_0_0             2280598                                      # (All-bank refresh only. busy cycles only include refresh time in rank level) The sum of cycles that the DRAM part is active or under refresh for level _0_0_0
        ramulator.serving_requests_0_0_0             3680106                                      # The sum of read and write requests that are served in this DRAM element per memory cycle for level _0_0_0
ramulator.average_serving_requests_0_0_0            0.640764                                      # The average of read and write requests that are served in this DRAM element per memory cycle for level _0_0_0
         ramulator.active_cycles_0_0_0_0              737413                                      # Total active cycles for level _0_0_0_0
           ramulator.busy_cycles_0_0_0_0              737413                                      # (All-bank refresh only. busy cycles only include refresh time in rank level) The sum of cycles that the DRAM part is active or under refresh for level _0_0_0_0
      ramulator.serving_requests_0_0_0_0              988571                                      # The sum of read and write requests that are served in this DRAM element per memory cycle for level _0_0_0_0
ramulator.average_serving_requests_0_0_0_0            0.172126                                      # The average of read and write requests that are served in this DRAM element per memory cycle for level _0_0_0_0
         ramulator.active_cycles_0_0_0_1              646709                                      # Total active cycles for level _0_0_0_1
           ramulator.busy_cycles_0_0_0_1              646709                                      # (All-bank refresh only. busy cycles only include refresh time in rank level) The sum of cycles that the DRAM part is active or under refresh for level _0_0_0_1
      ramulator.serving_requests_0_0_0_1              839914                                      # The sum of read and write requests that are served in this DRAM element per memory cycle for level _0_0_0_1
ramulator.average_serving_requests_0_0_0_1            0.146242                                      # The average of read and write requests that are served in this DRAM element per memory cycle for level _0_0_0_1
         ramulator.active_cycles_0_0_0_2              781535                                      # Total active cycles for level _0_0_0_2
           ramulator.busy_cycles_0_0_0_2              781535                                      # (All-bank refresh only. busy cycles only include refresh time in rank level) The sum of cycles that the DRAM part is active or under refresh for level _0_0_0_2
      ramulator.serving_requests_0_0_0_2             1039325                                      # The sum of read and write requests that are served in this DRAM element per memory cycle for level _0_0_0_2
ramulator.average_serving_requests_0_0_0_2            0.180963                                      # The average of read and write requests that are served in this DRAM element per memory cycle for level _0_0_0_2
         ramulator.active_cycles_0_0_0_3              602229                                      # Total active cycles for level _0_0_0_3
           ramulator.busy_cycles_0_0_0_3              602229                                      # (All-bank refresh only. busy cycles only include refresh time in rank level) The sum of cycles that the DRAM part is active or under refresh for level _0_0_0_3
      ramulator.serving_requests_0_0_0_3              812296                                      # The sum of read and write requests that are served in this DRAM element per memory cycle for level _0_0_0_3
ramulator.average_serving_requests_0_0_0_3            0.141433                                      # The average of read and write requests that are served in this DRAM element per memory cycle for level _0_0_0_3
           ramulator.active_cycles_0_0_1             2426240                                      # Total active cycles for level _0_0_1
             ramulator.busy_cycles_0_0_1             2426240                                      # (All-bank refresh only. busy cycles only include refresh time in rank level) The sum of cycles that the DRAM part is active or under refresh for level _0_0_1
        ramulator.serving_requests_0_0_1             3797390                                      # The sum of read and write requests that are served in this DRAM element per memory cycle for level _0_0_1
ramulator.average_serving_requests_0_0_1            0.661185                                      # The average of read and write requests that are served in this DRAM element per memory cycle for level _0_0_1
         ramulator.active_cycles_0_0_1_0              693902                                      # Total active cycles for level _0_0_1_0
           ramulator.busy_cycles_0_0_1_0              693902                                      # (All-bank refresh only. busy cycles only include refresh time in rank level) The sum of cycles that the DRAM part is active or under refresh for level _0_0_1_0
      ramulator.serving_requests_0_0_1_0              949347                                      # The sum of read and write requests that are served in this DRAM element per memory cycle for level _0_0_1_0
ramulator.average_serving_requests_0_0_1_0            0.165296                                      # The average of read and write requests that are served in this DRAM element per memory cycle for level _0_0_1_0
         ramulator.active_cycles_0_0_1_1              823183                                      # Total active cycles for level _0_0_1_1
           ramulator.busy_cycles_0_0_1_1              823183                                      # (All-bank refresh only. busy cycles only include refresh time in rank level) The sum of cycles that the DRAM part is active or under refresh for level _0_0_1_1
      ramulator.serving_requests_0_0_1_1             1039767                                      # The sum of read and write requests that are served in this DRAM element per memory cycle for level _0_0_1_1
ramulator.average_serving_requests_0_0_1_1            0.181040                                      # The average of read and write requests that are served in this DRAM element per memory cycle for level _0_0_1_1
         ramulator.active_cycles_0_0_1_2              665858                                      # Total active cycles for level _0_0_1_2
           ramulator.busy_cycles_0_0_1_2              665858                                      # (All-bank refresh only. busy cycles only include refresh time in rank level) The sum of cycles that the DRAM part is active or under refresh for level _0_0_1_2
      ramulator.serving_requests_0_0_1_2              866613                                      # The sum of read and write requests that are served in this DRAM element per memory cycle for level _0_0_1_2
ramulator.average_serving_requests_0_0_1_2            0.150891                                      # The average of read and write requests that are served in this DRAM element per memory cycle for level _0_0_1_2
         ramulator.active_cycles_0_0_1_3              713904                                      # Total active cycles for level _0_0_1_3
           ramulator.busy_cycles_0_0_1_3              713904                                      # (All-bank refresh only. busy cycles only include refresh time in rank level) The sum of cycles that the DRAM part is active or under refresh for level _0_0_1_3
      ramulator.serving_requests_0_0_1_3              941663                                      # The sum of read and write requests that are served in this DRAM element per memory cycle for level _0_0_1_3
ramulator.average_serving_requests_0_0_1_3            0.163958                                      # The average of read and write requests that are served in this DRAM element per memory cycle for level _0_0_1_3
           ramulator.active_cycles_0_0_2             2683334                                      # Total active cycles for level _0_0_2
             ramulator.busy_cycles_0_0_2             2683334                                      # (All-bank refresh only. busy cycles only include refresh time in rank level) The sum of cycles that the DRAM part is active or under refresh for level _0_0_2
        ramulator.serving_requests_0_0_2             4501302                                      # The sum of read and write requests that are served in this DRAM element per memory cycle for level _0_0_2
ramulator.average_serving_requests_0_0_2            0.783747                                      # The average of read and write requests that are served in this DRAM element per memory cycle for level _0_0_2
         ramulator.active_cycles_0_0_2_0              847621                                      # Total active cycles for level _0_0_2_0
           ramulator.busy_cycles_0_0_2_0              847621                                      # (All-bank refresh only. busy cycles only include refresh time in rank level) The sum of cycles that the DRAM part is active or under refresh for level _0_0_2_0
      ramulator.serving_requests_0_0_2_0             1126486                                      # The sum of read and write requests that are served in this DRAM element per memory cycle for level _0_0_2_0
ramulator.average_serving_requests_0_0_2_0            0.196139                                      # The average of read and write requests that are served in this DRAM element per memory cycle for level _0_0_2_0
         ramulator.active_cycles_0_0_2_1              923725                                      # Total active cycles for level _0_0_2_1
           ramulator.busy_cycles_0_0_2_1              923725                                      # (All-bank refresh only. busy cycles only include refresh time in rank level) The sum of cycles that the DRAM part is active or under refresh for level _0_0_2_1
      ramulator.serving_requests_0_0_2_1             1227202                                      # The sum of read and write requests that are served in this DRAM element per memory cycle for level _0_0_2_1
ramulator.average_serving_requests_0_0_2_1            0.213675                                      # The average of read and write requests that are served in this DRAM element per memory cycle for level _0_0_2_1
         ramulator.active_cycles_0_0_2_2              822361                                      # Total active cycles for level _0_0_2_2
           ramulator.busy_cycles_0_0_2_2              822361                                      # (All-bank refresh only. busy cycles only include refresh time in rank level) The sum of cycles that the DRAM part is active or under refresh for level _0_0_2_2
      ramulator.serving_requests_0_0_2_2             1093871                                      # The sum of read and write requests that are served in this DRAM element per memory cycle for level _0_0_2_2
ramulator.average_serving_requests_0_0_2_2            0.190460                                      # The average of read and write requests that are served in this DRAM element per memory cycle for level _0_0_2_2
         ramulator.active_cycles_0_0_2_3              802105                                      # Total active cycles for level _0_0_2_3
           ramulator.busy_cycles_0_0_2_3              802105                                      # (All-bank refresh only. busy cycles only include refresh time in rank level) The sum of cycles that the DRAM part is active or under refresh for level _0_0_2_3
      ramulator.serving_requests_0_0_2_3             1053743                                      # The sum of read and write requests that are served in this DRAM element per memory cycle for level _0_0_2_3
ramulator.average_serving_requests_0_0_2_3            0.183473                                      # The average of read and write requests that are served in this DRAM element per memory cycle for level _0_0_2_3
           ramulator.active_cycles_0_0_3             2302714                                      # Total active cycles for level _0_0_3
             ramulator.busy_cycles_0_0_3             2302714                                      # (All-bank refresh only. busy cycles only include refresh time in rank level) The sum of cycles that the DRAM part is active or under refresh for level _0_0_3
        ramulator.serving_requests_0_0_3             3684624                                      # The sum of read and write requests that are served in this DRAM element per memory cycle for level _0_0_3
ramulator.average_serving_requests_0_0_3            0.641550                                      # The average of read and write requests that are served in this DRAM element per memory cycle for level _0_0_3
         ramulator.active_cycles_0_0_3_0              938792                                      # Total active cycles for level _0_0_3_0
           ramulator.busy_cycles_0_0_3_0              938792                                      # (All-bank refresh only. busy cycles only include refresh time in rank level) The sum of cycles that the DRAM part is active or under refresh for level _0_0_3_0
      ramulator.serving_requests_0_0_3_0             1211921                                      # The sum of read and write requests that are served in this DRAM element per memory cycle for level _0_0_3_0
ramulator.average_serving_requests_0_0_3_0            0.211014                                      # The average of read and write requests that are served in this DRAM element per memory cycle for level _0_0_3_0
         ramulator.active_cycles_0_0_3_1              807323                                      # Total active cycles for level _0_0_3_1
           ramulator.busy_cycles_0_0_3_1              807323                                      # (All-bank refresh only. busy cycles only include refresh time in rank level) The sum of cycles that the DRAM part is active or under refresh for level _0_0_3_1
      ramulator.serving_requests_0_0_3_1             1064382                                      # The sum of read and write requests that are served in this DRAM element per memory cycle for level _0_0_3_1
ramulator.average_serving_requests_0_0_3_1            0.185326                                      # The average of read and write requests that are served in this DRAM element per memory cycle for level _0_0_3_1
         ramulator.active_cycles_0_0_3_2              500749                                      # Total active cycles for level _0_0_3_2
           ramulator.busy_cycles_0_0_3_2              500749                                      # (All-bank refresh only. busy cycles only include refresh time in rank level) The sum of cycles that the DRAM part is active or under refresh for level _0_0_3_2
      ramulator.serving_requests_0_0_3_2              678447                                      # The sum of read and write requests that are served in this DRAM element per memory cycle for level _0_0_3_2
ramulator.average_serving_requests_0_0_3_2            0.118128                                      # The average of read and write requests that are served in this DRAM element per memory cycle for level _0_0_3_2
         ramulator.active_cycles_0_0_3_3              532283                                      # Total active cycles for level _0_0_3_3
           ramulator.busy_cycles_0_0_3_3              532283                                      # (All-bank refresh only. busy cycles only include refresh time in rank level) The sum of cycles that the DRAM part is active or under refresh for level _0_0_3_3
      ramulator.serving_requests_0_0_3_3              729874                                      # The sum of read and write requests that are served in this DRAM element per memory cycle for level _0_0_3_3
ramulator.average_serving_requests_0_0_3_3            0.127082                                      # The average of read and write requests that are served in this DRAM element per memory cycle for level _0_0_3_3
      ramulator.read_transaction_bytes_0            31585920                                      # The total byte of read transaction per channel
     ramulator.write_transaction_bytes_0             1747456                                      # The total byte of write transaction per channel
       ramulator.row_hits_channel_0_core              437288                                      # Number of row hits per channel per core
     ramulator.row_misses_channel_0_core               11282                                      # Number of row misses per channel per core
  ramulator.row_conflicts_channel_0_core               72264                                      # Number of row conflicts per channel per core
  ramulator.read_row_hits_channel_0_core              423080                                      # Number of row hits for read requests per channel per core
                                     [0]            423080.0                                      # 
ramulator.read_row_misses_channel_0_core                9187                                      # Number of row misses for read requests per channel per core
                                     [0]              9187.0                                      # 
ramulator.read_row_conflicts_channel_0_core               61263                                      # Number of row conflicts for read requests per channel per core
                                     [0]             61263.0                                      # 
 ramulator.write_row_hits_channel_0_core               14208                                      # Number of row hits for write requests per channel per core
                                     [0]             14208.0                                      # 
ramulator.write_row_misses_channel_0_core                2095                                      # Number of row misses for write requests per channel per core
                                     [0]              2095.0                                      # 
ramulator.write_row_conflicts_channel_0_core               11001                                      # Number of row conflicts for write requests per channel per core
                                     [0]             11001.0                                      # 
      ramulator.useless_activates_0_core                  55                                      # Number of useless activations. E.g, ACT -> PRE w/o RD or WR
            ramulator.read_latency_avg_0           68.363544                                      # The average memory latency cycles (in memory time domain) per request for all read requests in this channel
            ramulator.read_latency_sum_0            33751355                                      # The memory latency cycles (in memory time domain) sum for all read requests in this channel
        ramulator.req_queue_length_avg_0           20.462533                                      # Average of read and write queue length per memory cycle per channel.
        ramulator.req_queue_length_sum_0           117522693                                      # Sum of read and write queue length per memory cycle per channel.
   ramulator.read_req_queue_length_avg_0            5.673392                                      # Read queue length average per memory cycle per channel.
   ramulator.read_req_queue_length_sum_0            32584054                                      # Read queue length sum per memory cycle per channel.
  ramulator.write_req_queue_length_avg_0           14.789141                                      # Write queue length average per memory cycle per channel.
  ramulator.write_req_queue_length_sum_0            84938639                                      # Write queue length sum per memory cycle per channel.
              ramulator.record_read_hits                 0.0                                      # record read hit count for this core when it reaches request limit or to the end
                                     [0]                 0.0                                      # 
            ramulator.record_read_misses                 0.0                                      # record_read_miss count for this core when it reaches request limit or to the end
                                     [0]                 0.0                                      # 
         ramulator.record_read_conflicts                 0.0                                      # record read conflict count for this core when it reaches request limit or to the end
                                     [0]                 0.0                                      # 
             ramulator.record_write_hits                 0.0                                      # record write hit count for this core when it reaches request limit or to the end
                                     [0]                 0.0                                      # 
           ramulator.record_write_misses                 0.0                                      # record write miss count for this core when it reaches request limit or to the end
                                     [0]                 0.0                                      # 
        ramulator.record_write_conflicts                 0.0                                      # record write conflict for this core when it reaches request limit or to the end
                                     [0]                 0.0                                      # 
                 ramulator.dram_capacity          8589934592                                      # Number of bytes in simulated DRAM
                   ramulator.dram_cycles             5743311                                      # Number of DRAM cycles simulated
             ramulator.incoming_requests              521013                                      # Number of incoming requests to DRAM
                 ramulator.read_requests              493704                                      # Number of incoming read requests to DRAM per core
                                     [0]            493704.0                                      # 
                ramulator.write_requests               27309                                      # Number of incoming write requests to DRAM per core
                                     [0]             27309.0                                      # 
       ramulator.ramulator_active_cycles             5089147                                      # The total number of cycles that the DRAM part is active (serving R/W)
 ramulator.incoming_requests_per_channel            521013.0                                      # Number of incoming requests to each DRAM channel
                                     [0]            521013.0                                      # 
ramulator.incoming_read_reqs_per_channel            493704.0                                      # Number of incoming read requests to each DRAM channel
                                     [0]            493704.0                                      # 
     ramulator.physical_page_replacement                   0                                      # The number of times that physical page replacement happens.
             ramulator.maximum_bandwidth         19200000000                                      # The theoretical maximum bandwidth (Bps)
          ramulator.in_queue_req_num_sum           117522693                                      # Sum of read/write queue length
     ramulator.in_queue_read_req_num_sum            32584054                                      # Sum of read queue length
    ramulator.in_queue_write_req_num_sum            84938639                                      # Sum of write queue length
          ramulator.in_queue_req_num_avg           20.462533                                      # Average of read/write queue length per memory cycle
     ramulator.in_queue_read_req_num_avg            5.673392                                      # Average of read queue length per memory cycle
    ramulator.in_queue_write_req_num_avg           14.789141                                      # Average of write queue length per memory cycle
          ramulator.record_read_requests                 0.0                                      # record read requests for this core when it reaches request limit or to the end
                                     [0]                 0.0                                      # 
         ramulator.record_write_requests                 0.0                                      # record write requests for this core when it reaches request limit or to the end
                                     [0]                 0.0                                      # 
