/* -*- Mode: c -*- */
####################################################################################################
Core 0
####################################################################################################
Cumulative:        Cycles: 21269970              Instructions: 30000000              IPC: 1.41044

EXECUTION_TIME                           6646865625000                  6646865625000              

NODE_CYCLE                                    21269970                       21269970              

NODE_INST_COUNT                               30000000                       30000000              

NODE_UOP_COUNT                                33023028                       33023028              

FULL_WINDOW_STALL                             13178170       61.957%         13178170       61.957%

FULL_WINDOW_MEM_OP                            10807034       88.986%         10807034       88.986%
FULL_WINDOW_FP_OP                              1323855       10.901%          1323855       10.901%
FULL_WINDOW_OTHER_OP                             13725        0.113%            13725        0.113%
                                              12144614      100.000%         12144614      100.000%
                                                  0.11         0.30              0.11         0.30

RET_BLOCKED_DC_MISS                           12025641       56.538%         12025641       56.538%

RET_BLOCKED_L1_MISS                           11114667       52.255%         11114667       52.255%

RET_BLOCKED_L1_MISS_BW_PREF                          0        0.000%                0        0.000%

RET_BLOCKED_L1_ACCESS                           911251        4.284%           911251        4.284%

RET_BLOCKED_MEM_STALL                         11179622       52.561%         11179622       52.561%

RET_BLOCKED_OFFCHIP_DEMAND                           0        0.000%                0        0.000%

OP_ISSUED                                     37082014                       37082014              

OP_RETIRED                                    33023028                       33023028              

REPLAY_SIGNALED                                      0                              0              

REPLAY_COUNTED                                       0                              0              

OFF_CRITICAL_PATH                                    0         -nan%                0         -nan%
ON_CRITICAL_PATH                                     0         -nan%                0         -nan%
                                                     0         -nan%                0         -nan%
                                                  -nan         -nan              -nan         -nan

LD_NO_DEPENDENTS                                 53261        0.679%            53261        0.679%
LD_DEPENDENTS                                  7791288       99.321%          7791288       99.321%
                                               7844549      100.000%          7844549      100.000%
                                                  0.99         0.99              0.99         0.99

LD_EXEC_CYCLES_0                                     0        0.000%                0        0.000%
LD_EXEC_CYCLES_1                                     0        0.000%                0        0.000%
LD_EXEC_CYCLES_2                                     0        0.000%                0        0.000%
LD_EXEC_CYCLES_3                               3798331       80.088%          3798331       80.088%
LD_EXEC_CYCLES_4                                944351       19.912%           944351       19.912%
                                               4742682      100.000%          4742682      100.000%
                                                  3.20         1.48              3.20         1.48

FU_BUSY_0                                     10493630                       10493630              

FU_BUSY_1                                      8501047                        8501047              

FU_BUSY_2                                      6627292                        6627292              

FU_BUSY_3                                      5030320                        5030320              

FU_BUSY_4                                      3483601                        3483601              

FU_BUSY_5                                      2421183                        2421183              

FU_BUSY_6                                      1669836                        1669836              

FU_BUSY_7                                      1240886                        1240886              

FU_BUSY_8                                            0                              0              

FU_BUSY_9                                            0                              0              

FU_BUSY_10                                           0                              0              

FU_BUSY_11                                           0                              0              

FU_BUSY_12                                           0                              0              

FU_BUSY_13                                           0                              0              

FU_BUSY_14                                           0                              0              

FU_BUSY_15                                           0                              0              

FU_BUSY_16                                           0                              0              

FU_BUSY_17                                           0                              0              

FU_BUSY_18                                           0                              0              

FU_BUSY_19                                           0                              0              

FU_BUSY_20                                           0                              0              

FU_BUSY_21                                           0                              0              

FU_BUSY_22                                           0                              0              

FU_BUSY_23                                           0                              0              

FU_BUSY_24                                           0                              0              

FU_BUSY_25                                           0                              0              

FU_BUSY_26                                           0                              0              

FU_BUSY_27                                           0                              0              

FU_BUSY_28                                           0                              0              

FU_BUSY_29                                           0                              0              

FU_BUSY_30                                           0                              0              

FU_BUSY_31                                           0                              0              

OP_WAIT_0                                     23563857                       23563857              

OP_WAIT_1                                      7543209                        7543209              

OP_WAIT_2                                       922861                         922861              

OP_WAIT_3                                       286481                         286481              

OP_WAIT_4                                       122047                         122047              

OP_WAIT_5                                        70365                          70365              

OP_WAIT_6                                        47537                          47537              

OP_WAIT_7                                        32198                          32198              

OP_WAIT_8                                        28955                          28955              

OP_WAIT_9                                        20702                          20702              

OP_WAIT_10                                       16049                          16049              

OP_WAIT_11                                       15253                          15253              

OP_WAIT_12                                       12959                          12959              

OP_WAIT_13                                       12856                          12856              

OP_WAIT_14                                       13358                          13358              

OP_WAIT_15                                       11332                          11332              

OP_WAIT_16                                        6741                           6741              

OP_WAIT_17                                        7054                           7054              

OP_WAIT_18                                        6280                           6280              

OP_WAIT_19                                        4612                           4612              

OP_WAIT_20                                        4591                           4591              

OP_WAIT_21                                        4267                           4267              

OP_WAIT_22                                        4164                           4164              

OP_WAIT_23                                        4070                           4070              

OP_WAIT_24                                        4759                           4759              

OP_WAIT_25                                        3197                           3197              

OP_WAIT_26                                        7112                           7112              

OP_WAIT_27                                       11069                          11069              

OP_WAIT_28                                        7586                           7586              

OP_WAIT_29                                        4368                           4368              

OP_WAIT_30                                        4552                           4552              

OP_WAIT_31                                      218587                         218587              

ROW_SIZE_0                                    14061281                       14061281              

ROW_SIZE_1                                     1230522                        1230522              

ROW_SIZE_2                                      315070                         315070              

ROW_SIZE_3                                      143462                         143462              

ROW_SIZE_4                                      218092                         218092              

ROW_SIZE_5                                      130980                         130980              

ROW_SIZE_6                                     4867452                        4867452              

ROW_SIZE_7                                           0                              0              

ROW_SIZE_8                                           0                              0              

ROW_SIZE_9                                           0                              0              

ROW_SIZE_10                                          0                              0              

ROW_SIZE_11                                          0                              0              

ROW_SIZE_12                                          0                              0              

ROW_SIZE_13                                          0                              0              

ROW_SIZE_14                                          0                              0              

ROW_SIZE_15                                          0                              0              

ROW_SIZE_16                                          0                              0              

ROW_SIZE_17                                          0                              0              

ROW_SIZE_18                                          0                              0              

ROW_SIZE_19                                          0                              0              

ROW_SIZE_20                                          0                              0              

ROW_SIZE_21                                          0                              0              

ROW_SIZE_22                                          0                              0              

ROW_SIZE_23                                          0                              0              

ROW_SIZE_24                                          0                              0              

ROW_SIZE_25                                          0                              0              

ROW_SIZE_26                                          0                              0              

ROW_SIZE_27                                          0                              0              

ROW_SIZE_28                                          0                              0              

ROW_SIZE_29                                          0                              0              

ROW_SIZE_30                                          0                              0              

ROW_SIZE_31                                          0                              0              

RET_OP_EXEC_COUNT_0                                  0        0.000%                0        0.000%
RET_OP_EXEC_COUNT_1                           33023028      100.000%         33023028      100.000%
RET_OP_EXEC_COUNT_2                                  0        0.000%                0        0.000%
RET_OP_EXEC_COUNT_3                                  0        0.000%                0        0.000%
RET_OP_EXEC_COUNT_4                                  0        0.000%                0        0.000%
RET_OP_EXEC_COUNT_5                                  0        0.000%                0        0.000%
RET_OP_EXEC_COUNT_6                                  0        0.000%                0        0.000%
RET_OP_EXEC_COUNT_7                                  0        0.000%                0        0.000%
RET_OP_EXEC_COUNT_8                                  0        0.000%                0        0.000%
RET_OP_EXEC_COUNT_9                                  0        0.000%                0        0.000%
RET_OP_EXEC_COUNT_10                                 0        0.000%                0        0.000%
RET_OP_EXEC_COUNT_11                                 0        0.000%                0        0.000%
RET_OP_EXEC_COUNT_12                                 0        0.000%                0        0.000%
RET_OP_EXEC_COUNT_13                                 0        0.000%                0        0.000%
RET_OP_EXEC_COUNT_14                                 0        0.000%                0        0.000%
RET_OP_EXEC_COUNT_15                                 0        0.000%                0        0.000%
RET_OP_EXEC_COUNT_16                                 0        0.000%                0        0.000%
RET_OP_EXEC_COUNT_17                                 0        0.000%                0        0.000%
RET_OP_EXEC_COUNT_18                                 0        0.000%                0        0.000%
RET_OP_EXEC_COUNT_19                                 0        0.000%                0        0.000%
RET_OP_EXEC_COUNT_20                                 0        0.000%                0        0.000%
RET_OP_EXEC_COUNT_21                                 0        0.000%                0        0.000%
RET_OP_EXEC_COUNT_22                                 0        0.000%                0        0.000%
RET_OP_EXEC_COUNT_23                                 0        0.000%                0        0.000%
RET_OP_EXEC_COUNT_24                                 0        0.000%                0        0.000%
RET_OP_EXEC_COUNT_25                                 0        0.000%                0        0.000%
RET_OP_EXEC_COUNT_26                                 0        0.000%                0        0.000%
RET_OP_EXEC_COUNT_27                                 0        0.000%                0        0.000%
RET_OP_EXEC_COUNT_28                                 0        0.000%                0        0.000%
RET_OP_EXEC_COUNT_29                                 0        0.000%                0        0.000%
RET_OP_EXEC_COUNT_30                                 0        0.000%                0        0.000%
RET_OP_EXEC_COUNT_31                                 0        0.000%                0        0.000%
RET_OP_EXEC_COUNT_32                                 0        0.000%                0        0.000%
                                              33023028      100.000%         33023028      100.000%
                                                  1.00         0.00              1.00         0.00

RET_STALL_LENGTH_0                            32989261       99.898%         32989261       99.898%
RET_STALL_LENGTH_100                             31349        0.095%            31349        0.095%
RET_STALL_LENGTH_200                               834        0.003%              834        0.003%
RET_STALL_LENGTH_300                               316        0.001%              316        0.001%
RET_STALL_LENGTH_400                               310        0.001%              310        0.001%
RET_STALL_LENGTH_500                               112        0.000%              112        0.000%
RET_STALL_LENGTH_600                                21        0.000%               21        0.000%
RET_STALL_LENGTH_700                                 8        0.000%                8        0.000%
RET_STALL_LENGTH_800                                 3        0.000%                3        0.000%
RET_STALL_LENGTH_900                                 5        0.000%                5        0.000%
RET_STALL_LENGTH_1000                                4        0.000%                4        0.000%
RET_STALL_LENGTH_1100                              254        0.001%              254        0.001%
RET_STALL_LENGTH_1200                              500        0.002%              500        0.002%
RET_STALL_LENGTH_1300                               32        0.000%               32        0.000%
RET_STALL_LENGTH_1400                                8        0.000%                8        0.000%
RET_STALL_LENGTH_1500                                3        0.000%                3        0.000%
RET_STALL_LENGTH_1600                                3        0.000%                3        0.000%
RET_STALL_LENGTH_1700                                4        0.000%                4        0.000%
RET_STALL_LENGTH_1800                                1        0.000%                1        0.000%
RET_STALL_LENGTH_1900                                0        0.000%                0        0.000%
RET_STALL_LENGTH_2000                                0        0.000%                0        0.000%
RET_STALL_LENGTH_2100                                0        0.000%                0        0.000%
RET_STALL_LENGTH_2200                                0        0.000%                0        0.000%
RET_STALL_LENGTH_2300                                0        0.000%                0        0.000%
RET_STALL_LENGTH_2400                                0        0.000%                0        0.000%
RET_STALL_LENGTH_2500                                0        0.000%                0        0.000%
RET_STALL_LENGTH_2600                                0        0.000%                0        0.000%
RET_STALL_LENGTH_2700                                0        0.000%                0        0.000%
RET_STALL_LENGTH_2800                                0        0.000%                0        0.000%
RET_STALL_LENGTH_2900                                0        0.000%                0        0.000%
RET_STALL_LENGTH_3000                                0        0.000%                0        0.000%
RET_STALL_LENGTH_3100                                0        0.000%                0        0.000%
RET_STALL_LENGTH_3200                                0        0.000%                0        0.000%
RET_STALL_LENGTH_3300                                0        0.000%                0        0.000%
RET_STALL_LENGTH_3400                                0        0.000%                0        0.000%
RET_STALL_LENGTH_3500                                0        0.000%                0        0.000%
RET_STALL_LENGTH_3600                                0        0.000%                0        0.000%
RET_STALL_LENGTH_3700                                0        0.000%                0        0.000%
RET_STALL_LENGTH_3800                                0        0.000%                0        0.000%
RET_STALL_LENGTH_3900                                0        0.000%                0        0.000%
RET_STALL_LENGTH_4000                                0        0.000%                0        0.000%
RET_STALL_LENGTH_4100                                0        0.000%                0        0.000%
RET_STALL_LENGTH_4200                                0        0.000%                0        0.000%
RET_STALL_LENGTH_4300                                0        0.000%                0        0.000%
RET_STALL_LENGTH_4400                                0        0.000%                0        0.000%
RET_STALL_LENGTH_4500                                0        0.000%                0        0.000%
RET_STALL_LENGTH_4600                                0        0.000%                0        0.000%
RET_STALL_LENGTH_4700                                0        0.000%                0        0.000%
RET_STALL_LENGTH_4800                                0        0.000%                0        0.000%
RET_STALL_LENGTH_4900                                0        0.000%                0        0.000%
RET_STALL_LENGTH_5000                                0        0.000%                0        0.000%
                                              33023028      100.000%         33023028      100.000%
                                                  0.00         0.07              0.00         0.07

MEM_BLOCK_LENGTH_0                                2202       85.814%             2202       85.814%
MEM_BLOCK_LENGTH_100                               162        6.313%              162        6.313%
MEM_BLOCK_LENGTH_200                                44        1.715%               44        1.715%
MEM_BLOCK_LENGTH_300                                24        0.935%               24        0.935%
MEM_BLOCK_LENGTH_400                                33        1.286%               33        1.286%
MEM_BLOCK_LENGTH_500                                73        2.845%               73        2.845%
MEM_BLOCK_LENGTH_600                                 5        0.195%                5        0.195%
MEM_BLOCK_LENGTH_700                                 2        0.078%                2        0.078%
MEM_BLOCK_LENGTH_800                                 6        0.234%                6        0.234%
MEM_BLOCK_LENGTH_900                                 4        0.156%                4        0.156%
MEM_BLOCK_LENGTH_1000                                2        0.078%                2        0.078%
MEM_BLOCK_LENGTH_1100                                1        0.039%                1        0.039%
MEM_BLOCK_LENGTH_1200                                4        0.156%                4        0.156%
MEM_BLOCK_LENGTH_1300                                0        0.000%                0        0.000%
MEM_BLOCK_LENGTH_1400                                0        0.000%                0        0.000%
MEM_BLOCK_LENGTH_1500                                0        0.000%                0        0.000%
MEM_BLOCK_LENGTH_1600                                0        0.000%                0        0.000%
MEM_BLOCK_LENGTH_1700                                3        0.117%                3        0.117%
MEM_BLOCK_LENGTH_1800                                0        0.000%                0        0.000%
MEM_BLOCK_LENGTH_1900                                1        0.039%                1        0.039%
MEM_BLOCK_LENGTH_2000                                0        0.000%                0        0.000%
MEM_BLOCK_LENGTH_2100                                0        0.000%                0        0.000%
MEM_BLOCK_LENGTH_2200                                0        0.000%                0        0.000%
MEM_BLOCK_LENGTH_2300                                0        0.000%                0        0.000%
MEM_BLOCK_LENGTH_2400                                0        0.000%                0        0.000%
MEM_BLOCK_LENGTH_2500                                0        0.000%                0        0.000%
MEM_BLOCK_LENGTH_2600                                0        0.000%                0        0.000%
MEM_BLOCK_LENGTH_2700                                0        0.000%                0        0.000%
MEM_BLOCK_LENGTH_2800                                0        0.000%                0        0.000%
MEM_BLOCK_LENGTH_2900                                0        0.000%                0        0.000%
MEM_BLOCK_LENGTH_3000                                0        0.000%                0        0.000%
MEM_BLOCK_LENGTH_3100                                0        0.000%                0        0.000%
MEM_BLOCK_LENGTH_3200                                0        0.000%                0        0.000%
MEM_BLOCK_LENGTH_3300                                0        0.000%                0        0.000%
MEM_BLOCK_LENGTH_3400                                0        0.000%                0        0.000%
MEM_BLOCK_LENGTH_3500                                0        0.000%                0        0.000%
MEM_BLOCK_LENGTH_3600                                0        0.000%                0        0.000%
MEM_BLOCK_LENGTH_3700                                0        0.000%                0        0.000%
MEM_BLOCK_LENGTH_3800                                0        0.000%                0        0.000%
MEM_BLOCK_LENGTH_3900                                0        0.000%                0        0.000%
MEM_BLOCK_LENGTH_4000                                0        0.000%                0        0.000%
MEM_BLOCK_LENGTH_4100                                0        0.000%                0        0.000%
MEM_BLOCK_LENGTH_4200                                0        0.000%                0        0.000%
MEM_BLOCK_LENGTH_4300                                0        0.000%                0        0.000%
MEM_BLOCK_LENGTH_4400                                0        0.000%                0        0.000%
MEM_BLOCK_LENGTH_4500                                0        0.000%                0        0.000%
MEM_BLOCK_LENGTH_4600                                0        0.000%                0        0.000%
MEM_BLOCK_LENGTH_4700                                0        0.000%                0        0.000%
MEM_BLOCK_LENGTH_4800                                0        0.000%                0        0.000%
MEM_BLOCK_LENGTH_4900                                0        0.000%                0        0.000%
MEM_BLOCK_LENGTH_5000                                0        0.000%                0        0.000%
                                                  2566      100.000%             2566      100.000%
                                                  0.43         1.42              0.43         1.42

FUS_BUSY_ON_PATH                              36680880        1.7245         36680880        1.7245

FUS_BUSY_OFF_PATH                              2786915        0.1310          2786915        0.1310

FU_BUSY_MEM_STALL                              3721289        0.1750          3721289        0.1750

FUS_EMPTY                                    130691965        6.1444        130691965        6.1444

CHIP_UTILIZATION                                     0        0.0000                0        0.0000

CYCLES_UNDER_MEM_REQ                                 0                              0              

CYCLES_UNDER_NO_MEM_REQ                              0                              0              

CYCLES_UNDER_CRITICAL_MEM_REQ                        0                              0              

CYCLES_UNDER_NONCRITICAL_MEM_REQ                     0                              0              

CHIP_UTILIZATION_UNDER_MEM_REQ                       0          -nan                0          -nan

CHIP_UTILIZATION_UNDER_NO_MEM_REQ                    0          -nan                0          -nan

CHIP_UTILIZATION_UNDER_CRITICAL_MEM_REQ              0          -nan                0          -nan

CHIP_UTILIZATION_UNDER_NONCRITICAL_MEM_REQ             0          -nan                0          -nan

CYCLES_NOT_WAITING_FOR_OFF_CHIP                      0        0.0000                0        0.0000

FUS_BUSY_NOT_WAITING_FOR_OFF_CHIP                    0          -nan                0          -nan

CYCLES_WAITING_FOR_OFF_CHIP                          0        0.0000                0        0.0000

FUS_BUSY_WAITING_FOR_OFF_CHIP                        0          -nan                0          -nan

TOTAL_OFF_CHIP_DELAYS_LEFT                           0                              0              

WRONG_IO_SCHED                                       0                              0              

DVFS_CONFIG_SWITCH                                   0                              0              



