/* -*- Mode: c -*- */
####################################################################################################
Core 0
####################################################################################################
Cumulative:        Cycles: 126778375             Instructions: 30000004              IPC: 0.23663

EXECUTION_TIME                           39618242187500                  39618242187500              

NODE_CYCLE                                   126778375                      126778375              

NODE_INST_COUNT                               30000004                       30000004              

NODE_UOP_COUNT                                34584270                       34584270              

FULL_WINDOW_STALL                            102269450       80.668%        102269450       80.668%

FULL_WINDOW_MEM_OP                            98919812       99.991%         98919812       99.991%
FULL_WINDOW_FP_OP                                    0        0.000%                0        0.000%
FULL_WINDOW_OTHER_OP                              8965        0.009%             8965        0.009%
                                              98928777      100.000%         98928777      100.000%
                                                  0.00         0.02              0.00         0.02

RET_BLOCKED_DC_MISS                          111923783       88.283%        111923783       88.283%

RET_BLOCKED_L1_MISS                          100802326       79.511%        100802326       79.511%

RET_BLOCKED_L1_MISS_BW_PREF                      63775        0.050%            63775        0.050%

RET_BLOCKED_L1_ACCESS                         11121465        8.772%         11121465        8.772%

RET_BLOCKED_MEM_STALL                        100802478       79.511%        100802478       79.511%

RET_BLOCKED_OFFCHIP_DEMAND                           0        0.000%                0        0.000%

OP_ISSUED                                     88920218                       88920218              

OP_RETIRED                                    34584270                       34584270              

REPLAY_SIGNALED                                      0                              0              

REPLAY_COUNTED                                       0                              0              

OFF_CRITICAL_PATH                                    0         -nan%                0         -nan%
ON_CRITICAL_PATH                                     0         -nan%                0         -nan%
                                                     0         -nan%                0         -nan%
                                                  -nan         -nan              -nan         -nan

LD_NO_DEPENDENTS                                 27019        0.239%            27019        0.239%
LD_DEPENDENTS                                 11288556       99.761%         11288556       99.761%
                                              11315575      100.000%         11315575      100.000%
                                                  1.00         1.00              1.00         1.00

LD_EXEC_CYCLES_0                                     0        0.000%                0        0.000%
LD_EXEC_CYCLES_1                                     0        0.000%                0        0.000%
LD_EXEC_CYCLES_2                                     0        0.000%                0        0.000%
LD_EXEC_CYCLES_3                               4540916       82.770%          4540916       82.770%
LD_EXEC_CYCLES_4                                945265       17.230%           945265       17.230%
                                               5486181      100.000%          5486181      100.000%
                                                  3.17         1.37              3.17         1.37

FU_BUSY_0                                     18004616                       18004616              

FU_BUSY_1                                     12494114                       12494114              

FU_BUSY_2                                      9267613                        9267613              

FU_BUSY_3                                      7078258                        7078258              

FU_BUSY_4                                      4731644                        4731644              

FU_BUSY_5                                      2995996                        2995996              

FU_BUSY_6                                      1805321                        1805321              

FU_BUSY_7                                      1093071                        1093071              

FU_BUSY_8                                            0                              0              

FU_BUSY_9                                            0                              0              

FU_BUSY_10                                           0                              0              

FU_BUSY_11                                           0                              0              

FU_BUSY_12                                           0                              0              

FU_BUSY_13                                           0                              0              

FU_BUSY_14                                           0                              0              

FU_BUSY_15                                           0                              0              

FU_BUSY_16                                           0                              0              

FU_BUSY_17                                           0                              0              

FU_BUSY_18                                           0                              0              

FU_BUSY_19                                           0                              0              

FU_BUSY_20                                           0                              0              

FU_BUSY_21                                           0                              0              

FU_BUSY_22                                           0                              0              

FU_BUSY_23                                           0                              0              

FU_BUSY_24                                           0                              0              

FU_BUSY_25                                           0                              0              

FU_BUSY_26                                           0                              0              

FU_BUSY_27                                           0                              0              

FU_BUSY_28                                           0                              0              

FU_BUSY_29                                           0                              0              

FU_BUSY_30                                           0                              0              

FU_BUSY_31                                           0                              0              

OP_WAIT_0                                     28889495                       28889495              

OP_WAIT_1                                      4632188                        4632188              

OP_WAIT_2                                       377815                         377815              

OP_WAIT_3                                       102411                         102411              

OP_WAIT_4                                        23622                          23622              

OP_WAIT_5                                        15589                          15589              

OP_WAIT_6                                        11501                          11501              

OP_WAIT_7                                         7963                           7963              

OP_WAIT_8                                         6419                           6419              

OP_WAIT_9                                         6655                           6655              

OP_WAIT_10                                        8214                           8214              

OP_WAIT_11                                        6262                           6262              

OP_WAIT_12                                        2918                           2918              

OP_WAIT_13                                        1610                           1610              

OP_WAIT_14                                        1527                           1527              

OP_WAIT_15                                        1266                           1266              

OP_WAIT_16                                        1229                           1229              

OP_WAIT_17                                        1149                           1149              

OP_WAIT_18                                        1151                           1151              

OP_WAIT_19                                        1190                           1190              

OP_WAIT_20                                        1601                           1601              

OP_WAIT_21                                        1484                           1484              

OP_WAIT_22                                         781                            781              

OP_WAIT_23                                         795                            795              

OP_WAIT_24                                         484                            484              

OP_WAIT_25                                         580                            580              

OP_WAIT_26                                        1623                           1623              

OP_WAIT_27                                        2576                           2576              

OP_WAIT_28                                        2782                           2782              

OP_WAIT_29                                        1822                           1822              

OP_WAIT_30                                         778                            778              

OP_WAIT_31                                      468790                         468790              

ROW_SIZE_0                                   114005395                      114005395              

ROW_SIZE_1                                     4015345                        4015345              

ROW_SIZE_2                                      795916                         795916              

ROW_SIZE_3                                      826006                         826006              

ROW_SIZE_4                                      247963                         247963              

ROW_SIZE_5                                      498949                         498949              

ROW_SIZE_6                                     3835413                        3835413              

ROW_SIZE_7                                           0                              0              

ROW_SIZE_8                                           0                              0              

ROW_SIZE_9                                           0                              0              

ROW_SIZE_10                                          0                              0              

ROW_SIZE_11                                          0                              0              

ROW_SIZE_12                                          0                              0              

ROW_SIZE_13                                          0                              0              

ROW_SIZE_14                                          0                              0              

ROW_SIZE_15                                          0                              0              

ROW_SIZE_16                                          0                              0              

ROW_SIZE_17                                          0                              0              

ROW_SIZE_18                                          0                              0              

ROW_SIZE_19                                          0                              0              

ROW_SIZE_20                                          0                              0              

ROW_SIZE_21                                          0                              0              

ROW_SIZE_22                                          0                              0              

ROW_SIZE_23                                          0                              0              

ROW_SIZE_24                                          0                              0              

ROW_SIZE_25                                          0                              0              

ROW_SIZE_26                                          0                              0              

ROW_SIZE_27                                          0                              0              

ROW_SIZE_28                                          0                              0              

ROW_SIZE_29                                          0                              0              

ROW_SIZE_30                                          0                              0              

ROW_SIZE_31                                          0                              0              

RET_OP_EXEC_COUNT_0                                  0        0.000%                0        0.000%
RET_OP_EXEC_COUNT_1                           34584270      100.000%         34584270      100.000%
RET_OP_EXEC_COUNT_2                                  0        0.000%                0        0.000%
RET_OP_EXEC_COUNT_3                                  0        0.000%                0        0.000%
RET_OP_EXEC_COUNT_4                                  0        0.000%                0        0.000%
RET_OP_EXEC_COUNT_5                                  0        0.000%                0        0.000%
RET_OP_EXEC_COUNT_6                                  0        0.000%                0        0.000%
RET_OP_EXEC_COUNT_7                                  0        0.000%                0        0.000%
RET_OP_EXEC_COUNT_8                                  0        0.000%                0        0.000%
RET_OP_EXEC_COUNT_9                                  0        0.000%                0        0.000%
RET_OP_EXEC_COUNT_10                                 0        0.000%                0        0.000%
RET_OP_EXEC_COUNT_11                                 0        0.000%                0        0.000%
RET_OP_EXEC_COUNT_12                                 0        0.000%                0        0.000%
RET_OP_EXEC_COUNT_13                                 0        0.000%                0        0.000%
RET_OP_EXEC_COUNT_14                                 0        0.000%                0        0.000%
RET_OP_EXEC_COUNT_15                                 0        0.000%                0        0.000%
RET_OP_EXEC_COUNT_16                                 0        0.000%                0        0.000%
RET_OP_EXEC_COUNT_17                                 0        0.000%                0        0.000%
RET_OP_EXEC_COUNT_18                                 0        0.000%                0        0.000%
RET_OP_EXEC_COUNT_19                                 0        0.000%                0        0.000%
RET_OP_EXEC_COUNT_20                                 0        0.000%                0        0.000%
RET_OP_EXEC_COUNT_21                                 0        0.000%                0        0.000%
RET_OP_EXEC_COUNT_22                                 0        0.000%                0        0.000%
RET_OP_EXEC_COUNT_23                                 0        0.000%                0        0.000%
RET_OP_EXEC_COUNT_24                                 0        0.000%                0        0.000%
RET_OP_EXEC_COUNT_25                                 0        0.000%                0        0.000%
RET_OP_EXEC_COUNT_26                                 0        0.000%                0        0.000%
RET_OP_EXEC_COUNT_27                                 0        0.000%                0        0.000%
RET_OP_EXEC_COUNT_28                                 0        0.000%                0        0.000%
RET_OP_EXEC_COUNT_29                                 0        0.000%                0        0.000%
RET_OP_EXEC_COUNT_30                                 0        0.000%                0        0.000%
RET_OP_EXEC_COUNT_31                                 0        0.000%                0        0.000%
RET_OP_EXEC_COUNT_32                                 0        0.000%                0        0.000%
                                              34584270      100.000%         34584270      100.000%
                                                  1.00         0.00              1.00         0.00

RET_STALL_LENGTH_0                            34107246       98.621%         34107246       98.621%
RET_STALL_LENGTH_100                            424995        1.229%           424995        1.229%
RET_STALL_LENGTH_200                             20659        0.060%            20659        0.060%
RET_STALL_LENGTH_300                              4065        0.012%             4065        0.012%
RET_STALL_LENGTH_400                              5550        0.016%             5550        0.016%
RET_STALL_LENGTH_500                             11590        0.034%            11590        0.034%
RET_STALL_LENGTH_600                              4161        0.012%             4161        0.012%
RET_STALL_LENGTH_700                               946        0.003%              946        0.003%
RET_STALL_LENGTH_800                               211        0.001%              211        0.001%
RET_STALL_LENGTH_900                                73        0.000%               73        0.000%
RET_STALL_LENGTH_1000                               33        0.000%               33        0.000%
RET_STALL_LENGTH_1100                               77        0.000%               77        0.000%
RET_STALL_LENGTH_1200                             3073        0.009%             3073        0.009%
RET_STALL_LENGTH_1300                              717        0.002%              717        0.002%
RET_STALL_LENGTH_1400                              254        0.001%              254        0.001%
RET_STALL_LENGTH_1500                               91        0.000%               91        0.000%
RET_STALL_LENGTH_1600                               72        0.000%               72        0.000%
RET_STALL_LENGTH_1700                              213        0.001%              213        0.001%
RET_STALL_LENGTH_1800                              192        0.001%              192        0.001%
RET_STALL_LENGTH_1900                               41        0.000%               41        0.000%
RET_STALL_LENGTH_2000                                8        0.000%                8        0.000%
RET_STALL_LENGTH_2100                                2        0.000%                2        0.000%
RET_STALL_LENGTH_2200                                1        0.000%                1        0.000%
RET_STALL_LENGTH_2300                                0        0.000%                0        0.000%
RET_STALL_LENGTH_2400                                0        0.000%                0        0.000%
RET_STALL_LENGTH_2500                                0        0.000%                0        0.000%
RET_STALL_LENGTH_2600                                0        0.000%                0        0.000%
RET_STALL_LENGTH_2700                                0        0.000%                0        0.000%
RET_STALL_LENGTH_2800                                0        0.000%                0        0.000%
RET_STALL_LENGTH_2900                                0        0.000%                0        0.000%
RET_STALL_LENGTH_3000                                0        0.000%                0        0.000%
RET_STALL_LENGTH_3100                                0        0.000%                0        0.000%
RET_STALL_LENGTH_3200                                0        0.000%                0        0.000%
RET_STALL_LENGTH_3300                                0        0.000%                0        0.000%
RET_STALL_LENGTH_3400                                0        0.000%                0        0.000%
RET_STALL_LENGTH_3500                                0        0.000%                0        0.000%
RET_STALL_LENGTH_3600                                0        0.000%                0        0.000%
RET_STALL_LENGTH_3700                                0        0.000%                0        0.000%
RET_STALL_LENGTH_3800                                0        0.000%                0        0.000%
RET_STALL_LENGTH_3900                                0        0.000%                0        0.000%
RET_STALL_LENGTH_4000                                0        0.000%                0        0.000%
RET_STALL_LENGTH_4100                                0        0.000%                0        0.000%
RET_STALL_LENGTH_4200                                0        0.000%                0        0.000%
RET_STALL_LENGTH_4300                                0        0.000%                0        0.000%
RET_STALL_LENGTH_4400                                0        0.000%                0        0.000%
RET_STALL_LENGTH_4500                                0        0.000%                0        0.000%
RET_STALL_LENGTH_4600                                0        0.000%                0        0.000%
RET_STALL_LENGTH_4700                                0        0.000%                0        0.000%
RET_STALL_LENGTH_4800                                0        0.000%                0        0.000%
RET_STALL_LENGTH_4900                                0        0.000%                0        0.000%
RET_STALL_LENGTH_5000                                0        0.000%                0        0.000%
                                              34584270      100.000%         34584270      100.000%
                                                  0.02         0.24              0.02         0.24

MEM_BLOCK_LENGTH_0                                2014       95.045%             2014       95.045%
MEM_BLOCK_LENGTH_100                                13        0.613%               13        0.613%
MEM_BLOCK_LENGTH_200                                 0        0.000%                0        0.000%
MEM_BLOCK_LENGTH_300                                40        1.888%               40        1.888%
MEM_BLOCK_LENGTH_400                                29        1.369%               29        1.369%
MEM_BLOCK_LENGTH_500                                 1        0.047%                1        0.047%
MEM_BLOCK_LENGTH_600                                 0        0.000%                0        0.000%
MEM_BLOCK_LENGTH_700                                 0        0.000%                0        0.000%
MEM_BLOCK_LENGTH_800                                 0        0.000%                0        0.000%
MEM_BLOCK_LENGTH_900                                 0        0.000%                0        0.000%
MEM_BLOCK_LENGTH_1000                                0        0.000%                0        0.000%
MEM_BLOCK_LENGTH_1100                                8        0.378%                8        0.378%
MEM_BLOCK_LENGTH_1200                               11        0.519%               11        0.519%
MEM_BLOCK_LENGTH_1300                                0        0.000%                0        0.000%
MEM_BLOCK_LENGTH_1400                                0        0.000%                0        0.000%
MEM_BLOCK_LENGTH_1500                                0        0.000%                0        0.000%
MEM_BLOCK_LENGTH_1600                                2        0.094%                2        0.094%
MEM_BLOCK_LENGTH_1700                                1        0.047%                1        0.047%
MEM_BLOCK_LENGTH_1800                                0        0.000%                0        0.000%
MEM_BLOCK_LENGTH_1900                                0        0.000%                0        0.000%
MEM_BLOCK_LENGTH_2000                                0        0.000%                0        0.000%
MEM_BLOCK_LENGTH_2100                                0        0.000%                0        0.000%
MEM_BLOCK_LENGTH_2200                                0        0.000%                0        0.000%
MEM_BLOCK_LENGTH_2300                                0        0.000%                0        0.000%
MEM_BLOCK_LENGTH_2400                                0        0.000%                0        0.000%
MEM_BLOCK_LENGTH_2500                                0        0.000%                0        0.000%
MEM_BLOCK_LENGTH_2600                                0        0.000%                0        0.000%
MEM_BLOCK_LENGTH_2700                                0        0.000%                0        0.000%
MEM_BLOCK_LENGTH_2800                                0        0.000%                0        0.000%
MEM_BLOCK_LENGTH_2900                                0        0.000%                0        0.000%
MEM_BLOCK_LENGTH_3000                                0        0.000%                0        0.000%
MEM_BLOCK_LENGTH_3100                                0        0.000%                0        0.000%
MEM_BLOCK_LENGTH_3200                                0        0.000%                0        0.000%
MEM_BLOCK_LENGTH_3300                                0        0.000%                0        0.000%
MEM_BLOCK_LENGTH_3400                                0        0.000%                0        0.000%
MEM_BLOCK_LENGTH_3500                                0        0.000%                0        0.000%
MEM_BLOCK_LENGTH_3600                                0        0.000%                0        0.000%
MEM_BLOCK_LENGTH_3700                                0        0.000%                0        0.000%
MEM_BLOCK_LENGTH_3800                                0        0.000%                0        0.000%
MEM_BLOCK_LENGTH_3900                                0        0.000%                0        0.000%
MEM_BLOCK_LENGTH_4000                                0        0.000%                0        0.000%
MEM_BLOCK_LENGTH_4100                                0        0.000%                0        0.000%
MEM_BLOCK_LENGTH_4200                                0        0.000%                0        0.000%
MEM_BLOCK_LENGTH_4300                                0        0.000%                0        0.000%
MEM_BLOCK_LENGTH_4400                                0        0.000%                0        0.000%
MEM_BLOCK_LENGTH_4500                                0        0.000%                0        0.000%
MEM_BLOCK_LENGTH_4600                                0        0.000%                0        0.000%
MEM_BLOCK_LENGTH_4700                                0        0.000%                0        0.000%
MEM_BLOCK_LENGTH_4800                                0        0.000%                0        0.000%
MEM_BLOCK_LENGTH_4900                                0        0.000%                0        0.000%
MEM_BLOCK_LENGTH_5000                                0        0.000%                0        0.000%
                                                  2119      100.000%             2119      100.000%
                                                  0.25         1.37              0.25         1.37

FUS_BUSY_ON_PATH                              35858379        0.2828         35858379        0.2828

FUS_BUSY_OFF_PATH                             21612254        0.1705         21612254        0.1705

FU_BUSY_MEM_STALL                              2866631        0.0226          2866631        0.0226

FUS_EMPTY                                    956756367        7.5467        956756367        7.5467

CHIP_UTILIZATION                                     0        0.0000                0        0.0000

CYCLES_UNDER_MEM_REQ                                 0                              0              

CYCLES_UNDER_NO_MEM_REQ                              0                              0              

CYCLES_UNDER_CRITICAL_MEM_REQ                        0                              0              

CYCLES_UNDER_NONCRITICAL_MEM_REQ                     0                              0              

CHIP_UTILIZATION_UNDER_MEM_REQ                       0          -nan                0          -nan

CHIP_UTILIZATION_UNDER_NO_MEM_REQ                    0          -nan                0          -nan

CHIP_UTILIZATION_UNDER_CRITICAL_MEM_REQ              0          -nan                0          -nan

CHIP_UTILIZATION_UNDER_NONCRITICAL_MEM_REQ             0          -nan                0          -nan

CYCLES_NOT_WAITING_FOR_OFF_CHIP                      0        0.0000                0        0.0000

FUS_BUSY_NOT_WAITING_FOR_OFF_CHIP                    0          -nan                0          -nan

CYCLES_WAITING_FOR_OFF_CHIP                          0        0.0000                0        0.0000

FUS_BUSY_WAITING_FOR_OFF_CHIP                        0          -nan                0          -nan

TOTAL_OFF_CHIP_DELAYS_LEFT                           0                              0              

WRONG_IO_SCHED                                       0                              0              

DVFS_CONFIG_SWITCH                                   0                              0              



