/* -*- Mode: c -*- */
####################################################################################################
Core 0
####################################################################################################
Cumulative:        Cycles: 13274659              Instructions: 30000001              IPC: 2.25995

EXECUTION_TIME                           4148330937500                  4148330937500              

NODE_CYCLE                                    13274659                       13274659              

NODE_INST_COUNT                               30000001                       30000001              

NODE_UOP_COUNT                                32911285                       32911285              

FULL_WINDOW_STALL                              6122993       46.125%          6122993       46.125%

FULL_WINDOW_MEM_OP                             5086008       90.580%          5086008       90.580%
FULL_WINDOW_FP_OP                               518484        9.234%           518484        9.234%
FULL_WINDOW_OTHER_OP                             10423        0.186%            10423        0.186%
                                               5614915      100.000%          5614915      100.000%
                                                  0.10         0.29              0.10         0.29

RET_BLOCKED_DC_MISS                            5749005       43.308%          5749005       43.308%

RET_BLOCKED_L1_MISS                            4985135       37.554%          4985135       37.554%

RET_BLOCKED_L1_MISS_BW_PREF                    1380039       10.396%          1380039       10.396%

RET_BLOCKED_L1_ACCESS                           764012        5.755%           764012        5.755%

RET_BLOCKED_MEM_STALL                          5002735       37.686%          5002735       37.686%

RET_BLOCKED_OFFCHIP_DEMAND                           0        0.000%                0        0.000%

OP_ISSUED                                     35022568                       35022568              

OP_RETIRED                                    32911285                       32911285              

REPLAY_SIGNALED                                      0                              0              

REPLAY_COUNTED                                       0                              0              

OFF_CRITICAL_PATH                                    0         -nan%                0         -nan%
ON_CRITICAL_PATH                                     0         -nan%                0         -nan%
                                                     0         -nan%                0         -nan%
                                                  -nan         -nan              -nan         -nan

LD_NO_DEPENDENTS                                 33730        0.436%            33730        0.436%
LD_DEPENDENTS                                  7704868       99.564%          7704868       99.564%
                                               7738598      100.000%          7738598      100.000%
                                                  1.00         0.99              1.00         0.99

LD_EXEC_CYCLES_0                                     0        0.000%                0        0.000%
LD_EXEC_CYCLES_1                                     0        0.000%                0        0.000%
LD_EXEC_CYCLES_2                                     0        0.000%                0        0.000%
LD_EXEC_CYCLES_3                               4012929       74.841%          4012929       74.841%
LD_EXEC_CYCLES_4                               1349038       25.159%          1349038       25.159%
                                               5361967      100.000%          5361967      100.000%
                                                  3.25         1.69              3.25         1.69

FU_BUSY_0                                      8271390                        8271390              

FU_BUSY_1                                      7508346                        7508346              

FU_BUSY_2                                      6359365                        6359365              

FU_BUSY_3                                      5088721                        5088721              

FU_BUSY_4                                      3734916                        3734916              

FU_BUSY_5                                      2799339                        2799339              

FU_BUSY_6                                      2003850                        2003850              

FU_BUSY_7                                      1467275                        1467275              

FU_BUSY_8                                            0                              0              

FU_BUSY_9                                            0                              0              

FU_BUSY_10                                           0                              0              

FU_BUSY_11                                           0                              0              

FU_BUSY_12                                           0                              0              

FU_BUSY_13                                           0                              0              

FU_BUSY_14                                           0                              0              

FU_BUSY_15                                           0                              0              

FU_BUSY_16                                           0                              0              

FU_BUSY_17                                           0                              0              

FU_BUSY_18                                           0                              0              

FU_BUSY_19                                           0                              0              

FU_BUSY_20                                           0                              0              

FU_BUSY_21                                           0                              0              

FU_BUSY_22                                           0                              0              

FU_BUSY_23                                           0                              0              

FU_BUSY_24                                           0                              0              

FU_BUSY_25                                           0                              0              

FU_BUSY_26                                           0                              0              

FU_BUSY_27                                           0                              0              

FU_BUSY_28                                           0                              0              

FU_BUSY_29                                           0                              0              

FU_BUSY_30                                           0                              0              

FU_BUSY_31                                           0                              0              

OP_WAIT_0                                     23800938                       23800938              

OP_WAIT_1                                      7320661                        7320661              

OP_WAIT_2                                      1079234                        1079234              

OP_WAIT_3                                       326152                         326152              

OP_WAIT_4                                        99383                          99383              

OP_WAIT_5                                        75480                          75480              

OP_WAIT_6                                        28414                          28414              

OP_WAIT_7                                        13865                          13865              

OP_WAIT_8                                        17280                          17280              

OP_WAIT_9                                         9055                           9055              

OP_WAIT_10                                        7939                           7939              

OP_WAIT_11                                        6695                           6695              

OP_WAIT_12                                        5497                           5497              

OP_WAIT_13                                        4905                           4905              

OP_WAIT_14                                        4677                           4677              

OP_WAIT_15                                        5852                           5852              

OP_WAIT_16                                        4403                           4403              

OP_WAIT_17                                        2734                           2734              

OP_WAIT_18                                        2578                           2578              

OP_WAIT_19                                        2764                           2764              

OP_WAIT_20                                        2414                           2414              

OP_WAIT_21                                        2134                           2134              

OP_WAIT_22                                        1719                           1719              

OP_WAIT_23                                        1062                           1062              

OP_WAIT_24                                        1135                           1135              

OP_WAIT_25                                        1155                           1155              

OP_WAIT_26                                        1503                           1503              

OP_WAIT_27                                        1555                           1555              

OP_WAIT_28                                        1429                           1429              

OP_WAIT_29                                        1373                           1373              

OP_WAIT_30                                        1546                           1546              

OP_WAIT_31                                       75754                          75754              

ROW_SIZE_0                                     6857094                        6857094              

ROW_SIZE_1                                      634272                         634272              

ROW_SIZE_2                                      180161                         180161              

ROW_SIZE_3                                       97399                          97399              

ROW_SIZE_4                                      148417                         148417              

ROW_SIZE_5                                       87742                          87742              

ROW_SIZE_6                                     5098686                        5098686              

ROW_SIZE_7                                           0                              0              

ROW_SIZE_8                                           0                              0              

ROW_SIZE_9                                           0                              0              

ROW_SIZE_10                                          0                              0              

ROW_SIZE_11                                          0                              0              

ROW_SIZE_12                                          0                              0              

ROW_SIZE_13                                          0                              0              

ROW_SIZE_14                                          0                              0              

ROW_SIZE_15                                          0                              0              

ROW_SIZE_16                                          0                              0              

ROW_SIZE_17                                          0                              0              

ROW_SIZE_18                                          0                              0              

ROW_SIZE_19                                          0                              0              

ROW_SIZE_20                                          0                              0              

ROW_SIZE_21                                          0                              0              

ROW_SIZE_22                                          0                              0              

ROW_SIZE_23                                          0                              0              

ROW_SIZE_24                                          0                              0              

ROW_SIZE_25                                          0                              0              

ROW_SIZE_26                                          0                              0              

ROW_SIZE_27                                          0                              0              

ROW_SIZE_28                                          0                              0              

ROW_SIZE_29                                          0                              0              

ROW_SIZE_30                                          0                              0              

ROW_SIZE_31                                          0                              0              

RET_OP_EXEC_COUNT_0                                  0        0.000%                0        0.000%
RET_OP_EXEC_COUNT_1                           32911285      100.000%         32911285      100.000%
RET_OP_EXEC_COUNT_2                                  0        0.000%                0        0.000%
RET_OP_EXEC_COUNT_3                                  0        0.000%                0        0.000%
RET_OP_EXEC_COUNT_4                                  0        0.000%                0        0.000%
RET_OP_EXEC_COUNT_5                                  0        0.000%                0        0.000%
RET_OP_EXEC_COUNT_6                                  0        0.000%                0        0.000%
RET_OP_EXEC_COUNT_7                                  0        0.000%                0        0.000%
RET_OP_EXEC_COUNT_8                                  0        0.000%                0        0.000%
RET_OP_EXEC_COUNT_9                                  0        0.000%                0        0.000%
RET_OP_EXEC_COUNT_10                                 0        0.000%                0        0.000%
RET_OP_EXEC_COUNT_11                                 0        0.000%                0        0.000%
RET_OP_EXEC_COUNT_12                                 0        0.000%                0        0.000%
RET_OP_EXEC_COUNT_13                                 0        0.000%                0        0.000%
RET_OP_EXEC_COUNT_14                                 0        0.000%                0        0.000%
RET_OP_EXEC_COUNT_15                                 0        0.000%                0        0.000%
RET_OP_EXEC_COUNT_16                                 0        0.000%                0        0.000%
RET_OP_EXEC_COUNT_17                                 0        0.000%                0        0.000%
RET_OP_EXEC_COUNT_18                                 0        0.000%                0        0.000%
RET_OP_EXEC_COUNT_19                                 0        0.000%                0        0.000%
RET_OP_EXEC_COUNT_20                                 0        0.000%                0        0.000%
RET_OP_EXEC_COUNT_21                                 0        0.000%                0        0.000%
RET_OP_EXEC_COUNT_22                                 0        0.000%                0        0.000%
RET_OP_EXEC_COUNT_23                                 0        0.000%                0        0.000%
RET_OP_EXEC_COUNT_24                                 0        0.000%                0        0.000%
RET_OP_EXEC_COUNT_25                                 0        0.000%                0        0.000%
RET_OP_EXEC_COUNT_26                                 0        0.000%                0        0.000%
RET_OP_EXEC_COUNT_27                                 0        0.000%                0        0.000%
RET_OP_EXEC_COUNT_28                                 0        0.000%                0        0.000%
RET_OP_EXEC_COUNT_29                                 0        0.000%                0        0.000%
RET_OP_EXEC_COUNT_30                                 0        0.000%                0        0.000%
RET_OP_EXEC_COUNT_31                                 0        0.000%                0        0.000%
RET_OP_EXEC_COUNT_32                                 0        0.000%                0        0.000%
                                              32911285      100.000%         32911285      100.000%
                                                  1.00         0.00              1.00         0.00

RET_STALL_LENGTH_0                            32890817       99.938%         32890817       99.938%
RET_STALL_LENGTH_100                             17832        0.054%            17832        0.054%
RET_STALL_LENGTH_200                              1340        0.004%             1340        0.004%
RET_STALL_LENGTH_300                               489        0.001%              489        0.001%
RET_STALL_LENGTH_400                               205        0.001%              205        0.001%
RET_STALL_LENGTH_500                                99        0.000%               99        0.000%
RET_STALL_LENGTH_600                                38        0.000%               38        0.000%
RET_STALL_LENGTH_700                                30        0.000%               30        0.000%
RET_STALL_LENGTH_800                                 9        0.000%                9        0.000%
RET_STALL_LENGTH_900                                14        0.000%               14        0.000%
RET_STALL_LENGTH_1000                               30        0.000%               30        0.000%
RET_STALL_LENGTH_1100                              104        0.000%              104        0.000%
RET_STALL_LENGTH_1200                              191        0.001%              191        0.001%
RET_STALL_LENGTH_1300                               48        0.000%               48        0.000%
RET_STALL_LENGTH_1400                               19        0.000%               19        0.000%
RET_STALL_LENGTH_1500                                8        0.000%                8        0.000%
RET_STALL_LENGTH_1600                                7        0.000%                7        0.000%
RET_STALL_LENGTH_1700                                3        0.000%                3        0.000%
RET_STALL_LENGTH_1800                                0        0.000%                0        0.000%
RET_STALL_LENGTH_1900                                1        0.000%                1        0.000%
RET_STALL_LENGTH_2000                                0        0.000%                0        0.000%
RET_STALL_LENGTH_2100                                1        0.000%                1        0.000%
RET_STALL_LENGTH_2200                                0        0.000%                0        0.000%
RET_STALL_LENGTH_2300                                0        0.000%                0        0.000%
RET_STALL_LENGTH_2400                                0        0.000%                0        0.000%
RET_STALL_LENGTH_2500                                0        0.000%                0        0.000%
RET_STALL_LENGTH_2600                                0        0.000%                0        0.000%
RET_STALL_LENGTH_2700                                0        0.000%                0        0.000%
RET_STALL_LENGTH_2800                                0        0.000%                0        0.000%
RET_STALL_LENGTH_2900                                0        0.000%                0        0.000%
RET_STALL_LENGTH_3000                                0        0.000%                0        0.000%
RET_STALL_LENGTH_3100                                0        0.000%                0        0.000%
RET_STALL_LENGTH_3200                                0        0.000%                0        0.000%
RET_STALL_LENGTH_3300                                0        0.000%                0        0.000%
RET_STALL_LENGTH_3400                                0        0.000%                0        0.000%
RET_STALL_LENGTH_3500                                0        0.000%                0        0.000%
RET_STALL_LENGTH_3600                                0        0.000%                0        0.000%
RET_STALL_LENGTH_3700                                0        0.000%                0        0.000%
RET_STALL_LENGTH_3800                                0        0.000%                0        0.000%
RET_STALL_LENGTH_3900                                0        0.000%                0        0.000%
RET_STALL_LENGTH_4000                                0        0.000%                0        0.000%
RET_STALL_LENGTH_4100                                0        0.000%                0        0.000%
RET_STALL_LENGTH_4200                                0        0.000%                0        0.000%
RET_STALL_LENGTH_4300                                0        0.000%                0        0.000%
RET_STALL_LENGTH_4400                                0        0.000%                0        0.000%
RET_STALL_LENGTH_4500                                0        0.000%                0        0.000%
RET_STALL_LENGTH_4600                                0        0.000%                0        0.000%
RET_STALL_LENGTH_4700                                0        0.000%                0        0.000%
RET_STALL_LENGTH_4800                                0        0.000%                0        0.000%
RET_STALL_LENGTH_4900                                0        0.000%                0        0.000%
RET_STALL_LENGTH_5000                                0        0.000%                0        0.000%
                                              32911285      100.000%         32911285      100.000%
                                                  0.00         0.05              0.00         0.05

MEM_BLOCK_LENGTH_0                                2825       95.278%             2825       95.278%
MEM_BLOCK_LENGTH_100                                73        2.462%               73        2.462%
MEM_BLOCK_LENGTH_200                                22        0.742%               22        0.742%
MEM_BLOCK_LENGTH_300                                10        0.337%               10        0.337%
MEM_BLOCK_LENGTH_400                                 7        0.236%                7        0.236%
MEM_BLOCK_LENGTH_500                                 6        0.202%                6        0.202%
MEM_BLOCK_LENGTH_600                                 4        0.135%                4        0.135%
MEM_BLOCK_LENGTH_700                                 5        0.169%                5        0.169%
MEM_BLOCK_LENGTH_800                                 2        0.067%                2        0.067%
MEM_BLOCK_LENGTH_900                                 0        0.000%                0        0.000%
MEM_BLOCK_LENGTH_1000                                3        0.101%                3        0.101%
MEM_BLOCK_LENGTH_1100                                4        0.135%                4        0.135%
MEM_BLOCK_LENGTH_1200                                1        0.034%                1        0.034%
MEM_BLOCK_LENGTH_1300                                1        0.034%                1        0.034%
MEM_BLOCK_LENGTH_1400                                1        0.034%                1        0.034%
MEM_BLOCK_LENGTH_1500                                0        0.000%                0        0.000%
MEM_BLOCK_LENGTH_1600                                1        0.034%                1        0.034%
MEM_BLOCK_LENGTH_1700                                0        0.000%                0        0.000%
MEM_BLOCK_LENGTH_1800                                0        0.000%                0        0.000%
MEM_BLOCK_LENGTH_1900                                0        0.000%                0        0.000%
MEM_BLOCK_LENGTH_2000                                0        0.000%                0        0.000%
MEM_BLOCK_LENGTH_2100                                0        0.000%                0        0.000%
MEM_BLOCK_LENGTH_2200                                0        0.000%                0        0.000%
MEM_BLOCK_LENGTH_2300                                0        0.000%                0        0.000%
MEM_BLOCK_LENGTH_2400                                0        0.000%                0        0.000%
MEM_BLOCK_LENGTH_2500                                0        0.000%                0        0.000%
MEM_BLOCK_LENGTH_2600                                0        0.000%                0        0.000%
MEM_BLOCK_LENGTH_2700                                0        0.000%                0        0.000%
MEM_BLOCK_LENGTH_2800                                0        0.000%                0        0.000%
MEM_BLOCK_LENGTH_2900                                0        0.000%                0        0.000%
MEM_BLOCK_LENGTH_3000                                0        0.000%                0        0.000%
MEM_BLOCK_LENGTH_3100                                0        0.000%                0        0.000%
MEM_BLOCK_LENGTH_3200                                0        0.000%                0        0.000%
MEM_BLOCK_LENGTH_3300                                0        0.000%                0        0.000%
MEM_BLOCK_LENGTH_3400                                0        0.000%                0        0.000%
MEM_BLOCK_LENGTH_3500                                0        0.000%                0        0.000%
MEM_BLOCK_LENGTH_3600                                0        0.000%                0        0.000%
MEM_BLOCK_LENGTH_3700                                0        0.000%                0        0.000%
MEM_BLOCK_LENGTH_3800                                0        0.000%                0        0.000%
MEM_BLOCK_LENGTH_3900                                0        0.000%                0        0.000%
MEM_BLOCK_LENGTH_4000                                0        0.000%                0        0.000%
MEM_BLOCK_LENGTH_4100                                0        0.000%                0        0.000%
MEM_BLOCK_LENGTH_4200                                0        0.000%                0        0.000%
MEM_BLOCK_LENGTH_4300                                0        0.000%                0        0.000%
MEM_BLOCK_LENGTH_4400                                0        0.000%                0        0.000%
MEM_BLOCK_LENGTH_4500                                0        0.000%                0        0.000%
MEM_BLOCK_LENGTH_4600                                0        0.000%                0        0.000%
MEM_BLOCK_LENGTH_4700                                0        0.000%                0        0.000%
MEM_BLOCK_LENGTH_4800                                0        0.000%                0        0.000%
MEM_BLOCK_LENGTH_4900                                0        0.000%                0        0.000%
MEM_BLOCK_LENGTH_5000                                0        0.000%                0        0.000%
                                                  2965      100.000%             2965      100.000%
                                                  0.14         0.91              0.14         0.91

FUS_BUSY_ON_PATH                              35682049        2.6880         35682049        2.6880

FUS_BUSY_OFF_PATH                              1551153        0.1169          1551153        0.1169

FU_BUSY_MEM_STALL                              2803154        0.2112          2803154        0.2112

FUS_EMPTY                                     68964070        5.1952         68964070        5.1952

CHIP_UTILIZATION                                     0        0.0000                0        0.0000

CYCLES_UNDER_MEM_REQ                                 0                              0              

CYCLES_UNDER_NO_MEM_REQ                              0                              0              

CYCLES_UNDER_CRITICAL_MEM_REQ                        0                              0              

CYCLES_UNDER_NONCRITICAL_MEM_REQ                     0                              0              

CHIP_UTILIZATION_UNDER_MEM_REQ                       0          -nan                0          -nan

CHIP_UTILIZATION_UNDER_NO_MEM_REQ                    0          -nan                0          -nan

CHIP_UTILIZATION_UNDER_CRITICAL_MEM_REQ              0          -nan                0          -nan

CHIP_UTILIZATION_UNDER_NONCRITICAL_MEM_REQ             0          -nan                0          -nan

CYCLES_NOT_WAITING_FOR_OFF_CHIP                      0        0.0000                0        0.0000

FUS_BUSY_NOT_WAITING_FOR_OFF_CHIP                    0          -nan                0          -nan

CYCLES_WAITING_FOR_OFF_CHIP                          0        0.0000                0        0.0000

FUS_BUSY_WAITING_FOR_OFF_CHIP                        0          -nan                0          -nan

TOTAL_OFF_CHIP_DELAYS_LEFT                           0                              0              

WRONG_IO_SCHED                                       0                              0              

DVFS_CONFIG_SWITCH                                   0                              0              



