/* -*- Mode: c -*- */
####################################################################################################
Core 0
####################################################################################################
Cumulative:        Cycles: 13274659              Instructions: 30000001              IPC: 2.25995

ST_OP_INV                                            0        0.000%                0        0.000%
ST_OP_NOP                                        82793        0.252%            82793        0.252%
ST_OP_CF                                       2768686        8.413%          2768686        8.413%
ST_OP_MOV                                      3245825        9.862%          3245825        9.862%
ST_OP_CMOV                                      125532        0.381%           125532        0.381%
ST_OP_LDA                                       534399        1.624%           534399        1.624%
ST_OP_IMEM                                     2739168        8.323%          2739168        8.323%
ST_OP_IADD                                     2358906        7.167%          2358906        7.167%
ST_OP_IMUL                                        3453        0.010%             3453        0.010%
ST_OP_IDIV                                          36        0.000%               36        0.000%
ST_OP_ICMP                                     2002193        6.084%          2002193        6.084%
ST_OP_LOGIC                                     884499        2.688%           884499        2.688%
ST_OP_SHIFT                                      22282        0.068%            22282        0.068%
ST_OP_FMEM                                     5593471       16.995%          5593471       16.995%
ST_OP_FCVT                                     4193342       12.741%          4193342       12.741%
ST_OP_FADD                                     4063291       12.346%          4063291       12.346%
ST_OP_FMUL                                     4152169       12.616%          4152169       12.616%
ST_OP_FMA                                            0        0.000%                0        0.000%
ST_OP_FDIV                                        6247        0.019%             6247        0.019%
ST_OP_FCMP                                      132849        0.404%           132849        0.404%
ST_OP_FCMOV                                          0        0.000%                0        0.000%
ST_OP_GATHER                                         0        0.000%                0        0.000%
ST_OP_SCATTER                                        0        0.000%                0        0.000%
ST_OP_PIPELINED_FAST                               102        0.000%              102        0.000%
ST_OP_PIPELINED_MEDIUM                               0        0.000%                0        0.000%
ST_OP_PIPELINED_SLOW                                 0        0.000%                0        0.000%
ST_OP_NOTPIPELINED_MEDIUM                         2318        0.007%             2318        0.007%
ST_OP_NOTPIPELINED_SLOW                              0        0.000%                0        0.000%
ST_OP_NOTPIPELINED_VERY_SLOW                         0        0.000%                0        0.000%
                                              32911561      100.000%         32911561      100.000%
                                                 10.42         4.93             10.42         4.93

ST_NOT_CF                                     30142875       91.587%         30142875       91.587%
ST_CF_BR                                         67485        0.205%            67485        0.205%
ST_CF_CBR                                      2622367        7.968%          2622367        7.968%
ST_CF_CALL                                       38031        0.116%            38031        0.116%
ST_CF_IBR                                         2752        0.008%             2752        0.008%
ST_CF_ICALL                                         11        0.000%               11        0.000%
ST_CF_ICO                                            0        0.000%                0        0.000%
ST_CF_RET                                        38040        0.116%            38040        0.116%
ST_CF_SYS                                            0        0.000%                0        0.000%
                                              32911561      100.000%         32911561      100.000%
                                                  0.17         0.58              0.17         0.58

ST_BAR_NONE                                   32911561      100.000%         32911561      100.000%
ST_BAR_FETCH                                         0        0.000%                0        0.000%
ST_BAR_ISSUE                                         0        0.000%                0        0.000%
ST_BAR_BOTH                                          0        0.000%                0        0.000%
                                              32911561      100.000%         32911561      100.000%
                                                  0.00         0.00              0.00         0.00

ST_NOT_MEM                                    24578922       74.682%         24578922       74.682%
ST_MEM_LD                                      7738660       23.514%          7738660       23.514%
ST_MEM_ST                                       593979        1.805%           593979        1.805%
ST_MEM_PF                                            0        0.000%                0        0.000%
ST_MEM_WH                                            0        0.000%                0        0.000%
ST_MEM_EVICT                                         0        0.000%                0        0.000%
                                              32911561      100.000%         32911561      100.000%
                                                  0.27         0.42              0.27         0.42

ST_NOT_MEM_OFFPATH                             2311617       69.953%          2311617       69.953%
ST_MEM_LD_OFFPATH                               838128       25.363%           838128       25.363%
ST_MEM_ST_OFFPATH                               154783        4.684%           154783        4.684%
ST_MEM_PF_OFFPATH                                    0        0.000%                0        0.000%
ST_MEM_WH_OFFPATH                                    0        0.000%                0        0.000%
ST_MEM_EVIC_OFFPATHT                                 0        0.000%                0        0.000%
                                               3304528      100.000%          3304528      100.000%
                                                  0.35         0.49              0.35         0.49

ST_OP_ONPATH                                  32911561                       32911561              

ST_OP_OFFPATH                                  3304528                        3304528              

ST_FAKE_OP_OFFPATH                               26553        0.804%            26553        0.804%
ST_NOT_FAKE_OP_OFFPATH                         3277975       99.196%          3277975       99.196%
                                               3304528      100.000%          3304528      100.000%
                                                  0.99         0.99              0.99         0.99

ST_FAKE_REASON_NOT_FAKE                        3277975       99.196%          3277975       99.196%
ST_FAKE_REASON_REDIRECT_TO_NOT_INSTRUMENTED          3294        0.100%             3294        0.100%
ST_FAKE_REASON_RETURN_TO_NOT_INSTRUMENTED          3888        0.118%             3888        0.118%
ST_FAKE_REASON_NONRET_CF_TO_NOT_INSTRUMENTED         19047        0.576%            19047        0.576%
ST_FAKE_REASON_NOT_TAKEN_TO_NOT_INSTRUMENTED           324        0.010%              324        0.010%
ST_FAKE_REASON_WRONG_PATH_STORE_TO_NEW_REGION             0        0.000%                0        0.000%
                                               3304528      100.000%          3304528      100.000%
                                                  0.02         0.24              0.02         0.24

ST_INST_ONPATH                                30000256                       30000256              

ST_INST_OFFPATH                                2912460                        2912460              

STATIC_PIN_NOP                                       0                              0              

DYNAMIC_PIN_REP_GREATER_256                          0                              0              



