/* -*- Mode: c -*- */
####################################################################################################
Core 0
####################################################################################################
Cumulative:        Cycles: 125457985             Instructions: 30000004              IPC: 0.23912

EXECUTION_TIME                           39205620312500                  39205620312500              

NODE_CYCLE                                   125457985                      125457985              

NODE_INST_COUNT                               30000004                       30000004              

NODE_UOP_COUNT                                34584270                       34584270              

FULL_WINDOW_STALL                            100939539       80.457%        100939539       80.457%

FULL_WINDOW_MEM_OP                            97604045       99.991%         97604045       99.991%
FULL_WINDOW_FP_OP                                    0        0.000%                0        0.000%
FULL_WINDOW_OTHER_OP                              8746        0.009%             8746        0.009%
                                              97612791      100.000%         97612791      100.000%
                                                  0.00         0.02              0.00         0.02

RET_BLOCKED_DC_MISS                          110590777       88.150%        110590777       88.150%

RET_BLOCKED_L1_MISS                           99451568       79.271%         99451568       79.271%

RET_BLOCKED_L1_MISS_BW_PREF                      72449        0.058%            72449        0.058%

RET_BLOCKED_L1_ACCESS                         11139219        8.879%         11139219        8.879%

RET_BLOCKED_MEM_STALL                         99451649       79.271%         99451649       79.271%

RET_BLOCKED_OFFCHIP_DEMAND                           0        0.000%                0        0.000%

OP_ISSUED                                     88913398                       88913398              

OP_RETIRED                                    34584270                       34584270              

REPLAY_SIGNALED                                      0                              0              

REPLAY_COUNTED                                       0                              0              

OFF_CRITICAL_PATH                                    0         -nan%                0         -nan%
ON_CRITICAL_PATH                                     0         -nan%                0         -nan%
                                                     0         -nan%                0         -nan%
                                                  -nan         -nan              -nan         -nan

LD_NO_DEPENDENTS                                 27018        0.239%            27018        0.239%
LD_DEPENDENTS                                 11288557       99.761%         11288557       99.761%
                                              11315575      100.000%         11315575      100.000%
                                                  1.00         1.00              1.00         1.00

LD_EXEC_CYCLES_0                                     0        0.000%                0        0.000%
LD_EXEC_CYCLES_1                                     0        0.000%                0        0.000%
LD_EXEC_CYCLES_2                                     0        0.000%                0        0.000%
LD_EXEC_CYCLES_3                               4538355       82.791%          4538355       82.791%
LD_EXEC_CYCLES_4                                943340       17.209%           943340       17.209%
                                               5481695      100.000%          5481695      100.000%
                                                  3.17         1.37              3.17         1.37

FU_BUSY_0                                     17954046                       17954046              

FU_BUSY_1                                     12468878                       12468878              

FU_BUSY_2                                      9254939                        9254939              

FU_BUSY_3                                      7077130                        7077130              

FU_BUSY_4                                      4729179                        4729179              

FU_BUSY_5                                      2996105                        2996105              

FU_BUSY_6                                      1806116                        1806116              

FU_BUSY_7                                      1094760                        1094760              

FU_BUSY_8                                            0                              0              

FU_BUSY_9                                            0                              0              

FU_BUSY_10                                           0                              0              

FU_BUSY_11                                           0                              0              

FU_BUSY_12                                           0                              0              

FU_BUSY_13                                           0                              0              

FU_BUSY_14                                           0                              0              

FU_BUSY_15                                           0                              0              

FU_BUSY_16                                           0                              0              

FU_BUSY_17                                           0                              0              

FU_BUSY_18                                           0                              0              

FU_BUSY_19                                           0                              0              

FU_BUSY_20                                           0                              0              

FU_BUSY_21                                           0                              0              

FU_BUSY_22                                           0                              0              

FU_BUSY_23                                           0                              0              

FU_BUSY_24                                           0                              0              

FU_BUSY_25                                           0                              0              

FU_BUSY_26                                           0                              0              

FU_BUSY_27                                           0                              0              

FU_BUSY_28                                           0                              0              

FU_BUSY_29                                           0                              0              

FU_BUSY_30                                           0                              0              

FU_BUSY_31                                           0                              0              

OP_WAIT_0                                     28888730                       28888730              

OP_WAIT_1                                      4630968                        4630968              

OP_WAIT_2                                       378915                         378915              

OP_WAIT_3                                       102832                         102832              

OP_WAIT_4                                        23821                          23821              

OP_WAIT_5                                        15613                          15613              

OP_WAIT_6                                        11782                          11782              

OP_WAIT_7                                         8273                           8273              

OP_WAIT_8                                         6560                           6560              

OP_WAIT_9                                         6537                           6537              

OP_WAIT_10                                        8480                           8480              

OP_WAIT_11                                        6353                           6353              

OP_WAIT_12                                        2836                           2836              

OP_WAIT_13                                        1596                           1596              

OP_WAIT_14                                        1467                           1467              

OP_WAIT_15                                        1190                           1190              

OP_WAIT_16                                        1079                           1079              

OP_WAIT_17                                        1045                           1045              

OP_WAIT_18                                        1121                           1121              

OP_WAIT_19                                        1059                           1059              

OP_WAIT_20                                        1436                           1436              

OP_WAIT_21                                        1398                           1398              

OP_WAIT_22                                         685                            685              

OP_WAIT_23                                         723                            723              

OP_WAIT_24                                         500                            500              

OP_WAIT_25                                         601                            601              

OP_WAIT_26                                        1770                           1770              

OP_WAIT_27                                        2738                           2738              

OP_WAIT_28                                        2886                           2886              

OP_WAIT_29                                        1940                           1940              

OP_WAIT_30                                         799                            799              

OP_WAIT_31                                      468537                         468537              

ROW_SIZE_0                                   112677947                      112677947              

ROW_SIZE_1                                     4010899                        4010899              

ROW_SIZE_2                                      795401                         795401              

ROW_SIZE_3                                      830814                         830814              

ROW_SIZE_4                                      247894                         247894              

ROW_SIZE_5                                      497019                         497019              

ROW_SIZE_6                                     3835576                        3835576              

ROW_SIZE_7                                           0                              0              

ROW_SIZE_8                                           0                              0              

ROW_SIZE_9                                           0                              0              

ROW_SIZE_10                                          0                              0              

ROW_SIZE_11                                          0                              0              

ROW_SIZE_12                                          0                              0              

ROW_SIZE_13                                          0                              0              

ROW_SIZE_14                                          0                              0              

ROW_SIZE_15                                          0                              0              

ROW_SIZE_16                                          0                              0              

ROW_SIZE_17                                          0                              0              

ROW_SIZE_18                                          0                              0              

ROW_SIZE_19                                          0                              0              

ROW_SIZE_20                                          0                              0              

ROW_SIZE_21                                          0                              0              

ROW_SIZE_22                                          0                              0              

ROW_SIZE_23                                          0                              0              

ROW_SIZE_24                                          0                              0              

ROW_SIZE_25                                          0                              0              

ROW_SIZE_26                                          0                              0              

ROW_SIZE_27                                          0                              0              

ROW_SIZE_28                                          0                              0              

ROW_SIZE_29                                          0                              0              

ROW_SIZE_30                                          0                              0              

ROW_SIZE_31                                          0                              0              

RET_OP_EXEC_COUNT_0                                  0        0.000%                0        0.000%
RET_OP_EXEC_COUNT_1                           34584270      100.000%         34584270      100.000%
RET_OP_EXEC_COUNT_2                                  0        0.000%                0        0.000%
RET_OP_EXEC_COUNT_3                                  0        0.000%                0        0.000%
RET_OP_EXEC_COUNT_4                                  0        0.000%                0        0.000%
RET_OP_EXEC_COUNT_5                                  0        0.000%                0        0.000%
RET_OP_EXEC_COUNT_6                                  0        0.000%                0        0.000%
RET_OP_EXEC_COUNT_7                                  0        0.000%                0        0.000%
RET_OP_EXEC_COUNT_8                                  0        0.000%                0        0.000%
RET_OP_EXEC_COUNT_9                                  0        0.000%                0        0.000%
RET_OP_EXEC_COUNT_10                                 0        0.000%                0        0.000%
RET_OP_EXEC_COUNT_11                                 0        0.000%                0        0.000%
RET_OP_EXEC_COUNT_12                                 0        0.000%                0        0.000%
RET_OP_EXEC_COUNT_13                                 0        0.000%                0        0.000%
RET_OP_EXEC_COUNT_14                                 0        0.000%                0        0.000%
RET_OP_EXEC_COUNT_15                                 0        0.000%                0        0.000%
RET_OP_EXEC_COUNT_16                                 0        0.000%                0        0.000%
RET_OP_EXEC_COUNT_17                                 0        0.000%                0        0.000%
RET_OP_EXEC_COUNT_18                                 0        0.000%                0        0.000%
RET_OP_EXEC_COUNT_19                                 0        0.000%                0        0.000%
RET_OP_EXEC_COUNT_20                                 0        0.000%                0        0.000%
RET_OP_EXEC_COUNT_21                                 0        0.000%                0        0.000%
RET_OP_EXEC_COUNT_22                                 0        0.000%                0        0.000%
RET_OP_EXEC_COUNT_23                                 0        0.000%                0        0.000%
RET_OP_EXEC_COUNT_24                                 0        0.000%                0        0.000%
RET_OP_EXEC_COUNT_25                                 0        0.000%                0        0.000%
RET_OP_EXEC_COUNT_26                                 0        0.000%                0        0.000%
RET_OP_EXEC_COUNT_27                                 0        0.000%                0        0.000%
RET_OP_EXEC_COUNT_28                                 0        0.000%                0        0.000%
RET_OP_EXEC_COUNT_29                                 0        0.000%                0        0.000%
RET_OP_EXEC_COUNT_30                                 0        0.000%                0        0.000%
RET_OP_EXEC_COUNT_31                                 0        0.000%                0        0.000%
RET_OP_EXEC_COUNT_32                                 0        0.000%                0        0.000%
                                              34584270      100.000%         34584270      100.000%
                                                  1.00         0.00              1.00         0.00

RET_STALL_LENGTH_0                            34113035       98.637%         34113035       98.637%
RET_STALL_LENGTH_100                            420305        1.215%           420305        1.215%
RET_STALL_LENGTH_200                             20293        0.059%            20293        0.059%
RET_STALL_LENGTH_300                              3989        0.012%             3989        0.012%
RET_STALL_LENGTH_400                              5111        0.015%             5111        0.015%
RET_STALL_LENGTH_500                             11605        0.034%            11605        0.034%
RET_STALL_LENGTH_600                              4006        0.012%             4006        0.012%
RET_STALL_LENGTH_700                               978        0.003%              978        0.003%
RET_STALL_LENGTH_800                               209        0.001%              209        0.001%
RET_STALL_LENGTH_900                                69        0.000%               69        0.000%
RET_STALL_LENGTH_1000                               37        0.000%               37        0.000%
RET_STALL_LENGTH_1100                               54        0.000%               54        0.000%
RET_STALL_LENGTH_1200                             2995        0.009%             2995        0.009%
RET_STALL_LENGTH_1300                              676        0.002%              676        0.002%
RET_STALL_LENGTH_1400                              298        0.001%              298        0.001%
RET_STALL_LENGTH_1500                               74        0.000%               74        0.000%
RET_STALL_LENGTH_1600                               63        0.000%               63        0.000%
RET_STALL_LENGTH_1700                              226        0.001%              226        0.001%
RET_STALL_LENGTH_1800                              185        0.001%              185        0.001%
RET_STALL_LENGTH_1900                               42        0.000%               42        0.000%
RET_STALL_LENGTH_2000                               14        0.000%               14        0.000%
RET_STALL_LENGTH_2100                                5        0.000%                5        0.000%
RET_STALL_LENGTH_2200                                1        0.000%                1        0.000%
RET_STALL_LENGTH_2300                                0        0.000%                0        0.000%
RET_STALL_LENGTH_2400                                0        0.000%                0        0.000%
RET_STALL_LENGTH_2500                                0        0.000%                0        0.000%
RET_STALL_LENGTH_2600                                0        0.000%                0        0.000%
RET_STALL_LENGTH_2700                                0        0.000%                0        0.000%
RET_STALL_LENGTH_2800                                0        0.000%                0        0.000%
RET_STALL_LENGTH_2900                                0        0.000%                0        0.000%
RET_STALL_LENGTH_3000                                0        0.000%                0        0.000%
RET_STALL_LENGTH_3100                                0        0.000%                0        0.000%
RET_STALL_LENGTH_3200                                0        0.000%                0        0.000%
RET_STALL_LENGTH_3300                                0        0.000%                0        0.000%
RET_STALL_LENGTH_3400                                0        0.000%                0        0.000%
RET_STALL_LENGTH_3500                                0        0.000%                0        0.000%
RET_STALL_LENGTH_3600                                0        0.000%                0        0.000%
RET_STALL_LENGTH_3700                                0        0.000%                0        0.000%
RET_STALL_LENGTH_3800                                0        0.000%                0        0.000%
RET_STALL_LENGTH_3900                                0        0.000%                0        0.000%
RET_STALL_LENGTH_4000                                0        0.000%                0        0.000%
RET_STALL_LENGTH_4100                                0        0.000%                0        0.000%
RET_STALL_LENGTH_4200                                0        0.000%                0        0.000%
RET_STALL_LENGTH_4300                                0        0.000%                0        0.000%
RET_STALL_LENGTH_4400                                0        0.000%                0        0.000%
RET_STALL_LENGTH_4500                                0        0.000%                0        0.000%
RET_STALL_LENGTH_4600                                0        0.000%                0        0.000%
RET_STALL_LENGTH_4700                                0        0.000%                0        0.000%
RET_STALL_LENGTH_4800                                0        0.000%                0        0.000%
RET_STALL_LENGTH_4900                                0        0.000%                0        0.000%
RET_STALL_LENGTH_5000                                0        0.000%                0        0.000%
                                              34584270      100.000%         34584270      100.000%
                                                  0.02         0.23              0.02         0.23

MEM_BLOCK_LENGTH_0                                1890       96.183%             1890       96.183%
MEM_BLOCK_LENGTH_100                                11        0.560%               11        0.560%
MEM_BLOCK_LENGTH_200                                 2        0.102%                2        0.102%
MEM_BLOCK_LENGTH_300                                28        1.425%               28        1.425%
MEM_BLOCK_LENGTH_400                                17        0.865%               17        0.865%
MEM_BLOCK_LENGTH_500                                 3        0.153%                3        0.153%
MEM_BLOCK_LENGTH_600                                 0        0.000%                0        0.000%
MEM_BLOCK_LENGTH_700                                 0        0.000%                0        0.000%
MEM_BLOCK_LENGTH_800                                 0        0.000%                0        0.000%
MEM_BLOCK_LENGTH_900                                 0        0.000%                0        0.000%
MEM_BLOCK_LENGTH_1000                                0        0.000%                0        0.000%
MEM_BLOCK_LENGTH_1100                                3        0.153%                3        0.153%
MEM_BLOCK_LENGTH_1200                               10        0.509%               10        0.509%
MEM_BLOCK_LENGTH_1300                                0        0.000%                0        0.000%
MEM_BLOCK_LENGTH_1400                                0        0.000%                0        0.000%
MEM_BLOCK_LENGTH_1500                                0        0.000%                0        0.000%
MEM_BLOCK_LENGTH_1600                                1        0.051%                1        0.051%
MEM_BLOCK_LENGTH_1700                                0        0.000%                0        0.000%
MEM_BLOCK_LENGTH_1800                                0        0.000%                0        0.000%
MEM_BLOCK_LENGTH_1900                                0        0.000%                0        0.000%
MEM_BLOCK_LENGTH_2000                                0        0.000%                0        0.000%
MEM_BLOCK_LENGTH_2100                                0        0.000%                0        0.000%
MEM_BLOCK_LENGTH_2200                                0        0.000%                0        0.000%
MEM_BLOCK_LENGTH_2300                                0        0.000%                0        0.000%
MEM_BLOCK_LENGTH_2400                                0        0.000%                0        0.000%
MEM_BLOCK_LENGTH_2500                                0        0.000%                0        0.000%
MEM_BLOCK_LENGTH_2600                                0        0.000%                0        0.000%
MEM_BLOCK_LENGTH_2700                                0        0.000%                0        0.000%
MEM_BLOCK_LENGTH_2800                                0        0.000%                0        0.000%
MEM_BLOCK_LENGTH_2900                                0        0.000%                0        0.000%
MEM_BLOCK_LENGTH_3000                                0        0.000%                0        0.000%
MEM_BLOCK_LENGTH_3100                                0        0.000%                0        0.000%
MEM_BLOCK_LENGTH_3200                                0        0.000%                0        0.000%
MEM_BLOCK_LENGTH_3300                                0        0.000%                0        0.000%
MEM_BLOCK_LENGTH_3400                                0        0.000%                0        0.000%
MEM_BLOCK_LENGTH_3500                                0        0.000%                0        0.000%
MEM_BLOCK_LENGTH_3600                                0        0.000%                0        0.000%
MEM_BLOCK_LENGTH_3700                                0        0.000%                0        0.000%
MEM_BLOCK_LENGTH_3800                                0        0.000%                0        0.000%
MEM_BLOCK_LENGTH_3900                                0        0.000%                0        0.000%
MEM_BLOCK_LENGTH_4000                                0        0.000%                0        0.000%
MEM_BLOCK_LENGTH_4100                                0        0.000%                0        0.000%
MEM_BLOCK_LENGTH_4200                                0        0.000%                0        0.000%
MEM_BLOCK_LENGTH_4300                                0        0.000%                0        0.000%
MEM_BLOCK_LENGTH_4400                                0        0.000%                0        0.000%
MEM_BLOCK_LENGTH_4500                                0        0.000%                0        0.000%
MEM_BLOCK_LENGTH_4600                                0        0.000%                0        0.000%
MEM_BLOCK_LENGTH_4700                                0        0.000%                0        0.000%
MEM_BLOCK_LENGTH_4800                                0        0.000%                0        0.000%
MEM_BLOCK_LENGTH_4900                                0        0.000%                0        0.000%
MEM_BLOCK_LENGTH_5000                                0        0.000%                0        0.000%
                                                  1965      100.000%             1965      100.000%
                                                  0.18         1.14              0.18         1.14

FUS_BUSY_ON_PATH                              35857617        0.2858         35857617        0.2858

FUS_BUSY_OFF_PATH                             21523536        0.1716         21523536        0.1716

FU_BUSY_MEM_STALL                              2839538        0.0226          2839538        0.0226

FUS_EMPTY                                    946282727        7.5426        946282727        7.5426

CHIP_UTILIZATION                                     0        0.0000                0        0.0000

CYCLES_UNDER_MEM_REQ                                 0                              0              

CYCLES_UNDER_NO_MEM_REQ                              0                              0              

CYCLES_UNDER_CRITICAL_MEM_REQ                        0                              0              

CYCLES_UNDER_NONCRITICAL_MEM_REQ                     0                              0              

CHIP_UTILIZATION_UNDER_MEM_REQ                       0          -nan                0          -nan

CHIP_UTILIZATION_UNDER_NO_MEM_REQ                    0          -nan                0          -nan

CHIP_UTILIZATION_UNDER_CRITICAL_MEM_REQ              0          -nan                0          -nan

CHIP_UTILIZATION_UNDER_NONCRITICAL_MEM_REQ             0          -nan                0          -nan

CYCLES_NOT_WAITING_FOR_OFF_CHIP                      0        0.0000                0        0.0000

FUS_BUSY_NOT_WAITING_FOR_OFF_CHIP                    0          -nan                0          -nan

CYCLES_WAITING_FOR_OFF_CHIP                          0        0.0000                0        0.0000

FUS_BUSY_WAITING_FOR_OFF_CHIP                        0          -nan                0          -nan

TOTAL_OFF_CHIP_DELAYS_LEFT                           0                              0              

WRONG_IO_SCHED                                       0                              0              

DVFS_CONFIG_SWITCH                                   0                              0              



