               ramulator.active_cycles_0            45000007                                      # Total active cycles for level _0
                 ramulator.busy_cycles_0            45000007                                      # (All-bank refresh only. busy cycles only include refresh time in rank level) The sum of cycles that the DRAM part is active or under refresh for level _0
            ramulator.serving_requests_0           169163119                                      # The sum of read and write requests that are served in this DRAM element per memory cycle for level _0
    ramulator.average_serving_requests_0            3.595638                                      # The average of read and write requests that are served in this DRAM element per memory cycle for level _0
             ramulator.active_cycles_0_0            45000007                                      # Total active cycles for level _0_0
               ramulator.busy_cycles_0_0            45321307                                      # (All-bank refresh only. busy cycles only include refresh time in rank level) The sum of cycles that the DRAM part is active or under refresh for level _0_0
          ramulator.serving_requests_0_0           169163119                                      # The sum of read and write requests that are served in this DRAM element per memory cycle for level _0_0
  ramulator.average_serving_requests_0_0            3.595638                                      # The average of read and write requests that are served in this DRAM element per memory cycle for level _0_0
           ramulator.active_cycles_0_0_0            25844056                                      # Total active cycles for level _0_0_0
             ramulator.busy_cycles_0_0_0            25844056                                      # (All-bank refresh only. busy cycles only include refresh time in rank level) The sum of cycles that the DRAM part is active or under refresh for level _0_0_0
        ramulator.serving_requests_0_0_0            40034991                                      # The sum of read and write requests that are served in this DRAM element per memory cycle for level _0_0_0
ramulator.average_serving_requests_0_0_0            0.850962                                      # The average of read and write requests that are served in this DRAM element per memory cycle for level _0_0_0
         ramulator.active_cycles_0_0_0_0             9067642                                      # Total active cycles for level _0_0_0_0
           ramulator.busy_cycles_0_0_0_0             9067642                                      # (All-bank refresh only. busy cycles only include refresh time in rank level) The sum of cycles that the DRAM part is active or under refresh for level _0_0_0_0
      ramulator.serving_requests_0_0_0_0             9603970                                      # The sum of read and write requests that are served in this DRAM element per memory cycle for level _0_0_0_0
ramulator.average_serving_requests_0_0_0_0            0.204137                                      # The average of read and write requests that are served in this DRAM element per memory cycle for level _0_0_0_0
         ramulator.active_cycles_0_0_0_1            10246123                                      # Total active cycles for level _0_0_0_1
           ramulator.busy_cycles_0_0_0_1            10246123                                      # (All-bank refresh only. busy cycles only include refresh time in rank level) The sum of cycles that the DRAM part is active or under refresh for level _0_0_0_1
      ramulator.serving_requests_0_0_0_1            10905287                                      # The sum of read and write requests that are served in this DRAM element per memory cycle for level _0_0_0_1
ramulator.average_serving_requests_0_0_0_1            0.231797                                      # The average of read and write requests that are served in this DRAM element per memory cycle for level _0_0_0_1
         ramulator.active_cycles_0_0_0_2             9678481                                      # Total active cycles for level _0_0_0_2
           ramulator.busy_cycles_0_0_0_2             9678481                                      # (All-bank refresh only. busy cycles only include refresh time in rank level) The sum of cycles that the DRAM part is active or under refresh for level _0_0_0_2
      ramulator.serving_requests_0_0_0_2            10241555                                      # The sum of read and write requests that are served in this DRAM element per memory cycle for level _0_0_0_2
ramulator.average_serving_requests_0_0_0_2            0.217689                                      # The average of read and write requests that are served in this DRAM element per memory cycle for level _0_0_0_2
         ramulator.active_cycles_0_0_0_3             8817063                                      # Total active cycles for level _0_0_0_3
           ramulator.busy_cycles_0_0_0_3             8817063                                      # (All-bank refresh only. busy cycles only include refresh time in rank level) The sum of cycles that the DRAM part is active or under refresh for level _0_0_0_3
      ramulator.serving_requests_0_0_0_3             9284179                                      # The sum of read and write requests that are served in this DRAM element per memory cycle for level _0_0_0_3
ramulator.average_serving_requests_0_0_0_3            0.197339                                      # The average of read and write requests that are served in this DRAM element per memory cycle for level _0_0_0_3
           ramulator.active_cycles_0_0_1            27955711                                      # Total active cycles for level _0_0_1
             ramulator.busy_cycles_0_0_1            27955711                                      # (All-bank refresh only. busy cycles only include refresh time in rank level) The sum of cycles that the DRAM part is active or under refresh for level _0_0_1
        ramulator.serving_requests_0_0_1            44949872                                      # The sum of read and write requests that are served in this DRAM element per memory cycle for level _0_0_1
ramulator.average_serving_requests_0_0_1            0.955430                                      # The average of read and write requests that are served in this DRAM element per memory cycle for level _0_0_1
         ramulator.active_cycles_0_0_1_0            10237880                                      # Total active cycles for level _0_0_1_0
           ramulator.busy_cycles_0_0_1_0            10237880                                      # (All-bank refresh only. busy cycles only include refresh time in rank level) The sum of cycles that the DRAM part is active or under refresh for level _0_0_1_0
      ramulator.serving_requests_0_0_1_0            10869092                                      # The sum of read and write requests that are served in this DRAM element per memory cycle for level _0_0_1_0
ramulator.average_serving_requests_0_0_1_0            0.231027                                      # The average of read and write requests that are served in this DRAM element per memory cycle for level _0_0_1_0
         ramulator.active_cycles_0_0_1_1            11147479                                      # Total active cycles for level _0_0_1_1
           ramulator.busy_cycles_0_0_1_1            11147479                                      # (All-bank refresh only. busy cycles only include refresh time in rank level) The sum of cycles that the DRAM part is active or under refresh for level _0_0_1_1
      ramulator.serving_requests_0_0_1_1            11940495                                      # The sum of read and write requests that are served in this DRAM element per memory cycle for level _0_0_1_1
ramulator.average_serving_requests_0_0_1_1            0.253801                                      # The average of read and write requests that are served in this DRAM element per memory cycle for level _0_0_1_1
         ramulator.active_cycles_0_0_1_2             9355278                                      # Total active cycles for level _0_0_1_2
           ramulator.busy_cycles_0_0_1_2             9355278                                      # (All-bank refresh only. busy cycles only include refresh time in rank level) The sum of cycles that the DRAM part is active or under refresh for level _0_0_1_2
      ramulator.serving_requests_0_0_1_2             9892044                                      # The sum of read and write requests that are served in this DRAM element per memory cycle for level _0_0_1_2
ramulator.average_serving_requests_0_0_1_2            0.210260                                      # The average of read and write requests that are served in this DRAM element per memory cycle for level _0_0_1_2
         ramulator.active_cycles_0_0_1_3            11435670                                      # Total active cycles for level _0_0_1_3
           ramulator.busy_cycles_0_0_1_3            11435670                                      # (All-bank refresh only. busy cycles only include refresh time in rank level) The sum of cycles that the DRAM part is active or under refresh for level _0_0_1_3
      ramulator.serving_requests_0_0_1_3            12248241                                      # The sum of read and write requests that are served in this DRAM element per memory cycle for level _0_0_1_3
ramulator.average_serving_requests_0_0_1_3            0.260342                                      # The average of read and write requests that are served in this DRAM element per memory cycle for level _0_0_1_3
           ramulator.active_cycles_0_0_2            26834034                                      # Total active cycles for level _0_0_2
             ramulator.busy_cycles_0_0_2            26834034                                      # (All-bank refresh only. busy cycles only include refresh time in rank level) The sum of cycles that the DRAM part is active or under refresh for level _0_0_2
        ramulator.serving_requests_0_0_2            42474120                                      # The sum of read and write requests that are served in this DRAM element per memory cycle for level _0_0_2
ramulator.average_serving_requests_0_0_2            0.902806                                      # The average of read and write requests that are served in this DRAM element per memory cycle for level _0_0_2
         ramulator.active_cycles_0_0_2_0            11753685                                      # Total active cycles for level _0_0_2_0
           ramulator.busy_cycles_0_0_2_0            11753685                                      # (All-bank refresh only. busy cycles only include refresh time in rank level) The sum of cycles that the DRAM part is active or under refresh for level _0_0_2_0
      ramulator.serving_requests_0_0_2_0            12641833                                      # The sum of read and write requests that are served in this DRAM element per memory cycle for level _0_0_2_0
ramulator.average_serving_requests_0_0_2_0            0.268708                                      # The average of read and write requests that are served in this DRAM element per memory cycle for level _0_0_2_0
         ramulator.active_cycles_0_0_2_1             8263814                                      # Total active cycles for level _0_0_2_1
           ramulator.busy_cycles_0_0_2_1             8263814                                      # (All-bank refresh only. busy cycles only include refresh time in rank level) The sum of cycles that the DRAM part is active or under refresh for level _0_0_2_1
      ramulator.serving_requests_0_0_2_1             8713902                                      # The sum of read and write requests that are served in this DRAM element per memory cycle for level _0_0_2_1
ramulator.average_serving_requests_0_0_2_1            0.185218                                      # The average of read and write requests that are served in this DRAM element per memory cycle for level _0_0_2_1
         ramulator.active_cycles_0_0_2_2            10432299                                      # Total active cycles for level _0_0_2_2
           ramulator.busy_cycles_0_0_2_2            10432299                                      # (All-bank refresh only. busy cycles only include refresh time in rank level) The sum of cycles that the DRAM part is active or under refresh for level _0_0_2_2
      ramulator.serving_requests_0_0_2_2            11137712                                      # The sum of read and write requests that are served in this DRAM element per memory cycle for level _0_0_2_2
ramulator.average_serving_requests_0_0_2_2            0.236737                                      # The average of read and write requests that are served in this DRAM element per memory cycle for level _0_0_2_2
         ramulator.active_cycles_0_0_2_3             9421134                                      # Total active cycles for level _0_0_2_3
           ramulator.busy_cycles_0_0_2_3             9421134                                      # (All-bank refresh only. busy cycles only include refresh time in rank level) The sum of cycles that the DRAM part is active or under refresh for level _0_0_2_3
      ramulator.serving_requests_0_0_2_3             9980673                                      # The sum of read and write requests that are served in this DRAM element per memory cycle for level _0_0_2_3
ramulator.average_serving_requests_0_0_2_3            0.212144                                      # The average of read and write requests that are served in this DRAM element per memory cycle for level _0_0_2_3
           ramulator.active_cycles_0_0_3            26454096                                      # Total active cycles for level _0_0_3
             ramulator.busy_cycles_0_0_3            26454096                                      # (All-bank refresh only. busy cycles only include refresh time in rank level) The sum of cycles that the DRAM part is active or under refresh for level _0_0_3
        ramulator.serving_requests_0_0_3            41704125                                      # The sum of read and write requests that are served in this DRAM element per memory cycle for level _0_0_3
ramulator.average_serving_requests_0_0_3            0.886440                                      # The average of read and write requests that are served in this DRAM element per memory cycle for level _0_0_3
         ramulator.active_cycles_0_0_3_0            10059126                                      # Total active cycles for level _0_0_3_0
           ramulator.busy_cycles_0_0_3_0            10059126                                      # (All-bank refresh only. busy cycles only include refresh time in rank level) The sum of cycles that the DRAM part is active or under refresh for level _0_0_3_0
      ramulator.serving_requests_0_0_3_0            10687365                                      # The sum of read and write requests that are served in this DRAM element per memory cycle for level _0_0_3_0
ramulator.average_serving_requests_0_0_3_0            0.227165                                      # The average of read and write requests that are served in this DRAM element per memory cycle for level _0_0_3_0
         ramulator.active_cycles_0_0_3_1             9196116                                      # Total active cycles for level _0_0_3_1
           ramulator.busy_cycles_0_0_3_1             9196116                                      # (All-bank refresh only. busy cycles only include refresh time in rank level) The sum of cycles that the DRAM part is active or under refresh for level _0_0_3_1
      ramulator.serving_requests_0_0_3_1             9732492                                      # The sum of read and write requests that are served in this DRAM element per memory cycle for level _0_0_3_1
ramulator.average_serving_requests_0_0_3_1            0.206868                                      # The average of read and write requests that are served in this DRAM element per memory cycle for level _0_0_3_1
         ramulator.active_cycles_0_0_3_2            10989109                                      # Total active cycles for level _0_0_3_2
           ramulator.busy_cycles_0_0_3_2            10989109                                      # (All-bank refresh only. busy cycles only include refresh time in rank level) The sum of cycles that the DRAM part is active or under refresh for level _0_0_3_2
      ramulator.serving_requests_0_0_3_2            11786281                                      # The sum of read and write requests that are served in this DRAM element per memory cycle for level _0_0_3_2
ramulator.average_serving_requests_0_0_3_2            0.250523                                      # The average of read and write requests that are served in this DRAM element per memory cycle for level _0_0_3_2
         ramulator.active_cycles_0_0_3_3             8988397                                      # Total active cycles for level _0_0_3_3
           ramulator.busy_cycles_0_0_3_3             8988397                                      # (All-bank refresh only. busy cycles only include refresh time in rank level) The sum of cycles that the DRAM part is active or under refresh for level _0_0_3_3
      ramulator.serving_requests_0_0_3_3             9497986                                      # The sum of read and write requests that are served in this DRAM element per memory cycle for level _0_0_3_3
ramulator.average_serving_requests_0_0_3_3            0.201884                                      # The average of read and write requests that are served in this DRAM element per memory cycle for level _0_0_3_3
      ramulator.read_transaction_bytes_0           133397632                                      # The total byte of read transaction per channel
     ramulator.write_transaction_bytes_0            28846016                                      # The total byte of write transaction per channel
       ramulator.row_hits_channel_0_core              451991                                      # Number of row hits per channel per core
     ramulator.row_misses_channel_0_core               99251                                      # Number of row misses per channel per core
  ramulator.row_conflicts_channel_0_core             1983815                                      # Number of row conflicts per channel per core
  ramulator.read_row_hits_channel_0_core              429571                                      # Number of row hits for read requests per channel per core
                                     [0]            429571.0                                      # 
ramulator.read_row_misses_channel_0_core               77841                                      # Number of row misses for read requests per channel per core
                                     [0]             77841.0                                      # 
ramulator.read_row_conflicts_channel_0_core             1576926                                      # Number of row conflicts for read requests per channel per core
                                     [0]           1576926.0                                      # 
 ramulator.write_row_hits_channel_0_core               22420                                      # Number of row hits for write requests per channel per core
                                     [0]             22420.0                                      # 
ramulator.write_row_misses_channel_0_core               21410                                      # Number of row misses for write requests per channel per core
                                     [0]             21410.0                                      # 
ramulator.write_row_conflicts_channel_0_core              406889                                      # Number of row conflicts for write requests per channel per core
                                     [0]            406889.0                                      # 
      ramulator.useless_activates_0_core                 497                                      # Number of useless activations. E.g, ACT -> PRE w/o RD or WR
            ramulator.read_latency_avg_0           71.753627                                      # The average memory latency cycles (in memory time domain) per request for all read requests in this channel
            ramulator.read_latency_sum_0           149579764                                      # The memory latency cycles (in memory time domain) sum for all read requests in this channel
        ramulator.req_queue_length_avg_0           17.505777                                      # Average of read and write queue length per memory cycle per channel.
        ramulator.req_queue_length_sum_0           823590155                                      # Sum of read and write queue length per memory cycle per channel.
   ramulator.read_req_queue_length_avg_0            2.610753                                      # Read queue length average per memory cycle per channel.
   ramulator.read_req_queue_length_sum_0           122827474                                      # Read queue length sum per memory cycle per channel.
  ramulator.write_req_queue_length_avg_0           14.895024                                      # Write queue length average per memory cycle per channel.
  ramulator.write_req_queue_length_sum_0           700762681                                      # Write queue length sum per memory cycle per channel.
              ramulator.record_read_hits                 0.0                                      # record read hit count for this core when it reaches request limit or to the end
                                     [0]                 0.0                                      # 
            ramulator.record_read_misses                 0.0                                      # record_read_miss count for this core when it reaches request limit or to the end
                                     [0]                 0.0                                      # 
         ramulator.record_read_conflicts                 0.0                                      # record read conflict count for this core when it reaches request limit or to the end
                                     [0]                 0.0                                      # 
             ramulator.record_write_hits                 0.0                                      # record write hit count for this core when it reaches request limit or to the end
                                     [0]                 0.0                                      # 
           ramulator.record_write_misses                 0.0                                      # record write miss count for this core when it reaches request limit or to the end
                                     [0]                 0.0                                      # 
        ramulator.record_write_conflicts                 0.0                                      # record write conflict for this core when it reaches request limit or to the end
                                     [0]                 0.0                                      # 
                 ramulator.dram_capacity          8589934592                                      # Number of bytes in simulated DRAM
                   ramulator.dram_cycles            47046763                                      # Number of DRAM cycles simulated
             ramulator.incoming_requests             2535363                                      # Number of incoming requests to DRAM
                 ramulator.read_requests             2084630                                      # Number of incoming read requests to DRAM per core
                                     [0]           2084630.0                                      # 
                ramulator.write_requests              450733                                      # Number of incoming write requests to DRAM per core
                                     [0]            450733.0                                      # 
       ramulator.ramulator_active_cycles            45000010                                      # The total number of cycles that the DRAM part is active (serving R/W)
 ramulator.incoming_requests_per_channel           2535363.0                                      # Number of incoming requests to each DRAM channel
                                     [0]           2535363.0                                      # 
ramulator.incoming_read_reqs_per_channel           2084630.0                                      # Number of incoming read requests to each DRAM channel
                                     [0]           2084630.0                                      # 
     ramulator.physical_page_replacement                   0                                      # The number of times that physical page replacement happens.
             ramulator.maximum_bandwidth         19200000000                                      # The theoretical maximum bandwidth (Bps)
          ramulator.in_queue_req_num_sum           823590155                                      # Sum of read/write queue length
     ramulator.in_queue_read_req_num_sum           122827474                                      # Sum of read queue length
    ramulator.in_queue_write_req_num_sum           700762681                                      # Sum of write queue length
          ramulator.in_queue_req_num_avg           17.505777                                      # Average of read/write queue length per memory cycle
     ramulator.in_queue_read_req_num_avg            2.610753                                      # Average of read queue length per memory cycle
    ramulator.in_queue_write_req_num_avg           14.895024                                      # Average of write queue length per memory cycle
          ramulator.record_read_requests                 0.0                                      # record read requests for this core when it reaches request limit or to the end
                                     [0]                 0.0                                      # 
         ramulator.record_write_requests                 0.0                                      # record write requests for this core when it reaches request limit or to the end
                                     [0]                 0.0                                      # 
